{"timestamp":"2026-07-08T23:13:08.189+0000","rule":{"level":3,"description":"A net.exe account discovery command was initiated","id":"92039","mitre":{"id":["T1087"],"tactic":["Discovery"],"technique":["Account Discovery"]},"firedtimes":1,"mail":false,"groups":["sysmon","sysmon_eid1_detections","windows"]},"agent":{"id":"002","name":"WIN-CL1","ip":"192.168.20.104"},"manager":{"name":"wazuh.manager"},"id":"1783552388.85194900","decoder":{"name":"windows_eventchannel"},"data":{"win":{"system":{"providerName":"Microsoft-Windows-Sysmon","providerGuid":"{5770385f-c22a-43e0-bf4c-06f5698ffbd9}","eventID":"1","version":"5","level":"4","task":"1","opcode":"0","keywords":"0x8000000000000000","systemTime":"2026-07-08T23:12:05.1421780Z","eventRecordID":"53160","processID":"3216","threadID":"3584","channel":"Microsoft-Windows-Sysmon/Operational","computer":"WIN-CL1.lab.local","severityValue":"INFORMATION","message":"\"Process Create:\r\nRuleName: -\r\nUtcTime: 2026-07-08 23:12:05.138\r\nProcessGuid: {b7327453-d945-6a4e-5b05-000000002100}\r\nProcessId: 240\r\nImage: C:\\Windows\\System32\\net1.exe\r\nFileVersion: 10.0.26100.7019 (WinBuild.160101.0800)\r\nDescription: Net Command\r\nProduct: Microsoft® Windows® Operating System\r\nCompany: Microsoft Corporation\r\nOriginalFileName: net1.exe\r\nCommandLine: C:\\WINDOWS\\system32\\net1 user coluser P@ssw0rd123! /add\r\nCurrentDirectory: C:\\atomic\\\r\nUser: WIN-CL1\\coe55\r\nLogonGuid: {b7327453-590d-6a4e-3e81-3b0000000000}\r\nLogonId: 0x3B813E\r\nTerminalSessionId: 1\r\nIntegrityLevel: High\r\nHashes: MD5=158DB954503C803C0840DD424FB608F8,SHA256=8489DB35375D890314EB8F7CD9E0CBD3866475F4E252865F00F649B0A02FD757,IMPHASH=98A56655C7E54BCE7F55B3F01AB5B07E\r\nParentProcessGuid: {b7327453-d945-6a4e-5a05-000000002100}\r\nParentProcessId: 8672\r\nParentImage: C:\\Windows\\System32\\net.exe\r\nParentCommandLine: \"C:\\WINDOWS\\system32\\net.exe\" user coluser P@ssw0rd123! /add\r\nParentUser: WIN-CL1\\coe55\""},"eventdata":{"utcTime":"2026-07-08 23:12:05.138","processGuid":"{b7327453-d945-6a4e-5b05-000000002100}","processId":"240","image":"C:\\\\Windows\\\\System32\\\\net1.exe","fileVersion":"10.0.26100.7019 (WinBuild.160101.0800)","description":"Net Command","product":"Microsoft® Windows® Operating System","company":"Microsoft Corporation","originalFileName":"net1.exe","commandLine":"C:\\\\WINDOWS\\\\system32\\\\net1 user coluser P@ssw0rd123! /add","currentDirectory":"C:\\\\atomic\\\\","user":"WIN-CL1\\\\coe55","logonGuid":"{b7327453-590d-6a4e-3e81-3b0000000000}","logonId":"0x3b813e","terminalSessionId":"1","integrityLevel":"High","hashes":"MD5=158DB954503C803C0840DD424FB608F8,SHA256=8489DB35375D890314EB8F7CD9E0CBD3866475F4E252865F00F649B0A02FD757,IMPHASH=98A56655C7E54BCE7F55B3F01AB5B07E","parentProcessGuid":"{b7327453-d945-6a4e-5a05-000000002100}","parentProcessId":"8672","parentImage":"C:\\\\Windows\\\\System32\\\\net.exe","parentCommandLine":"\\\"C:\\\\WINDOWS\\\\system32\\\\net.exe\\\" user coluser P@ssw0rd123! /add","parentUser":"WIN-CL1\\\\coe55"}}},"location":"EventChannel"}
{"timestamp":"2026-07-08T23:13:20.193+0000","rule":{"level":3,"description":"Software protection service scheduled successfully.","id":"60642","firedtimes":3,"mail":false,"groups":["windows","windows_application"]},"agent":{"id":"002","name":"WIN-CL1","ip":"192.168.20.104"},"manager":{"name":"wazuh.manager"},"id":"1783552400.85247124","decoder":{"name":"windows_eventchannel"},"data":{"win":{"system":{"providerName":"Microsoft-Windows-Security-SPP","providerGuid":"{E23B33B0-C8C9-472C-A5F9-F2BDFEA0F156}","eventSourceName":"Software Protection Platform Service","eventID":"16384","version":"0","level":"4","task":"0","opcode":"0","keywords":"0x80000000000000","systemTime":"2026-07-08T23:12:40.6401267Z","eventRecordID":"3184","processID":"7896","threadID":"0","channel":"Application","computer":"WIN-CL1.lab.local","severityValue":"INFORMATION","message":"\"Successfully scheduled Software Protection service for re-start at 2026-07-09T14:04:40Z. Reason: RulesEngine.\""},"eventdata":{"data":"2026-07-09T14:04:40Z, RulesEngine"}}},"location":"EventChannel"}
{"timestamp":"2026-07-08T23:13:20.851+0000","rule":{"level":5,"description":"A Windows log file was cleared","id":"63104","mitre":{"id":["T1070"],"tactic":["Defense Evasion"],"technique":["Indicator Removal on Host"]},"firedtimes":1,"mail":false,"groups":["windows","windows_logs","log_clearing"],"gpg13":["10.1"],"gdpr":["II_5.1.f"]},"agent":{"id":"002","name":"WIN-CL1","ip":"192.168.20.104"},"manager":{"name":"wazuh.manager"},"id":"1783552400.85248722","decoder":{"name":"windows_eventchannel"},"data":{"win":{"system":{"providerName":"Microsoft-Windows-Eventlog","providerGuid":"{fc65ddd8-d6ef-4962-83d5-6e5cfe9ce148}","eventID":"104","version":"1","level":"4","task":"104","opcode":"0","keywords":"0x8000000000000000","systemTime":"2026-07-08T23:12:31.2729295Z","eventRecordID":"5357","processID":"1908","threadID":"688","channel":"System","computer":"WIN-CL1.lab.local","severityValue":"INFORMATION","message":"\"The Application log file was cleared.\""},"logFileCleared":{"subjectUserName":"coe55","subjectDomainName":"WIN-CL1","channel":"Application","clientProcessId":"5224","clientProcessStartKey":"9288674231453020"}}},"location":"EventChannel"}
{"timestamp":"2026-07-08T23:13:21.893+0000","rule":{"level":3,"description":"Discovery activity spawned via powershell execution","id":"92033","mitre":{"id":["T1087","T1059.001"],"tactic":["Discovery","Execution"],"technique":["Account Discovery","PowerShell"]},"firedtimes":2,"mail":false,"groups":["sysmon","sysmon_eid1_detections","windows"]},"agent":{"id":"002","name":"WIN-CL1","ip":"192.168.20.104"},"manager":{"name":"wazuh.manager"},"id":"1783552401.85250338","decoder":{"name":"windows_eventchannel"},"data":{"win":{"system":{"providerName":"Microsoft-Windows-Sysmon","providerGuid":"{5770385f-c22a-43e0-bf4c-06f5698ffbd9}","eventID":"1","version":"5","level":"4","task":"1","opcode":"0","keywords":"0x8000000000000000","systemTime":"2026-07-08T23:12:39.3979293Z","eventRecordID":"53163","processID":"3216","threadID":"3584","channel":"Microsoft-Windows-Sysmon/Operational","computer":"WIN-CL1.lab.local","severityValue":"INFORMATION","message":"\"Process Create:\r\nRuleName: -\r\nUtcTime: 2026-07-08 23:12:39.395\r\nProcessGuid: {b7327453-d967-6a4e-5e05-000000002100}\r\nProcessId: 4020\r\nImage: C:\\Windows\\System32\\net.exe\r\nFileVersion: 10.0.26100.7019 (WinBuild.160101.0800)\r\nDescription: Net Command\r\nProduct: Microsoft® Windows® Operating System\r\nCompany: Microsoft Corporation\r\nOriginalFileName: net.exe\r\nCommandLine: \"C:\\WINDOWS\\system32\\net.exe\" user coluser /delete\r\nCurrentDirectory: C:\\atomic\\\r\nUser: WIN-CL1\\coe55\r\nLogonGuid: {b7327453-590d-6a4e-3e81-3b0000000000}\r\nLogonId: 0x3B813E\r\nTerminalSessionId: 1\r\nIntegrityLevel: High\r\nHashes: MD5=8A1E71312BD2AAE202652113049CDBD1,SHA256=BB3E638C8B5B6EF80847E364AEEF2796CAD25D3539CF9B41D3820FA48943E777,IMPHASH=EF46B86C2346DA0A991DE4B78AAF4E75\r\nParentProcessGuid: {b7327453-ca05-6a4e-c903-000000002100}\r\nParentProcessId: 5972\r\nParentImage: C:\\Windows\\System32\\WindowsPowerShell\\v1.0\\powershell.exe\r\nParentCommandLine: \"C:\\Windows\\System32\\WindowsPowerShell\\v1.0\\powershell.exe\" \r\nParentUser: WIN-CL1\\coe55\""},"eventdata":{"utcTime":"2026-07-08 23:12:39.395","processGuid":"{b7327453-d967-6a4e-5e05-000000002100}","processId":"4020","image":"C:\\\\Windows\\\\System32\\\\net.exe","fileVersion":"10.0.26100.7019 (WinBuild.160101.0800)","description":"Net Command","product":"Microsoft® Windows® Operating System","company":"Microsoft Corporation","originalFileName":"net.exe","commandLine":"\\\"C:\\\\WINDOWS\\\\system32\\\\net.exe\\\" user coluser /delete","currentDirectory":"C:\\\\atomic\\\\","user":"WIN-CL1\\\\coe55","logonGuid":"{b7327453-590d-6a4e-3e81-3b0000000000}","logonId":"0x3b813e","terminalSessionId":"1","integrityLevel":"High","hashes":"MD5=8A1E71312BD2AAE202652113049CDBD1,SHA256=BB3E638C8B5B6EF80847E364AEEF2796CAD25D3539CF9B41D3820FA48943E777,IMPHASH=EF46B86C2346DA0A991DE4B78AAF4E75","parentProcessGuid":"{b7327453-ca05-6a4e-c903-000000002100}","parentProcessId":"5972","parentImage":"C:\\\\Windows\\\\System32\\\\WindowsPowerShell\\\\v1.0\\\\powershell.exe","parentCommandLine":"\\\"C:\\\\Windows\\\\System32\\\\WindowsPowerShell\\\\v1.0\\\\powershell.exe\\\"","parentUser":"WIN-CL1\\\\coe55"}}},"location":"EventChannel"}
{"timestamp":"2026-07-08T23:13:21.908+0000","rule":{"level":3,"description":"A net.exe account discovery command was initiated","id":"92039","mitre":{"id":["T1087"],"tactic":["Discovery"],"technique":["Account Discovery"]},"firedtimes":2,"mail":false,"groups":["sysmon","sysmon_eid1_detections","windows"]},"agent":{"id":"002","name":"WIN-CL1","ip":"192.168.20.104"},"manager":{"name":"wazuh.manager"},"id":"1783552401.85256013","decoder":{"name":"windows_eventchannel"},"data":{"win":{"system":{"providerName":"Microsoft-Windows-Sysmon","providerGuid":"{5770385f-c22a-43e0-bf4c-06f5698ffbd9}","eventID":"1","version":"5","level":"4","task":"1","opcode":"0","keywords":"0x8000000000000000","systemTime":"2026-07-08T23:12:39.4168666Z","eventRecordID":"53164","processID":"3216","threadID":"3584","channel":"Microsoft-Windows-Sysmon/Operational","computer":"WIN-CL1.lab.local","severityValue":"INFORMATION","message":"\"Process Create:\r\nRuleName: -\r\nUtcTime: 2026-07-08 23:12:39.414\r\nProcessGuid: {b7327453-d967-6a4e-5f05-000000002100}\r\nProcessId: 9824\r\nImage: C:\\Windows\\System32\\net1.exe\r\nFileVersion: 10.0.26100.7019 (WinBuild.160101.0800)\r\nDescription: Net Command\r\nProduct: Microsoft® Windows® Operating System\r\nCompany: Microsoft Corporation\r\nOriginalFileName: net1.exe\r\nCommandLine: C:\\WINDOWS\\system32\\net1 user coluser /delete\r\nCurrentDirectory: C:\\atomic\\\r\nUser: WIN-CL1\\coe55\r\nLogonGuid: {b7327453-590d-6a4e-3e81-3b0000000000}\r\nLogonId: 0x3B813E\r\nTerminalSessionId: 1\r\nIntegrityLevel: High\r\nHashes: MD5=158DB954503C803C0840DD424FB608F8,SHA256=8489DB35375D890314EB8F7CD9E0CBD3866475F4E252865F00F649B0A02FD757,IMPHASH=98A56655C7E54BCE7F55B3F01AB5B07E\r\nParentProcessGuid: {b7327453-d967-6a4e-5e05-000000002100}\r\nParentProcessId: 4020\r\nParentImage: C:\\Windows\\System32\\net.exe\r\nParentCommandLine: \"C:\\WINDOWS\\system32\\net.exe\" user coluser /delete\r\nParentUser: WIN-CL1\\coe55\""},"eventdata":{"utcTime":"2026-07-08 23:12:39.414","processGuid":"{b7327453-d967-6a4e-5f05-000000002100}","processId":"9824","image":"C:\\\\Windows\\\\System32\\\\net1.exe","fileVersion":"10.0.26100.7019 (WinBuild.160101.0800)","description":"Net Command","product":"Microsoft® Windows® Operating System","company":"Microsoft Corporation","originalFileName":"net1.exe","commandLine":"C:\\\\WINDOWS\\\\system32\\\\net1 user coluser /delete","currentDirectory":"C:\\\\atomic\\\\","user":"WIN-CL1\\\\coe55","logonGuid":"{b7327453-590d-6a4e-3e81-3b0000000000}","logonId":"0x3b813e","terminalSessionId":"1","integrityLevel":"High","hashes":"MD5=158DB954503C803C0840DD424FB608F8,SHA256=8489DB35375D890314EB8F7CD9E0CBD3866475F4E252865F00F649B0A02FD757,IMPHASH=98A56655C7E54BCE7F55B3F01AB5B07E","parentProcessGuid":"{b7327453-d967-6a4e-5e05-000000002100}","parentProcessId":"4020","parentImage":"C:\\\\Windows\\\\System32\\\\net.exe","parentCommandLine":"\\\"C:\\\\WINDOWS\\\\system32\\\\net.exe\\\" user coluser /delete","parentUser":"WIN-CL1\\\\coe55"}}},"location":"EventChannel"}
{"timestamp":"2026-07-08T23:13:38.307+0000","rule":{"level":4,"description":"Windows command prompt started by an abnormal process","id":"92052","mitre":{"id":["T1059.003"],"tactic":["Execution"],"technique":["Windows Command Shell"]},"firedtimes":2,"mail":false,"groups":["sysmon","sysmon_eid1_detections","windows"]},"agent":{"id":"002","name":"WIN-CL1","ip":"192.168.20.104"},"manager":{"name":"wazuh.manager"},"id":"1783552418.85276955","decoder":{"name":"windows_eventchannel"},"data":{"win":{"system":{"providerName":"Microsoft-Windows-Sysmon","providerGuid":"{5770385f-c22a-43e0-bf4c-06f5698ffbd9}","eventID":"1","version":"5","level":"4","task":"1","opcode":"0","keywords":"0x8000000000000000","systemTime":"2026-07-08T23:12:57.7637478Z","eventRecordID":"53166","processID":"3216","threadID":"3584","channel":"Microsoft-Windows-Sysmon/Operational","computer":"WIN-CL1.lab.local","severityValue":"INFORMATION","message":"\"Process Create:\r\nRuleName: -\r\nUtcTime: 2026-07-08 23:12:57.761\r\nProcessGuid: {b7327453-d979-6a4e-6105-000000002100}\r\nProcessId: 5544\r\nImage: C:\\Windows\\System32\\cmd.exe\r\nFileVersion: 10.0.26100.7019 (WinBuild.160101.0800)\r\nDescription: Windows Command Processor\r\nProduct: Microsoft® Windows® Operating System\r\nCompany: Microsoft Corporation\r\nOriginalFileName: Cmd.Exe\r\nCommandLine: \"C:\\WINDOWS\\system32\\cmd.exe\" /d /c C:\\WINDOWS\\system32\\hpatchmonTask.cmd\r\nCurrentDirectory: C:\\WINDOWS\\system32\\\r\nUser: NT AUTHORITY\\SYSTEM\r\nLogonGuid: {b7327453-55cc-6a4e-e703-000000000000}\r\nLogonId: 0x3E7\r\nTerminalSessionId: 0\r\nIntegrityLevel: System\r\nHashes: MD5=C8B5D63042BC4BBB7F5C0F9E15B61F16,SHA256=9695CF4566DDF878A69C3D419E0DA4EEA87B0F24261AD8E79A3A9C4A9885429C,IMPHASH=B0F049C014592B156EB1FA857E99CEB9\r\nParentProcessGuid: {b7327453-55ce-6a4e-2a00-000000002100}\r\nParentProcessId: 1976\r\nParentImage: C:\\Windows\\System32\\svchost.exe\r\nParentCommandLine: C:\\WINDOWS\\system32\\svchost.exe -k netsvcs -p -s Schedule\r\nParentUser: NT AUTHORITY\\SYSTEM\""},"eventdata":{"utcTime":"2026-07-08 23:12:57.761","processGuid":"{b7327453-d979-6a4e-6105-000000002100}","processId":"5544","image":"C:\\\\Windows\\\\System32\\\\cmd.exe","fileVersion":"10.0.26100.7019 (WinBuild.160101.0800)","description":"Windows Command Processor","product":"Microsoft® Windows® Operating System","company":"Microsoft Corporation","originalFileName":"Cmd.Exe","commandLine":"\\\"C:\\\\WINDOWS\\\\system32\\\\cmd.exe\\\" /d /c C:\\\\WINDOWS\\\\system32\\\\hpatchmonTask.cmd","currentDirectory":"C:\\\\WINDOWS\\\\system32\\\\","user":"NT AUTHORITY\\\\SYSTEM","logonGuid":"{b7327453-55cc-6a4e-e703-000000000000}","logonId":"0x3e7","terminalSessionId":"0","integrityLevel":"System","hashes":"MD5=C8B5D63042BC4BBB7F5C0F9E15B61F16,SHA256=9695CF4566DDF878A69C3D419E0DA4EEA87B0F24261AD8E79A3A9C4A9885429C,IMPHASH=B0F049C014592B156EB1FA857E99CEB9","parentProcessGuid":"{b7327453-55ce-6a4e-2a00-000000002100}","parentProcessId":"1976","parentImage":"C:\\\\Windows\\\\System32\\\\svchost.exe","parentCommandLine":"C:\\\\WINDOWS\\\\system32\\\\svchost.exe -k netsvcs -p -s Schedule","parentUser":"NT AUTHORITY\\\\SYSTEM"}}},"location":"EventChannel"}
{"timestamp":"2026-07-08T23:15:04.965+0000","rule":{"level":3,"description":"Windows logon success.","id":"60106","mitre":{"id":["T1078"],"tactic":["Defense Evasion","Persistence","Privilege Escalation","Initial Access"],"technique":["Valid Accounts"]},"firedtimes":11,"mail":false,"groups":["windows","windows_security","authentication_success"],"gdpr":["IV_32.2"],"gpg13":["7.1","7.2"],"hipaa":["164.312.b"],"nist_800_53":["AC.7","AU.14"],"pci_dss":["10.2.5"],"tsc":["CC6.8","CC7.2","CC7.3"]},"agent":{"id":"002","name":"WIN-CL1","ip":"192.168.20.104"},"manager":{"name":"wazuh.manager"},"id":"1783552504.85291007","decoder":{"name":"windows_eventchannel"},"data":{"win":{"system":{"providerName":"Microsoft-Windows-Security-Auditing","providerGuid":"{54849625-5478-4994-a5ba-3e3b0328c30d}","eventID":"4624","version":"3","level":"0","task":"12544","opcode":"0","keywords":"0x8020000000000000","systemTime":"2026-07-08T23:14:24.4580948Z","eventRecordID":"31349","processID":"812","threadID":"2676","channel":"Security","computer":"WIN-CL1.lab.local","severityValue":"AUDIT_SUCCESS","message":"\"An account was successfully logged on.\r\n\r\nSubject:\r\n\tSecurity ID:\t\tS-1-5-18\r\n\tAccount Name:\t\tWIN-CL1$\r\n\tAccount Domain:\t\tLAB\r\n\tLogon ID:\t\t0x3E7\r\n\r\nLogon Information:\r\n\tLogon Type:\t\t5\r\n\tRestricted Admin Mode:\t-\r\n\tRemote Credential Guard:\t-\r\n\tVirtual Account:\t\tNo\r\n\tElevated Token:\t\tYes\r\n\r\nImpersonation Level:\t\tImpersonation\r\n\r\nNew Logon:\r\n\tSecurity ID:\t\tS-1-5-18\r\n\tAccount Name:\t\tSYSTEM\r\n\tAccount Domain:\t\tNT AUTHORITY\r\n\tLogon ID:\t\t0x3E7\r\n\tLinked Logon ID:\t\t0x0\r\n\tNetwork Account Name:\t-\r\n\tNetwork Account Domain:\t-\r\n\tLogon GUID:\t\t{00000000-0000-0000-0000-000000000000}\r\n\r\nProcess Information:\r\n\tProcess ID:\t\t0x31c\r\n\tProcess Name:\t\tC:\\Windows\\System32\\services.exe\r\n\r\nNetwork Information:\r\n\tWorkstation Name:\t-\r\n\tSource Network Address:\t-\r\n\tSource Port:\t\t-\r\n\r\nDetailed Authentication Information:\r\n\tLogon Process:\t\tAdvapi  \r\n\tAuthentication Package:\tNegotiate\r\n\tTransited Services:\t-\r\n\tPackage Name (NTLM only):\t-\r\n\tKey Length:\t\t0\r\n\r\nThis event is generated when a logon session is created. It is generated on the computer that was accessed.\r\n\r\nThe subject fields indicate the account on the local system which requested the logon. This is most commonly a service such as the Server service, or a local process such as Winlogon.exe or Services.exe.\r\n\r\nThe logon type field indicates the kind of logon that occurred. The most common types are 2 (interactive) and 3 (network).\r\n\r\nThe New Logon fields indicate the account for whom the new logon was created, i.e. the account that was logged on.\r\n\r\nThe network fields indicate where a remote logon request originated. Workstation name is not always available and may be left blank in some cases.\r\n\r\nThe impersonation level field indicates the extent to which a process in the logon session can impersonate.\r\n\r\nThe authentication information fields provide detailed information about this specific logon request.\r\n\t- Logon GUID is a unique identifier that can be used to correlate this event with a KDC event.\r\n\t- Transited services indicate which intermediate services have participated in this logon request.\r\n\t- Package name indicates which sub-protocol was used among the NTLM protocols.\r\n\t- Key length indicates the length of the generated session key. This will be 0 if no session key was requested.\""},"eventdata":{"subjectUserSid":"S-1-5-18","subjectUserName":"WIN-CL1$","subjectDomainName":"LAB","subjectLogonId":"0x3e7","targetUserSid":"S-1-5-18","targetUserName":"SYSTEM","targetDomainName":"NT AUTHORITY","targetLogonId":"0x3e7","logonType":"5","logonProcessName":"Advapi","authenticationPackageName":"Negotiate","logonGuid":"{00000000-0000-0000-0000-000000000000}","keyLength":"0","processId":"0x31c","processName":"C:\\\\Windows\\\\System32\\\\services.exe","impersonationLevel":"%%1833","virtualAccount":"%%1843","targetLinkedLogonId":"0x0","elevatedToken":"%%1842"}}},"location":"EventChannel"}
{"timestamp":"2026-07-08T23:22:47.678+0000","rule":{"level":3,"description":"Windows logon success.","id":"60106","mitre":{"id":["T1078"],"tactic":["Defense Evasion","Persistence","Privilege Escalation","Initial Access"],"technique":["Valid Accounts"]},"firedtimes":12,"mail":false,"groups":["windows","windows_security","authentication_success"],"gdpr":["IV_32.2"],"gpg13":["7.1","7.2"],"hipaa":["164.312.b"],"nist_800_53":["AC.7","AU.14"],"pci_dss":["10.2.5"],"tsc":["CC6.8","CC7.2","CC7.3"]},"agent":{"id":"002","name":"WIN-CL1","ip":"192.168.20.104"},"manager":{"name":"wazuh.manager"},"id":"1783552967.85304705","decoder":{"name":"windows_eventchannel"},"data":{"win":{"system":{"providerName":"Microsoft-Windows-Security-Auditing","providerGuid":"{54849625-5478-4994-a5ba-3e3b0328c30d}","eventID":"4624","version":"3","level":"0","task":"12544","opcode":"0","keywords":"0x8020000000000000","systemTime":"2026-07-08T23:22:07.3910200Z","eventRecordID":"31350","processID":"812","threadID":"8564","channel":"Security","computer":"WIN-CL1.lab.local","severityValue":"AUDIT_SUCCESS","message":"\"An account was successfully logged on.\r\n\r\nSubject:\r\n\tSecurity ID:\t\tS-1-5-18\r\n\tAccount Name:\t\tWIN-CL1$\r\n\tAccount Domain:\t\tLAB\r\n\tLogon ID:\t\t0x3E7\r\n\r\nLogon Information:\r\n\tLogon Type:\t\t5\r\n\tRestricted Admin Mode:\t-\r\n\tRemote Credential Guard:\t-\r\n\tVirtual Account:\t\tNo\r\n\tElevated Token:\t\tYes\r\n\r\nImpersonation Level:\t\tImpersonation\r\n\r\nNew Logon:\r\n\tSecurity ID:\t\tS-1-5-18\r\n\tAccount Name:\t\tSYSTEM\r\n\tAccount Domain:\t\tNT AUTHORITY\r\n\tLogon ID:\t\t0x3E7\r\n\tLinked Logon ID:\t\t0x0\r\n\tNetwork Account Name:\t-\r\n\tNetwork Account Domain:\t-\r\n\tLogon GUID:\t\t{00000000-0000-0000-0000-000000000000}\r\n\r\nProcess Information:\r\n\tProcess ID:\t\t0x31c\r\n\tProcess Name:\t\tC:\\Windows\\System32\\services.exe\r\n\r\nNetwork Information:\r\n\tWorkstation Name:\t-\r\n\tSource Network Address:\t-\r\n\tSource Port:\t\t-\r\n\r\nDetailed Authentication Information:\r\n\tLogon Process:\t\tAdvapi  \r\n\tAuthentication Package:\tNegotiate\r\n\tTransited Services:\t-\r\n\tPackage Name (NTLM only):\t-\r\n\tKey Length:\t\t0\r\n\r\nThis event is generated when a logon session is created. It is generated on the computer that was accessed.\r\n\r\nThe subject fields indicate the account on the local system which requested the logon. This is most commonly a service such as the Server service, or a local process such as Winlogon.exe or Services.exe.\r\n\r\nThe logon type field indicates the kind of logon that occurred. The most common types are 2 (interactive) and 3 (network).\r\n\r\nThe New Logon fields indicate the account for whom the new logon was created, i.e. the account that was logged on.\r\n\r\nThe network fields indicate where a remote logon request originated. Workstation name is not always available and may be left blank in some cases.\r\n\r\nThe impersonation level field indicates the extent to which a process in the logon session can impersonate.\r\n\r\nThe authentication information fields provide detailed information about this specific logon request.\r\n\t- Logon GUID is a unique identifier that can be used to correlate this event with a KDC event.\r\n\t- Transited services indicate which intermediate services have participated in this logon request.\r\n\t- Package name indicates which sub-protocol was used among the NTLM protocols.\r\n\t- Key length indicates the length of the generated session key. This will be 0 if no session key was requested.\""},"eventdata":{"subjectUserSid":"S-1-5-18","subjectUserName":"WIN-CL1$","subjectDomainName":"LAB","subjectLogonId":"0x3e7","targetUserSid":"S-1-5-18","targetUserName":"SYSTEM","targetDomainName":"NT AUTHORITY","targetLogonId":"0x3e7","logonType":"5","logonProcessName":"Advapi","authenticationPackageName":"Negotiate","logonGuid":"{00000000-0000-0000-0000-000000000000}","keyLength":"0","processId":"0x31c","processName":"C:\\\\Windows\\\\System32\\\\services.exe","impersonationLevel":"%%1833","virtualAccount":"%%1843","targetLinkedLogonId":"0x0","elevatedToken":"%%1842"}}},"location":"EventChannel"}
{"timestamp":"2026-07-08T23:22:47.684+0000","rule":{"level":3,"description":"Windows logon success.","id":"60106","mitre":{"id":["T1078"],"tactic":["Defense Evasion","Persistence","Privilege Escalation","Initial Access"],"technique":["Valid Accounts"]},"firedtimes":13,"mail":false,"groups":["windows","windows_security","authentication_success"],"gdpr":["IV_32.2"],"gpg13":["7.1","7.2"],"hipaa":["164.312.b"],"nist_800_53":["AC.7","AU.14"],"pci_dss":["10.2.5"],"tsc":["CC6.8","CC7.2","CC7.3"]},"agent":{"id":"002","name":"WIN-CL1","ip":"192.168.20.104"},"manager":{"name":"wazuh.manager"},"id":"1783552967.85312032","decoder":{"name":"windows_eventchannel"},"data":{"win":{"system":{"providerName":"Microsoft-Windows-Security-Auditing","providerGuid":"{54849625-5478-4994-a5ba-3e3b0328c30d}","eventID":"4624","version":"3","level":"0","task":"12544","opcode":"0","keywords":"0x8020000000000000","systemTime":"2026-07-08T23:22:07.5550973Z","eventRecordID":"31351","processID":"812","threadID":"8564","channel":"Security","computer":"WIN-CL1.lab.local","severityValue":"AUDIT_SUCCESS","message":"\"An account was successfully logged on.\r\n\r\nSubject:\r\n\tSecurity ID:\t\tS-1-5-18\r\n\tAccount Name:\t\tWIN-CL1$\r\n\tAccount Domain:\t\tLAB\r\n\tLogon ID:\t\t0x3E7\r\n\r\nLogon Information:\r\n\tLogon Type:\t\t5\r\n\tRestricted Admin Mode:\t-\r\n\tRemote Credential Guard:\t-\r\n\tVirtual Account:\t\tNo\r\n\tElevated Token:\t\tYes\r\n\r\nImpersonation Level:\t\tImpersonation\r\n\r\nNew Logon:\r\n\tSecurity ID:\t\tS-1-5-18\r\n\tAccount Name:\t\tSYSTEM\r\n\tAccount Domain:\t\tNT AUTHORITY\r\n\tLogon ID:\t\t0x3E7\r\n\tLinked Logon ID:\t\t0x0\r\n\tNetwork Account Name:\t-\r\n\tNetwork Account Domain:\t-\r\n\tLogon GUID:\t\t{00000000-0000-0000-0000-000000000000}\r\n\r\nProcess Information:\r\n\tProcess ID:\t\t0x31c\r\n\tProcess Name:\t\tC:\\Windows\\System32\\services.exe\r\n\r\nNetwork Information:\r\n\tWorkstation Name:\t-\r\n\tSource Network Address:\t-\r\n\tSource Port:\t\t-\r\n\r\nDetailed Authentication Information:\r\n\tLogon Process:\t\tAdvapi  \r\n\tAuthentication Package:\tNegotiate\r\n\tTransited Services:\t-\r\n\tPackage Name (NTLM only):\t-\r\n\tKey Length:\t\t0\r\n\r\nThis event is generated when a logon session is created. It is generated on the computer that was accessed.\r\n\r\nThe subject fields indicate the account on the local system which requested the logon. This is most commonly a service such as the Server service, or a local process such as Winlogon.exe or Services.exe.\r\n\r\nThe logon type field indicates the kind of logon that occurred. The most common types are 2 (interactive) and 3 (network).\r\n\r\nThe New Logon fields indicate the account for whom the new logon was created, i.e. the account that was logged on.\r\n\r\nThe network fields indicate where a remote logon request originated. Workstation name is not always available and may be left blank in some cases.\r\n\r\nThe impersonation level field indicates the extent to which a process in the logon session can impersonate.\r\n\r\nThe authentication information fields provide detailed information about this specific logon request.\r\n\t- Logon GUID is a unique identifier that can be used to correlate this event with a KDC event.\r\n\t- Transited services indicate which intermediate services have participated in this logon request.\r\n\t- Package name indicates which sub-protocol was used among the NTLM protocols.\r\n\t- Key length indicates the length of the generated session key. This will be 0 if no session key was requested.\""},"eventdata":{"subjectUserSid":"S-1-5-18","subjectUserName":"WIN-CL1$","subjectDomainName":"LAB","subjectLogonId":"0x3e7","targetUserSid":"S-1-5-18","targetUserName":"SYSTEM","targetDomainName":"NT AUTHORITY","targetLogonId":"0x3e7","logonType":"5","logonProcessName":"Advapi","authenticationPackageName":"Negotiate","logonGuid":"{00000000-0000-0000-0000-000000000000}","keyLength":"0","processId":"0x31c","processName":"C:\\\\Windows\\\\System32\\\\services.exe","impersonationLevel":"%%1833","virtualAccount":"%%1843","targetLinkedLogonId":"0x0","elevatedToken":"%%1842"}}},"location":"EventChannel"}
{"timestamp":"2026-07-08T23:22:47.696+0000","rule":{"level":3,"description":"Windows logon success.","id":"60106","mitre":{"id":["T1078"],"tactic":["Defense Evasion","Persistence","Privilege Escalation","Initial Access"],"technique":["Valid Accounts"]},"firedtimes":14,"mail":false,"groups":["windows","windows_security","authentication_success"],"gdpr":["IV_32.2"],"gpg13":["7.1","7.2"],"hipaa":["164.312.b"],"nist_800_53":["AC.7","AU.14"],"pci_dss":["10.2.5"],"tsc":["CC6.8","CC7.2","CC7.3"]},"agent":{"id":"002","name":"WIN-CL1","ip":"192.168.20.104"},"manager":{"name":"wazuh.manager"},"id":"1783552967.85319359","decoder":{"name":"windows_eventchannel"},"data":{"win":{"system":{"providerName":"Microsoft-Windows-Security-Auditing","providerGuid":"{54849625-5478-4994-a5ba-3e3b0328c30d}","eventID":"4624","version":"3","level":"0","task":"12544","opcode":"0","keywords":"0x8020000000000000","systemTime":"2026-07-08T23:22:08.2268824Z","eventRecordID":"31352","processID":"812","threadID":"4644","channel":"Security","computer":"WIN-CL1.lab.local","severityValue":"AUDIT_SUCCESS","message":"\"An account was successfully logged on.\r\n\r\nSubject:\r\n\tSecurity ID:\t\tS-1-5-18\r\n\tAccount Name:\t\tWIN-CL1$\r\n\tAccount Domain:\t\tLAB\r\n\tLogon ID:\t\t0x3E7\r\n\r\nLogon Information:\r\n\tLogon Type:\t\t5\r\n\tRestricted Admin Mode:\t-\r\n\tRemote Credential Guard:\t-\r\n\tVirtual Account:\t\tNo\r\n\tElevated Token:\t\tYes\r\n\r\nImpersonation Level:\t\tImpersonation\r\n\r\nNew Logon:\r\n\tSecurity ID:\t\tS-1-5-18\r\n\tAccount Name:\t\tSYSTEM\r\n\tAccount Domain:\t\tNT AUTHORITY\r\n\tLogon ID:\t\t0x3E7\r\n\tLinked Logon ID:\t\t0x0\r\n\tNetwork Account Name:\t-\r\n\tNetwork Account Domain:\t-\r\n\tLogon GUID:\t\t{00000000-0000-0000-0000-000000000000}\r\n\r\nProcess Information:\r\n\tProcess ID:\t\t0x31c\r\n\tProcess Name:\t\tC:\\Windows\\System32\\services.exe\r\n\r\nNetwork Information:\r\n\tWorkstation Name:\t-\r\n\tSource Network Address:\t-\r\n\tSource Port:\t\t-\r\n\r\nDetailed Authentication Information:\r\n\tLogon Process:\t\tAdvapi  \r\n\tAuthentication Package:\tNegotiate\r\n\tTransited Services:\t-\r\n\tPackage Name (NTLM only):\t-\r\n\tKey Length:\t\t0\r\n\r\nThis event is generated when a logon session is created. It is generated on the computer that was accessed.\r\n\r\nThe subject fields indicate the account on the local system which requested the logon. This is most commonly a service such as the Server service, or a local process such as Winlogon.exe or Services.exe.\r\n\r\nThe logon type field indicates the kind of logon that occurred. The most common types are 2 (interactive) and 3 (network).\r\n\r\nThe New Logon fields indicate the account for whom the new logon was created, i.e. the account that was logged on.\r\n\r\nThe network fields indicate where a remote logon request originated. Workstation name is not always available and may be left blank in some cases.\r\n\r\nThe impersonation level field indicates the extent to which a process in the logon session can impersonate.\r\n\r\nThe authentication information fields provide detailed information about this specific logon request.\r\n\t- Logon GUID is a unique identifier that can be used to correlate this event with a KDC event.\r\n\t- Transited services indicate which intermediate services have participated in this logon request.\r\n\t- Package name indicates which sub-protocol was used among the NTLM protocols.\r\n\t- Key length indicates the length of the generated session key. This will be 0 if no session key was requested.\""},"eventdata":{"subjectUserSid":"S-1-5-18","subjectUserName":"WIN-CL1$","subjectDomainName":"LAB","subjectLogonId":"0x3e7","targetUserSid":"S-1-5-18","targetUserName":"SYSTEM","targetDomainName":"NT AUTHORITY","targetLogonId":"0x3e7","logonType":"5","logonProcessName":"Advapi","authenticationPackageName":"Negotiate","logonGuid":"{00000000-0000-0000-0000-000000000000}","keyLength":"0","processId":"0x31c","processName":"C:\\\\Windows\\\\System32\\\\services.exe","impersonationLevel":"%%1833","virtualAccount":"%%1843","targetLinkedLogonId":"0x0","elevatedToken":"%%1842"}}},"location":"EventChannel"}
{"timestamp":"2026-07-08T23:22:53.448+0000","rule":{"level":3,"description":"Windows logon success.","id":"60106","mitre":{"id":["T1078"],"tactic":["Defense Evasion","Persistence","Privilege Escalation","Initial Access"],"technique":["Valid Accounts"]},"firedtimes":15,"mail":false,"groups":["windows","windows_security","authentication_success"],"gdpr":["IV_32.2"],"gpg13":["7.1","7.2"],"hipaa":["164.312.b"],"nist_800_53":["AC.7","AU.14"],"pci_dss":["10.2.5"],"tsc":["CC6.8","CC7.2","CC7.3"]},"agent":{"id":"002","name":"WIN-CL1","ip":"192.168.20.104"},"manager":{"name":"wazuh.manager"},"id":"1783552973.85346890","decoder":{"name":"windows_eventchannel"},"data":{"win":{"system":{"providerName":"Microsoft-Windows-Security-Auditing","providerGuid":"{54849625-5478-4994-a5ba-3e3b0328c30d}","eventID":"4624","version":"3","level":"0","task":"12544","opcode":"0","keywords":"0x8020000000000000","systemTime":"2026-07-08T23:22:13.1341282Z","eventRecordID":"31354","processID":"812","threadID":"6980","channel":"Security","computer":"WIN-CL1.lab.local","severityValue":"AUDIT_SUCCESS","message":"\"An account was successfully logged on.\r\n\r\nSubject:\r\n\tSecurity ID:\t\tS-1-5-18\r\n\tAccount Name:\t\tWIN-CL1$\r\n\tAccount Domain:\t\tLAB\r\n\tLogon ID:\t\t0x3E7\r\n\r\nLogon Information:\r\n\tLogon Type:\t\t11\r\n\tRestricted Admin Mode:\t-\r\n\tRemote Credential Guard:\t-\r\n\tVirtual Account:\t\tNo\r\n\tElevated Token:\t\tYes\r\n\r\nImpersonation Level:\t\tImpersonation\r\n\r\nNew Logon:\r\n\tSecurity ID:\t\tS-1-5-21-907119091-1850645056-1411410302-1001\r\n\tAccount Name:\t\tlab-user-1\r\n\tAccount Domain:\t\tMicrosoftAccount\r\n\tLogon ID:\t\t0x15BEDEF\r\n\tLinked Logon ID:\t\t0x15BEE3A\r\n\tNetwork Account Name:\t-\r\n\tNetwork Account Domain:\t-\r\n\tLogon GUID:\t\t{00000000-0000-0000-0000-000000000000}\r\n\r\nProcess Information:\r\n\tProcess ID:\t\t0x5f8\r\n\tProcess Name:\t\tC:\\Windows\\System32\\svchost.exe\r\n\r\nNetwork Information:\r\n\tWorkstation Name:\tWIN-CL1\r\n\tSource Network Address:\t127.0.0.1\r\n\tSource Port:\t\t0\r\n\r\nDetailed Authentication Information:\r\n\tLogon Process:\t\tUser32 \r\n\tAuthentication Package:\tNegotiate\r\n\tTransited Services:\t-\r\n\tPackage Name (NTLM only):\t-\r\n\tKey Length:\t\t0\r\n\r\nThis event is generated when a logon session is created. It is generated on the computer that was accessed.\r\n\r\nThe subject fields indicate the account on the local system which requested the logon. This is most commonly a service such as the Server service, or a local process such as Winlogon.exe or Services.exe.\r\n\r\nThe logon type field indicates the kind of logon that occurred. The most common types are 2 (interactive) and 3 (network).\r\n\r\nThe New Logon fields indicate the account for whom the new logon was created, i.e. the account that was logged on.\r\n\r\nThe network fields indicate where a remote logon request originated. Workstation name is not always available and may be left blank in some cases.\r\n\r\nThe impersonation level field indicates the extent to which a process in the logon session can impersonate.\r\n\r\nThe authentication information fields provide detailed information about this specific logon request.\r\n\t- Logon GUID is a unique identifier that can be used to correlate this event with a KDC event.\r\n\t- Transited services indicate which intermediate services have participated in this logon request.\r\n\t- Package name indicates which sub-protocol was used among the NTLM protocols.\r\n\t- Key length indicates the length of the generated session key. This will be 0 if no session key was requested.\""},"eventdata":{"subjectUserSid":"S-1-5-18","subjectUserName":"WIN-CL1$","subjectDomainName":"LAB","subjectLogonId":"0x3e7","targetUserSid":"S-1-5-21-907119091-1850645056-1411410302-1001","targetUserName":"lab-user-1","targetDomainName":"MicrosoftAccount","targetLogonId":"0x15bedef","logonType":"11","logonProcessName":"User32","authenticationPackageName":"Negotiate","workstationName":"WIN-CL1","logonGuid":"{00000000-0000-0000-0000-000000000000}","keyLength":"0","processId":"0x5f8","processName":"C:\\\\Windows\\\\System32\\\\svchost.exe","ipAddress":"127.0.0.1","ipPort":"0","impersonationLevel":"%%1833","virtualAccount":"%%1843","targetLinkedLogonId":"0x15bee3a","elevatedToken":"%%1842"}}},"location":"EventChannel"}
{"timestamp":"2026-07-08T23:22:53.479+0000","rule":{"level":3,"description":"Windows logon success.","id":"60106","mitre":{"id":["T1078"],"tactic":["Defense Evasion","Persistence","Privilege Escalation","Initial Access"],"technique":["Valid Accounts"]},"firedtimes":16,"mail":false,"groups":["windows","windows_security","authentication_success"],"gdpr":["IV_32.2"],"gpg13":["7.1","7.2"],"hipaa":["164.312.b"],"nist_800_53":["AC.7","AU.14"],"pci_dss":["10.2.5"],"tsc":["CC6.8","CC7.2","CC7.3"]},"agent":{"id":"002","name":"WIN-CL1","ip":"192.168.20.104"},"manager":{"name":"wazuh.manager"},"id":"1783552973.85354662","decoder":{"name":"windows_eventchannel"},"data":{"win":{"system":{"providerName":"Microsoft-Windows-Security-Auditing","providerGuid":"{54849625-5478-4994-a5ba-3e3b0328c30d}","eventID":"4624","version":"3","level":"0","task":"12544","opcode":"0","keywords":"0x8020000000000000","systemTime":"2026-07-08T23:22:13.1341359Z","eventRecordID":"31355","processID":"812","threadID":"6980","channel":"Security","computer":"WIN-CL1.lab.local","severityValue":"AUDIT_SUCCESS","message":"\"An account was successfully logged on.\r\n\r\nSubject:\r\n\tSecurity ID:\t\tS-1-5-18\r\n\tAccount Name:\t\tWIN-CL1$\r\n\tAccount Domain:\t\tLAB\r\n\tLogon ID:\t\t0x3E7\r\n\r\nLogon Information:\r\n\tLogon Type:\t\t11\r\n\tRestricted Admin Mode:\t-\r\n\tRemote Credential Guard:\t-\r\n\tVirtual Account:\t\tNo\r\n\tElevated Token:\t\tNo\r\n\r\nImpersonation Level:\t\tImpersonation\r\n\r\nNew Logon:\r\n\tSecurity ID:\t\tS-1-5-21-907119091-1850645056-1411410302-1001\r\n\tAccount Name:\t\tlab-user-1\r\n\tAccount Domain:\t\tMicrosoftAccount\r\n\tLogon ID:\t\t0x15BEE3A\r\n\tLinked Logon ID:\t\t0x15BEDEF\r\n\tNetwork Account Name:\t-\r\n\tNetwork Account Domain:\t-\r\n\tLogon GUID:\t\t{00000000-0000-0000-0000-000000000000}\r\n\r\nProcess Information:\r\n\tProcess ID:\t\t0x5f8\r\n\tProcess Name:\t\tC:\\Windows\\System32\\svchost.exe\r\n\r\nNetwork Information:\r\n\tWorkstation Name:\tWIN-CL1\r\n\tSource Network Address:\t127.0.0.1\r\n\tSource Port:\t\t0\r\n\r\nDetailed Authentication Information:\r\n\tLogon Process:\t\tUser32 \r\n\tAuthentication Package:\tNegotiate\r\n\tTransited Services:\t-\r\n\tPackage Name (NTLM only):\t-\r\n\tKey Length:\t\t0\r\n\r\nThis event is generated when a logon session is created. It is generated on the computer that was accessed.\r\n\r\nThe subject fields indicate the account on the local system which requested the logon. This is most commonly a service such as the Server service, or a local process such as Winlogon.exe or Services.exe.\r\n\r\nThe logon type field indicates the kind of logon that occurred. The most common types are 2 (interactive) and 3 (network).\r\n\r\nThe New Logon fields indicate the account for whom the new logon was created, i.e. the account that was logged on.\r\n\r\nThe network fields indicate where a remote logon request originated. Workstation name is not always available and may be left blank in some cases.\r\n\r\nThe impersonation level field indicates the extent to which a process in the logon session can impersonate.\r\n\r\nThe authentication information fields provide detailed information about this specific logon request.\r\n\t- Logon GUID is a unique identifier that can be used to correlate this event with a KDC event.\r\n\t- Transited services indicate which intermediate services have participated in this logon request.\r\n\t- Package name indicates which sub-protocol was used among the NTLM protocols.\r\n\t- Key length indicates the length of the generated session key. This will be 0 if no session key was requested.\""},"eventdata":{"subjectUserSid":"S-1-5-18","subjectUserName":"WIN-CL1$","subjectDomainName":"LAB","subjectLogonId":"0x3e7","targetUserSid":"S-1-5-21-907119091-1850645056-1411410302-1001","targetUserName":"lab-user-1","targetDomainName":"MicrosoftAccount","targetLogonId":"0x15bee3a","logonType":"11","logonProcessName":"User32","authenticationPackageName":"Negotiate","workstationName":"WIN-CL1","logonGuid":"{00000000-0000-0000-0000-000000000000}","keyLength":"0","processId":"0x5f8","processName":"C:\\\\Windows\\\\System32\\\\svchost.exe","ipAddress":"127.0.0.1","ipPort":"0","impersonationLevel":"%%1833","virtualAccount":"%%1843","targetLinkedLogonId":"0x15bedef","elevatedToken":"%%1843"}}},"location":"EventChannel"}
{"timestamp":"2026-07-08T23:22:53.512+0000","rule":{"level":3,"description":"Windows logon success.","id":"60106","mitre":{"id":["T1078"],"tactic":["Defense Evasion","Persistence","Privilege Escalation","Initial Access"],"technique":["Valid Accounts"]},"firedtimes":17,"mail":false,"groups":["windows","windows_security","authentication_success"],"gdpr":["IV_32.2"],"gpg13":["7.1","7.2"],"hipaa":["164.312.b"],"nist_800_53":["AC.7","AU.14"],"pci_dss":["10.2.5"],"tsc":["CC6.8","CC7.2","CC7.3"]},"agent":{"id":"002","name":"WIN-CL1","ip":"192.168.20.104"},"manager":{"name":"wazuh.manager"},"id":"1783552973.85362432","decoder":{"name":"windows_eventchannel"},"data":{"win":{"system":{"providerName":"Microsoft-Windows-Security-Auditing","providerGuid":"{54849625-5478-4994-a5ba-3e3b0328c30d}","eventID":"4624","version":"3","level":"0","task":"12544","opcode":"0","keywords":"0x8020000000000000","systemTime":"2026-07-08T23:22:13.3186219Z","eventRecordID":"31357","processID":"812","threadID":"7424","channel":"Security","computer":"WIN-CL1.lab.local","severityValue":"AUDIT_SUCCESS","message":"\"An account was successfully logged on.\r\n\r\nSubject:\r\n\tSecurity ID:\t\tS-1-5-18\r\n\tAccount Name:\t\tWIN-CL1$\r\n\tAccount Domain:\t\tLAB\r\n\tLogon ID:\t\t0x3E7\r\n\r\nLogon Information:\r\n\tLogon Type:\t\t7\r\n\tRestricted Admin Mode:\t-\r\n\tRemote Credential Guard:\t-\r\n\tVirtual Account:\t\tNo\r\n\tElevated Token:\t\tYes\r\n\r\nImpersonation Level:\t\tImpersonation\r\n\r\nNew Logon:\r\n\tSecurity ID:\t\tS-1-5-21-907119091-1850645056-1411410302-1001\r\n\tAccount Name:\t\tlab-user-1\r\n\tAccount Domain:\t\tMicrosoftAccount\r\n\tLogon ID:\t\t0x15C11A9\r\n\tLinked Logon ID:\t\t0x15C123A\r\n\tNetwork Account Name:\t-\r\n\tNetwork Account Domain:\t-\r\n\tLogon GUID:\t\t{00000000-0000-0000-0000-000000000000}\r\n\r\nProcess Information:\r\n\tProcess ID:\t\t0x32c\r\n\tProcess Name:\t\tC:\\Windows\\System32\\lsass.exe\r\n\r\nNetwork Information:\r\n\tWorkstation Name:\tWIN-CL1\r\n\tSource Network Address:\t-\r\n\tSource Port:\t\t-\r\n\r\nDetailed Authentication Information:\r\n\tLogon Process:\t\tNegotiat\r\n\tAuthentication Package:\tNegotiate\r\n\tTransited Services:\t-\r\n\tPackage Name (NTLM only):\t-\r\n\tKey Length:\t\t0\r\n\r\nThis event is generated when a logon session is created. It is generated on the computer that was accessed.\r\n\r\nThe subject fields indicate the account on the local system which requested the logon. This is most commonly a service such as the Server service, or a local process such as Winlogon.exe or Services.exe.\r\n\r\nThe logon type field indicates the kind of logon that occurred. The most common types are 2 (interactive) and 3 (network).\r\n\r\nThe New Logon fields indicate the account for whom the new logon was created, i.e. the account that was logged on.\r\n\r\nThe network fields indicate where a remote logon request originated. Workstation name is not always available and may be left blank in some cases.\r\n\r\nThe impersonation level field indicates the extent to which a process in the logon session can impersonate.\r\n\r\nThe authentication information fields provide detailed information about this specific logon request.\r\n\t- Logon GUID is a unique identifier that can be used to correlate this event with a KDC event.\r\n\t- Transited services indicate which intermediate services have participated in this logon request.\r\n\t- Package name indicates which sub-protocol was used among the NTLM protocols.\r\n\t- Key length indicates the length of the generated session key. This will be 0 if no session key was requested.\""},"eventdata":{"subjectUserSid":"S-1-5-18","subjectUserName":"WIN-CL1$","subjectDomainName":"LAB","subjectLogonId":"0x3e7","targetUserSid":"S-1-5-21-907119091-1850645056-1411410302-1001","targetUserName":"lab-user-1","targetDomainName":"MicrosoftAccount","targetLogonId":"0x15c11a9","logonType":"7","logonProcessName":"Negotiat","authenticationPackageName":"Negotiate","workstationName":"WIN-CL1","logonGuid":"{00000000-0000-0000-0000-000000000000}","keyLength":"0","processId":"0x32c","processName":"C:\\\\Windows\\\\System32\\\\lsass.exe","impersonationLevel":"%%1833","virtualAccount":"%%1843","targetLinkedLogonId":"0x15c123a","elevatedToken":"%%1842"}}},"location":"EventChannel"}
{"timestamp":"2026-07-08T23:22:53.533+0000","rule":{"level":3,"description":"Windows logon success.","id":"60106","mitre":{"id":["T1078"],"tactic":["Defense Evasion","Persistence","Privilege Escalation","Initial Access"],"technique":["Valid Accounts"]},"firedtimes":18,"mail":false,"groups":["windows","windows_security","authentication_success"],"gdpr":["IV_32.2"],"gpg13":["7.1","7.2"],"hipaa":["164.312.b"],"nist_800_53":["AC.7","AU.14"],"pci_dss":["10.2.5"],"tsc":["CC6.8","CC7.2","CC7.3"]},"agent":{"id":"002","name":"WIN-CL1","ip":"192.168.20.104"},"manager":{"name":"wazuh.manager"},"id":"1783552973.85370086","decoder":{"name":"windows_eventchannel"},"data":{"win":{"system":{"providerName":"Microsoft-Windows-Security-Auditing","providerGuid":"{54849625-5478-4994-a5ba-3e3b0328c30d}","eventID":"4624","version":"3","level":"0","task":"12544","opcode":"0","keywords":"0x8020000000000000","systemTime":"2026-07-08T23:22:13.3186296Z","eventRecordID":"31358","processID":"812","threadID":"7424","channel":"Security","computer":"WIN-CL1.lab.local","severityValue":"AUDIT_SUCCESS","message":"\"An account was successfully logged on.\r\n\r\nSubject:\r\n\tSecurity ID:\t\tS-1-5-18\r\n\tAccount Name:\t\tWIN-CL1$\r\n\tAccount Domain:\t\tLAB\r\n\tLogon ID:\t\t0x3E7\r\n\r\nLogon Information:\r\n\tLogon Type:\t\t7\r\n\tRestricted Admin Mode:\t-\r\n\tRemote Credential Guard:\t-\r\n\tVirtual Account:\t\tNo\r\n\tElevated Token:\t\tNo\r\n\r\nImpersonation Level:\t\tImpersonation\r\n\r\nNew Logon:\r\n\tSecurity ID:\t\tS-1-5-21-907119091-1850645056-1411410302-1001\r\n\tAccount Name:\t\tlab-user-1\r\n\tAccount Domain:\t\tMicrosoftAccount\r\n\tLogon ID:\t\t0x15C123A\r\n\tLinked Logon ID:\t\t0x15C11A9\r\n\tNetwork Account Name:\t-\r\n\tNetwork Account Domain:\t-\r\n\tLogon GUID:\t\t{00000000-0000-0000-0000-000000000000}\r\n\r\nProcess Information:\r\n\tProcess ID:\t\t0x32c\r\n\tProcess Name:\t\tC:\\Windows\\System32\\lsass.exe\r\n\r\nNetwork Information:\r\n\tWorkstation Name:\tWIN-CL1\r\n\tSource Network Address:\t-\r\n\tSource Port:\t\t-\r\n\r\nDetailed Authentication Information:\r\n\tLogon Process:\t\tNegotiat\r\n\tAuthentication Package:\tNegotiate\r\n\tTransited Services:\t-\r\n\tPackage Name (NTLM only):\t-\r\n\tKey Length:\t\t0\r\n\r\nThis event is generated when a logon session is created. It is generated on the computer that was accessed.\r\n\r\nThe subject fields indicate the account on the local system which requested the logon. This is most commonly a service such as the Server service, or a local process such as Winlogon.exe or Services.exe.\r\n\r\nThe logon type field indicates the kind of logon that occurred. The most common types are 2 (interactive) and 3 (network).\r\n\r\nThe New Logon fields indicate the account for whom the new logon was created, i.e. the account that was logged on.\r\n\r\nThe network fields indicate where a remote logon request originated. Workstation name is not always available and may be left blank in some cases.\r\n\r\nThe impersonation level field indicates the extent to which a process in the logon session can impersonate.\r\n\r\nThe authentication information fields provide detailed information about this specific logon request.\r\n\t- Logon GUID is a unique identifier that can be used to correlate this event with a KDC event.\r\n\t- Transited services indicate which intermediate services have participated in this logon request.\r\n\t- Package name indicates which sub-protocol was used among the NTLM protocols.\r\n\t- Key length indicates the length of the generated session key. This will be 0 if no session key was requested.\""},"eventdata":{"subjectUserSid":"S-1-5-18","subjectUserName":"WIN-CL1$","subjectDomainName":"LAB","subjectLogonId":"0x3e7","targetUserSid":"S-1-5-21-907119091-1850645056-1411410302-1001","targetUserName":"lab-user-1","targetDomainName":"MicrosoftAccount","targetLogonId":"0x15c123a","logonType":"7","logonProcessName":"Negotiat","authenticationPackageName":"Negotiate","workstationName":"WIN-CL1","logonGuid":"{00000000-0000-0000-0000-000000000000}","keyLength":"0","processId":"0x32c","processName":"C:\\\\Windows\\\\System32\\\\lsass.exe","impersonationLevel":"%%1833","virtualAccount":"%%1843","targetLinkedLogonId":"0x15c11a9","elevatedToken":"%%1843"}}},"location":"EventChannel"}
