{"timestamp":"2026-07-12T11:30:18.950+0000","rule":{"level":4,"description":"Windows command prompt started by an abnormal process","id":"92052","mitre":{"id":["T1059.003"],"tactic":["Execution"],"technique":["Windows Command Shell"]},"firedtimes":5,"mail":false,"groups":["sysmon","sysmon_eid1_detections","windows"]},"agent":{"id":"002","name":"WIN-CL1","ip":"192.168.20.104"},"manager":{"name":"wazuh.manager"},"id":"1783855818.3409552","decoder":{"name":"windows_eventchannel"},"data":{"win":{"system":{"providerName":"Microsoft-Windows-Sysmon","providerGuid":"{5770385f-c22a-43e0-bf4c-06f5698ffbd9}","eventID":"1","version":"5","level":"4","task":"1","opcode":"0","keywords":"0x8000000000000000","systemTime":"2026-07-12T11:30:18.3167568Z","eventRecordID":"54782","processID":"3320","threadID":"3972","channel":"Microsoft-Windows-Sysmon/Operational","computer":"WIN-CL1.lab.local","severityValue":"INFORMATION","message":"\"Process Create:\r\nRuleName: -\r\nUtcTime: 2026-07-12 11:30:18.299\r\nProcessGuid: {b7327453-7aca-6a53-0302-000000002200}\r\nProcessId: 8764\r\nImage: C:\\Windows\\System32\\cmd.exe\r\nFileVersion: 10.0.26100.7019 (WinBuild.160101.0800)\r\nDescription: Windows Command Processor\r\nProduct: Microsoft® Windows® Operating System\r\nCompany: Microsoft Corporation\r\nOriginalFileName: Cmd.Exe\r\nCommandLine: \"C:\\WINDOWS\\system32\\cmd.exe\" /d /c C:\\WINDOWS\\system32\\hpatchmonTask.cmd\r\nCurrentDirectory: C:\\WINDOWS\\system32\\\r\nUser: NT AUTHORITY\\SYSTEM\r\nLogonGuid: {b7327453-7566-6a53-e703-000000000000}\r\nLogonId: 0x3E7\r\nTerminalSessionId: 0\r\nIntegrityLevel: System\r\nHashes: MD5=C8B5D63042BC4BBB7F5C0F9E15B61F16,SHA256=9695CF4566DDF878A69C3D419E0DA4EEA87B0F24261AD8E79A3A9C4A9885429C,IMPHASH=B0F049C014592B156EB1FA857E99CEB9\r\nParentProcessGuid: {b7327453-7568-6a53-2d00-000000002200}\r\nParentProcessId: 2148\r\nParentImage: C:\\Windows\\System32\\svchost.exe\r\nParentCommandLine: C:\\WINDOWS\\system32\\svchost.exe -k netsvcs -p -s Schedule\r\nParentUser: NT AUTHORITY\\SYSTEM\""},"eventdata":{"utcTime":"2026-07-12 11:30:18.299","processGuid":"{b7327453-7aca-6a53-0302-000000002200}","processId":"8764","image":"C:\\\\Windows\\\\System32\\\\cmd.exe","fileVersion":"10.0.26100.7019 (WinBuild.160101.0800)","description":"Windows Command Processor","product":"Microsoft® Windows® Operating System","company":"Microsoft Corporation","originalFileName":"Cmd.Exe","commandLine":"\\\"C:\\\\WINDOWS\\\\system32\\\\cmd.exe\\\" /d /c C:\\\\WINDOWS\\\\system32\\\\hpatchmonTask.cmd","currentDirectory":"C:\\\\WINDOWS\\\\system32\\\\","user":"NT AUTHORITY\\\\SYSTEM","logonGuid":"{b7327453-7566-6a53-e703-000000000000}","logonId":"0x3e7","terminalSessionId":"0","integrityLevel":"System","hashes":"MD5=C8B5D63042BC4BBB7F5C0F9E15B61F16,SHA256=9695CF4566DDF878A69C3D419E0DA4EEA87B0F24261AD8E79A3A9C4A9885429C,IMPHASH=B0F049C014592B156EB1FA857E99CEB9","parentProcessGuid":"{b7327453-7568-6a53-2d00-000000002200}","parentProcessId":"2148","parentImage":"C:\\\\Windows\\\\System32\\\\svchost.exe","parentCommandLine":"C:\\\\WINDOWS\\\\system32\\\\svchost.exe -k netsvcs -p -s Schedule","parentUser":"NT AUTHORITY\\\\SYSTEM"}}},"location":"EventChannel"}
{"timestamp":"2026-07-12T11:30:19.474+0000","rule":{"level":3,"description":"Windows logon success.","id":"60106","mitre":{"id":["T1078"],"tactic":["Defense Evasion","Persistence","Privilege Escalation","Initial Access"],"technique":["Valid Accounts"]},"firedtimes":175,"mail":false,"groups":["windows","windows_security","authentication_success"],"gdpr":["IV_32.2"],"gpg13":["7.1","7.2"],"hipaa":["164.312.b"],"nist_800_53":["AC.7","AU.14"],"pci_dss":["10.2.5"],"tsc":["CC6.8","CC7.2","CC7.3"]},"agent":{"id":"002","name":"WIN-CL1","ip":"192.168.20.104"},"manager":{"name":"wazuh.manager"},"id":"1783855819.3415336","decoder":{"name":"windows_eventchannel"},"data":{"win":{"system":{"providerName":"Microsoft-Windows-Security-Auditing","providerGuid":"{54849625-5478-4994-a5ba-3e3b0328c30d}","eventID":"4624","version":"3","level":"0","task":"12544","opcode":"0","keywords":"0x8020000000000000","systemTime":"2026-07-12T11:30:19.0547267Z","eventRecordID":"31500","processID":"820","threadID":"1924","channel":"Security","computer":"WIN-CL1.lab.local","severityValue":"AUDIT_SUCCESS","message":"\"An account was successfully logged on.\r\n\r\nSubject:\r\n\tSecurity ID:\t\tS-1-5-18\r\n\tAccount Name:\t\tWIN-CL1$\r\n\tAccount Domain:\t\tLAB\r\n\tLogon ID:\t\t0x3E7\r\n\r\nLogon Information:\r\n\tLogon Type:\t\t5\r\n\tRestricted Admin Mode:\t-\r\n\tRemote Credential Guard:\t-\r\n\tVirtual Account:\t\tNo\r\n\tElevated Token:\t\tYes\r\n\r\nImpersonation Level:\t\tImpersonation\r\n\r\nNew Logon:\r\n\tSecurity ID:\t\tS-1-5-18\r\n\tAccount Name:\t\tSYSTEM\r\n\tAccount Domain:\t\tNT AUTHORITY\r\n\tLogon ID:\t\t0x3E7\r\n\tLinked Logon ID:\t\t0x0\r\n\tNetwork Account Name:\t-\r\n\tNetwork Account Domain:\t-\r\n\tLogon GUID:\t\t{00000000-0000-0000-0000-000000000000}\r\n\r\nProcess Information:\r\n\tProcess ID:\t\t0x324\r\n\tProcess Name:\t\tC:\\Windows\\System32\\services.exe\r\n\r\nNetwork Information:\r\n\tWorkstation Name:\t-\r\n\tSource Network Address:\t-\r\n\tSource Port:\t\t-\r\n\r\nDetailed Authentication Information:\r\n\tLogon Process:\t\tAdvapi  \r\n\tAuthentication Package:\tNegotiate\r\n\tTransited Services:\t-\r\n\tPackage Name (NTLM only):\t-\r\n\tKey Length:\t\t0\r\n\r\nThis event is generated when a logon session is created. It is generated on the computer that was accessed.\r\n\r\nThe subject fields indicate the account on the local system which requested the logon. This is most commonly a service such as the Server service, or a local process such as Winlogon.exe or Services.exe.\r\n\r\nThe logon type field indicates the kind of logon that occurred. The most common types are 2 (interactive) and 3 (network).\r\n\r\nThe New Logon fields indicate the account for whom the new logon was created, i.e. the account that was logged on.\r\n\r\nThe network fields indicate where a remote logon request originated. Workstation name is not always available and may be left blank in some cases.\r\n\r\nThe impersonation level field indicates the extent to which a process in the logon session can impersonate.\r\n\r\nThe authentication information fields provide detailed information about this specific logon request.\r\n\t- Logon GUID is a unique identifier that can be used to correlate this event with a KDC event.\r\n\t- Transited services indicate which intermediate services have participated in this logon request.\r\n\t- Package name indicates which sub-protocol was used among the NTLM protocols.\r\n\t- Key length indicates the length of the generated session key. This will be 0 if no session key was requested.\""},"eventdata":{"subjectUserSid":"S-1-5-18","subjectUserName":"WIN-CL1$","subjectDomainName":"LAB","subjectLogonId":"0x3e7","targetUserSid":"S-1-5-18","targetUserName":"SYSTEM","targetDomainName":"NT AUTHORITY","targetLogonId":"0x3e7","logonType":"5","logonProcessName":"Advapi","authenticationPackageName":"Negotiate","logonGuid":"{00000000-0000-0000-0000-000000000000}","keyLength":"0","processId":"0x324","processName":"C:\\\\Windows\\\\System32\\\\services.exe","impersonationLevel":"%%1833","virtualAccount":"%%1843","targetLinkedLogonId":"0x0","elevatedToken":"%%1842"}}},"location":"EventChannel"}
{"timestamp":"2026-07-12T11:30:21.902+0000","rule":{"level":3,"description":"Windows logon success.","id":"60106","mitre":{"id":["T1078"],"tactic":["Defense Evasion","Persistence","Privilege Escalation","Initial Access"],"technique":["Valid Accounts"]},"firedtimes":176,"mail":false,"groups":["windows","windows_security","authentication_success"],"gdpr":["IV_32.2"],"gpg13":["7.1","7.2"],"hipaa":["164.312.b"],"nist_800_53":["AC.7","AU.14"],"pci_dss":["10.2.5"],"tsc":["CC6.8","CC7.2","CC7.3"]},"agent":{"id":"002","name":"WIN-CL1","ip":"192.168.20.104"},"manager":{"name":"wazuh.manager"},"id":"1783855821.3430926","decoder":{"name":"windows_eventchannel"},"data":{"win":{"system":{"providerName":"Microsoft-Windows-Security-Auditing","providerGuid":"{54849625-5478-4994-a5ba-3e3b0328c30d}","eventID":"4624","version":"3","level":"0","task":"12544","opcode":"0","keywords":"0x8020000000000000","systemTime":"2026-07-12T11:30:21.7048852Z","eventRecordID":"31501","processID":"820","threadID":"9492","channel":"Security","computer":"WIN-CL1.lab.local","severityValue":"AUDIT_SUCCESS","message":"\"An account was successfully logged on.\r\n\r\nSubject:\r\n\tSecurity ID:\t\tS-1-5-18\r\n\tAccount Name:\t\tWIN-CL1$\r\n\tAccount Domain:\t\tLAB\r\n\tLogon ID:\t\t0x3E7\r\n\r\nLogon Information:\r\n\tLogon Type:\t\t5\r\n\tRestricted Admin Mode:\t-\r\n\tRemote Credential Guard:\t-\r\n\tVirtual Account:\t\tNo\r\n\tElevated Token:\t\tYes\r\n\r\nImpersonation Level:\t\tImpersonation\r\n\r\nNew Logon:\r\n\tSecurity ID:\t\tS-1-5-18\r\n\tAccount Name:\t\tSYSTEM\r\n\tAccount Domain:\t\tNT AUTHORITY\r\n\tLogon ID:\t\t0x3E7\r\n\tLinked Logon ID:\t\t0x0\r\n\tNetwork Account Name:\t-\r\n\tNetwork Account Domain:\t-\r\n\tLogon GUID:\t\t{00000000-0000-0000-0000-000000000000}\r\n\r\nProcess Information:\r\n\tProcess ID:\t\t0x324\r\n\tProcess Name:\t\tC:\\Windows\\System32\\services.exe\r\n\r\nNetwork Information:\r\n\tWorkstation Name:\t-\r\n\tSource Network Address:\t-\r\n\tSource Port:\t\t-\r\n\r\nDetailed Authentication Information:\r\n\tLogon Process:\t\tAdvapi  \r\n\tAuthentication Package:\tNegotiate\r\n\tTransited Services:\t-\r\n\tPackage Name (NTLM only):\t-\r\n\tKey Length:\t\t0\r\n\r\nThis event is generated when a logon session is created. It is generated on the computer that was accessed.\r\n\r\nThe subject fields indicate the account on the local system which requested the logon. This is most commonly a service such as the Server service, or a local process such as Winlogon.exe or Services.exe.\r\n\r\nThe logon type field indicates the kind of logon that occurred. The most common types are 2 (interactive) and 3 (network).\r\n\r\nThe New Logon fields indicate the account for whom the new logon was created, i.e. the account that was logged on.\r\n\r\nThe network fields indicate where a remote logon request originated. Workstation name is not always available and may be left blank in some cases.\r\n\r\nThe impersonation level field indicates the extent to which a process in the logon session can impersonate.\r\n\r\nThe authentication information fields provide detailed information about this specific logon request.\r\n\t- Logon GUID is a unique identifier that can be used to correlate this event with a KDC event.\r\n\t- Transited services indicate which intermediate services have participated in this logon request.\r\n\t- Package name indicates which sub-protocol was used among the NTLM protocols.\r\n\t- Key length indicates the length of the generated session key. This will be 0 if no session key was requested.\""},"eventdata":{"subjectUserSid":"S-1-5-18","subjectUserName":"WIN-CL1$","subjectDomainName":"LAB","subjectLogonId":"0x3e7","targetUserSid":"S-1-5-18","targetUserName":"SYSTEM","targetDomainName":"NT AUTHORITY","targetLogonId":"0x3e7","logonType":"5","logonProcessName":"Advapi","authenticationPackageName":"Negotiate","logonGuid":"{00000000-0000-0000-0000-000000000000}","keyLength":"0","processId":"0x324","processName":"C:\\\\Windows\\\\System32\\\\services.exe","impersonationLevel":"%%1833","virtualAccount":"%%1843","targetLinkedLogonId":"0x0","elevatedToken":"%%1842"}}},"location":"EventChannel"}
{"timestamp":"2026-07-12T11:30:22.044+0000","rule":{"level":3,"description":"Windows logon success.","id":"60106","mitre":{"id":["T1078"],"tactic":["Defense Evasion","Persistence","Privilege Escalation","Initial Access"],"technique":["Valid Accounts"]},"firedtimes":177,"mail":false,"groups":["windows","windows_security","authentication_success"],"gdpr":["IV_32.2"],"gpg13":["7.1","7.2"],"hipaa":["164.312.b"],"nist_800_53":["AC.7","AU.14"],"pci_dss":["10.2.5"],"tsc":["CC6.8","CC7.2","CC7.3"]},"agent":{"id":"002","name":"WIN-CL1","ip":"192.168.20.104"},"manager":{"name":"wazuh.manager"},"id":"1783855822.3438252","decoder":{"name":"windows_eventchannel"},"data":{"win":{"system":{"providerName":"Microsoft-Windows-Security-Auditing","providerGuid":"{54849625-5478-4994-a5ba-3e3b0328c30d}","eventID":"4624","version":"3","level":"0","task":"12544","opcode":"0","keywords":"0x8020000000000000","systemTime":"2026-07-12T11:30:22.3232953Z","eventRecordID":"31502","processID":"820","threadID":"2812","channel":"Security","computer":"WIN-CL1.lab.local","severityValue":"AUDIT_SUCCESS","message":"\"An account was successfully logged on.\r\n\r\nSubject:\r\n\tSecurity ID:\t\tS-1-5-18\r\n\tAccount Name:\t\tWIN-CL1$\r\n\tAccount Domain:\t\tLAB\r\n\tLogon ID:\t\t0x3E7\r\n\r\nLogon Information:\r\n\tLogon Type:\t\t5\r\n\tRestricted Admin Mode:\t-\r\n\tRemote Credential Guard:\t-\r\n\tVirtual Account:\t\tNo\r\n\tElevated Token:\t\tYes\r\n\r\nImpersonation Level:\t\tImpersonation\r\n\r\nNew Logon:\r\n\tSecurity ID:\t\tS-1-5-18\r\n\tAccount Name:\t\tSYSTEM\r\n\tAccount Domain:\t\tNT AUTHORITY\r\n\tLogon ID:\t\t0x3E7\r\n\tLinked Logon ID:\t\t0x0\r\n\tNetwork Account Name:\t-\r\n\tNetwork Account Domain:\t-\r\n\tLogon GUID:\t\t{00000000-0000-0000-0000-000000000000}\r\n\r\nProcess Information:\r\n\tProcess ID:\t\t0x324\r\n\tProcess Name:\t\tC:\\Windows\\System32\\services.exe\r\n\r\nNetwork Information:\r\n\tWorkstation Name:\t-\r\n\tSource Network Address:\t-\r\n\tSource Port:\t\t-\r\n\r\nDetailed Authentication Information:\r\n\tLogon Process:\t\tAdvapi  \r\n\tAuthentication Package:\tNegotiate\r\n\tTransited Services:\t-\r\n\tPackage Name (NTLM only):\t-\r\n\tKey Length:\t\t0\r\n\r\nThis event is generated when a logon session is created. It is generated on the computer that was accessed.\r\n\r\nThe subject fields indicate the account on the local system which requested the logon. This is most commonly a service such as the Server service, or a local process such as Winlogon.exe or Services.exe.\r\n\r\nThe logon type field indicates the kind of logon that occurred. The most common types are 2 (interactive) and 3 (network).\r\n\r\nThe New Logon fields indicate the account for whom the new logon was created, i.e. the account that was logged on.\r\n\r\nThe network fields indicate where a remote logon request originated. Workstation name is not always available and may be left blank in some cases.\r\n\r\nThe impersonation level field indicates the extent to which a process in the logon session can impersonate.\r\n\r\nThe authentication information fields provide detailed information about this specific logon request.\r\n\t- Logon GUID is a unique identifier that can be used to correlate this event with a KDC event.\r\n\t- Transited services indicate which intermediate services have participated in this logon request.\r\n\t- Package name indicates which sub-protocol was used among the NTLM protocols.\r\n\t- Key length indicates the length of the generated session key. This will be 0 if no session key was requested.\""},"eventdata":{"subjectUserSid":"S-1-5-18","subjectUserName":"WIN-CL1$","subjectDomainName":"LAB","subjectLogonId":"0x3e7","targetUserSid":"S-1-5-18","targetUserName":"SYSTEM","targetDomainName":"NT AUTHORITY","targetLogonId":"0x3e7","logonType":"5","logonProcessName":"Advapi","authenticationPackageName":"Negotiate","logonGuid":"{00000000-0000-0000-0000-000000000000}","keyLength":"0","processId":"0x324","processName":"C:\\\\Windows\\\\System32\\\\services.exe","impersonationLevel":"%%1833","virtualAccount":"%%1843","targetLinkedLogonId":"0x0","elevatedToken":"%%1842"}}},"location":"EventChannel"}
{"timestamp":"2026-07-12T11:30:22.932+0000","rule":{"level":6,"description":"Scripting file created under Windows Temp or User folder","id":"92200","mitre":{"id":["T1059","T1105"],"tactic":["Execution","Command and Control"],"technique":["Command and Scripting Interpreter","Ingress Tool Transfer"]},"firedtimes":1,"mail":false,"groups":["sysmon","sysmon_eid11_detections","windows"]},"agent":{"id":"002","name":"WIN-CL1","ip":"192.168.20.104"},"manager":{"name":"wazuh.manager"},"id":"1783855822.3445578","decoder":{"name":"windows_eventchannel"},"data":{"win":{"system":{"providerName":"Microsoft-Windows-Sysmon","providerGuid":"{5770385f-c22a-43e0-bf4c-06f5698ffbd9}","eventID":"11","version":"2","level":"4","task":"11","opcode":"0","keywords":"0x8000000000000000","systemTime":"2026-07-12T11:30:22.6680996Z","eventRecordID":"54797","processID":"3320","threadID":"3972","channel":"Microsoft-Windows-Sysmon/Operational","computer":"WIN-CL1.lab.local","severityValue":"INFORMATION","message":"\"File created:\r\nRuleName: -\r\nUtcTime: 2026-07-12 11:30:22.666\r\nProcessGuid: {b7327453-7ace-6a53-1802-000000002200}\r\nProcessId: 6852\r\nImage: C:\\WINDOWS\\system32\\taskhostw.exe\r\nTargetFilename: C:\\Windows\\Temp\\SDIAG_a17358bd-8a25-4dd2-8f53-92f55a6ed451\\CL_Utility.ps1\r\nCreationUtcTime: 2026-07-12 11:30:22.666\r\nUser: WIN-CL1\\coe55\""},"eventdata":{"utcTime":"2026-07-12 11:30:22.666","processGuid":"{b7327453-7ace-6a53-1802-000000002200}","processId":"6852","image":"C:\\\\WINDOWS\\\\system32\\\\taskhostw.exe","targetFilename":"C:\\\\Windows\\\\Temp\\\\SDIAG_a17358bd-8a25-4dd2-8f53-92f55a6ed451\\\\CL_Utility.ps1","creationUtcTime":"2026-07-12 11:30:22.666","user":"WIN-CL1\\\\coe55"}}},"location":"EventChannel"}
{"timestamp":"2026-07-12T11:30:22.934+0000","rule":{"level":6,"description":"Executable dropped in Windows root folder","id":"92217","mitre":{"id":["T1570"],"tactic":["Lateral Movement"],"technique":["Lateral Tool Transfer"]},"firedtimes":33,"mail":false,"groups":["sysmon","sysmon_eid11_detections","windows"]},"agent":{"id":"002","name":"WIN-CL1","ip":"192.168.20.104"},"manager":{"name":"wazuh.manager"},"id":"1783855822.3448213","decoder":{"name":"windows_eventchannel"},"data":{"win":{"system":{"providerName":"Microsoft-Windows-Sysmon","providerGuid":"{5770385f-c22a-43e0-bf4c-06f5698ffbd9}","eventID":"11","version":"2","level":"4","task":"11","opcode":"0","keywords":"0x8000000000000000","systemTime":"2026-07-12T11:30:22.6761454Z","eventRecordID":"54798","processID":"3320","threadID":"3972","channel":"Microsoft-Windows-Sysmon/Operational","computer":"WIN-CL1.lab.local","severityValue":"INFORMATION","message":"\"File created:\r\nRuleName: DLL\r\nUtcTime: 2026-07-12 11:30:22.675\r\nProcessGuid: {b7327453-7ace-6a53-1802-000000002200}\r\nProcessId: 6852\r\nImage: C:\\WINDOWS\\system32\\taskhostw.exe\r\nTargetFilename: C:\\Windows\\Temp\\SDIAG_a17358bd-8a25-4dd2-8f53-92f55a6ed451\\DiagPackage.dll\r\nCreationUtcTime: 2026-07-12 11:30:22.673\r\nUser: WIN-CL1\\coe55\""},"eventdata":{"ruleName":"DLL","utcTime":"2026-07-12 11:30:22.675","processGuid":"{b7327453-7ace-6a53-1802-000000002200}","processId":"6852","image":"C:\\\\WINDOWS\\\\system32\\\\taskhostw.exe","targetFilename":"C:\\\\Windows\\\\Temp\\\\SDIAG_a17358bd-8a25-4dd2-8f53-92f55a6ed451\\\\DiagPackage.dll","creationUtcTime":"2026-07-12 11:30:22.673","user":"WIN-CL1\\\\coe55"}}},"location":"EventChannel"}
{"timestamp":"2026-07-12T11:30:22.936+0000","rule":{"level":6,"description":"Scripting file created under Windows Temp or User folder","id":"92200","mitre":{"id":["T1059","T1105"],"tactic":["Execution","Command and Control"],"technique":["Command and Scripting Interpreter","Ingress Tool Transfer"]},"firedtimes":2,"mail":false,"groups":["sysmon","sysmon_eid11_detections","windows"]},"agent":{"id":"002","name":"WIN-CL1","ip":"192.168.20.104"},"manager":{"name":"wazuh.manager"},"id":"1783855822.3450886","decoder":{"name":"windows_eventchannel"},"data":{"win":{"system":{"providerName":"Microsoft-Windows-Sysmon","providerGuid":"{5770385f-c22a-43e0-bf4c-06f5698ffbd9}","eventID":"11","version":"2","level":"4","task":"11","opcode":"0","keywords":"0x8000000000000000","systemTime":"2026-07-12T11:30:22.6827709Z","eventRecordID":"54799","processID":"3320","threadID":"3972","channel":"Microsoft-Windows-Sysmon/Operational","computer":"WIN-CL1.lab.local","severityValue":"INFORMATION","message":"\"File created:\r\nRuleName: -\r\nUtcTime: 2026-07-12 11:30:22.678\r\nProcessGuid: {b7327453-7ace-6a53-1802-000000002200}\r\nProcessId: 6852\r\nImage: C:\\WINDOWS\\system32\\taskhostw.exe\r\nTargetFilename: C:\\Windows\\Temp\\SDIAG_a17358bd-8a25-4dd2-8f53-92f55a6ed451\\RS_AdminDiagnosticHistory.ps1\r\nCreationUtcTime: 2026-07-12 11:30:22.678\r\nUser: WIN-CL1\\coe55\""},"eventdata":{"utcTime":"2026-07-12 11:30:22.678","processGuid":"{b7327453-7ace-6a53-1802-000000002200}","processId":"6852","image":"C:\\\\WINDOWS\\\\system32\\\\taskhostw.exe","targetFilename":"C:\\\\Windows\\\\Temp\\\\SDIAG_a17358bd-8a25-4dd2-8f53-92f55a6ed451\\\\RS_AdminDiagnosticHistory.ps1","creationUtcTime":"2026-07-12 11:30:22.678","user":"WIN-CL1\\\\coe55"}}},"location":"EventChannel"}
{"timestamp":"2026-07-12T11:30:22.953+0000","rule":{"level":6,"description":"Scripting file created under Windows Temp or User folder","id":"92200","mitre":{"id":["T1059","T1105"],"tactic":["Execution","Command and Control"],"technique":["Command and Scripting Interpreter","Ingress Tool Transfer"]},"firedtimes":3,"mail":false,"groups":["sysmon","sysmon_eid11_detections","windows"]},"agent":{"id":"002","name":"WIN-CL1","ip":"192.168.20.104"},"manager":{"name":"wazuh.manager"},"id":"1783855822.3453581","decoder":{"name":"windows_eventchannel"},"data":{"win":{"system":{"providerName":"Microsoft-Windows-Sysmon","providerGuid":"{5770385f-c22a-43e0-bf4c-06f5698ffbd9}","eventID":"11","version":"2","level":"4","task":"11","opcode":"0","keywords":"0x8000000000000000","systemTime":"2026-07-12T11:30:22.6843708Z","eventRecordID":"54800","processID":"3320","threadID":"3972","channel":"Microsoft-Windows-Sysmon/Operational","computer":"WIN-CL1.lab.local","severityValue":"INFORMATION","message":"\"File created:\r\nRuleName: -\r\nUtcTime: 2026-07-12 11:30:22.683\r\nProcessGuid: {b7327453-7ace-6a53-1802-000000002200}\r\nProcessId: 6852\r\nImage: C:\\WINDOWS\\system32\\taskhostw.exe\r\nTargetFilename: C:\\Windows\\Temp\\SDIAG_a17358bd-8a25-4dd2-8f53-92f55a6ed451\\RS_MachineWERQueue.ps1\r\nCreationUtcTime: 2026-07-12 11:30:22.683\r\nUser: WIN-CL1\\coe55\""},"eventdata":{"utcTime":"2026-07-12 11:30:22.683","processGuid":"{b7327453-7ace-6a53-1802-000000002200}","processId":"6852","image":"C:\\\\WINDOWS\\\\system32\\\\taskhostw.exe","targetFilename":"C:\\\\Windows\\\\Temp\\\\SDIAG_a17358bd-8a25-4dd2-8f53-92f55a6ed451\\\\RS_MachineWERQueue.ps1","creationUtcTime":"2026-07-12 11:30:22.683","user":"WIN-CL1\\\\coe55"}}},"location":"EventChannel"}
{"timestamp":"2026-07-12T11:30:22.962+0000","rule":{"level":6,"description":"Scripting file created under Windows Temp or User folder","id":"92200","mitre":{"id":["T1059","T1105"],"tactic":["Execution","Command and Control"],"technique":["Command and Scripting Interpreter","Ingress Tool Transfer"]},"firedtimes":4,"mail":false,"groups":["sysmon","sysmon_eid11_detections","windows"]},"agent":{"id":"002","name":"WIN-CL1","ip":"192.168.20.104"},"manager":{"name":"wazuh.manager"},"id":"1783855822.3456248","decoder":{"name":"windows_eventchannel"},"data":{"win":{"system":{"providerName":"Microsoft-Windows-Sysmon","providerGuid":"{5770385f-c22a-43e0-bf4c-06f5698ffbd9}","eventID":"11","version":"2","level":"4","task":"11","opcode":"0","keywords":"0x8000000000000000","systemTime":"2026-07-12T11:30:22.6867086Z","eventRecordID":"54801","processID":"3320","threadID":"3972","channel":"Microsoft-Windows-Sysmon/Operational","computer":"WIN-CL1.lab.local","severityValue":"INFORMATION","message":"\"File created:\r\nRuleName: -\r\nUtcTime: 2026-07-12 11:30:22.683\r\nProcessGuid: {b7327453-7ace-6a53-1802-000000002200}\r\nProcessId: 6852\r\nImage: C:\\WINDOWS\\system32\\taskhostw.exe\r\nTargetFilename: C:\\Windows\\Temp\\SDIAG_a17358bd-8a25-4dd2-8f53-92f55a6ed451\\RS_SyncSystemTime.ps1\r\nCreationUtcTime: 2026-07-12 11:30:22.683\r\nUser: WIN-CL1\\coe55\""},"eventdata":{"utcTime":"2026-07-12 11:30:22.683","processGuid":"{b7327453-7ace-6a53-1802-000000002200}","processId":"6852","image":"C:\\\\WINDOWS\\\\system32\\\\taskhostw.exe","targetFilename":"C:\\\\Windows\\\\Temp\\\\SDIAG_a17358bd-8a25-4dd2-8f53-92f55a6ed451\\\\RS_SyncSystemTime.ps1","creationUtcTime":"2026-07-12 11:30:22.683","user":"WIN-CL1\\\\coe55"}}},"location":"EventChannel"}
{"timestamp":"2026-07-12T11:30:22.982+0000","rule":{"level":6,"description":"Scripting file created under Windows Temp or User folder","id":"92200","mitre":{"id":["T1059","T1105"],"tactic":["Execution","Command and Control"],"technique":["Command and Scripting Interpreter","Ingress Tool Transfer"]},"firedtimes":5,"mail":false,"groups":["sysmon","sysmon_eid11_detections","windows"]},"agent":{"id":"002","name":"WIN-CL1","ip":"192.168.20.104"},"manager":{"name":"wazuh.manager"},"id":"1783855822.3458911","decoder":{"name":"windows_eventchannel"},"data":{"win":{"system":{"providerName":"Microsoft-Windows-Sysmon","providerGuid":"{5770385f-c22a-43e0-bf4c-06f5698ffbd9}","eventID":"11","version":"2","level":"4","task":"11","opcode":"0","keywords":"0x8000000000000000","systemTime":"2026-07-12T11:30:22.6910907Z","eventRecordID":"54802","processID":"3320","threadID":"3972","channel":"Microsoft-Windows-Sysmon/Operational","computer":"WIN-CL1.lab.local","severityValue":"INFORMATION","message":"\"File created:\r\nRuleName: -\r\nUtcTime: 2026-07-12 11:30:22.688\r\nProcessGuid: {b7327453-7ace-6a53-1802-000000002200}\r\nProcessId: 6852\r\nImage: C:\\WINDOWS\\system32\\taskhostw.exe\r\nTargetFilename: C:\\Windows\\Temp\\SDIAG_a17358bd-8a25-4dd2-8f53-92f55a6ed451\\RS_UserDiagnosticHistory.ps1\r\nCreationUtcTime: 2026-07-12 11:30:22.688\r\nUser: WIN-CL1\\coe55\""},"eventdata":{"utcTime":"2026-07-12 11:30:22.688","processGuid":"{b7327453-7ace-6a53-1802-000000002200}","processId":"6852","image":"C:\\\\WINDOWS\\\\system32\\\\taskhostw.exe","targetFilename":"C:\\\\Windows\\\\Temp\\\\SDIAG_a17358bd-8a25-4dd2-8f53-92f55a6ed451\\\\RS_UserDiagnosticHistory.ps1","creationUtcTime":"2026-07-12 11:30:22.688","user":"WIN-CL1\\\\coe55"}}},"location":"EventChannel"}
{"timestamp":"2026-07-12T11:30:23.005+0000","rule":{"level":6,"description":"Scripting file created under Windows Temp or User folder","id":"92200","mitre":{"id":["T1059","T1105"],"tactic":["Execution","Command and Control"],"technique":["Command and Scripting Interpreter","Ingress Tool Transfer"]},"firedtimes":6,"mail":false,"groups":["sysmon","sysmon_eid11_detections","windows"]},"agent":{"id":"002","name":"WIN-CL1","ip":"192.168.20.104"},"manager":{"name":"wazuh.manager"},"id":"1783855823.3461602","decoder":{"name":"windows_eventchannel"},"data":{"win":{"system":{"providerName":"Microsoft-Windows-Sysmon","providerGuid":"{5770385f-c22a-43e0-bf4c-06f5698ffbd9}","eventID":"11","version":"2","level":"4","task":"11","opcode":"0","keywords":"0x8000000000000000","systemTime":"2026-07-12T11:30:22.6940907Z","eventRecordID":"54803","processID":"3320","threadID":"3972","channel":"Microsoft-Windows-Sysmon/Operational","computer":"WIN-CL1.lab.local","severityValue":"INFORMATION","message":"\"File created:\r\nRuleName: -\r\nUtcTime: 2026-07-12 11:30:22.691\r\nProcessGuid: {b7327453-7ace-6a53-1802-000000002200}\r\nProcessId: 6852\r\nImage: C:\\WINDOWS\\system32\\taskhostw.exe\r\nTargetFilename: C:\\Windows\\Temp\\SDIAG_a17358bd-8a25-4dd2-8f53-92f55a6ed451\\RS_UserWERQueue.ps1\r\nCreationUtcTime: 2026-07-12 11:30:22.691\r\nUser: WIN-CL1\\coe55\""},"eventdata":{"utcTime":"2026-07-12 11:30:22.691","processGuid":"{b7327453-7ace-6a53-1802-000000002200}","processId":"6852","image":"C:\\\\WINDOWS\\\\system32\\\\taskhostw.exe","targetFilename":"C:\\\\Windows\\\\Temp\\\\SDIAG_a17358bd-8a25-4dd2-8f53-92f55a6ed451\\\\RS_UserWERQueue.ps1","creationUtcTime":"2026-07-12 11:30:22.691","user":"WIN-CL1\\\\coe55"}}},"location":"EventChannel"}
{"timestamp":"2026-07-12T11:30:23.005+0000","rule":{"level":6,"description":"Scripting file created under Windows Temp or User folder","id":"92200","mitre":{"id":["T1059","T1105"],"tactic":["Execution","Command and Control"],"technique":["Command and Scripting Interpreter","Ingress Tool Transfer"]},"firedtimes":7,"mail":false,"groups":["sysmon","sysmon_eid11_detections","windows"]},"agent":{"id":"002","name":"WIN-CL1","ip":"192.168.20.104"},"manager":{"name":"wazuh.manager"},"id":"1783855823.3464257","decoder":{"name":"windows_eventchannel"},"data":{"win":{"system":{"providerName":"Microsoft-Windows-Sysmon","providerGuid":"{5770385f-c22a-43e0-bf4c-06f5698ffbd9}","eventID":"11","version":"2","level":"4","task":"11","opcode":"0","keywords":"0x8000000000000000","systemTime":"2026-07-12T11:30:22.6966239Z","eventRecordID":"54804","processID":"3320","threadID":"3972","channel":"Microsoft-Windows-Sysmon/Operational","computer":"WIN-CL1.lab.local","severityValue":"INFORMATION","message":"\"File created:\r\nRuleName: -\r\nUtcTime: 2026-07-12 11:30:22.693\r\nProcessGuid: {b7327453-7ace-6a53-1802-000000002200}\r\nProcessId: 6852\r\nImage: C:\\WINDOWS\\system32\\taskhostw.exe\r\nTargetFilename: C:\\Windows\\Temp\\SDIAG_a17358bd-8a25-4dd2-8f53-92f55a6ed451\\TS_DiagnosticHistory.ps1\r\nCreationUtcTime: 2026-07-12 11:30:22.693\r\nUser: WIN-CL1\\coe55\""},"eventdata":{"utcTime":"2026-07-12 11:30:22.693","processGuid":"{b7327453-7ace-6a53-1802-000000002200}","processId":"6852","image":"C:\\\\WINDOWS\\\\system32\\\\taskhostw.exe","targetFilename":"C:\\\\Windows\\\\Temp\\\\SDIAG_a17358bd-8a25-4dd2-8f53-92f55a6ed451\\\\TS_DiagnosticHistory.ps1","creationUtcTime":"2026-07-12 11:30:22.693","user":"WIN-CL1\\\\coe55"}}},"location":"EventChannel"}
{"timestamp":"2026-07-12T11:30:23.018+0000","rule":{"level":6,"description":"Scripting file created under Windows Temp or User folder","id":"92200","mitre":{"id":["T1059","T1105"],"tactic":["Execution","Command and Control"],"technique":["Command and Scripting Interpreter","Ingress Tool Transfer"]},"firedtimes":8,"mail":false,"groups":["sysmon","sysmon_eid11_detections","windows"]},"agent":{"id":"002","name":"WIN-CL1","ip":"192.168.20.104"},"manager":{"name":"wazuh.manager"},"id":"1783855823.3466932","decoder":{"name":"windows_eventchannel"},"data":{"win":{"system":{"providerName":"Microsoft-Windows-Sysmon","providerGuid":"{5770385f-c22a-43e0-bf4c-06f5698ffbd9}","eventID":"11","version":"2","level":"4","task":"11","opcode":"0","keywords":"0x8000000000000000","systemTime":"2026-07-12T11:30:22.7024382Z","eventRecordID":"54805","processID":"3320","threadID":"3972","channel":"Microsoft-Windows-Sysmon/Operational","computer":"WIN-CL1.lab.local","severityValue":"INFORMATION","message":"\"File created:\r\nRuleName: -\r\nUtcTime: 2026-07-12 11:30:22.697\r\nProcessGuid: {b7327453-7ace-6a53-1802-000000002200}\r\nProcessId: 6852\r\nImage: C:\\WINDOWS\\system32\\taskhostw.exe\r\nTargetFilename: C:\\Windows\\Temp\\SDIAG_a17358bd-8a25-4dd2-8f53-92f55a6ed451\\TS_InaccurateSystemTime.ps1\r\nCreationUtcTime: 2026-07-12 11:30:22.697\r\nUser: WIN-CL1\\coe55\""},"eventdata":{"utcTime":"2026-07-12 11:30:22.697","processGuid":"{b7327453-7ace-6a53-1802-000000002200}","processId":"6852","image":"C:\\\\WINDOWS\\\\system32\\\\taskhostw.exe","targetFilename":"C:\\\\Windows\\\\Temp\\\\SDIAG_a17358bd-8a25-4dd2-8f53-92f55a6ed451\\\\TS_InaccurateSystemTime.ps1","creationUtcTime":"2026-07-12 11:30:22.697","user":"WIN-CL1\\\\coe55"}}},"location":"EventChannel"}
{"timestamp":"2026-07-12T11:30:23.031+0000","rule":{"level":6,"description":"Scripting file created under Windows Temp or User folder","id":"92200","mitre":{"id":["T1059","T1105"],"tactic":["Execution","Command and Control"],"technique":["Command and Scripting Interpreter","Ingress Tool Transfer"]},"firedtimes":9,"mail":false,"groups":["sysmon","sysmon_eid11_detections","windows"]},"agent":{"id":"002","name":"WIN-CL1","ip":"192.168.20.104"},"manager":{"name":"wazuh.manager"},"id":"1783855823.3469619","decoder":{"name":"windows_eventchannel"},"data":{"win":{"system":{"providerName":"Microsoft-Windows-Sysmon","providerGuid":"{5770385f-c22a-43e0-bf4c-06f5698ffbd9}","eventID":"11","version":"2","level":"4","task":"11","opcode":"0","keywords":"0x8000000000000000","systemTime":"2026-07-12T11:30:22.7064856Z","eventRecordID":"54806","processID":"3320","threadID":"3972","channel":"Microsoft-Windows-Sysmon/Operational","computer":"WIN-CL1.lab.local","severityValue":"INFORMATION","message":"\"File created:\r\nRuleName: -\r\nUtcTime: 2026-07-12 11:30:22.703\r\nProcessGuid: {b7327453-7ace-6a53-1802-000000002200}\r\nProcessId: 6852\r\nImage: C:\\WINDOWS\\system32\\taskhostw.exe\r\nTargetFilename: C:\\Windows\\Temp\\SDIAG_a17358bd-8a25-4dd2-8f53-92f55a6ed451\\TS_WERQueue.ps1\r\nCreationUtcTime: 2026-07-12 11:30:22.701\r\nUser: WIN-CL1\\coe55\""},"eventdata":{"utcTime":"2026-07-12 11:30:22.703","processGuid":"{b7327453-7ace-6a53-1802-000000002200}","processId":"6852","image":"C:\\\\WINDOWS\\\\system32\\\\taskhostw.exe","targetFilename":"C:\\\\Windows\\\\Temp\\\\SDIAG_a17358bd-8a25-4dd2-8f53-92f55a6ed451\\\\TS_WERQueue.ps1","creationUtcTime":"2026-07-12 11:30:22.701","user":"WIN-CL1\\\\coe55"}}},"location":"EventChannel"}
{"timestamp":"2026-07-12T11:30:23.097+0000","rule":{"level":15,"description":"Executable file dropped in folder commonly used by malware","id":"92213","mitre":{"id":["T1105"],"tactic":["Command and Control"],"technique":["Ingress Tool Transfer"]},"firedtimes":2,"mail":true,"groups":["sysmon","sysmon_eid11_detections","windows"]},"agent":{"id":"002","name":"WIN-CL1","ip":"192.168.20.104"},"manager":{"name":"wazuh.manager"},"id":"1783855823.3472258","decoder":{"name":"windows_eventchannel"},"data":{"win":{"system":{"providerName":"Microsoft-Windows-Sysmon","providerGuid":"{5770385f-c22a-43e0-bf4c-06f5698ffbd9}","eventID":"11","version":"2","level":"4","task":"11","opcode":"0","keywords":"0x8000000000000000","systemTime":"2026-07-12T11:30:23.3383655Z","eventRecordID":"54811","processID":"3320","threadID":"3972","channel":"Microsoft-Windows-Sysmon/Operational","computer":"WIN-CL1.lab.local","severityValue":"INFORMATION","message":"\"File created:\r\nRuleName: -\r\nUtcTime: 2026-07-12 11:30:23.321\r\nProcessGuid: {b7327453-7ace-6a53-1c02-000000002200}\r\nProcessId: 3016\r\nImage: C:\\WINDOWS\\System32\\sdiagnhost.exe\r\nTargetFilename: C:\\Users\\coe55\\AppData\\Local\\Temp\\__PSScriptPolicyTest_w3vxddt5.maq.ps1\r\nCreationUtcTime: 2026-07-12 11:30:23.321\r\nUser: WIN-CL1\\coe55\""},"eventdata":{"utcTime":"2026-07-12 11:30:23.321","processGuid":"{b7327453-7ace-6a53-1c02-000000002200}","processId":"3016","image":"C:\\\\WINDOWS\\\\System32\\\\sdiagnhost.exe","targetFilename":"C:\\\\Users\\\\coe55\\\\AppData\\\\Local\\\\Temp\\\\__PSScriptPolicyTest_w3vxddt5.maq.ps1","creationUtcTime":"2026-07-12 11:30:23.321","user":"WIN-CL1\\\\coe55"}}},"location":"EventChannel"}
{"timestamp":"2026-07-12T11:30:23.100+0000","rule":{"level":3,"description":"Windows logon success.","id":"60106","mitre":{"id":["T1078"],"tactic":["Defense Evasion","Persistence","Privilege Escalation","Initial Access"],"technique":["Valid Accounts"]},"firedtimes":178,"mail":false,"groups":["windows","windows_security","authentication_success"],"gdpr":["IV_32.2"],"gpg13":["7.1","7.2"],"hipaa":["164.312.b"],"nist_800_53":["AC.7","AU.14"],"pci_dss":["10.2.5"],"tsc":["CC6.8","CC7.2","CC7.3"]},"agent":{"id":"002","name":"WIN-CL1","ip":"192.168.20.104"},"manager":{"name":"wazuh.manager"},"id":"1783855823.3474908","decoder":{"name":"windows_eventchannel"},"data":{"win":{"system":{"providerName":"Microsoft-Windows-Security-Auditing","providerGuid":"{54849625-5478-4994-a5ba-3e3b0328c30d}","eventID":"4624","version":"3","level":"0","task":"12544","opcode":"0","keywords":"0x8020000000000000","systemTime":"2026-07-12T11:30:22.7120830Z","eventRecordID":"31503","processID":"820","threadID":"9492","channel":"Security","computer":"WIN-CL1.lab.local","severityValue":"AUDIT_SUCCESS","message":"\"An account was successfully logged on.\r\n\r\nSubject:\r\n\tSecurity ID:\t\tS-1-5-18\r\n\tAccount Name:\t\tWIN-CL1$\r\n\tAccount Domain:\t\tLAB\r\n\tLogon ID:\t\t0x3E7\r\n\r\nLogon Information:\r\n\tLogon Type:\t\t5\r\n\tRestricted Admin Mode:\t-\r\n\tRemote Credential Guard:\t-\r\n\tVirtual Account:\t\tNo\r\n\tElevated Token:\t\tYes\r\n\r\nImpersonation Level:\t\tImpersonation\r\n\r\nNew Logon:\r\n\tSecurity ID:\t\tS-1-5-18\r\n\tAccount Name:\t\tSYSTEM\r\n\tAccount Domain:\t\tNT AUTHORITY\r\n\tLogon ID:\t\t0x3E7\r\n\tLinked Logon ID:\t\t0x0\r\n\tNetwork Account Name:\t-\r\n\tNetwork Account Domain:\t-\r\n\tLogon GUID:\t\t{00000000-0000-0000-0000-000000000000}\r\n\r\nProcess Information:\r\n\tProcess ID:\t\t0x324\r\n\tProcess Name:\t\tC:\\Windows\\System32\\services.exe\r\n\r\nNetwork Information:\r\n\tWorkstation Name:\t-\r\n\tSource Network Address:\t-\r\n\tSource Port:\t\t-\r\n\r\nDetailed Authentication Information:\r\n\tLogon Process:\t\tAdvapi  \r\n\tAuthentication Package:\tNegotiate\r\n\tTransited Services:\t-\r\n\tPackage Name (NTLM only):\t-\r\n\tKey Length:\t\t0\r\n\r\nThis event is generated when a logon session is created. It is generated on the computer that was accessed.\r\n\r\nThe subject fields indicate the account on the local system which requested the logon. This is most commonly a service such as the Server service, or a local process such as Winlogon.exe or Services.exe.\r\n\r\nThe logon type field indicates the kind of logon that occurred. The most common types are 2 (interactive) and 3 (network).\r\n\r\nThe New Logon fields indicate the account for whom the new logon was created, i.e. the account that was logged on.\r\n\r\nThe network fields indicate where a remote logon request originated. Workstation name is not always available and may be left blank in some cases.\r\n\r\nThe impersonation level field indicates the extent to which a process in the logon session can impersonate.\r\n\r\nThe authentication information fields provide detailed information about this specific logon request.\r\n\t- Logon GUID is a unique identifier that can be used to correlate this event with a KDC event.\r\n\t- Transited services indicate which intermediate services have participated in this logon request.\r\n\t- Package name indicates which sub-protocol was used among the NTLM protocols.\r\n\t- Key length indicates the length of the generated session key. This will be 0 if no session key was requested.\""},"eventdata":{"subjectUserSid":"S-1-5-18","subjectUserName":"WIN-CL1$","subjectDomainName":"LAB","subjectLogonId":"0x3e7","targetUserSid":"S-1-5-18","targetUserName":"SYSTEM","targetDomainName":"NT AUTHORITY","targetLogonId":"0x3e7","logonType":"5","logonProcessName":"Advapi","authenticationPackageName":"Negotiate","logonGuid":"{00000000-0000-0000-0000-000000000000}","keyLength":"0","processId":"0x324","processName":"C:\\\\Windows\\\\System32\\\\services.exe","impersonationLevel":"%%1833","virtualAccount":"%%1843","targetLinkedLogonId":"0x0","elevatedToken":"%%1842"}}},"location":"EventChannel"}
{"timestamp":"2026-07-12T11:30:23.115+0000","rule":{"level":3,"description":"Windows logon success.","id":"60106","mitre":{"id":["T1078"],"tactic":["Defense Evasion","Persistence","Privilege Escalation","Initial Access"],"technique":["Valid Accounts"]},"firedtimes":179,"mail":false,"groups":["windows","windows_security","authentication_success"],"gdpr":["IV_32.2"],"gpg13":["7.1","7.2"],"hipaa":["164.312.b"],"nist_800_53":["AC.7","AU.14"],"pci_dss":["10.2.5"],"tsc":["CC6.8","CC7.2","CC7.3"]},"agent":{"id":"002","name":"WIN-CL1","ip":"192.168.20.104"},"manager":{"name":"wazuh.manager"},"id":"1783855823.3482234","decoder":{"name":"windows_eventchannel"},"data":{"win":{"system":{"providerName":"Microsoft-Windows-Security-Auditing","providerGuid":"{54849625-5478-4994-a5ba-3e3b0328c30d}","eventID":"4624","version":"3","level":"0","task":"12544","opcode":"0","keywords":"0x8020000000000000","systemTime":"2026-07-12T11:30:23.1257220Z","eventRecordID":"31504","processID":"820","threadID":"9492","channel":"Security","computer":"WIN-CL1.lab.local","severityValue":"AUDIT_SUCCESS","message":"\"An account was successfully logged on.\r\n\r\nSubject:\r\n\tSecurity ID:\t\tS-1-5-18\r\n\tAccount Name:\t\tWIN-CL1$\r\n\tAccount Domain:\t\tLAB\r\n\tLogon ID:\t\t0x3E7\r\n\r\nLogon Information:\r\n\tLogon Type:\t\t5\r\n\tRestricted Admin Mode:\t-\r\n\tRemote Credential Guard:\t-\r\n\tVirtual Account:\t\tNo\r\n\tElevated Token:\t\tYes\r\n\r\nImpersonation Level:\t\tImpersonation\r\n\r\nNew Logon:\r\n\tSecurity ID:\t\tS-1-5-18\r\n\tAccount Name:\t\tSYSTEM\r\n\tAccount Domain:\t\tNT AUTHORITY\r\n\tLogon ID:\t\t0x3E7\r\n\tLinked Logon ID:\t\t0x0\r\n\tNetwork Account Name:\t-\r\n\tNetwork Account Domain:\t-\r\n\tLogon GUID:\t\t{00000000-0000-0000-0000-000000000000}\r\n\r\nProcess Information:\r\n\tProcess ID:\t\t0x324\r\n\tProcess Name:\t\tC:\\Windows\\System32\\services.exe\r\n\r\nNetwork Information:\r\n\tWorkstation Name:\t-\r\n\tSource Network Address:\t-\r\n\tSource Port:\t\t-\r\n\r\nDetailed Authentication Information:\r\n\tLogon Process:\t\tAdvapi  \r\n\tAuthentication Package:\tNegotiate\r\n\tTransited Services:\t-\r\n\tPackage Name (NTLM only):\t-\r\n\tKey Length:\t\t0\r\n\r\nThis event is generated when a logon session is created. It is generated on the computer that was accessed.\r\n\r\nThe subject fields indicate the account on the local system which requested the logon. This is most commonly a service such as the Server service, or a local process such as Winlogon.exe or Services.exe.\r\n\r\nThe logon type field indicates the kind of logon that occurred. The most common types are 2 (interactive) and 3 (network).\r\n\r\nThe New Logon fields indicate the account for whom the new logon was created, i.e. the account that was logged on.\r\n\r\nThe network fields indicate where a remote logon request originated. Workstation name is not always available and may be left blank in some cases.\r\n\r\nThe impersonation level field indicates the extent to which a process in the logon session can impersonate.\r\n\r\nThe authentication information fields provide detailed information about this specific logon request.\r\n\t- Logon GUID is a unique identifier that can be used to correlate this event with a KDC event.\r\n\t- Transited services indicate which intermediate services have participated in this logon request.\r\n\t- Package name indicates which sub-protocol was used among the NTLM protocols.\r\n\t- Key length indicates the length of the generated session key. This will be 0 if no session key was requested.\""},"eventdata":{"subjectUserSid":"S-1-5-18","subjectUserName":"WIN-CL1$","subjectDomainName":"LAB","subjectLogonId":"0x3e7","targetUserSid":"S-1-5-18","targetUserName":"SYSTEM","targetDomainName":"NT AUTHORITY","targetLogonId":"0x3e7","logonType":"5","logonProcessName":"Advapi","authenticationPackageName":"Negotiate","logonGuid":"{00000000-0000-0000-0000-000000000000}","keyLength":"0","processId":"0x324","processName":"C:\\\\Windows\\\\System32\\\\services.exe","impersonationLevel":"%%1833","virtualAccount":"%%1843","targetLinkedLogonId":"0x0","elevatedToken":"%%1842"}}},"location":"EventChannel"}
