{"timestamp":"2026-07-12T12:06:36.194+0000","rule":{"level":4,"description":"Powershell process spawned Windows command shell instance","id":"92004","mitre":{"id":["T1059.003"],"tactic":["Execution"],"technique":["Windows Command Shell"]},"firedtimes":8,"mail":false,"groups":["sysmon","sysmon_eid1_detections","windows"]},"agent":{"id":"002","name":"WIN-CL1","ip":"192.168.20.104"},"manager":{"name":"wazuh.manager"},"id":"1783857996.6425643","decoder":{"name":"windows_eventchannel"},"data":{"win":{"system":{"providerName":"Microsoft-Windows-Sysmon","providerGuid":"{5770385f-c22a-43e0-bf4c-06f5698ffbd9}","eventID":"1","version":"5","level":"4","task":"1","opcode":"0","keywords":"0x8000000000000000","systemTime":"2026-07-12T12:06:36.4286779Z","eventRecordID":"56031","processID":"3320","threadID":"3972","channel":"Microsoft-Windows-Sysmon/Operational","computer":"WIN-CL1.lab.local","severityValue":"INFORMATION","message":"\"Process Create:\r\nRuleName: -\r\nUtcTime: 2026-07-12 12:06:36.426\r\nProcessGuid: {b7327453-834c-6a53-3b03-000000002200}\r\nProcessId: 6212\r\nImage: C:\\Windows\\System32\\cmd.exe\r\nFileVersion: 10.0.26100.7019 (WinBuild.160101.0800)\r\nDescription: Windows Command Processor\r\nProduct: Microsoft® Windows® Operating System\r\nCompany: Microsoft Corporation\r\nOriginalFileName: Cmd.Exe\r\nCommandLine: \"C:\\WINDOWS\\system32\\cmd.exe\" /c echo hi & exit \r\nCurrentDirectory: C:\\atomic\\\r\nUser: WIN-CL1\\coe55\r\nLogonGuid: {b7327453-7891-6a53-b6d8-640000000000}\r\nLogonId: 0x64D8B6\r\nTerminalSessionId: 1\r\nIntegrityLevel: High\r\nHashes: MD5=C8B5D63042BC4BBB7F5C0F9E15B61F16,SHA256=9695CF4566DDF878A69C3D419E0DA4EEA87B0F24261AD8E79A3A9C4A9885429C,IMPHASH=B0F049C014592B156EB1FA857E99CEB9\r\nParentProcessGuid: {b7327453-798c-6a53-e201-000000002200}\r\nParentProcessId: 8492\r\nParentImage: C:\\Windows\\System32\\WindowsPowerShell\\v1.0\\powershell.exe\r\nParentCommandLine: \"C:\\Windows\\System32\\WindowsPowerShell\\v1.0\\powershell.exe\" \r\nParentUser: WIN-CL1\\coe55\""},"eventdata":{"utcTime":"2026-07-12 12:06:36.426","processGuid":"{b7327453-834c-6a53-3b03-000000002200}","processId":"6212","image":"C:\\\\Windows\\\\System32\\\\cmd.exe","fileVersion":"10.0.26100.7019 (WinBuild.160101.0800)","description":"Windows Command Processor","product":"Microsoft® Windows® Operating System","company":"Microsoft Corporation","originalFileName":"Cmd.Exe","commandLine":"\\\"C:\\\\WINDOWS\\\\system32\\\\cmd.exe\\\" /c echo hi &amp; exit","currentDirectory":"C:\\\\atomic\\\\","user":"WIN-CL1\\\\coe55","logonGuid":"{b7327453-7891-6a53-b6d8-640000000000}","logonId":"0x64d8b6","terminalSessionId":"1","integrityLevel":"High","hashes":"MD5=C8B5D63042BC4BBB7F5C0F9E15B61F16,SHA256=9695CF4566DDF878A69C3D419E0DA4EEA87B0F24261AD8E79A3A9C4A9885429C,IMPHASH=B0F049C014592B156EB1FA857E99CEB9","parentProcessGuid":"{b7327453-798c-6a53-e201-000000002200}","parentProcessId":"8492","parentImage":"C:\\\\Windows\\\\System32\\\\WindowsPowerShell\\\\v1.0\\\\powershell.exe","parentCommandLine":"\\\"C:\\\\Windows\\\\System32\\\\WindowsPowerShell\\\\v1.0\\\\powershell.exe\\\"","parentUser":"WIN-CL1\\\\coe55"}}},"location":"EventChannel"}
{"timestamp":"2026-07-12T12:07:16.307+0000","rule":{"level":4,"description":"Powershell process spawned Windows command shell instance","id":"92004","mitre":{"id":["T1059.003"],"tactic":["Execution"],"technique":["Windows Command Shell"]},"firedtimes":9,"mail":false,"groups":["sysmon","sysmon_eid1_detections","windows"]},"agent":{"id":"002","name":"WIN-CL1","ip":"192.168.20.104"},"manager":{"name":"wazuh.manager"},"id":"1783858036.6465678","decoder":{"name":"windows_eventchannel"},"data":{"win":{"system":{"providerName":"Microsoft-Windows-Sysmon","providerGuid":"{5770385f-c22a-43e0-bf4c-06f5698ffbd9}","eventID":"1","version":"5","level":"4","task":"1","opcode":"0","keywords":"0x8000000000000000","systemTime":"2026-07-12T12:07:16.3859422Z","eventRecordID":"56033","processID":"3320","threadID":"3972","channel":"Microsoft-Windows-Sysmon/Operational","computer":"WIN-CL1.lab.local","severityValue":"INFORMATION","message":"\"Process Create:\r\nRuleName: -\r\nUtcTime: 2026-07-12 12:07:16.383\r\nProcessGuid: {b7327453-8374-6a53-3e03-000000002200}\r\nProcessId: 9788\r\nImage: C:\\Windows\\System32\\cmd.exe\r\nFileVersion: 10.0.26100.7019 (WinBuild.160101.0800)\r\nDescription: Windows Command Processor\r\nProduct: Microsoft® Windows® Operating System\r\nCompany: Microsoft Corporation\r\nOriginalFileName: Cmd.Exe\r\nCommandLine: \"C:\\WINDOWS\\system32\\cmd.exe\" /c echo hi & exit \r\nCurrentDirectory: C:\\atomic\\\r\nUser: WIN-CL1\\coe55\r\nLogonGuid: {b7327453-7891-6a53-b6d8-640000000000}\r\nLogonId: 0x64D8B6\r\nTerminalSessionId: 1\r\nIntegrityLevel: High\r\nHashes: MD5=C8B5D63042BC4BBB7F5C0F9E15B61F16,SHA256=9695CF4566DDF878A69C3D419E0DA4EEA87B0F24261AD8E79A3A9C4A9885429C,IMPHASH=B0F049C014592B156EB1FA857E99CEB9\r\nParentProcessGuid: {b7327453-798c-6a53-e201-000000002200}\r\nParentProcessId: 8492\r\nParentImage: C:\\Windows\\System32\\WindowsPowerShell\\v1.0\\powershell.exe\r\nParentCommandLine: \"C:\\Windows\\System32\\WindowsPowerShell\\v1.0\\powershell.exe\" \r\nParentUser: WIN-CL1\\coe55\""},"eventdata":{"utcTime":"2026-07-12 12:07:16.383","processGuid":"{b7327453-8374-6a53-3e03-000000002200}","processId":"9788","image":"C:\\\\Windows\\\\System32\\\\cmd.exe","fileVersion":"10.0.26100.7019 (WinBuild.160101.0800)","description":"Windows Command Processor","product":"Microsoft® Windows® Operating System","company":"Microsoft Corporation","originalFileName":"Cmd.Exe","commandLine":"\\\"C:\\\\WINDOWS\\\\system32\\\\cmd.exe\\\" /c echo hi &amp; exit","currentDirectory":"C:\\\\atomic\\\\","user":"WIN-CL1\\\\coe55","logonGuid":"{b7327453-7891-6a53-b6d8-640000000000}","logonId":"0x64d8b6","terminalSessionId":"1","integrityLevel":"High","hashes":"MD5=C8B5D63042BC4BBB7F5C0F9E15B61F16,SHA256=9695CF4566DDF878A69C3D419E0DA4EEA87B0F24261AD8E79A3A9C4A9885429C,IMPHASH=B0F049C014592B156EB1FA857E99CEB9","parentProcessGuid":"{b7327453-798c-6a53-e201-000000002200}","parentProcessId":"8492","parentImage":"C:\\\\Windows\\\\System32\\\\WindowsPowerShell\\\\v1.0\\\\powershell.exe","parentCommandLine":"\\\"C:\\\\Windows\\\\System32\\\\WindowsPowerShell\\\\v1.0\\\\powershell.exe\\\"","parentUser":"WIN-CL1\\\\coe55"}}},"location":"EventChannel"}
{"timestamp":"2026-07-12T12:07:54.660+0000","rule":{"level":4,"description":"Powershell process spawned Windows command shell instance","id":"92004","mitre":{"id":["T1059.003"],"tactic":["Execution"],"technique":["Windows Command Shell"]},"firedtimes":10,"mail":false,"groups":["sysmon","sysmon_eid1_detections","windows"]},"agent":{"id":"002","name":"WIN-CL1","ip":"192.168.20.104"},"manager":{"name":"wazuh.manager"},"id":"1783858074.6496998","decoder":{"name":"windows_eventchannel"},"data":{"win":{"system":{"providerName":"Microsoft-Windows-Sysmon","providerGuid":"{5770385f-c22a-43e0-bf4c-06f5698ffbd9}","eventID":"1","version":"5","level":"4","task":"1","opcode":"0","keywords":"0x8000000000000000","systemTime":"2026-07-12T12:07:54.8131018Z","eventRecordID":"56036","processID":"3320","threadID":"3972","channel":"Microsoft-Windows-Sysmon/Operational","computer":"WIN-CL1.lab.local","severityValue":"INFORMATION","message":"\"Process Create:\r\nRuleName: -\r\nUtcTime: 2026-07-12 12:07:54.811\r\nProcessGuid: {b7327453-839a-6a53-4103-000000002200}\r\nProcessId: 9956\r\nImage: C:\\Windows\\System32\\cmd.exe\r\nFileVersion: 10.0.26100.7019 (WinBuild.160101.0800)\r\nDescription: Windows Command Processor\r\nProduct: Microsoft® Windows® Operating System\r\nCompany: Microsoft Corporation\r\nOriginalFileName: Cmd.Exe\r\nCommandLine: \"C:\\WINDOWS\\system32\\cmd.exe\" /c echo hi & exit \r\nCurrentDirectory: C:\\atomic\\\r\nUser: WIN-CL1\\coe55\r\nLogonGuid: {b7327453-7891-6a53-b6d8-640000000000}\r\nLogonId: 0x64D8B6\r\nTerminalSessionId: 1\r\nIntegrityLevel: High\r\nHashes: MD5=C8B5D63042BC4BBB7F5C0F9E15B61F16,SHA256=9695CF4566DDF878A69C3D419E0DA4EEA87B0F24261AD8E79A3A9C4A9885429C,IMPHASH=B0F049C014592B156EB1FA857E99CEB9\r\nParentProcessGuid: {b7327453-798c-6a53-e201-000000002200}\r\nParentProcessId: 8492\r\nParentImage: C:\\Windows\\System32\\WindowsPowerShell\\v1.0\\powershell.exe\r\nParentCommandLine: \"C:\\Windows\\System32\\WindowsPowerShell\\v1.0\\powershell.exe\" \r\nParentUser: WIN-CL1\\coe55\""},"eventdata":{"utcTime":"2026-07-12 12:07:54.811","processGuid":"{b7327453-839a-6a53-4103-000000002200}","processId":"9956","image":"C:\\\\Windows\\\\System32\\\\cmd.exe","fileVersion":"10.0.26100.7019 (WinBuild.160101.0800)","description":"Windows Command Processor","product":"Microsoft® Windows® Operating System","company":"Microsoft Corporation","originalFileName":"Cmd.Exe","commandLine":"\\\"C:\\\\WINDOWS\\\\system32\\\\cmd.exe\\\" /c echo hi &amp; exit","currentDirectory":"C:\\\\atomic\\\\","user":"WIN-CL1\\\\coe55","logonGuid":"{b7327453-7891-6a53-b6d8-640000000000}","logonId":"0x64d8b6","terminalSessionId":"1","integrityLevel":"High","hashes":"MD5=C8B5D63042BC4BBB7F5C0F9E15B61F16,SHA256=9695CF4566DDF878A69C3D419E0DA4EEA87B0F24261AD8E79A3A9C4A9885429C,IMPHASH=B0F049C014592B156EB1FA857E99CEB9","parentProcessGuid":"{b7327453-798c-6a53-e201-000000002200}","parentProcessId":"8492","parentImage":"C:\\\\Windows\\\\System32\\\\WindowsPowerShell\\\\v1.0\\\\powershell.exe","parentCommandLine":"\\\"C:\\\\Windows\\\\System32\\\\WindowsPowerShell\\\\v1.0\\\\powershell.exe\\\"","parentUser":"WIN-CL1\\\\coe55"}}},"location":"EventChannel"}
{"timestamp":"2026-07-12T12:08:30.912+0000","rule":{"level":5,"description":"Name resolution for the name ecs.office.com timed out","id":"61109","firedtimes":1,"mail":false,"groups":["windows","windows_system"]},"agent":{"id":"002","name":"WIN-CL1","ip":"192.168.20.104"},"manager":{"name":"wazuh.manager"},"id":"1783858110.6570062","decoder":{"name":"windows_eventchannel"},"data":{"win":{"system":{"providerName":"Microsoft-Windows-DNS-Client","providerGuid":"{1c95126e-7eea-49a9-a3fe-a378b03ddb4d}","eventID":"1014","version":"1","level":"3","task":"1014","opcode":"0","keywords":"0x4000000010000000","systemTime":"2026-07-12T12:08:31.1075578Z","eventRecordID":"5649","processID":"1376","threadID":"3896","channel":"System","computer":"WIN-CL1.lab.local","severityValue":"WARNING","message":"\"Name resolution for the name ecs.office.com timed out after none of the configured DNS servers responded. Client PID 3156.\""},"eventdata":{"queryName":"ecs.office.com","addressLength":"128","address":"02000000C0A8140B000000000000000000000000000000000000000000000000000000000000000000000000000000000000000000000000000000000000000000000000000000000000000000000000000000000000000000000000000000000000000000000000000000000000000000000000000000000000000000000000","clientPID":"3156"}}},"location":"EventChannel"}
{"timestamp":"2026-07-12T12:08:32.402+0000","rule":{"level":4,"description":"Powershell process spawned Windows command shell instance","id":"92004","mitre":{"id":["T1059.003"],"tactic":["Execution"],"technique":["Windows Command Shell"]},"firedtimes":11,"mail":false,"groups":["sysmon","sysmon_eid1_detections","windows"]},"agent":{"id":"002","name":"WIN-CL1","ip":"192.168.20.104"},"manager":{"name":"wazuh.manager"},"id":"1783858112.6578589","decoder":{"name":"windows_eventchannel"},"data":{"win":{"system":{"providerName":"Microsoft-Windows-Sysmon","providerGuid":"{5770385f-c22a-43e0-bf4c-06f5698ffbd9}","eventID":"1","version":"5","level":"4","task":"1","opcode":"0","keywords":"0x8000000000000000","systemTime":"2026-07-12T12:08:32.6227132Z","eventRecordID":"56038","processID":"3320","threadID":"3972","channel":"Microsoft-Windows-Sysmon/Operational","computer":"WIN-CL1.lab.local","severityValue":"INFORMATION","message":"\"Process Create:\r\nRuleName: -\r\nUtcTime: 2026-07-12 12:08:32.620\r\nProcessGuid: {b7327453-83c0-6a53-4403-000000002200}\r\nProcessId: 7368\r\nImage: C:\\Windows\\System32\\cmd.exe\r\nFileVersion: 10.0.26100.7019 (WinBuild.160101.0800)\r\nDescription: Windows Command Processor\r\nProduct: Microsoft® Windows® Operating System\r\nCompany: Microsoft Corporation\r\nOriginalFileName: Cmd.Exe\r\nCommandLine: \"C:\\WINDOWS\\system32\\cmd.exe\" /c echo hi & exit \r\nCurrentDirectory: C:\\atomic\\\r\nUser: WIN-CL1\\coe55\r\nLogonGuid: {b7327453-7891-6a53-b6d8-640000000000}\r\nLogonId: 0x64D8B6\r\nTerminalSessionId: 1\r\nIntegrityLevel: High\r\nHashes: MD5=C8B5D63042BC4BBB7F5C0F9E15B61F16,SHA256=9695CF4566DDF878A69C3D419E0DA4EEA87B0F24261AD8E79A3A9C4A9885429C,IMPHASH=B0F049C014592B156EB1FA857E99CEB9\r\nParentProcessGuid: {b7327453-798c-6a53-e201-000000002200}\r\nParentProcessId: 8492\r\nParentImage: C:\\Windows\\System32\\WindowsPowerShell\\v1.0\\powershell.exe\r\nParentCommandLine: \"C:\\Windows\\System32\\WindowsPowerShell\\v1.0\\powershell.exe\" \r\nParentUser: WIN-CL1\\coe55\""},"eventdata":{"utcTime":"2026-07-12 12:08:32.620","processGuid":"{b7327453-83c0-6a53-4403-000000002200}","processId":"7368","image":"C:\\\\Windows\\\\System32\\\\cmd.exe","fileVersion":"10.0.26100.7019 (WinBuild.160101.0800)","description":"Windows Command Processor","product":"Microsoft® Windows® Operating System","company":"Microsoft Corporation","originalFileName":"Cmd.Exe","commandLine":"\\\"C:\\\\WINDOWS\\\\system32\\\\cmd.exe\\\" /c echo hi &amp; exit","currentDirectory":"C:\\\\atomic\\\\","user":"WIN-CL1\\\\coe55","logonGuid":"{b7327453-7891-6a53-b6d8-640000000000}","logonId":"0x64d8b6","terminalSessionId":"1","integrityLevel":"High","hashes":"MD5=C8B5D63042BC4BBB7F5C0F9E15B61F16,SHA256=9695CF4566DDF878A69C3D419E0DA4EEA87B0F24261AD8E79A3A9C4A9885429C,IMPHASH=B0F049C014592B156EB1FA857E99CEB9","parentProcessGuid":"{b7327453-798c-6a53-e201-000000002200}","parentProcessId":"8492","parentImage":"C:\\\\Windows\\\\System32\\\\WindowsPowerShell\\\\v1.0\\\\powershell.exe","parentCommandLine":"\\\"C:\\\\Windows\\\\System32\\\\WindowsPowerShell\\\\v1.0\\\\powershell.exe\\\"","parentUser":"WIN-CL1\\\\coe55"}}},"location":"EventChannel"}
{"timestamp":"2026-07-12T12:09:35.231+0000","rule":{"level":4,"description":"Powershell process spawned Windows command shell instance","id":"92004","mitre":{"id":["T1059.003"],"tactic":["Execution"],"technique":["Windows Command Shell"]},"firedtimes":12,"mail":false,"groups":["sysmon","sysmon_eid1_detections","windows"]},"agent":{"id":"002","name":"WIN-CL1","ip":"192.168.20.104"},"manager":{"name":"wazuh.manager"},"id":"1783858175.6592905","decoder":{"name":"windows_eventchannel"},"data":{"win":{"system":{"providerName":"Microsoft-Windows-Sysmon","providerGuid":"{5770385f-c22a-43e0-bf4c-06f5698ffbd9}","eventID":"1","version":"5","level":"4","task":"1","opcode":"0","keywords":"0x8000000000000000","systemTime":"2026-07-12T12:09:35.2977741Z","eventRecordID":"56040","processID":"3320","threadID":"3972","channel":"Microsoft-Windows-Sysmon/Operational","computer":"WIN-CL1.lab.local","severityValue":"INFORMATION","message":"\"Process Create:\r\nRuleName: -\r\nUtcTime: 2026-07-12 12:09:35.296\r\nProcessGuid: {b7327453-83ff-6a53-4c03-000000002200}\r\nProcessId: 5060\r\nImage: C:\\Windows\\System32\\cmd.exe\r\nFileVersion: 10.0.26100.7019 (WinBuild.160101.0800)\r\nDescription: Windows Command Processor\r\nProduct: Microsoft® Windows® Operating System\r\nCompany: Microsoft Corporation\r\nOriginalFileName: Cmd.Exe\r\nCommandLine: \"C:\\WINDOWS\\system32\\cmd.exe\" /c echo hi & exit \r\nCurrentDirectory: C:\\atomic\\\r\nUser: WIN-CL1\\coe55\r\nLogonGuid: {b7327453-7891-6a53-b6d8-640000000000}\r\nLogonId: 0x64D8B6\r\nTerminalSessionId: 1\r\nIntegrityLevel: High\r\nHashes: MD5=C8B5D63042BC4BBB7F5C0F9E15B61F16,SHA256=9695CF4566DDF878A69C3D419E0DA4EEA87B0F24261AD8E79A3A9C4A9885429C,IMPHASH=B0F049C014592B156EB1FA857E99CEB9\r\nParentProcessGuid: {b7327453-798c-6a53-e201-000000002200}\r\nParentProcessId: 8492\r\nParentImage: C:\\Windows\\System32\\WindowsPowerShell\\v1.0\\powershell.exe\r\nParentCommandLine: \"C:\\Windows\\System32\\WindowsPowerShell\\v1.0\\powershell.exe\" \r\nParentUser: WIN-CL1\\coe55\""},"eventdata":{"utcTime":"2026-07-12 12:09:35.296","processGuid":"{b7327453-83ff-6a53-4c03-000000002200}","processId":"5060","image":"C:\\\\Windows\\\\System32\\\\cmd.exe","fileVersion":"10.0.26100.7019 (WinBuild.160101.0800)","description":"Windows Command Processor","product":"Microsoft® Windows® Operating System","company":"Microsoft Corporation","originalFileName":"Cmd.Exe","commandLine":"\\\"C:\\\\WINDOWS\\\\system32\\\\cmd.exe\\\" /c echo hi &amp; exit","currentDirectory":"C:\\\\atomic\\\\","user":"WIN-CL1\\\\coe55","logonGuid":"{b7327453-7891-6a53-b6d8-640000000000}","logonId":"0x64d8b6","terminalSessionId":"1","integrityLevel":"High","hashes":"MD5=C8B5D63042BC4BBB7F5C0F9E15B61F16,SHA256=9695CF4566DDF878A69C3D419E0DA4EEA87B0F24261AD8E79A3A9C4A9885429C,IMPHASH=B0F049C014592B156EB1FA857E99CEB9","parentProcessGuid":"{b7327453-798c-6a53-e201-000000002200}","parentProcessId":"8492","parentImage":"C:\\\\Windows\\\\System32\\\\WindowsPowerShell\\\\v1.0\\\\powershell.exe","parentCommandLine":"\\\"C:\\\\Windows\\\\System32\\\\WindowsPowerShell\\\\v1.0\\\\powershell.exe\\\"","parentUser":"WIN-CL1\\\\coe55"}}},"location":"EventChannel"}
{"timestamp":"2026-07-12T12:10:04.267+0000","rule":{"level":4,"description":"Powershell process spawned Windows command shell instance","id":"92004","mitre":{"id":["T1059.003"],"tactic":["Execution"],"technique":["Windows Command Shell"]},"firedtimes":13,"mail":false,"groups":["sysmon","sysmon_eid1_detections","windows"]},"agent":{"id":"002","name":"WIN-CL1","ip":"192.168.20.104"},"manager":{"name":"wazuh.manager"},"id":"1783858204.6618300","decoder":{"name":"windows_eventchannel"},"data":{"win":{"system":{"providerName":"Microsoft-Windows-Sysmon","providerGuid":"{5770385f-c22a-43e0-bf4c-06f5698ffbd9}","eventID":"1","version":"5","level":"4","task":"1","opcode":"0","keywords":"0x8000000000000000","systemTime":"2026-07-12T12:10:04.5278209Z","eventRecordID":"56043","processID":"3320","threadID":"3972","channel":"Microsoft-Windows-Sysmon/Operational","computer":"WIN-CL1.lab.local","severityValue":"INFORMATION","message":"\"Process Create:\r\nRuleName: -\r\nUtcTime: 2026-07-12 12:10:04.525\r\nProcessGuid: {b7327453-841c-6a53-4f03-000000002200}\r\nProcessId: 3920\r\nImage: C:\\Windows\\System32\\cmd.exe\r\nFileVersion: 10.0.26100.7019 (WinBuild.160101.0800)\r\nDescription: Windows Command Processor\r\nProduct: Microsoft® Windows® Operating System\r\nCompany: Microsoft Corporation\r\nOriginalFileName: Cmd.Exe\r\nCommandLine: \"C:\\WINDOWS\\system32\\cmd.exe\" /c echo hi & exit \r\nCurrentDirectory: C:\\atomic\\\r\nUser: WIN-CL1\\coe55\r\nLogonGuid: {b7327453-7891-6a53-b6d8-640000000000}\r\nLogonId: 0x64D8B6\r\nTerminalSessionId: 1\r\nIntegrityLevel: High\r\nHashes: MD5=C8B5D63042BC4BBB7F5C0F9E15B61F16,SHA256=9695CF4566DDF878A69C3D419E0DA4EEA87B0F24261AD8E79A3A9C4A9885429C,IMPHASH=B0F049C014592B156EB1FA857E99CEB9\r\nParentProcessGuid: {b7327453-798c-6a53-e201-000000002200}\r\nParentProcessId: 8492\r\nParentImage: C:\\Windows\\System32\\WindowsPowerShell\\v1.0\\powershell.exe\r\nParentCommandLine: \"C:\\Windows\\System32\\WindowsPowerShell\\v1.0\\powershell.exe\" \r\nParentUser: WIN-CL1\\coe55\""},"eventdata":{"utcTime":"2026-07-12 12:10:04.525","processGuid":"{b7327453-841c-6a53-4f03-000000002200}","processId":"3920","image":"C:\\\\Windows\\\\System32\\\\cmd.exe","fileVersion":"10.0.26100.7019 (WinBuild.160101.0800)","description":"Windows Command Processor","product":"Microsoft® Windows® Operating System","company":"Microsoft Corporation","originalFileName":"Cmd.Exe","commandLine":"\\\"C:\\\\WINDOWS\\\\system32\\\\cmd.exe\\\" /c echo hi &amp; exit","currentDirectory":"C:\\\\atomic\\\\","user":"WIN-CL1\\\\coe55","logonGuid":"{b7327453-7891-6a53-b6d8-640000000000}","logonId":"0x64d8b6","terminalSessionId":"1","integrityLevel":"High","hashes":"MD5=C8B5D63042BC4BBB7F5C0F9E15B61F16,SHA256=9695CF4566DDF878A69C3D419E0DA4EEA87B0F24261AD8E79A3A9C4A9885429C,IMPHASH=B0F049C014592B156EB1FA857E99CEB9","parentProcessGuid":"{b7327453-798c-6a53-e201-000000002200}","parentProcessId":"8492","parentImage":"C:\\\\Windows\\\\System32\\\\WindowsPowerShell\\\\v1.0\\\\powershell.exe","parentCommandLine":"\\\"C:\\\\Windows\\\\System32\\\\WindowsPowerShell\\\\v1.0\\\\powershell.exe\\\"","parentUser":"WIN-CL1\\\\coe55"}}},"location":"EventChannel"}
{"timestamp":"2026-07-12T12:10:21.460+0000","rule":{"level":3,"description":"Windows logon success.","id":"60106","mitre":{"id":["T1078"],"tactic":["Defense Evasion","Persistence","Privilege Escalation","Initial Access"],"technique":["Valid Accounts"]},"firedtimes":22,"mail":false,"groups":["windows","windows_security","authentication_success"],"gdpr":["IV_32.2"],"gpg13":["7.1","7.2"],"hipaa":["164.312.b"],"nist_800_53":["AC.7","AU.14"],"pci_dss":["10.2.5"],"tsc":["CC6.8","CC7.2","CC7.3"]},"agent":{"id":"002","name":"WIN-CL1","ip":"192.168.20.104"},"manager":{"name":"wazuh.manager"},"id":"1783858221.6637952","decoder":{"name":"windows_eventchannel"},"data":{"win":{"system":{"providerName":"Microsoft-Windows-Security-Auditing","providerGuid":"{54849625-5478-4994-a5ba-3e3b0328c30d}","eventID":"4624","version":"3","level":"0","task":"12544","opcode":"0","keywords":"0x8020000000000000","systemTime":"2026-07-12T12:10:21.6295930Z","eventRecordID":"31537","processID":"820","threadID":"3752","channel":"Security","computer":"WIN-CL1.lab.local","severityValue":"AUDIT_SUCCESS","message":"\"An account was successfully logged on.\r\n\r\nSubject:\r\n\tSecurity ID:\t\tS-1-5-18\r\n\tAccount Name:\t\tWIN-CL1$\r\n\tAccount Domain:\t\tLAB\r\n\tLogon ID:\t\t0x3E7\r\n\r\nLogon Information:\r\n\tLogon Type:\t\t5\r\n\tRestricted Admin Mode:\t-\r\n\tRemote Credential Guard:\t-\r\n\tVirtual Account:\t\tNo\r\n\tElevated Token:\t\tYes\r\n\r\nImpersonation Level:\t\tImpersonation\r\n\r\nNew Logon:\r\n\tSecurity ID:\t\tS-1-5-18\r\n\tAccount Name:\t\tSYSTEM\r\n\tAccount Domain:\t\tNT AUTHORITY\r\n\tLogon ID:\t\t0x3E7\r\n\tLinked Logon ID:\t\t0x0\r\n\tNetwork Account Name:\t-\r\n\tNetwork Account Domain:\t-\r\n\tLogon GUID:\t\t{00000000-0000-0000-0000-000000000000}\r\n\r\nProcess Information:\r\n\tProcess ID:\t\t0x324\r\n\tProcess Name:\t\tC:\\Windows\\System32\\services.exe\r\n\r\nNetwork Information:\r\n\tWorkstation Name:\t-\r\n\tSource Network Address:\t-\r\n\tSource Port:\t\t-\r\n\r\nDetailed Authentication Information:\r\n\tLogon Process:\t\tAdvapi  \r\n\tAuthentication Package:\tNegotiate\r\n\tTransited Services:\t-\r\n\tPackage Name (NTLM only):\t-\r\n\tKey Length:\t\t0\r\n\r\nThis event is generated when a logon session is created. It is generated on the computer that was accessed.\r\n\r\nThe subject fields indicate the account on the local system which requested the logon. This is most commonly a service such as the Server service, or a local process such as Winlogon.exe or Services.exe.\r\n\r\nThe logon type field indicates the kind of logon that occurred. The most common types are 2 (interactive) and 3 (network).\r\n\r\nThe New Logon fields indicate the account for whom the new logon was created, i.e. the account that was logged on.\r\n\r\nThe network fields indicate where a remote logon request originated. Workstation name is not always available and may be left blank in some cases.\r\n\r\nThe impersonation level field indicates the extent to which a process in the logon session can impersonate.\r\n\r\nThe authentication information fields provide detailed information about this specific logon request.\r\n\t- Logon GUID is a unique identifier that can be used to correlate this event with a KDC event.\r\n\t- Transited services indicate which intermediate services have participated in this logon request.\r\n\t- Package name indicates which sub-protocol was used among the NTLM protocols.\r\n\t- Key length indicates the length of the generated session key. This will be 0 if no session key was requested.\""},"eventdata":{"subjectUserSid":"S-1-5-18","subjectUserName":"WIN-CL1$","subjectDomainName":"LAB","subjectLogonId":"0x3e7","targetUserSid":"S-1-5-18","targetUserName":"SYSTEM","targetDomainName":"NT AUTHORITY","targetLogonId":"0x3e7","logonType":"5","logonProcessName":"Advapi","authenticationPackageName":"Negotiate","logonGuid":"{00000000-0000-0000-0000-000000000000}","keyLength":"0","processId":"0x324","processName":"C:\\\\Windows\\\\System32\\\\services.exe","impersonationLevel":"%%1833","virtualAccount":"%%1843","targetLinkedLogonId":"0x0","elevatedToken":"%%1842"}}},"location":"EventChannel"}
{"timestamp":"2026-07-12T12:10:52.299+0000","rule":{"level":4,"description":"Powershell process spawned Windows command shell instance","id":"92004","mitre":{"id":["T1059.003"],"tactic":["Execution"],"technique":["Windows Command Shell"]},"firedtimes":14,"mail":false,"groups":["sysmon","sysmon_eid1_detections","windows"]},"agent":{"id":"002","name":"WIN-CL1","ip":"192.168.20.104"},"manager":{"name":"wazuh.manager"},"id":"1783858252.6655737","decoder":{"name":"windows_eventchannel"},"data":{"win":{"system":{"providerName":"Microsoft-Windows-Sysmon","providerGuid":"{5770385f-c22a-43e0-bf4c-06f5698ffbd9}","eventID":"1","version":"5","level":"4","task":"1","opcode":"0","keywords":"0x8000000000000000","systemTime":"2026-07-12T12:10:52.5933406Z","eventRecordID":"56048","processID":"3320","threadID":"3972","channel":"Microsoft-Windows-Sysmon/Operational","computer":"WIN-CL1.lab.local","severityValue":"INFORMATION","message":"\"Process Create:\r\nRuleName: -\r\nUtcTime: 2026-07-12 12:10:52.591\r\nProcessGuid: {b7327453-844c-6a53-5503-000000002200}\r\nProcessId: 6820\r\nImage: C:\\Windows\\System32\\cmd.exe\r\nFileVersion: 10.0.26100.7019 (WinBuild.160101.0800)\r\nDescription: Windows Command Processor\r\nProduct: Microsoft® Windows® Operating System\r\nCompany: Microsoft Corporation\r\nOriginalFileName: Cmd.Exe\r\nCommandLine: \"C:\\WINDOWS\\system32\\cmd.exe\" /c echo hi & exit \r\nCurrentDirectory: C:\\atomic\\\r\nUser: WIN-CL1\\coe55\r\nLogonGuid: {b7327453-7891-6a53-b6d8-640000000000}\r\nLogonId: 0x64D8B6\r\nTerminalSessionId: 1\r\nIntegrityLevel: High\r\nHashes: MD5=C8B5D63042BC4BBB7F5C0F9E15B61F16,SHA256=9695CF4566DDF878A69C3D419E0DA4EEA87B0F24261AD8E79A3A9C4A9885429C,IMPHASH=B0F049C014592B156EB1FA857E99CEB9\r\nParentProcessGuid: {b7327453-798c-6a53-e201-000000002200}\r\nParentProcessId: 8492\r\nParentImage: C:\\Windows\\System32\\WindowsPowerShell\\v1.0\\powershell.exe\r\nParentCommandLine: \"C:\\Windows\\System32\\WindowsPowerShell\\v1.0\\powershell.exe\" \r\nParentUser: WIN-CL1\\coe55\""},"eventdata":{"utcTime":"2026-07-12 12:10:52.591","processGuid":"{b7327453-844c-6a53-5503-000000002200}","processId":"6820","image":"C:\\\\Windows\\\\System32\\\\cmd.exe","fileVersion":"10.0.26100.7019 (WinBuild.160101.0800)","description":"Windows Command Processor","product":"Microsoft® Windows® Operating System","company":"Microsoft Corporation","originalFileName":"Cmd.Exe","commandLine":"\\\"C:\\\\WINDOWS\\\\system32\\\\cmd.exe\\\" /c echo hi &amp; exit","currentDirectory":"C:\\\\atomic\\\\","user":"WIN-CL1\\\\coe55","logonGuid":"{b7327453-7891-6a53-b6d8-640000000000}","logonId":"0x64d8b6","terminalSessionId":"1","integrityLevel":"High","hashes":"MD5=C8B5D63042BC4BBB7F5C0F9E15B61F16,SHA256=9695CF4566DDF878A69C3D419E0DA4EEA87B0F24261AD8E79A3A9C4A9885429C,IMPHASH=B0F049C014592B156EB1FA857E99CEB9","parentProcessGuid":"{b7327453-798c-6a53-e201-000000002200}","parentProcessId":"8492","parentImage":"C:\\\\Windows\\\\System32\\\\WindowsPowerShell\\\\v1.0\\\\powershell.exe","parentCommandLine":"\\\"C:\\\\Windows\\\\System32\\\\WindowsPowerShell\\\\v1.0\\\\powershell.exe\\\"","parentUser":"WIN-CL1\\\\coe55"}}},"location":"EventChannel"}
{"timestamp":"2026-07-12T12:11:08.932+0000","rule":{"level":3,"description":"Windows logon success.","id":"60106","mitre":{"id":["T1078"],"tactic":["Defense Evasion","Persistence","Privilege Escalation","Initial Access"],"technique":["Valid Accounts"]},"firedtimes":23,"mail":false,"groups":["windows","windows_security","authentication_success"],"gdpr":["IV_32.2"],"gpg13":["7.1","7.2"],"hipaa":["164.312.b"],"nist_800_53":["AC.7","AU.14"],"pci_dss":["10.2.5"],"tsc":["CC6.8","CC7.2","CC7.3"]},"agent":{"id":"002","name":"WIN-CL1","ip":"192.168.20.104"},"manager":{"name":"wazuh.manager"},"id":"1783858268.6672550","decoder":{"name":"windows_eventchannel"},"data":{"win":{"system":{"providerName":"Microsoft-Windows-Security-Auditing","providerGuid":"{54849625-5478-4994-a5ba-3e3b0328c30d}","eventID":"4624","version":"3","level":"0","task":"12544","opcode":"0","keywords":"0x8020000000000000","systemTime":"2026-07-12T12:11:09.2107368Z","eventRecordID":"31538","processID":"820","threadID":"3752","channel":"Security","computer":"WIN-CL1.lab.local","severityValue":"AUDIT_SUCCESS","message":"\"An account was successfully logged on.\r\n\r\nSubject:\r\n\tSecurity ID:\t\tS-1-5-18\r\n\tAccount Name:\t\tWIN-CL1$\r\n\tAccount Domain:\t\tLAB\r\n\tLogon ID:\t\t0x3E7\r\n\r\nLogon Information:\r\n\tLogon Type:\t\t5\r\n\tRestricted Admin Mode:\t-\r\n\tRemote Credential Guard:\t-\r\n\tVirtual Account:\t\tNo\r\n\tElevated Token:\t\tYes\r\n\r\nImpersonation Level:\t\tImpersonation\r\n\r\nNew Logon:\r\n\tSecurity ID:\t\tS-1-5-18\r\n\tAccount Name:\t\tSYSTEM\r\n\tAccount Domain:\t\tNT AUTHORITY\r\n\tLogon ID:\t\t0x3E7\r\n\tLinked Logon ID:\t\t0x0\r\n\tNetwork Account Name:\t-\r\n\tNetwork Account Domain:\t-\r\n\tLogon GUID:\t\t{00000000-0000-0000-0000-000000000000}\r\n\r\nProcess Information:\r\n\tProcess ID:\t\t0x324\r\n\tProcess Name:\t\tC:\\Windows\\System32\\services.exe\r\n\r\nNetwork Information:\r\n\tWorkstation Name:\t-\r\n\tSource Network Address:\t-\r\n\tSource Port:\t\t-\r\n\r\nDetailed Authentication Information:\r\n\tLogon Process:\t\tAdvapi  \r\n\tAuthentication Package:\tNegotiate\r\n\tTransited Services:\t-\r\n\tPackage Name (NTLM only):\t-\r\n\tKey Length:\t\t0\r\n\r\nThis event is generated when a logon session is created. It is generated on the computer that was accessed.\r\n\r\nThe subject fields indicate the account on the local system which requested the logon. This is most commonly a service such as the Server service, or a local process such as Winlogon.exe or Services.exe.\r\n\r\nThe logon type field indicates the kind of logon that occurred. The most common types are 2 (interactive) and 3 (network).\r\n\r\nThe New Logon fields indicate the account for whom the new logon was created, i.e. the account that was logged on.\r\n\r\nThe network fields indicate where a remote logon request originated. Workstation name is not always available and may be left blank in some cases.\r\n\r\nThe impersonation level field indicates the extent to which a process in the logon session can impersonate.\r\n\r\nThe authentication information fields provide detailed information about this specific logon request.\r\n\t- Logon GUID is a unique identifier that can be used to correlate this event with a KDC event.\r\n\t- Transited services indicate which intermediate services have participated in this logon request.\r\n\t- Package name indicates which sub-protocol was used among the NTLM protocols.\r\n\t- Key length indicates the length of the generated session key. This will be 0 if no session key was requested.\""},"eventdata":{"subjectUserSid":"S-1-5-18","subjectUserName":"WIN-CL1$","subjectDomainName":"LAB","subjectLogonId":"0x3e7","targetUserSid":"S-1-5-18","targetUserName":"SYSTEM","targetDomainName":"NT AUTHORITY","targetLogonId":"0x3e7","logonType":"5","logonProcessName":"Advapi","authenticationPackageName":"Negotiate","logonGuid":"{00000000-0000-0000-0000-000000000000}","keyLength":"0","processId":"0x324","processName":"C:\\\\Windows\\\\System32\\\\services.exe","impersonationLevel":"%%1833","virtualAccount":"%%1843","targetLinkedLogonId":"0x0","elevatedToken":"%%1842"}}},"location":"EventChannel"}
{"timestamp":"2026-07-12T12:11:27.430+0000","rule":{"level":4,"description":"Powershell process spawned Windows command shell instance","id":"92004","mitre":{"id":["T1059.003"],"tactic":["Execution"],"technique":["Windows Command Shell"]},"firedtimes":15,"mail":false,"groups":["sysmon","sysmon_eid1_detections","windows"]},"agent":{"id":"002","name":"WIN-CL1","ip":"192.168.20.104"},"manager":{"name":"wazuh.manager"},"id":"1783858287.6679876","decoder":{"name":"windows_eventchannel"},"data":{"win":{"system":{"providerName":"Microsoft-Windows-Sysmon","providerGuid":"{5770385f-c22a-43e0-bf4c-06f5698ffbd9}","eventID":"1","version":"5","level":"4","task":"1","opcode":"0","keywords":"0x8000000000000000","systemTime":"2026-07-12T12:11:28.0839421Z","eventRecordID":"56050","processID":"3320","threadID":"3972","channel":"Microsoft-Windows-Sysmon/Operational","computer":"WIN-CL1.lab.local","severityValue":"INFORMATION","message":"\"Process Create:\r\nRuleName: -\r\nUtcTime: 2026-07-12 12:11:28.082\r\nProcessGuid: {b7327453-8470-6a53-5903-000000002200}\r\nProcessId: 9704\r\nImage: C:\\Windows\\System32\\cmd.exe\r\nFileVersion: 10.0.26100.7019 (WinBuild.160101.0800)\r\nDescription: Windows Command Processor\r\nProduct: Microsoft® Windows® Operating System\r\nCompany: Microsoft Corporation\r\nOriginalFileName: Cmd.Exe\r\nCommandLine: \"C:\\WINDOWS\\system32\\cmd.exe\" /c echo hi & exit \r\nCurrentDirectory: C:\\atomic\\\r\nUser: WIN-CL1\\coe55\r\nLogonGuid: {b7327453-7891-6a53-b6d8-640000000000}\r\nLogonId: 0x64D8B6\r\nTerminalSessionId: 1\r\nIntegrityLevel: High\r\nHashes: MD5=C8B5D63042BC4BBB7F5C0F9E15B61F16,SHA256=9695CF4566DDF878A69C3D419E0DA4EEA87B0F24261AD8E79A3A9C4A9885429C,IMPHASH=B0F049C014592B156EB1FA857E99CEB9\r\nParentProcessGuid: {b7327453-798c-6a53-e201-000000002200}\r\nParentProcessId: 8492\r\nParentImage: C:\\Windows\\System32\\WindowsPowerShell\\v1.0\\powershell.exe\r\nParentCommandLine: \"C:\\Windows\\System32\\WindowsPowerShell\\v1.0\\powershell.exe\" \r\nParentUser: WIN-CL1\\coe55\""},"eventdata":{"utcTime":"2026-07-12 12:11:28.082","processGuid":"{b7327453-8470-6a53-5903-000000002200}","processId":"9704","image":"C:\\\\Windows\\\\System32\\\\cmd.exe","fileVersion":"10.0.26100.7019 (WinBuild.160101.0800)","description":"Windows Command Processor","product":"Microsoft® Windows® Operating System","company":"Microsoft Corporation","originalFileName":"Cmd.Exe","commandLine":"\\\"C:\\\\WINDOWS\\\\system32\\\\cmd.exe\\\" /c echo hi &amp; exit","currentDirectory":"C:\\\\atomic\\\\","user":"WIN-CL1\\\\coe55","logonGuid":"{b7327453-7891-6a53-b6d8-640000000000}","logonId":"0x64d8b6","terminalSessionId":"1","integrityLevel":"High","hashes":"MD5=C8B5D63042BC4BBB7F5C0F9E15B61F16,SHA256=9695CF4566DDF878A69C3D419E0DA4EEA87B0F24261AD8E79A3A9C4A9885429C,IMPHASH=B0F049C014592B156EB1FA857E99CEB9","parentProcessGuid":"{b7327453-798c-6a53-e201-000000002200}","parentProcessId":"8492","parentImage":"C:\\\\Windows\\\\System32\\\\WindowsPowerShell\\\\v1.0\\\\powershell.exe","parentCommandLine":"\\\"C:\\\\Windows\\\\System32\\\\WindowsPowerShell\\\\v1.0\\\\powershell.exe\\\"","parentUser":"WIN-CL1\\\\coe55"}}},"location":"EventChannel"}
{"timestamp":"2026-07-12T12:12:13.102+0000","rule":{"level":4,"description":"Powershell process spawned Windows command shell instance","id":"92004","mitre":{"id":["T1059.003"],"tactic":["Execution"],"technique":["Windows Command Shell"]},"firedtimes":16,"mail":false,"groups":["sysmon","sysmon_eid1_detections","windows"]},"agent":{"id":"002","name":"WIN-CL1","ip":"192.168.20.104"},"manager":{"name":"wazuh.manager"},"id":"1783858333.6699538","decoder":{"name":"windows_eventchannel"},"data":{"win":{"system":{"providerName":"Microsoft-Windows-Sysmon","providerGuid":"{5770385f-c22a-43e0-bf4c-06f5698ffbd9}","eventID":"1","version":"5","level":"4","task":"1","opcode":"0","keywords":"0x8000000000000000","systemTime":"2026-07-12T12:12:13.3246313Z","eventRecordID":"56052","processID":"3320","threadID":"3972","channel":"Microsoft-Windows-Sysmon/Operational","computer":"WIN-CL1.lab.local","severityValue":"INFORMATION","message":"\"Process Create:\r\nRuleName: -\r\nUtcTime: 2026-07-12 12:12:13.322\r\nProcessGuid: {b7327453-849d-6a53-5d03-000000002200}\r\nProcessId: 9800\r\nImage: C:\\Windows\\System32\\cmd.exe\r\nFileVersion: 10.0.26100.7019 (WinBuild.160101.0800)\r\nDescription: Windows Command Processor\r\nProduct: Microsoft® Windows® Operating System\r\nCompany: Microsoft Corporation\r\nOriginalFileName: Cmd.Exe\r\nCommandLine: \"C:\\WINDOWS\\system32\\cmd.exe\" /c echo hi & exit \r\nCurrentDirectory: C:\\atomic\\\r\nUser: WIN-CL1\\coe55\r\nLogonGuid: {b7327453-7891-6a53-b6d8-640000000000}\r\nLogonId: 0x64D8B6\r\nTerminalSessionId: 1\r\nIntegrityLevel: High\r\nHashes: MD5=C8B5D63042BC4BBB7F5C0F9E15B61F16,SHA256=9695CF4566DDF878A69C3D419E0DA4EEA87B0F24261AD8E79A3A9C4A9885429C,IMPHASH=B0F049C014592B156EB1FA857E99CEB9\r\nParentProcessGuid: {b7327453-798c-6a53-e201-000000002200}\r\nParentProcessId: 8492\r\nParentImage: C:\\Windows\\System32\\WindowsPowerShell\\v1.0\\powershell.exe\r\nParentCommandLine: \"C:\\Windows\\System32\\WindowsPowerShell\\v1.0\\powershell.exe\" \r\nParentUser: WIN-CL1\\coe55\""},"eventdata":{"utcTime":"2026-07-12 12:12:13.322","processGuid":"{b7327453-849d-6a53-5d03-000000002200}","processId":"9800","image":"C:\\\\Windows\\\\System32\\\\cmd.exe","fileVersion":"10.0.26100.7019 (WinBuild.160101.0800)","description":"Windows Command Processor","product":"Microsoft® Windows® Operating System","company":"Microsoft Corporation","originalFileName":"Cmd.Exe","commandLine":"\\\"C:\\\\WINDOWS\\\\system32\\\\cmd.exe\\\" /c echo hi &amp; exit","currentDirectory":"C:\\\\atomic\\\\","user":"WIN-CL1\\\\coe55","logonGuid":"{b7327453-7891-6a53-b6d8-640000000000}","logonId":"0x64d8b6","terminalSessionId":"1","integrityLevel":"High","hashes":"MD5=C8B5D63042BC4BBB7F5C0F9E15B61F16,SHA256=9695CF4566DDF878A69C3D419E0DA4EEA87B0F24261AD8E79A3A9C4A9885429C,IMPHASH=B0F049C014592B156EB1FA857E99CEB9","parentProcessGuid":"{b7327453-798c-6a53-e201-000000002200}","parentProcessId":"8492","parentImage":"C:\\\\Windows\\\\System32\\\\WindowsPowerShell\\\\v1.0\\\\powershell.exe","parentCommandLine":"\\\"C:\\\\Windows\\\\System32\\\\WindowsPowerShell\\\\v1.0\\\\powershell.exe\\\"","parentUser":"WIN-CL1\\\\coe55"}}},"location":"EventChannel"}
{"timestamp":"2026-07-12T12:12:59.385+0000","rule":{"level":4,"description":"Powershell process spawned Windows command shell instance","id":"92004","mitre":{"id":["T1059.003"],"tactic":["Execution"],"technique":["Windows Command Shell"]},"firedtimes":17,"mail":false,"groups":["sysmon","sysmon_eid1_detections","windows"]},"agent":{"id":"002","name":"WIN-CL1","ip":"192.168.20.104"},"manager":{"name":"wazuh.manager"},"id":"1783858379.6734265","decoder":{"name":"windows_eventchannel"},"data":{"win":{"system":{"providerName":"Microsoft-Windows-Sysmon","providerGuid":"{5770385f-c22a-43e0-bf4c-06f5698ffbd9}","eventID":"1","version":"5","level":"4","task":"1","opcode":"0","keywords":"0x8000000000000000","systemTime":"2026-07-12T12:12:59.5815023Z","eventRecordID":"56054","processID":"3320","threadID":"3972","channel":"Microsoft-Windows-Sysmon/Operational","computer":"WIN-CL1.lab.local","severityValue":"INFORMATION","message":"\"Process Create:\r\nRuleName: -\r\nUtcTime: 2026-07-12 12:12:59.579\r\nProcessGuid: {b7327453-84cb-6a53-6003-000000002200}\r\nProcessId: 9004\r\nImage: C:\\Windows\\System32\\cmd.exe\r\nFileVersion: 10.0.26100.7019 (WinBuild.160101.0800)\r\nDescription: Windows Command Processor\r\nProduct: Microsoft® Windows® Operating System\r\nCompany: Microsoft Corporation\r\nOriginalFileName: Cmd.Exe\r\nCommandLine: \"C:\\WINDOWS\\system32\\cmd.exe\" /c echo hi & exit \r\nCurrentDirectory: C:\\atomic\\\r\nUser: WIN-CL1\\coe55\r\nLogonGuid: {b7327453-7891-6a53-b6d8-640000000000}\r\nLogonId: 0x64D8B6\r\nTerminalSessionId: 1\r\nIntegrityLevel: High\r\nHashes: MD5=C8B5D63042BC4BBB7F5C0F9E15B61F16,SHA256=9695CF4566DDF878A69C3D419E0DA4EEA87B0F24261AD8E79A3A9C4A9885429C,IMPHASH=B0F049C014592B156EB1FA857E99CEB9\r\nParentProcessGuid: {b7327453-798c-6a53-e201-000000002200}\r\nParentProcessId: 8492\r\nParentImage: C:\\Windows\\System32\\WindowsPowerShell\\v1.0\\powershell.exe\r\nParentCommandLine: \"C:\\Windows\\System32\\WindowsPowerShell\\v1.0\\powershell.exe\" \r\nParentUser: WIN-CL1\\coe55\""},"eventdata":{"utcTime":"2026-07-12 12:12:59.579","processGuid":"{b7327453-84cb-6a53-6003-000000002200}","processId":"9004","image":"C:\\\\Windows\\\\System32\\\\cmd.exe","fileVersion":"10.0.26100.7019 (WinBuild.160101.0800)","description":"Windows Command Processor","product":"Microsoft® Windows® Operating System","company":"Microsoft Corporation","originalFileName":"Cmd.Exe","commandLine":"\\\"C:\\\\WINDOWS\\\\system32\\\\cmd.exe\\\" /c echo hi &amp; exit","currentDirectory":"C:\\\\atomic\\\\","user":"WIN-CL1\\\\coe55","logonGuid":"{b7327453-7891-6a53-b6d8-640000000000}","logonId":"0x64d8b6","terminalSessionId":"1","integrityLevel":"High","hashes":"MD5=C8B5D63042BC4BBB7F5C0F9E15B61F16,SHA256=9695CF4566DDF878A69C3D419E0DA4EEA87B0F24261AD8E79A3A9C4A9885429C,IMPHASH=B0F049C014592B156EB1FA857E99CEB9","parentProcessGuid":"{b7327453-798c-6a53-e201-000000002200}","parentProcessId":"8492","parentImage":"C:\\\\Windows\\\\System32\\\\WindowsPowerShell\\\\v1.0\\\\powershell.exe","parentCommandLine":"\\\"C:\\\\Windows\\\\System32\\\\WindowsPowerShell\\\\v1.0\\\\powershell.exe\\\"","parentUser":"WIN-CL1\\\\coe55"}}},"location":"EventChannel"}
{"timestamp":"2026-07-12T12:13:01.873+0000","rule":{"level":3,"description":"Windows logon success.","id":"60106","mitre":{"id":["T1078"],"tactic":["Defense Evasion","Persistence","Privilege Escalation","Initial Access"],"technique":["Valid Accounts"]},"firedtimes":24,"mail":false,"groups":["windows","windows_security","authentication_success"],"gdpr":["IV_32.2"],"gpg13":["7.1","7.2"],"hipaa":["164.312.b"],"nist_800_53":["AC.7","AU.14"],"pci_dss":["10.2.5"],"tsc":["CC6.8","CC7.2","CC7.3"]},"agent":{"id":"002","name":"WIN-CL1","ip":"192.168.20.104"},"manager":{"name":"wazuh.manager"},"id":"1783858381.6748219","decoder":{"name":"windows_eventchannel"},"data":{"win":{"system":{"providerName":"Microsoft-Windows-Security-Auditing","providerGuid":"{54849625-5478-4994-a5ba-3e3b0328c30d}","eventID":"4624","version":"3","level":"0","task":"12544","opcode":"0","keywords":"0x8020000000000000","systemTime":"2026-07-12T12:13:02.2062429Z","eventRecordID":"31539","processID":"820","threadID":"3752","channel":"Security","computer":"WIN-CL1.lab.local","severityValue":"AUDIT_SUCCESS","message":"\"An account was successfully logged on.\r\n\r\nSubject:\r\n\tSecurity ID:\t\tS-1-5-18\r\n\tAccount Name:\t\tWIN-CL1$\r\n\tAccount Domain:\t\tLAB\r\n\tLogon ID:\t\t0x3E7\r\n\r\nLogon Information:\r\n\tLogon Type:\t\t5\r\n\tRestricted Admin Mode:\t-\r\n\tRemote Credential Guard:\t-\r\n\tVirtual Account:\t\tNo\r\n\tElevated Token:\t\tYes\r\n\r\nImpersonation Level:\t\tImpersonation\r\n\r\nNew Logon:\r\n\tSecurity ID:\t\tS-1-5-18\r\n\tAccount Name:\t\tSYSTEM\r\n\tAccount Domain:\t\tNT AUTHORITY\r\n\tLogon ID:\t\t0x3E7\r\n\tLinked Logon ID:\t\t0x0\r\n\tNetwork Account Name:\t-\r\n\tNetwork Account Domain:\t-\r\n\tLogon GUID:\t\t{00000000-0000-0000-0000-000000000000}\r\n\r\nProcess Information:\r\n\tProcess ID:\t\t0x324\r\n\tProcess Name:\t\tC:\\Windows\\System32\\services.exe\r\n\r\nNetwork Information:\r\n\tWorkstation Name:\t-\r\n\tSource Network Address:\t-\r\n\tSource Port:\t\t-\r\n\r\nDetailed Authentication Information:\r\n\tLogon Process:\t\tAdvapi  \r\n\tAuthentication Package:\tNegotiate\r\n\tTransited Services:\t-\r\n\tPackage Name (NTLM only):\t-\r\n\tKey Length:\t\t0\r\n\r\nThis event is generated when a logon session is created. It is generated on the computer that was accessed.\r\n\r\nThe subject fields indicate the account on the local system which requested the logon. This is most commonly a service such as the Server service, or a local process such as Winlogon.exe or Services.exe.\r\n\r\nThe logon type field indicates the kind of logon that occurred. The most common types are 2 (interactive) and 3 (network).\r\n\r\nThe New Logon fields indicate the account for whom the new logon was created, i.e. the account that was logged on.\r\n\r\nThe network fields indicate where a remote logon request originated. Workstation name is not always available and may be left blank in some cases.\r\n\r\nThe impersonation level field indicates the extent to which a process in the logon session can impersonate.\r\n\r\nThe authentication information fields provide detailed information about this specific logon request.\r\n\t- Logon GUID is a unique identifier that can be used to correlate this event with a KDC event.\r\n\t- Transited services indicate which intermediate services have participated in this logon request.\r\n\t- Package name indicates which sub-protocol was used among the NTLM protocols.\r\n\t- Key length indicates the length of the generated session key. This will be 0 if no session key was requested.\""},"eventdata":{"subjectUserSid":"S-1-5-18","subjectUserName":"WIN-CL1$","subjectDomainName":"LAB","subjectLogonId":"0x3e7","targetUserSid":"S-1-5-18","targetUserName":"SYSTEM","targetDomainName":"NT AUTHORITY","targetLogonId":"0x3e7","logonType":"5","logonProcessName":"Advapi","authenticationPackageName":"Negotiate","logonGuid":"{00000000-0000-0000-0000-000000000000}","keyLength":"0","processId":"0x324","processName":"C:\\\\Windows\\\\System32\\\\services.exe","impersonationLevel":"%%1833","virtualAccount":"%%1843","targetLinkedLogonId":"0x0","elevatedToken":"%%1842"}}},"location":"EventChannel"}
{"timestamp":"2026-07-12T12:13:50.421+0000","rule":{"level":4,"description":"Powershell process spawned Windows command shell instance","id":"92004","mitre":{"id":["T1059.003"],"tactic":["Execution"],"technique":["Windows Command Shell"]},"firedtimes":18,"mail":false,"groups":["sysmon","sysmon_eid1_detections","windows"]},"agent":{"id":"002","name":"WIN-CL1","ip":"192.168.20.104"},"manager":{"name":"wazuh.manager"},"id":"1783858430.6774106","decoder":{"name":"windows_eventchannel"},"data":{"win":{"system":{"providerName":"Microsoft-Windows-Sysmon","providerGuid":"{5770385f-c22a-43e0-bf4c-06f5698ffbd9}","eventID":"1","version":"5","level":"4","task":"1","opcode":"0","keywords":"0x8000000000000000","systemTime":"2026-07-12T12:13:50.8097910Z","eventRecordID":"56057","processID":"3320","threadID":"3972","channel":"Microsoft-Windows-Sysmon/Operational","computer":"WIN-CL1.lab.local","severityValue":"INFORMATION","message":"\"Process Create:\r\nRuleName: -\r\nUtcTime: 2026-07-12 12:13:50.808\r\nProcessGuid: {b7327453-84fe-6a53-6403-000000002200}\r\nProcessId: 4416\r\nImage: C:\\Windows\\System32\\cmd.exe\r\nFileVersion: 10.0.26100.7019 (WinBuild.160101.0800)\r\nDescription: Windows Command Processor\r\nProduct: Microsoft® Windows® Operating System\r\nCompany: Microsoft Corporation\r\nOriginalFileName: Cmd.Exe\r\nCommandLine: \"C:\\WINDOWS\\system32\\cmd.exe\" /c echo hi & exit \r\nCurrentDirectory: C:\\atomic\\\r\nUser: WIN-CL1\\coe55\r\nLogonGuid: {b7327453-7891-6a53-b6d8-640000000000}\r\nLogonId: 0x64D8B6\r\nTerminalSessionId: 1\r\nIntegrityLevel: High\r\nHashes: MD5=C8B5D63042BC4BBB7F5C0F9E15B61F16,SHA256=9695CF4566DDF878A69C3D419E0DA4EEA87B0F24261AD8E79A3A9C4A9885429C,IMPHASH=B0F049C014592B156EB1FA857E99CEB9\r\nParentProcessGuid: {b7327453-798c-6a53-e201-000000002200}\r\nParentProcessId: 8492\r\nParentImage: C:\\Windows\\System32\\WindowsPowerShell\\v1.0\\powershell.exe\r\nParentCommandLine: \"C:\\Windows\\System32\\WindowsPowerShell\\v1.0\\powershell.exe\" \r\nParentUser: WIN-CL1\\coe55\""},"eventdata":{"utcTime":"2026-07-12 12:13:50.808","processGuid":"{b7327453-84fe-6a53-6403-000000002200}","processId":"4416","image":"C:\\\\Windows\\\\System32\\\\cmd.exe","fileVersion":"10.0.26100.7019 (WinBuild.160101.0800)","description":"Windows Command Processor","product":"Microsoft® Windows® Operating System","company":"Microsoft Corporation","originalFileName":"Cmd.Exe","commandLine":"\\\"C:\\\\WINDOWS\\\\system32\\\\cmd.exe\\\" /c echo hi &amp; exit","currentDirectory":"C:\\\\atomic\\\\","user":"WIN-CL1\\\\coe55","logonGuid":"{b7327453-7891-6a53-b6d8-640000000000}","logonId":"0x64d8b6","terminalSessionId":"1","integrityLevel":"High","hashes":"MD5=C8B5D63042BC4BBB7F5C0F9E15B61F16,SHA256=9695CF4566DDF878A69C3D419E0DA4EEA87B0F24261AD8E79A3A9C4A9885429C,IMPHASH=B0F049C014592B156EB1FA857E99CEB9","parentProcessGuid":"{b7327453-798c-6a53-e201-000000002200}","parentProcessId":"8492","parentImage":"C:\\\\Windows\\\\System32\\\\WindowsPowerShell\\\\v1.0\\\\powershell.exe","parentCommandLine":"\\\"C:\\\\Windows\\\\System32\\\\WindowsPowerShell\\\\v1.0\\\\powershell.exe\\\"","parentUser":"WIN-CL1\\\\coe55"}}},"location":"EventChannel"}
