{"timestamp":"2026-07-08T22:24:26.010+0000","rule":{"level":4,"description":"Powershell process spawned Windows command shell instance","id":"92004","mitre":{"id":["T1059.003"],"tactic":["Execution"],"technique":["Windows Command Shell"]},"firedtimes":10,"mail":false,"groups":["sysmon","sysmon_eid1_detections","windows"]},"agent":{"id":"002","name":"WIN-CL1","ip":"192.168.20.104"},"manager":{"name":"wazuh.manager"},"id":"1783549466.81471217","decoder":{"name":"windows_eventchannel"},"data":{"win":{"system":{"providerName":"Microsoft-Windows-Sysmon","providerGuid":"{5770385f-c22a-43e0-bf4c-06f5698ffbd9}","eventID":"1","version":"5","level":"4","task":"1","opcode":"0","keywords":"0x8000000000000000","systemTime":"2026-07-08T22:23:44.1243869Z","eventRecordID":"52873","processID":"3216","threadID":"3584","channel":"Microsoft-Windows-Sysmon/Operational","computer":"WIN-CL1.lab.local","severityValue":"INFORMATION","message":"\"Process Create:\r\nRuleName: -\r\nUtcTime: 2026-07-08 22:23:44.119\r\nProcessGuid: {b7327453-cdf0-6a4e-3004-000000002100}\r\nProcessId: 9392\r\nImage: C:\\Windows\\System32\\cmd.exe\r\nFileVersion: 10.0.26100.7019 (WinBuild.160101.0800)\r\nDescription: Windows Command Processor\r\nProduct: Microsoft® Windows® Operating System\r\nCompany: Microsoft Corporation\r\nOriginalFileName: Cmd.Exe\r\nCommandLine: \"C:\\WINDOWS\\system32\\cmd.exe\" /c \"net use \\\\127.0.0.1\\IPC$ /user:baduser10 wrongpass10 2>nul\"\r\nCurrentDirectory: C:\\atomic\\\r\nUser: WIN-CL1\\coe55\r\nLogonGuid: {b7327453-590d-6a4e-3e81-3b0000000000}\r\nLogonId: 0x3B813E\r\nTerminalSessionId: 1\r\nIntegrityLevel: High\r\nHashes: MD5=C8B5D63042BC4BBB7F5C0F9E15B61F16,SHA256=9695CF4566DDF878A69C3D419E0DA4EEA87B0F24261AD8E79A3A9C4A9885429C,IMPHASH=B0F049C014592B156EB1FA857E99CEB9\r\nParentProcessGuid: {b7327453-ca05-6a4e-c903-000000002100}\r\nParentProcessId: 5972\r\nParentImage: C:\\Windows\\System32\\WindowsPowerShell\\v1.0\\powershell.exe\r\nParentCommandLine: \"C:\\Windows\\System32\\WindowsPowerShell\\v1.0\\powershell.exe\" \r\nParentUser: WIN-CL1\\coe55\""},"eventdata":{"utcTime":"2026-07-08 22:23:44.119","processGuid":"{b7327453-cdf0-6a4e-3004-000000002100}","processId":"9392","image":"C:\\\\Windows\\\\System32\\\\cmd.exe","fileVersion":"10.0.26100.7019 (WinBuild.160101.0800)","description":"Windows Command Processor","product":"Microsoft® Windows® Operating System","company":"Microsoft Corporation","originalFileName":"Cmd.Exe","commandLine":"\\\"C:\\\\WINDOWS\\\\system32\\\\cmd.exe\\\" /c \\\"net use \\\\\\\\127.0.0.1\\\\IPC$ /user:baduser10 wrongpass10 2&gt;nul\\\"","currentDirectory":"C:\\\\atomic\\\\","user":"WIN-CL1\\\\coe55","logonGuid":"{b7327453-590d-6a4e-3e81-3b0000000000}","logonId":"0x3b813e","terminalSessionId":"1","integrityLevel":"High","hashes":"MD5=C8B5D63042BC4BBB7F5C0F9E15B61F16,SHA256=9695CF4566DDF878A69C3D419E0DA4EEA87B0F24261AD8E79A3A9C4A9885429C,IMPHASH=B0F049C014592B156EB1FA857E99CEB9","parentProcessGuid":"{b7327453-ca05-6a4e-c903-000000002100}","parentProcessId":"5972","parentImage":"C:\\\\Windows\\\\System32\\\\WindowsPowerShell\\\\v1.0\\\\powershell.exe","parentCommandLine":"\\\"C:\\\\Windows\\\\System32\\\\WindowsPowerShell\\\\v1.0\\\\powershell.exe\\\"","parentUser":"WIN-CL1\\\\coe55"}}},"location":"EventChannel"}
{"timestamp":"2026-07-08T22:24:26.010+0000","rule":{"level":3,"description":"A C:\\\\Windows\\\\System32\\\\net.exe binary was started by a Windows cmd shell","id":"92036","mitre":{"id":["T1059.003","T1574.001"],"tactic":["Execution","Persistence","Privilege Escalation","Defense Evasion"],"technique":["Windows Command Shell","DLL Search Order Hijacking"]},"firedtimes":10,"mail":false,"groups":["sysmon","sysmon_eid1_detections","windows"]},"agent":{"id":"002","name":"WIN-CL1","ip":"192.168.20.104"},"manager":{"name":"wazuh.manager"},"id":"1783549466.81477157","decoder":{"name":"windows_eventchannel"},"data":{"win":{"system":{"providerName":"Microsoft-Windows-Sysmon","providerGuid":"{5770385f-c22a-43e0-bf4c-06f5698ffbd9}","eventID":"1","version":"5","level":"4","task":"1","opcode":"0","keywords":"0x8000000000000000","systemTime":"2026-07-08T22:23:44.1354604Z","eventRecordID":"52874","processID":"3216","threadID":"3584","channel":"Microsoft-Windows-Sysmon/Operational","computer":"WIN-CL1.lab.local","severityValue":"INFORMATION","message":"\"Process Create:\r\nRuleName: -\r\nUtcTime: 2026-07-08 22:23:44.132\r\nProcessGuid: {b7327453-cdf0-6a4e-3104-000000002100}\r\nProcessId: 4764\r\nImage: C:\\Windows\\System32\\net.exe\r\nFileVersion: 10.0.26100.7019 (WinBuild.160101.0800)\r\nDescription: Net Command\r\nProduct: Microsoft® Windows® Operating System\r\nCompany: Microsoft Corporation\r\nOriginalFileName: net.exe\r\nCommandLine: net  use \\\\127.0.0.1\\IPC$ /user:baduser10 wrongpass10 \r\nCurrentDirectory: C:\\atomic\\\r\nUser: WIN-CL1\\coe55\r\nLogonGuid: {b7327453-590d-6a4e-3e81-3b0000000000}\r\nLogonId: 0x3B813E\r\nTerminalSessionId: 1\r\nIntegrityLevel: High\r\nHashes: MD5=8A1E71312BD2AAE202652113049CDBD1,SHA256=BB3E638C8B5B6EF80847E364AEEF2796CAD25D3539CF9B41D3820FA48943E777,IMPHASH=EF46B86C2346DA0A991DE4B78AAF4E75\r\nParentProcessGuid: {b7327453-cdf0-6a4e-3004-000000002100}\r\nParentProcessId: 9392\r\nParentImage: C:\\Windows\\System32\\cmd.exe\r\nParentCommandLine: \"C:\\WINDOWS\\system32\\cmd.exe\" /c \"net use \\\\127.0.0.1\\IPC$ /user:baduser10 wrongpass10 2>nul\"\r\nParentUser: WIN-CL1\\coe55\""},"eventdata":{"utcTime":"2026-07-08 22:23:44.132","processGuid":"{b7327453-cdf0-6a4e-3104-000000002100}","processId":"4764","image":"C:\\\\Windows\\\\System32\\\\net.exe","fileVersion":"10.0.26100.7019 (WinBuild.160101.0800)","description":"Net Command","product":"Microsoft® Windows® Operating System","company":"Microsoft Corporation","originalFileName":"net.exe","commandLine":"net  use \\\\\\\\127.0.0.1\\\\IPC$ /user:baduser10 wrongpass10","currentDirectory":"C:\\\\atomic\\\\","user":"WIN-CL1\\\\coe55","logonGuid":"{b7327453-590d-6a4e-3e81-3b0000000000}","logonId":"0x3b813e","terminalSessionId":"1","integrityLevel":"High","hashes":"MD5=8A1E71312BD2AAE202652113049CDBD1,SHA256=BB3E638C8B5B6EF80847E364AEEF2796CAD25D3539CF9B41D3820FA48943E777,IMPHASH=EF46B86C2346DA0A991DE4B78AAF4E75","parentProcessGuid":"{b7327453-cdf0-6a4e-3004-000000002100}","parentProcessId":"9392","parentImage":"C:\\\\Windows\\\\System32\\\\cmd.exe","parentCommandLine":"\\\"C:\\\\WINDOWS\\\\system32\\\\cmd.exe\\\" /c \\\"net use \\\\\\\\127.0.0.1\\\\IPC$ /user:baduser10 wrongpass10 2&gt;nul\\\"","parentUser":"WIN-CL1\\\\coe55"}}},"location":"EventChannel"}
{"timestamp":"2026-07-08T22:24:26.045+0000","rule":{"level":5,"description":"Logon failure - Unknown user or bad password.","id":"60122","mitre":{"id":["T1078","T1531"],"tactic":["Defense Evasion","Persistence","Privilege Escalation","Initial Access","Impact"],"technique":["Valid Accounts","Account Access Removal"]},"firedtimes":9,"mail":false,"groups":["windows","windows_security","authentication_failed"],"gdpr":["IV_32.2","IV_35.7.d"],"gpg13":["7.1"],"hipaa":["164.312.b"],"nist_800_53":["AC.7","AU.14"],"pci_dss":["10.2.4","10.2.5"],"tsc":["CC6.1","CC6.8","CC7.2","CC7.3"]},"agent":{"id":"002","name":"WIN-CL1","ip":"192.168.20.104"},"manager":{"name":"wazuh.manager"},"id":"1783549466.81482884","decoder":{"name":"windows_eventchannel"},"data":{"win":{"system":{"providerName":"Microsoft-Windows-Security-Auditing","providerGuid":"{54849625-5478-4994-a5ba-3e3b0328c30d}","eventID":"4625","version":"0","level":"0","task":"12544","opcode":"0","keywords":"0x8010000000000000","systemTime":"2026-07-08T22:23:44.1638089Z","eventRecordID":"31154","processID":"812","threadID":"420","channel":"Security","computer":"WIN-CL1.lab.local","severityValue":"AUDIT_FAILURE","message":"\"An account failed to log on.\r\n\r\nSubject:\r\n\tSecurity ID:\t\tS-1-0-0\r\n\tAccount Name:\t\t-\r\n\tAccount Domain:\t\t-\r\n\tLogon ID:\t\t0x0\r\n\r\nLogon Type:\t\t\t3\r\n\r\nAccount For Which Logon Failed:\r\n\tSecurity ID:\t\tS-1-0-0\r\n\tAccount Name:\t\tbaduser10\r\n\tAccount Domain:\t\t-\r\n\r\nFailure Information:\r\n\tFailure Reason:\t\tUnknown user name or bad password.\r\n\tStatus:\t\t\t0xC000006D\r\n\tSub Status:\t\t0xC0000064\r\n\r\nProcess Information:\r\n\tCaller Process ID:\t0x0\r\n\tCaller Process Name:\t-\r\n\r\nNetwork Information:\r\n\tWorkstation Name:\tWIN-CL1\r\n\tSource Network Address:\t127.0.0.1\r\n\tSource Port:\t\t63545\r\n\r\nDetailed Authentication Information:\r\n\tLogon Process:\t\tNtLmSsp \r\n\tAuthentication Package:\tNTLM\r\n\tTransited Services:\t-\r\n\tPackage Name (NTLM only):\t-\r\n\tKey Length:\t\t0\r\n\r\nThis event is generated when a logon request fails. It is generated on the computer where access was attempted.\r\n\r\nThe Subject fields indicate the account on the local system which requested the logon. This is most commonly a service such as the Server service, or a local process such as Winlogon.exe or Services.exe.\r\n\r\nThe Logon Type field indicates the kind of logon that was requested. The most common types are 2 (interactive) and 3 (network).\r\n\r\nThe Process Information fields indicate which account and process on the system requested the logon.\r\n\r\nThe Network Information fields indicate where a remote logon request originated. Workstation name is not always available and may be left blank in some cases.\r\n\r\nThe authentication information fields provide detailed information about this specific logon request.\r\n\t- Transited services indicate which intermediate services have participated in this logon request.\r\n\t- Package name indicates which sub-protocol was used among the NTLM protocols.\r\n\t- Key length indicates the length of the generated session key. This will be 0 if no session key was requested.\""},"eventdata":{"subjectUserSid":"S-1-0-0","subjectLogonId":"0x0","targetUserSid":"S-1-0-0","targetUserName":"baduser10","status":"0xc000006d","failureReason":"%%2313","subStatus":"0xc0000064","logonType":"3","logonProcessName":"NtLmSsp","authenticationPackageName":"NTLM","workstationName":"WIN-CL1","keyLength":"0","processId":"0x0","ipAddress":"127.0.0.1","ipPort":"63545"}}},"location":"EventChannel"}
{"timestamp":"2026-07-08T22:24:30.123+0000","rule":{"level":4,"description":"Powershell process spawned Windows command shell instance","id":"92004","mitre":{"id":["T1059.003"],"tactic":["Execution"],"technique":["Windows Command Shell"]},"firedtimes":11,"mail":false,"groups":["sysmon","sysmon_eid1_detections","windows"]},"agent":{"id":"002","name":"WIN-CL1","ip":"192.168.20.104"},"manager":{"name":"wazuh.manager"},"id":"1783549470.81505838","decoder":{"name":"windows_eventchannel"},"data":{"win":{"system":{"providerName":"Microsoft-Windows-Sysmon","providerGuid":"{5770385f-c22a-43e0-bf4c-06f5698ffbd9}","eventID":"1","version":"5","level":"4","task":"1","opcode":"0","keywords":"0x8000000000000000","systemTime":"2026-07-08T22:23:48.2434366Z","eventRecordID":"52875","processID":"3216","threadID":"3584","channel":"Microsoft-Windows-Sysmon/Operational","computer":"WIN-CL1.lab.local","severityValue":"INFORMATION","message":"\"Process Create:\r\nRuleName: -\r\nUtcTime: 2026-07-08 22:23:48.237\r\nProcessGuid: {b7327453-cdf4-6a4e-3204-000000002100}\r\nProcessId: 4816\r\nImage: C:\\Windows\\System32\\cmd.exe\r\nFileVersion: 10.0.26100.7019 (WinBuild.160101.0800)\r\nDescription: Windows Command Processor\r\nProduct: Microsoft® Windows® Operating System\r\nCompany: Microsoft Corporation\r\nOriginalFileName: Cmd.Exe\r\nCommandLine: \"C:\\WINDOWS\\system32\\cmd.exe\" /c \"net use \\\\127.0.0.1\\IPC$ /user:baduser11 wrongpass11 2>nul\"\r\nCurrentDirectory: C:\\atomic\\\r\nUser: WIN-CL1\\coe55\r\nLogonGuid: {b7327453-590d-6a4e-3e81-3b0000000000}\r\nLogonId: 0x3B813E\r\nTerminalSessionId: 1\r\nIntegrityLevel: High\r\nHashes: MD5=C8B5D63042BC4BBB7F5C0F9E15B61F16,SHA256=9695CF4566DDF878A69C3D419E0DA4EEA87B0F24261AD8E79A3A9C4A9885429C,IMPHASH=B0F049C014592B156EB1FA857E99CEB9\r\nParentProcessGuid: {b7327453-ca05-6a4e-c903-000000002100}\r\nParentProcessId: 5972\r\nParentImage: C:\\Windows\\System32\\WindowsPowerShell\\v1.0\\powershell.exe\r\nParentCommandLine: \"C:\\Windows\\System32\\WindowsPowerShell\\v1.0\\powershell.exe\" \r\nParentUser: WIN-CL1\\coe55\""},"eventdata":{"utcTime":"2026-07-08 22:23:48.237","processGuid":"{b7327453-cdf4-6a4e-3204-000000002100}","processId":"4816","image":"C:\\\\Windows\\\\System32\\\\cmd.exe","fileVersion":"10.0.26100.7019 (WinBuild.160101.0800)","description":"Windows Command Processor","product":"Microsoft® Windows® Operating System","company":"Microsoft Corporation","originalFileName":"Cmd.Exe","commandLine":"\\\"C:\\\\WINDOWS\\\\system32\\\\cmd.exe\\\" /c \\\"net use \\\\\\\\127.0.0.1\\\\IPC$ /user:baduser11 wrongpass11 2&gt;nul\\\"","currentDirectory":"C:\\\\atomic\\\\","user":"WIN-CL1\\\\coe55","logonGuid":"{b7327453-590d-6a4e-3e81-3b0000000000}","logonId":"0x3b813e","terminalSessionId":"1","integrityLevel":"High","hashes":"MD5=C8B5D63042BC4BBB7F5C0F9E15B61F16,SHA256=9695CF4566DDF878A69C3D419E0DA4EEA87B0F24261AD8E79A3A9C4A9885429C,IMPHASH=B0F049C014592B156EB1FA857E99CEB9","parentProcessGuid":"{b7327453-ca05-6a4e-c903-000000002100}","parentProcessId":"5972","parentImage":"C:\\\\Windows\\\\System32\\\\WindowsPowerShell\\\\v1.0\\\\powershell.exe","parentCommandLine":"\\\"C:\\\\Windows\\\\System32\\\\WindowsPowerShell\\\\v1.0\\\\powershell.exe\\\"","parentUser":"WIN-CL1\\\\coe55"}}},"location":"EventChannel"}
{"timestamp":"2026-07-08T22:24:30.123+0000","rule":{"level":3,"description":"A C:\\\\Windows\\\\System32\\\\net.exe binary was started by a Windows cmd shell","id":"92036","mitre":{"id":["T1059.003","T1574.001"],"tactic":["Execution","Persistence","Privilege Escalation","Defense Evasion"],"technique":["Windows Command Shell","DLL Search Order Hijacking"]},"firedtimes":11,"mail":false,"groups":["sysmon","sysmon_eid1_detections","windows"]},"agent":{"id":"002","name":"WIN-CL1","ip":"192.168.20.104"},"manager":{"name":"wazuh.manager"},"id":"1783549470.81511778","decoder":{"name":"windows_eventchannel"},"data":{"win":{"system":{"providerName":"Microsoft-Windows-Sysmon","providerGuid":"{5770385f-c22a-43e0-bf4c-06f5698ffbd9}","eventID":"1","version":"5","level":"4","task":"1","opcode":"0","keywords":"0x8000000000000000","systemTime":"2026-07-08T22:23:48.2545683Z","eventRecordID":"52876","processID":"3216","threadID":"3584","channel":"Microsoft-Windows-Sysmon/Operational","computer":"WIN-CL1.lab.local","severityValue":"INFORMATION","message":"\"Process Create:\r\nRuleName: -\r\nUtcTime: 2026-07-08 22:23:48.251\r\nProcessGuid: {b7327453-cdf4-6a4e-3304-000000002100}\r\nProcessId: 8704\r\nImage: C:\\Windows\\System32\\net.exe\r\nFileVersion: 10.0.26100.7019 (WinBuild.160101.0800)\r\nDescription: Net Command\r\nProduct: Microsoft® Windows® Operating System\r\nCompany: Microsoft Corporation\r\nOriginalFileName: net.exe\r\nCommandLine: net  use \\\\127.0.0.1\\IPC$ /user:baduser11 wrongpass11 \r\nCurrentDirectory: C:\\atomic\\\r\nUser: WIN-CL1\\coe55\r\nLogonGuid: {b7327453-590d-6a4e-3e81-3b0000000000}\r\nLogonId: 0x3B813E\r\nTerminalSessionId: 1\r\nIntegrityLevel: High\r\nHashes: MD5=8A1E71312BD2AAE202652113049CDBD1,SHA256=BB3E638C8B5B6EF80847E364AEEF2796CAD25D3539CF9B41D3820FA48943E777,IMPHASH=EF46B86C2346DA0A991DE4B78AAF4E75\r\nParentProcessGuid: {b7327453-cdf4-6a4e-3204-000000002100}\r\nParentProcessId: 4816\r\nParentImage: C:\\Windows\\System32\\cmd.exe\r\nParentCommandLine: \"C:\\WINDOWS\\system32\\cmd.exe\" /c \"net use \\\\127.0.0.1\\IPC$ /user:baduser11 wrongpass11 2>nul\"\r\nParentUser: WIN-CL1\\coe55\""},"eventdata":{"utcTime":"2026-07-08 22:23:48.251","processGuid":"{b7327453-cdf4-6a4e-3304-000000002100}","processId":"8704","image":"C:\\\\Windows\\\\System32\\\\net.exe","fileVersion":"10.0.26100.7019 (WinBuild.160101.0800)","description":"Net Command","product":"Microsoft® Windows® Operating System","company":"Microsoft Corporation","originalFileName":"net.exe","commandLine":"net  use \\\\\\\\127.0.0.1\\\\IPC$ /user:baduser11 wrongpass11","currentDirectory":"C:\\\\atomic\\\\","user":"WIN-CL1\\\\coe55","logonGuid":"{b7327453-590d-6a4e-3e81-3b0000000000}","logonId":"0x3b813e","terminalSessionId":"1","integrityLevel":"High","hashes":"MD5=8A1E71312BD2AAE202652113049CDBD1,SHA256=BB3E638C8B5B6EF80847E364AEEF2796CAD25D3539CF9B41D3820FA48943E777,IMPHASH=EF46B86C2346DA0A991DE4B78AAF4E75","parentProcessGuid":"{b7327453-cdf4-6a4e-3204-000000002100}","parentProcessId":"4816","parentImage":"C:\\\\Windows\\\\System32\\\\cmd.exe","parentCommandLine":"\\\"C:\\\\WINDOWS\\\\system32\\\\cmd.exe\\\" /c \\\"net use \\\\\\\\127.0.0.1\\\\IPC$ /user:baduser11 wrongpass11 2&gt;nul\\\"","parentUser":"WIN-CL1\\\\coe55"}}},"location":"EventChannel"}
{"timestamp":"2026-07-08T22:24:30.173+0000","rule":{"level":5,"description":"Logon failure - Unknown user or bad password.","id":"60122","mitre":{"id":["T1078","T1531"],"tactic":["Defense Evasion","Persistence","Privilege Escalation","Initial Access","Impact"],"technique":["Valid Accounts","Account Access Removal"]},"firedtimes":10,"mail":false,"groups":["windows","windows_security","authentication_failed"],"gdpr":["IV_32.2","IV_35.7.d"],"gpg13":["7.1"],"hipaa":["164.312.b"],"nist_800_53":["AC.7","AU.14"],"pci_dss":["10.2.4","10.2.5"],"tsc":["CC6.1","CC6.8","CC7.2","CC7.3"]},"agent":{"id":"002","name":"WIN-CL1","ip":"192.168.20.104"},"manager":{"name":"wazuh.manager"},"id":"1783549470.81517505","decoder":{"name":"windows_eventchannel"},"data":{"win":{"system":{"providerName":"Microsoft-Windows-Security-Auditing","providerGuid":"{54849625-5478-4994-a5ba-3e3b0328c30d}","eventID":"4625","version":"0","level":"0","task":"12544","opcode":"0","keywords":"0x8010000000000000","systemTime":"2026-07-08T22:23:48.2863462Z","eventRecordID":"31156","processID":"812","threadID":"5876","channel":"Security","computer":"WIN-CL1.lab.local","severityValue":"AUDIT_FAILURE","message":"\"An account failed to log on.\r\n\r\nSubject:\r\n\tSecurity ID:\t\tS-1-0-0\r\n\tAccount Name:\t\t-\r\n\tAccount Domain:\t\t-\r\n\tLogon ID:\t\t0x0\r\n\r\nLogon Type:\t\t\t3\r\n\r\nAccount For Which Logon Failed:\r\n\tSecurity ID:\t\tS-1-0-0\r\n\tAccount Name:\t\tbaduser11\r\n\tAccount Domain:\t\t-\r\n\r\nFailure Information:\r\n\tFailure Reason:\t\tUnknown user name or bad password.\r\n\tStatus:\t\t\t0xC000006D\r\n\tSub Status:\t\t0xC0000064\r\n\r\nProcess Information:\r\n\tCaller Process ID:\t0x0\r\n\tCaller Process Name:\t-\r\n\r\nNetwork Information:\r\n\tWorkstation Name:\tWIN-CL1\r\n\tSource Network Address:\t127.0.0.1\r\n\tSource Port:\t\t63547\r\n\r\nDetailed Authentication Information:\r\n\tLogon Process:\t\tNtLmSsp \r\n\tAuthentication Package:\tNTLM\r\n\tTransited Services:\t-\r\n\tPackage Name (NTLM only):\t-\r\n\tKey Length:\t\t0\r\n\r\nThis event is generated when a logon request fails. It is generated on the computer where access was attempted.\r\n\r\nThe Subject fields indicate the account on the local system which requested the logon. This is most commonly a service such as the Server service, or a local process such as Winlogon.exe or Services.exe.\r\n\r\nThe Logon Type field indicates the kind of logon that was requested. The most common types are 2 (interactive) and 3 (network).\r\n\r\nThe Process Information fields indicate which account and process on the system requested the logon.\r\n\r\nThe Network Information fields indicate where a remote logon request originated. Workstation name is not always available and may be left blank in some cases.\r\n\r\nThe authentication information fields provide detailed information about this specific logon request.\r\n\t- Transited services indicate which intermediate services have participated in this logon request.\r\n\t- Package name indicates which sub-protocol was used among the NTLM protocols.\r\n\t- Key length indicates the length of the generated session key. This will be 0 if no session key was requested.\""},"eventdata":{"subjectUserSid":"S-1-0-0","subjectLogonId":"0x0","targetUserSid":"S-1-0-0","targetUserName":"baduser11","status":"0xc000006d","failureReason":"%%2313","subStatus":"0xc0000064","logonType":"3","logonProcessName":"NtLmSsp","authenticationPackageName":"NTLM","workstationName":"WIN-CL1","keyLength":"0","processId":"0x0","ipAddress":"127.0.0.1","ipPort":"63547"}}},"location":"EventChannel"}
{"timestamp":"2026-07-08T22:24:34.323+0000","rule":{"level":4,"description":"Powershell process spawned Windows command shell instance","id":"92004","mitre":{"id":["T1059.003"],"tactic":["Execution"],"technique":["Windows Command Shell"]},"firedtimes":12,"mail":false,"groups":["sysmon","sysmon_eid1_detections","windows"]},"agent":{"id":"002","name":"WIN-CL1","ip":"192.168.20.104"},"manager":{"name":"wazuh.manager"},"id":"1783549474.81540461","decoder":{"name":"windows_eventchannel"},"data":{"win":{"system":{"providerName":"Microsoft-Windows-Sysmon","providerGuid":"{5770385f-c22a-43e0-bf4c-06f5698ffbd9}","eventID":"1","version":"5","level":"4","task":"1","opcode":"0","keywords":"0x8000000000000000","systemTime":"2026-07-08T22:23:52.4475921Z","eventRecordID":"52877","processID":"3216","threadID":"3584","channel":"Microsoft-Windows-Sysmon/Operational","computer":"WIN-CL1.lab.local","severityValue":"INFORMATION","message":"\"Process Create:\r\nRuleName: -\r\nUtcTime: 2026-07-08 22:23:52.442\r\nProcessGuid: {b7327453-cdf8-6a4e-3404-000000002100}\r\nProcessId: 7376\r\nImage: C:\\Windows\\System32\\cmd.exe\r\nFileVersion: 10.0.26100.7019 (WinBuild.160101.0800)\r\nDescription: Windows Command Processor\r\nProduct: Microsoft® Windows® Operating System\r\nCompany: Microsoft Corporation\r\nOriginalFileName: Cmd.Exe\r\nCommandLine: \"C:\\WINDOWS\\system32\\cmd.exe\" /c \"net use \\\\127.0.0.1\\IPC$ /user:baduser12 wrongpass12 2>nul\"\r\nCurrentDirectory: C:\\atomic\\\r\nUser: WIN-CL1\\coe55\r\nLogonGuid: {b7327453-590d-6a4e-3e81-3b0000000000}\r\nLogonId: 0x3B813E\r\nTerminalSessionId: 1\r\nIntegrityLevel: High\r\nHashes: MD5=C8B5D63042BC4BBB7F5C0F9E15B61F16,SHA256=9695CF4566DDF878A69C3D419E0DA4EEA87B0F24261AD8E79A3A9C4A9885429C,IMPHASH=B0F049C014592B156EB1FA857E99CEB9\r\nParentProcessGuid: {b7327453-ca05-6a4e-c903-000000002100}\r\nParentProcessId: 5972\r\nParentImage: C:\\Windows\\System32\\WindowsPowerShell\\v1.0\\powershell.exe\r\nParentCommandLine: \"C:\\Windows\\System32\\WindowsPowerShell\\v1.0\\powershell.exe\" \r\nParentUser: WIN-CL1\\coe55\""},"eventdata":{"utcTime":"2026-07-08 22:23:52.442","processGuid":"{b7327453-cdf8-6a4e-3404-000000002100}","processId":"7376","image":"C:\\\\Windows\\\\System32\\\\cmd.exe","fileVersion":"10.0.26100.7019 (WinBuild.160101.0800)","description":"Windows Command Processor","product":"Microsoft® Windows® Operating System","company":"Microsoft Corporation","originalFileName":"Cmd.Exe","commandLine":"\\\"C:\\\\WINDOWS\\\\system32\\\\cmd.exe\\\" /c \\\"net use \\\\\\\\127.0.0.1\\\\IPC$ /user:baduser12 wrongpass12 2&gt;nul\\\"","currentDirectory":"C:\\\\atomic\\\\","user":"WIN-CL1\\\\coe55","logonGuid":"{b7327453-590d-6a4e-3e81-3b0000000000}","logonId":"0x3b813e","terminalSessionId":"1","integrityLevel":"High","hashes":"MD5=C8B5D63042BC4BBB7F5C0F9E15B61F16,SHA256=9695CF4566DDF878A69C3D419E0DA4EEA87B0F24261AD8E79A3A9C4A9885429C,IMPHASH=B0F049C014592B156EB1FA857E99CEB9","parentProcessGuid":"{b7327453-ca05-6a4e-c903-000000002100}","parentProcessId":"5972","parentImage":"C:\\\\Windows\\\\System32\\\\WindowsPowerShell\\\\v1.0\\\\powershell.exe","parentCommandLine":"\\\"C:\\\\Windows\\\\System32\\\\WindowsPowerShell\\\\v1.0\\\\powershell.exe\\\"","parentUser":"WIN-CL1\\\\coe55"}}},"location":"EventChannel"}
{"timestamp":"2026-07-08T22:24:34.325+0000","rule":{"level":3,"description":"A C:\\\\Windows\\\\System32\\\\net.exe binary was started by a Windows cmd shell","id":"92036","mitre":{"id":["T1059.003","T1574.001"],"tactic":["Execution","Persistence","Privilege Escalation","Defense Evasion"],"technique":["Windows Command Shell","DLL Search Order Hijacking"]},"firedtimes":12,"mail":false,"groups":["sysmon","sysmon_eid1_detections","windows"]},"agent":{"id":"002","name":"WIN-CL1","ip":"192.168.20.104"},"manager":{"name":"wazuh.manager"},"id":"1783549474.81546401","decoder":{"name":"windows_eventchannel"},"data":{"win":{"system":{"providerName":"Microsoft-Windows-Sysmon","providerGuid":"{5770385f-c22a-43e0-bf4c-06f5698ffbd9}","eventID":"1","version":"5","level":"4","task":"1","opcode":"0","keywords":"0x8000000000000000","systemTime":"2026-07-08T22:23:52.4583745Z","eventRecordID":"52878","processID":"3216","threadID":"3584","channel":"Microsoft-Windows-Sysmon/Operational","computer":"WIN-CL1.lab.local","severityValue":"INFORMATION","message":"\"Process Create:\r\nRuleName: -\r\nUtcTime: 2026-07-08 22:23:52.455\r\nProcessGuid: {b7327453-cdf8-6a4e-3504-000000002100}\r\nProcessId: 5704\r\nImage: C:\\Windows\\System32\\net.exe\r\nFileVersion: 10.0.26100.7019 (WinBuild.160101.0800)\r\nDescription: Net Command\r\nProduct: Microsoft® Windows® Operating System\r\nCompany: Microsoft Corporation\r\nOriginalFileName: net.exe\r\nCommandLine: net  use \\\\127.0.0.1\\IPC$ /user:baduser12 wrongpass12 \r\nCurrentDirectory: C:\\atomic\\\r\nUser: WIN-CL1\\coe55\r\nLogonGuid: {b7327453-590d-6a4e-3e81-3b0000000000}\r\nLogonId: 0x3B813E\r\nTerminalSessionId: 1\r\nIntegrityLevel: High\r\nHashes: MD5=8A1E71312BD2AAE202652113049CDBD1,SHA256=BB3E638C8B5B6EF80847E364AEEF2796CAD25D3539CF9B41D3820FA48943E777,IMPHASH=EF46B86C2346DA0A991DE4B78AAF4E75\r\nParentProcessGuid: {b7327453-cdf8-6a4e-3404-000000002100}\r\nParentProcessId: 7376\r\nParentImage: C:\\Windows\\System32\\cmd.exe\r\nParentCommandLine: \"C:\\WINDOWS\\system32\\cmd.exe\" /c \"net use \\\\127.0.0.1\\IPC$ /user:baduser12 wrongpass12 2>nul\"\r\nParentUser: WIN-CL1\\coe55\""},"eventdata":{"utcTime":"2026-07-08 22:23:52.455","processGuid":"{b7327453-cdf8-6a4e-3504-000000002100}","processId":"5704","image":"C:\\\\Windows\\\\System32\\\\net.exe","fileVersion":"10.0.26100.7019 (WinBuild.160101.0800)","description":"Net Command","product":"Microsoft® Windows® Operating System","company":"Microsoft Corporation","originalFileName":"net.exe","commandLine":"net  use \\\\\\\\127.0.0.1\\\\IPC$ /user:baduser12 wrongpass12","currentDirectory":"C:\\\\atomic\\\\","user":"WIN-CL1\\\\coe55","logonGuid":"{b7327453-590d-6a4e-3e81-3b0000000000}","logonId":"0x3b813e","terminalSessionId":"1","integrityLevel":"High","hashes":"MD5=8A1E71312BD2AAE202652113049CDBD1,SHA256=BB3E638C8B5B6EF80847E364AEEF2796CAD25D3539CF9B41D3820FA48943E777,IMPHASH=EF46B86C2346DA0A991DE4B78AAF4E75","parentProcessGuid":"{b7327453-cdf8-6a4e-3404-000000002100}","parentProcessId":"7376","parentImage":"C:\\\\Windows\\\\System32\\\\cmd.exe","parentCommandLine":"\\\"C:\\\\WINDOWS\\\\system32\\\\cmd.exe\\\" /c \\\"net use \\\\\\\\127.0.0.1\\\\IPC$ /user:baduser12 wrongpass12 2&gt;nul\\\"","parentUser":"WIN-CL1\\\\coe55"}}},"location":"EventChannel"}
{"timestamp":"2026-07-08T22:24:40.840+0000","rule":{"level":3,"description":"Windows logon success.","id":"60106","mitre":{"id":["T1078"],"tactic":["Defense Evasion","Persistence","Privilege Escalation","Initial Access"],"technique":["Valid Accounts"]},"firedtimes":18,"mail":false,"groups":["windows","windows_security","authentication_success"],"gdpr":["IV_32.2"],"gpg13":["7.1","7.2"],"hipaa":["164.312.b"],"nist_800_53":["AC.7","AU.14"],"pci_dss":["10.2.5"],"tsc":["CC6.8","CC7.2","CC7.3"]},"agent":{"id":"002","name":"WIN-CL1","ip":"192.168.20.104"},"manager":{"name":"wazuh.manager"},"id":"1783549480.81560555","decoder":{"name":"windows_eventchannel"},"data":{"win":{"system":{"providerName":"Microsoft-Windows-Security-Auditing","providerGuid":"{54849625-5478-4994-a5ba-3e3b0328c30d}","eventID":"4624","version":"3","level":"0","task":"12544","opcode":"0","keywords":"0x8020000000000000","systemTime":"2026-07-08T22:23:58.9532650Z","eventRecordID":"31158","processID":"812","threadID":"2676","channel":"Security","computer":"WIN-CL1.lab.local","severityValue":"AUDIT_SUCCESS","message":"\"An account was successfully logged on.\r\n\r\nSubject:\r\n\tSecurity ID:\t\tS-1-5-18\r\n\tAccount Name:\t\tWIN-CL1$\r\n\tAccount Domain:\t\tLAB\r\n\tLogon ID:\t\t0x3E7\r\n\r\nLogon Information:\r\n\tLogon Type:\t\t5\r\n\tRestricted Admin Mode:\t-\r\n\tRemote Credential Guard:\t-\r\n\tVirtual Account:\t\tNo\r\n\tElevated Token:\t\tYes\r\n\r\nImpersonation Level:\t\tImpersonation\r\n\r\nNew Logon:\r\n\tSecurity ID:\t\tS-1-5-18\r\n\tAccount Name:\t\tSYSTEM\r\n\tAccount Domain:\t\tNT AUTHORITY\r\n\tLogon ID:\t\t0x3E7\r\n\tLinked Logon ID:\t\t0x0\r\n\tNetwork Account Name:\t-\r\n\tNetwork Account Domain:\t-\r\n\tLogon GUID:\t\t{00000000-0000-0000-0000-000000000000}\r\n\r\nProcess Information:\r\n\tProcess ID:\t\t0x31c\r\n\tProcess Name:\t\tC:\\Windows\\System32\\services.exe\r\n\r\nNetwork Information:\r\n\tWorkstation Name:\t-\r\n\tSource Network Address:\t-\r\n\tSource Port:\t\t-\r\n\r\nDetailed Authentication Information:\r\n\tLogon Process:\t\tAdvapi  \r\n\tAuthentication Package:\tNegotiate\r\n\tTransited Services:\t-\r\n\tPackage Name (NTLM only):\t-\r\n\tKey Length:\t\t0\r\n\r\nThis event is generated when a logon session is created. It is generated on the computer that was accessed.\r\n\r\nThe subject fields indicate the account on the local system which requested the logon. This is most commonly a service such as the Server service, or a local process such as Winlogon.exe or Services.exe.\r\n\r\nThe logon type field indicates the kind of logon that occurred. The most common types are 2 (interactive) and 3 (network).\r\n\r\nThe New Logon fields indicate the account for whom the new logon was created, i.e. the account that was logged on.\r\n\r\nThe network fields indicate where a remote logon request originated. Workstation name is not always available and may be left blank in some cases.\r\n\r\nThe impersonation level field indicates the extent to which a process in the logon session can impersonate.\r\n\r\nThe authentication information fields provide detailed information about this specific logon request.\r\n\t- Logon GUID is a unique identifier that can be used to correlate this event with a KDC event.\r\n\t- Transited services indicate which intermediate services have participated in this logon request.\r\n\t- Package name indicates which sub-protocol was used among the NTLM protocols.\r\n\t- Key length indicates the length of the generated session key. This will be 0 if no session key was requested.\""},"eventdata":{"subjectUserSid":"S-1-5-18","subjectUserName":"WIN-CL1$","subjectDomainName":"LAB","subjectLogonId":"0x3e7","targetUserSid":"S-1-5-18","targetUserName":"SYSTEM","targetDomainName":"NT AUTHORITY","targetLogonId":"0x3e7","logonType":"5","logonProcessName":"Advapi","authenticationPackageName":"Negotiate","logonGuid":"{00000000-0000-0000-0000-000000000000}","keyLength":"0","processId":"0x31c","processName":"C:\\\\Windows\\\\System32\\\\services.exe","impersonationLevel":"%%1833","virtualAccount":"%%1843","targetLinkedLogonId":"0x0","elevatedToken":"%%1842"}}},"location":"EventChannel"}
{"timestamp":"2026-07-08T22:24:47.633+0000","rule":{"level":5,"description":"Logon failure - Unknown user or bad password.","id":"60122","mitre":{"id":["T1078","T1531"],"tactic":["Defense Evasion","Persistence","Privilege Escalation","Initial Access","Impact"],"technique":["Valid Accounts","Account Access Removal"]},"firedtimes":11,"mail":false,"groups":["windows","windows_security","authentication_failed"],"gdpr":["IV_32.2","IV_35.7.d"],"gpg13":["7.1"],"hipaa":["164.312.b"],"nist_800_53":["AC.7","AU.14"],"pci_dss":["10.2.4","10.2.5"],"tsc":["CC6.1","CC6.8","CC7.2","CC7.3"]},"agent":{"id":"002","name":"WIN-CL1","ip":"192.168.20.104"},"manager":{"name":"wazuh.manager"},"id":"1783549487.81567882","decoder":{"name":"windows_eventchannel"},"data":{"win":{"system":{"providerName":"Microsoft-Windows-Security-Auditing","providerGuid":"{54849625-5478-4994-a5ba-3e3b0328c30d}","eventID":"4625","version":"0","level":"0","task":"12544","opcode":"0","keywords":"0x8010000000000000","systemTime":"2026-07-08T22:24:05.7876691Z","eventRecordID":"31159","processID":"812","threadID":"5196","channel":"Security","computer":"WIN-CL1.lab.local","severityValue":"AUDIT_FAILURE","message":"\"An account failed to log on.\r\n\r\nSubject:\r\n\tSecurity ID:\t\tS-1-5-18\r\n\tAccount Name:\t\tWIN-CL1$\r\n\tAccount Domain:\t\tLAB\r\n\tLogon ID:\t\t0x3E7\r\n\r\nLogon Type:\t\t\t2\r\n\r\nAccount For Which Logon Failed:\r\n\tSecurity ID:\t\tS-1-0-0\r\n\tAccount Name:\t\t-\r\n\tAccount Domain:\t\t-\r\n\r\nFailure Information:\r\n\tFailure Reason:\t\tAn Error occured during Logon.\r\n\tStatus:\t\t\t0xC000006D\r\n\tSub Status:\t\t0xC0000380\r\n\r\nProcess Information:\r\n\tCaller Process ID:\t0x5f8\r\n\tCaller Process Name:\tC:\\Windows\\System32\\svchost.exe\r\n\r\nNetwork Information:\r\n\tWorkstation Name:\t-\r\n\tSource Network Address:\t127.0.0.1\r\n\tSource Port:\t\t0\r\n\r\nDetailed Authentication Information:\r\n\tLogon Process:\t\tUser32 \r\n\tAuthentication Package:\tNegotiate\r\n\tTransited Services:\t-\r\n\tPackage Name (NTLM only):\t-\r\n\tKey Length:\t\t0\r\n\r\nThis event is generated when a logon request fails. It is generated on the computer where access was attempted.\r\n\r\nThe Subject fields indicate the account on the local system which requested the logon. This is most commonly a service such as the Server service, or a local process such as Winlogon.exe or Services.exe.\r\n\r\nThe Logon Type field indicates the kind of logon that was requested. The most common types are 2 (interactive) and 3 (network).\r\n\r\nThe Process Information fields indicate which account and process on the system requested the logon.\r\n\r\nThe Network Information fields indicate where a remote logon request originated. Workstation name is not always available and may be left blank in some cases.\r\n\r\nThe authentication information fields provide detailed information about this specific logon request.\r\n\t- Transited services indicate which intermediate services have participated in this logon request.\r\n\t- Package name indicates which sub-protocol was used among the NTLM protocols.\r\n\t- Key length indicates the length of the generated session key. This will be 0 if no session key was requested.\""},"eventdata":{"subjectUserSid":"S-1-5-18","subjectUserName":"WIN-CL1$","subjectDomainName":"LAB","subjectLogonId":"0x3e7","targetUserSid":"S-1-0-0","status":"0xc000006d","failureReason":"%%2304","subStatus":"0xc0000380","logonType":"2","logonProcessName":"User32","authenticationPackageName":"Negotiate","keyLength":"0","processId":"0x5f8","processName":"C:\\\\Windows\\\\System32\\\\svchost.exe","ipAddress":"127.0.0.1","ipPort":"0"}}},"location":"EventChannel"}
{"timestamp":"2026-07-08T22:24:53.349+0000","rule":{"level":3,"description":"Windows logon success.","id":"60106","mitre":{"id":["T1078"],"tactic":["Defense Evasion","Persistence","Privilege Escalation","Initial Access"],"technique":["Valid Accounts"]},"firedtimes":19,"mail":false,"groups":["windows","windows_security","authentication_success"],"gdpr":["IV_32.2"],"gpg13":["7.1","7.2"],"hipaa":["164.312.b"],"nist_800_53":["AC.7","AU.14"],"pci_dss":["10.2.5"],"tsc":["CC6.8","CC7.2","CC7.3"]},"agent":{"id":"002","name":"WIN-CL1","ip":"192.168.20.104"},"manager":{"name":"wazuh.manager"},"id":"1783549493.81583272","decoder":{"name":"windows_eventchannel"},"data":{"win":{"system":{"providerName":"Microsoft-Windows-Security-Auditing","providerGuid":"{54849625-5478-4994-a5ba-3e3b0328c30d}","eventID":"4624","version":"3","level":"0","task":"12544","opcode":"0","keywords":"0x8020000000000000","systemTime":"2026-07-08T22:24:11.4525625Z","eventRecordID":"31161","processID":"812","threadID":"5196","channel":"Security","computer":"WIN-CL1.lab.local","severityValue":"AUDIT_SUCCESS","message":"\"An account was successfully logged on.\r\n\r\nSubject:\r\n\tSecurity ID:\t\tS-1-5-18\r\n\tAccount Name:\t\tWIN-CL1$\r\n\tAccount Domain:\t\tLAB\r\n\tLogon ID:\t\t0x3E7\r\n\r\nLogon Information:\r\n\tLogon Type:\t\t11\r\n\tRestricted Admin Mode:\t-\r\n\tRemote Credential Guard:\t-\r\n\tVirtual Account:\t\tNo\r\n\tElevated Token:\t\tYes\r\n\r\nImpersonation Level:\t\tImpersonation\r\n\r\nNew Logon:\r\n\tSecurity ID:\t\tS-1-5-21-907119091-1850645056-1411410302-1001\r\n\tAccount Name:\t\tlab-user-1\r\n\tAccount Domain:\t\tMicrosoftAccount\r\n\tLogon ID:\t\t0x132896D\r\n\tLinked Logon ID:\t\t0x13289B9\r\n\tNetwork Account Name:\t-\r\n\tNetwork Account Domain:\t-\r\n\tLogon GUID:\t\t{00000000-0000-0000-0000-000000000000}\r\n\r\nProcess Information:\r\n\tProcess ID:\t\t0x5f8\r\n\tProcess Name:\t\tC:\\Windows\\System32\\svchost.exe\r\n\r\nNetwork Information:\r\n\tWorkstation Name:\tWIN-CL1\r\n\tSource Network Address:\t127.0.0.1\r\n\tSource Port:\t\t0\r\n\r\nDetailed Authentication Information:\r\n\tLogon Process:\t\tUser32 \r\n\tAuthentication Package:\tNegotiate\r\n\tTransited Services:\t-\r\n\tPackage Name (NTLM only):\t-\r\n\tKey Length:\t\t0\r\n\r\nThis event is generated when a logon session is created. It is generated on the computer that was accessed.\r\n\r\nThe subject fields indicate the account on the local system which requested the logon. This is most commonly a service such as the Server service, or a local process such as Winlogon.exe or Services.exe.\r\n\r\nThe logon type field indicates the kind of logon that occurred. The most common types are 2 (interactive) and 3 (network).\r\n\r\nThe New Logon fields indicate the account for whom the new logon was created, i.e. the account that was logged on.\r\n\r\nThe network fields indicate where a remote logon request originated. Workstation name is not always available and may be left blank in some cases.\r\n\r\nThe impersonation level field indicates the extent to which a process in the logon session can impersonate.\r\n\r\nThe authentication information fields provide detailed information about this specific logon request.\r\n\t- Logon GUID is a unique identifier that can be used to correlate this event with a KDC event.\r\n\t- Transited services indicate which intermediate services have participated in this logon request.\r\n\t- Package name indicates which sub-protocol was used among the NTLM protocols.\r\n\t- Key length indicates the length of the generated session key. This will be 0 if no session key was requested.\""},"eventdata":{"subjectUserSid":"S-1-5-18","subjectUserName":"WIN-CL1$","subjectDomainName":"LAB","subjectLogonId":"0x3e7","targetUserSid":"S-1-5-21-907119091-1850645056-1411410302-1001","targetUserName":"lab-user-1","targetDomainName":"MicrosoftAccount","targetLogonId":"0x132896d","logonType":"11","logonProcessName":"User32","authenticationPackageName":"Negotiate","workstationName":"WIN-CL1","logonGuid":"{00000000-0000-0000-0000-000000000000}","keyLength":"0","processId":"0x5f8","processName":"C:\\\\Windows\\\\System32\\\\svchost.exe","ipAddress":"127.0.0.1","ipPort":"0","impersonationLevel":"%%1833","virtualAccount":"%%1843","targetLinkedLogonId":"0x13289b9","elevatedToken":"%%1842"}}},"location":"EventChannel"}
{"timestamp":"2026-07-08T22:24:53.365+0000","rule":{"level":3,"description":"Windows logon success.","id":"60106","mitre":{"id":["T1078"],"tactic":["Defense Evasion","Persistence","Privilege Escalation","Initial Access"],"technique":["Valid Accounts"]},"firedtimes":20,"mail":false,"groups":["windows","windows_security","authentication_success"],"gdpr":["IV_32.2"],"gpg13":["7.1","7.2"],"hipaa":["164.312.b"],"nist_800_53":["AC.7","AU.14"],"pci_dss":["10.2.5"],"tsc":["CC6.8","CC7.2","CC7.3"]},"agent":{"id":"002","name":"WIN-CL1","ip":"192.168.20.104"},"manager":{"name":"wazuh.manager"},"id":"1783549493.81591044","decoder":{"name":"windows_eventchannel"},"data":{"win":{"system":{"providerName":"Microsoft-Windows-Security-Auditing","providerGuid":"{54849625-5478-4994-a5ba-3e3b0328c30d}","eventID":"4624","version":"3","level":"0","task":"12544","opcode":"0","keywords":"0x8020000000000000","systemTime":"2026-07-08T22:24:11.4525720Z","eventRecordID":"31162","processID":"812","threadID":"5196","channel":"Security","computer":"WIN-CL1.lab.local","severityValue":"AUDIT_SUCCESS","message":"\"An account was successfully logged on.\r\n\r\nSubject:\r\n\tSecurity ID:\t\tS-1-5-18\r\n\tAccount Name:\t\tWIN-CL1$\r\n\tAccount Domain:\t\tLAB\r\n\tLogon ID:\t\t0x3E7\r\n\r\nLogon Information:\r\n\tLogon Type:\t\t11\r\n\tRestricted Admin Mode:\t-\r\n\tRemote Credential Guard:\t-\r\n\tVirtual Account:\t\tNo\r\n\tElevated Token:\t\tNo\r\n\r\nImpersonation Level:\t\tImpersonation\r\n\r\nNew Logon:\r\n\tSecurity ID:\t\tS-1-5-21-907119091-1850645056-1411410302-1001\r\n\tAccount Name:\t\tlab-user-1\r\n\tAccount Domain:\t\tMicrosoftAccount\r\n\tLogon ID:\t\t0x13289B9\r\n\tLinked Logon ID:\t\t0x132896D\r\n\tNetwork Account Name:\t-\r\n\tNetwork Account Domain:\t-\r\n\tLogon GUID:\t\t{00000000-0000-0000-0000-000000000000}\r\n\r\nProcess Information:\r\n\tProcess ID:\t\t0x5f8\r\n\tProcess Name:\t\tC:\\Windows\\System32\\svchost.exe\r\n\r\nNetwork Information:\r\n\tWorkstation Name:\tWIN-CL1\r\n\tSource Network Address:\t127.0.0.1\r\n\tSource Port:\t\t0\r\n\r\nDetailed Authentication Information:\r\n\tLogon Process:\t\tUser32 \r\n\tAuthentication Package:\tNegotiate\r\n\tTransited Services:\t-\r\n\tPackage Name (NTLM only):\t-\r\n\tKey Length:\t\t0\r\n\r\nThis event is generated when a logon session is created. It is generated on the computer that was accessed.\r\n\r\nThe subject fields indicate the account on the local system which requested the logon. This is most commonly a service such as the Server service, or a local process such as Winlogon.exe or Services.exe.\r\n\r\nThe logon type field indicates the kind of logon that occurred. The most common types are 2 (interactive) and 3 (network).\r\n\r\nThe New Logon fields indicate the account for whom the new logon was created, i.e. the account that was logged on.\r\n\r\nThe network fields indicate where a remote logon request originated. Workstation name is not always available and may be left blank in some cases.\r\n\r\nThe impersonation level field indicates the extent to which a process in the logon session can impersonate.\r\n\r\nThe authentication information fields provide detailed information about this specific logon request.\r\n\t- Logon GUID is a unique identifier that can be used to correlate this event with a KDC event.\r\n\t- Transited services indicate which intermediate services have participated in this logon request.\r\n\t- Package name indicates which sub-protocol was used among the NTLM protocols.\r\n\t- Key length indicates the length of the generated session key. This will be 0 if no session key was requested.\""},"eventdata":{"subjectUserSid":"S-1-5-18","subjectUserName":"WIN-CL1$","subjectDomainName":"LAB","subjectLogonId":"0x3e7","targetUserSid":"S-1-5-21-907119091-1850645056-1411410302-1001","targetUserName":"lab-user-1","targetDomainName":"MicrosoftAccount","targetLogonId":"0x13289b9","logonType":"11","logonProcessName":"User32","authenticationPackageName":"Negotiate","workstationName":"WIN-CL1","logonGuid":"{00000000-0000-0000-0000-000000000000}","keyLength":"0","processId":"0x5f8","processName":"C:\\\\Windows\\\\System32\\\\svchost.exe","ipAddress":"127.0.0.1","ipPort":"0","impersonationLevel":"%%1833","virtualAccount":"%%1843","targetLinkedLogonId":"0x132896d","elevatedToken":"%%1843"}}},"location":"EventChannel"}
{"timestamp":"2026-07-08T22:24:53.381+0000","rule":{"level":3,"description":"Windows logon success.","id":"60106","mitre":{"id":["T1078"],"tactic":["Defense Evasion","Persistence","Privilege Escalation","Initial Access"],"technique":["Valid Accounts"]},"firedtimes":21,"mail":false,"groups":["windows","windows_security","authentication_success"],"gdpr":["IV_32.2"],"gpg13":["7.1","7.2"],"hipaa":["164.312.b"],"nist_800_53":["AC.7","AU.14"],"pci_dss":["10.2.5"],"tsc":["CC6.8","CC7.2","CC7.3"]},"agent":{"id":"002","name":"WIN-CL1","ip":"192.168.20.104"},"manager":{"name":"wazuh.manager"},"id":"1783549493.81598814","decoder":{"name":"windows_eventchannel"},"data":{"win":{"system":{"providerName":"Microsoft-Windows-Security-Auditing","providerGuid":"{54849625-5478-4994-a5ba-3e3b0328c30d}","eventID":"4624","version":"3","level":"0","task":"12544","opcode":"0","keywords":"0x8020000000000000","systemTime":"2026-07-08T22:24:11.6039653Z","eventRecordID":"31164","processID":"812","threadID":"4456","channel":"Security","computer":"WIN-CL1.lab.local","severityValue":"AUDIT_SUCCESS","message":"\"An account was successfully logged on.\r\n\r\nSubject:\r\n\tSecurity ID:\t\tS-1-5-18\r\n\tAccount Name:\t\tWIN-CL1$\r\n\tAccount Domain:\t\tLAB\r\n\tLogon ID:\t\t0x3E7\r\n\r\nLogon Information:\r\n\tLogon Type:\t\t7\r\n\tRestricted Admin Mode:\t-\r\n\tRemote Credential Guard:\t-\r\n\tVirtual Account:\t\tNo\r\n\tElevated Token:\t\tYes\r\n\r\nImpersonation Level:\t\tImpersonation\r\n\r\nNew Logon:\r\n\tSecurity ID:\t\tS-1-5-21-907119091-1850645056-1411410302-1001\r\n\tAccount Name:\t\tlab-user-1\r\n\tAccount Domain:\t\tMicrosoftAccount\r\n\tLogon ID:\t\t0x132A6CB\r\n\tLinked Logon ID:\t\t0x132A891\r\n\tNetwork Account Name:\t-\r\n\tNetwork Account Domain:\t-\r\n\tLogon GUID:\t\t{00000000-0000-0000-0000-000000000000}\r\n\r\nProcess Information:\r\n\tProcess ID:\t\t0x32c\r\n\tProcess Name:\t\tC:\\Windows\\System32\\lsass.exe\r\n\r\nNetwork Information:\r\n\tWorkstation Name:\tWIN-CL1\r\n\tSource Network Address:\t-\r\n\tSource Port:\t\t-\r\n\r\nDetailed Authentication Information:\r\n\tLogon Process:\t\tNegotiat\r\n\tAuthentication Package:\tNegotiate\r\n\tTransited Services:\t-\r\n\tPackage Name (NTLM only):\t-\r\n\tKey Length:\t\t0\r\n\r\nThis event is generated when a logon session is created. It is generated on the computer that was accessed.\r\n\r\nThe subject fields indicate the account on the local system which requested the logon. This is most commonly a service such as the Server service, or a local process such as Winlogon.exe or Services.exe.\r\n\r\nThe logon type field indicates the kind of logon that occurred. The most common types are 2 (interactive) and 3 (network).\r\n\r\nThe New Logon fields indicate the account for whom the new logon was created, i.e. the account that was logged on.\r\n\r\nThe network fields indicate where a remote logon request originated. Workstation name is not always available and may be left blank in some cases.\r\n\r\nThe impersonation level field indicates the extent to which a process in the logon session can impersonate.\r\n\r\nThe authentication information fields provide detailed information about this specific logon request.\r\n\t- Logon GUID is a unique identifier that can be used to correlate this event with a KDC event.\r\n\t- Transited services indicate which intermediate services have participated in this logon request.\r\n\t- Package name indicates which sub-protocol was used among the NTLM protocols.\r\n\t- Key length indicates the length of the generated session key. This will be 0 if no session key was requested.\""},"eventdata":{"subjectUserSid":"S-1-5-18","subjectUserName":"WIN-CL1$","subjectDomainName":"LAB","subjectLogonId":"0x3e7","targetUserSid":"S-1-5-21-907119091-1850645056-1411410302-1001","targetUserName":"lab-user-1","targetDomainName":"MicrosoftAccount","targetLogonId":"0x132a6cb","logonType":"7","logonProcessName":"Negotiat","authenticationPackageName":"Negotiate","workstationName":"WIN-CL1","logonGuid":"{00000000-0000-0000-0000-000000000000}","keyLength":"0","processId":"0x32c","processName":"C:\\\\Windows\\\\System32\\\\lsass.exe","impersonationLevel":"%%1833","virtualAccount":"%%1843","targetLinkedLogonId":"0x132a891","elevatedToken":"%%1842"}}},"location":"EventChannel"}
