{"timestamp":"2026-07-12T11:42:28.680+0000","rule":{"level":3,"description":"Windows logon success.","id":"60106","mitre":{"id":["T1078"],"tactic":["Defense Evasion","Persistence","Privilege Escalation","Initial Access"],"technique":["Valid Accounts"]},"firedtimes":222,"mail":false,"groups":["windows","windows_security","authentication_success"],"gdpr":["IV_32.2"],"gpg13":["7.1","7.2"],"hipaa":["164.312.b"],"nist_800_53":["AC.7","AU.14"],"pci_dss":["10.2.5"],"tsc":["CC6.8","CC7.2","CC7.3"]},"agent":{"id":"002","name":"WIN-CL1","ip":"192.168.20.104"},"manager":{"name":"wazuh.manager"},"id":"1783856548.4643193","decoder":{"name":"windows_eventchannel"},"data":{"win":{"system":{"providerName":"Microsoft-Windows-Security-Auditing","providerGuid":"{54849625-5478-4994-a5ba-3e3b0328c30d}","eventID":"4624","version":"3","level":"0","task":"12544","opcode":"0","keywords":"0x8020000000000000","systemTime":"2026-07-12T11:42:28.6317131Z","eventRecordID":"31518","processID":"820","threadID":"4764","channel":"Security","computer":"WIN-CL1.lab.local","severityValue":"AUDIT_SUCCESS","message":"\"An account was successfully logged on.\r\n\r\nSubject:\r\n\tSecurity ID:\t\tS-1-5-18\r\n\tAccount Name:\t\tWIN-CL1$\r\n\tAccount Domain:\t\tLAB\r\n\tLogon ID:\t\t0x3E7\r\n\r\nLogon Information:\r\n\tLogon Type:\t\t5\r\n\tRestricted Admin Mode:\t-\r\n\tRemote Credential Guard:\t-\r\n\tVirtual Account:\t\tNo\r\n\tElevated Token:\t\tYes\r\n\r\nImpersonation Level:\t\tImpersonation\r\n\r\nNew Logon:\r\n\tSecurity ID:\t\tS-1-5-18\r\n\tAccount Name:\t\tSYSTEM\r\n\tAccount Domain:\t\tNT AUTHORITY\r\n\tLogon ID:\t\t0x3E7\r\n\tLinked Logon ID:\t\t0x0\r\n\tNetwork Account Name:\t-\r\n\tNetwork Account Domain:\t-\r\n\tLogon GUID:\t\t{00000000-0000-0000-0000-000000000000}\r\n\r\nProcess Information:\r\n\tProcess ID:\t\t0x324\r\n\tProcess Name:\t\tC:\\Windows\\System32\\services.exe\r\n\r\nNetwork Information:\r\n\tWorkstation Name:\t-\r\n\tSource Network Address:\t-\r\n\tSource Port:\t\t-\r\n\r\nDetailed Authentication Information:\r\n\tLogon Process:\t\tAdvapi  \r\n\tAuthentication Package:\tNegotiate\r\n\tTransited Services:\t-\r\n\tPackage Name (NTLM only):\t-\r\n\tKey Length:\t\t0\r\n\r\nThis event is generated when a logon session is created. It is generated on the computer that was accessed.\r\n\r\nThe subject fields indicate the account on the local system which requested the logon. This is most commonly a service such as the Server service, or a local process such as Winlogon.exe or Services.exe.\r\n\r\nThe logon type field indicates the kind of logon that occurred. The most common types are 2 (interactive) and 3 (network).\r\n\r\nThe New Logon fields indicate the account for whom the new logon was created, i.e. the account that was logged on.\r\n\r\nThe network fields indicate where a remote logon request originated. Workstation name is not always available and may be left blank in some cases.\r\n\r\nThe impersonation level field indicates the extent to which a process in the logon session can impersonate.\r\n\r\nThe authentication information fields provide detailed information about this specific logon request.\r\n\t- Logon GUID is a unique identifier that can be used to correlate this event with a KDC event.\r\n\t- Transited services indicate which intermediate services have participated in this logon request.\r\n\t- Package name indicates which sub-protocol was used among the NTLM protocols.\r\n\t- Key length indicates the length of the generated session key. This will be 0 if no session key was requested.\""},"eventdata":{"subjectUserSid":"S-1-5-18","subjectUserName":"WIN-CL1$","subjectDomainName":"LAB","subjectLogonId":"0x3e7","targetUserSid":"S-1-5-18","targetUserName":"SYSTEM","targetDomainName":"NT AUTHORITY","targetLogonId":"0x3e7","logonType":"5","logonProcessName":"Advapi","authenticationPackageName":"Negotiate","logonGuid":"{00000000-0000-0000-0000-000000000000}","keyLength":"0","processId":"0x324","processName":"C:\\\\Windows\\\\System32\\\\services.exe","impersonationLevel":"%%1833","virtualAccount":"%%1843","targetLinkedLogonId":"0x0","elevatedToken":"%%1842"}}},"location":"EventChannel"}
{"timestamp":"2026-07-12T11:43:59.380+0000","rule":{"level":5,"description":"Windows System error event","id":"61102","firedtimes":7,"mail":false,"groups":["windows","windows_system","system_error"],"gpg13":["4.3"],"gdpr":["IV_35.7.d"]},"agent":{"id":"002","name":"WIN-CL1","ip":"192.168.20.104"},"manager":{"name":"wazuh.manager"},"id":"1783856639.4714725","decoder":{"name":"windows_eventchannel"},"data":{"win":{"system":{"providerName":"Microsoft-Windows-WindowsUpdateClient","providerGuid":"{945a8954-c147-4acd-923f-40c45405a658}","eventID":"20","version":"1","level":"2","task":"1","opcode":"13","keywords":"0x8000000000000028","systemTime":"2026-07-12T11:43:59.4872290Z","eventRecordID":"5595","processID":"4852","threadID":"3176","channel":"System","computer":"WIN-CL1.lab.local","severityValue":"ERROR","message":"\"Installation Failure: Windows failed to install the following update with error 0x80073D02: 9MSSGKG348SP-MicrosoftWindows.Client.WebExperience.\""},"eventdata":{"errorCode":"0x80073d02","updateTitle":"9MSSGKG348SP-MicrosoftWindows.Client.WebExperience","updateGuid":"{bc490b19-7580-4c5e-96cc-fec89c046a40}","updateRevisionNumber":"1","serviceGuid":"{855e8a7c-ecb4-4ca3-b045-1dfa50104289}"}}},"location":"EventChannel"}
{"timestamp":"2026-07-12T11:44:01.709+0000","rule":{"level":3,"description":"Windows logon success.","id":"60106","mitre":{"id":["T1078"],"tactic":["Defense Evasion","Persistence","Privilege Escalation","Initial Access"],"technique":["Valid Accounts"]},"firedtimes":225,"mail":false,"groups":["windows","windows_security","authentication_success"],"gdpr":["IV_32.2"],"gpg13":["7.1","7.2"],"hipaa":["164.312.b"],"nist_800_53":["AC.7","AU.14"],"pci_dss":["10.2.5"],"tsc":["CC6.8","CC7.2","CC7.3"]},"agent":{"id":"002","name":"WIN-CL1","ip":"192.168.20.104"},"manager":{"name":"wazuh.manager"},"id":"1783856641.4720611","decoder":{"name":"windows_eventchannel"},"data":{"win":{"system":{"providerName":"Microsoft-Windows-Security-Auditing","providerGuid":"{54849625-5478-4994-a5ba-3e3b0328c30d}","eventID":"4624","version":"3","level":"0","task":"12544","opcode":"0","keywords":"0x8020000000000000","systemTime":"2026-07-12T11:44:01.7300091Z","eventRecordID":"31519","processID":"820","threadID":"2812","channel":"Security","computer":"WIN-CL1.lab.local","severityValue":"AUDIT_SUCCESS","message":"\"An account was successfully logged on.\r\n\r\nSubject:\r\n\tSecurity ID:\t\tS-1-5-18\r\n\tAccount Name:\t\tWIN-CL1$\r\n\tAccount Domain:\t\tLAB\r\n\tLogon ID:\t\t0x3E7\r\n\r\nLogon Information:\r\n\tLogon Type:\t\t5\r\n\tRestricted Admin Mode:\t-\r\n\tRemote Credential Guard:\t-\r\n\tVirtual Account:\t\tNo\r\n\tElevated Token:\t\tYes\r\n\r\nImpersonation Level:\t\tImpersonation\r\n\r\nNew Logon:\r\n\tSecurity ID:\t\tS-1-5-18\r\n\tAccount Name:\t\tSYSTEM\r\n\tAccount Domain:\t\tNT AUTHORITY\r\n\tLogon ID:\t\t0x3E7\r\n\tLinked Logon ID:\t\t0x0\r\n\tNetwork Account Name:\t-\r\n\tNetwork Account Domain:\t-\r\n\tLogon GUID:\t\t{00000000-0000-0000-0000-000000000000}\r\n\r\nProcess Information:\r\n\tProcess ID:\t\t0x324\r\n\tProcess Name:\t\tC:\\Windows\\System32\\services.exe\r\n\r\nNetwork Information:\r\n\tWorkstation Name:\t-\r\n\tSource Network Address:\t-\r\n\tSource Port:\t\t-\r\n\r\nDetailed Authentication Information:\r\n\tLogon Process:\t\tAdvapi  \r\n\tAuthentication Package:\tNegotiate\r\n\tTransited Services:\t-\r\n\tPackage Name (NTLM only):\t-\r\n\tKey Length:\t\t0\r\n\r\nThis event is generated when a logon session is created. It is generated on the computer that was accessed.\r\n\r\nThe subject fields indicate the account on the local system which requested the logon. This is most commonly a service such as the Server service, or a local process such as Winlogon.exe or Services.exe.\r\n\r\nThe logon type field indicates the kind of logon that occurred. The most common types are 2 (interactive) and 3 (network).\r\n\r\nThe New Logon fields indicate the account for whom the new logon was created, i.e. the account that was logged on.\r\n\r\nThe network fields indicate where a remote logon request originated. Workstation name is not always available and may be left blank in some cases.\r\n\r\nThe impersonation level field indicates the extent to which a process in the logon session can impersonate.\r\n\r\nThe authentication information fields provide detailed information about this specific logon request.\r\n\t- Logon GUID is a unique identifier that can be used to correlate this event with a KDC event.\r\n\t- Transited services indicate which intermediate services have participated in this logon request.\r\n\t- Package name indicates which sub-protocol was used among the NTLM protocols.\r\n\t- Key length indicates the length of the generated session key. This will be 0 if no session key was requested.\""},"eventdata":{"subjectUserSid":"S-1-5-18","subjectUserName":"WIN-CL1$","subjectDomainName":"LAB","subjectLogonId":"0x3e7","targetUserSid":"S-1-5-18","targetUserName":"SYSTEM","targetDomainName":"NT AUTHORITY","targetLogonId":"0x3e7","logonType":"5","logonProcessName":"Advapi","authenticationPackageName":"Negotiate","logonGuid":"{00000000-0000-0000-0000-000000000000}","keyLength":"0","processId":"0x324","processName":"C:\\\\Windows\\\\System32\\\\services.exe","impersonationLevel":"%%1833","virtualAccount":"%%1843","targetLinkedLogonId":"0x0","elevatedToken":"%%1842"}}},"location":"EventChannel"}
{"timestamp":"2026-07-12T11:45:01.952+0000","rule":{"level":3,"description":"Windows logon success.","id":"60106","mitre":{"id":["T1078"],"tactic":["Defense Evasion","Persistence","Privilege Escalation","Initial Access"],"technique":["Valid Accounts"]},"firedtimes":233,"mail":false,"groups":["windows","windows_security","authentication_success"],"gdpr":["IV_32.2"],"gpg13":["7.1","7.2"],"hipaa":["164.312.b"],"nist_800_53":["AC.7","AU.14"],"pci_dss":["10.2.5"],"tsc":["CC6.8","CC7.2","CC7.3"]},"agent":{"id":"002","name":"WIN-CL1","ip":"192.168.20.104"},"manager":{"name":"wazuh.manager"},"id":"1783856701.4819821","decoder":{"name":"windows_eventchannel"},"data":{"win":{"system":{"providerName":"Microsoft-Windows-Security-Auditing","providerGuid":"{54849625-5478-4994-a5ba-3e3b0328c30d}","eventID":"4624","version":"3","level":"0","task":"12544","opcode":"0","keywords":"0x8020000000000000","systemTime":"2026-07-12T11:45:02.9374502Z","eventRecordID":"31520","processID":"820","threadID":"2812","channel":"Security","computer":"WIN-CL1.lab.local","severityValue":"AUDIT_SUCCESS","message":"\"An account was successfully logged on.\r\n\r\nSubject:\r\n\tSecurity ID:\t\tS-1-5-18\r\n\tAccount Name:\t\tWIN-CL1$\r\n\tAccount Domain:\t\tLAB\r\n\tLogon ID:\t\t0x3E7\r\n\r\nLogon Information:\r\n\tLogon Type:\t\t5\r\n\tRestricted Admin Mode:\t-\r\n\tRemote Credential Guard:\t-\r\n\tVirtual Account:\t\tNo\r\n\tElevated Token:\t\tYes\r\n\r\nImpersonation Level:\t\tImpersonation\r\n\r\nNew Logon:\r\n\tSecurity ID:\t\tS-1-5-18\r\n\tAccount Name:\t\tSYSTEM\r\n\tAccount Domain:\t\tNT AUTHORITY\r\n\tLogon ID:\t\t0x3E7\r\n\tLinked Logon ID:\t\t0x0\r\n\tNetwork Account Name:\t-\r\n\tNetwork Account Domain:\t-\r\n\tLogon GUID:\t\t{00000000-0000-0000-0000-000000000000}\r\n\r\nProcess Information:\r\n\tProcess ID:\t\t0x324\r\n\tProcess Name:\t\tC:\\Windows\\System32\\services.exe\r\n\r\nNetwork Information:\r\n\tWorkstation Name:\t-\r\n\tSource Network Address:\t-\r\n\tSource Port:\t\t-\r\n\r\nDetailed Authentication Information:\r\n\tLogon Process:\t\tAdvapi  \r\n\tAuthentication Package:\tNegotiate\r\n\tTransited Services:\t-\r\n\tPackage Name (NTLM only):\t-\r\n\tKey Length:\t\t0\r\n\r\nThis event is generated when a logon session is created. It is generated on the computer that was accessed.\r\n\r\nThe subject fields indicate the account on the local system which requested the logon. This is most commonly a service such as the Server service, or a local process such as Winlogon.exe or Services.exe.\r\n\r\nThe logon type field indicates the kind of logon that occurred. The most common types are 2 (interactive) and 3 (network).\r\n\r\nThe New Logon fields indicate the account for whom the new logon was created, i.e. the account that was logged on.\r\n\r\nThe network fields indicate where a remote logon request originated. Workstation name is not always available and may be left blank in some cases.\r\n\r\nThe impersonation level field indicates the extent to which a process in the logon session can impersonate.\r\n\r\nThe authentication information fields provide detailed information about this specific logon request.\r\n\t- Logon GUID is a unique identifier that can be used to correlate this event with a KDC event.\r\n\t- Transited services indicate which intermediate services have participated in this logon request.\r\n\t- Package name indicates which sub-protocol was used among the NTLM protocols.\r\n\t- Key length indicates the length of the generated session key. This will be 0 if no session key was requested.\""},"eventdata":{"subjectUserSid":"S-1-5-18","subjectUserName":"WIN-CL1$","subjectDomainName":"LAB","subjectLogonId":"0x3e7","targetUserSid":"S-1-5-18","targetUserName":"SYSTEM","targetDomainName":"NT AUTHORITY","targetLogonId":"0x3e7","logonType":"5","logonProcessName":"Advapi","authenticationPackageName":"Negotiate","logonGuid":"{00000000-0000-0000-0000-000000000000}","keyLength":"0","processId":"0x324","processName":"C:\\\\Windows\\\\System32\\\\services.exe","impersonationLevel":"%%1833","virtualAccount":"%%1843","targetLinkedLogonId":"0x0","elevatedToken":"%%1842"}}},"location":"EventChannel"}
{"timestamp":"2026-07-12T11:46:05.659+0000","rule":{"level":5,"description":"Windows System error event","id":"61102","firedtimes":8,"mail":false,"groups":["windows","windows_system","system_error"],"gpg13":["4.3"],"gdpr":["IV_35.7.d"]},"agent":{"id":"002","name":"WIN-CL1","ip":"192.168.20.104"},"manager":{"name":"wazuh.manager"},"id":"1783856765.4879650","decoder":{"name":"windows_eventchannel"},"data":{"win":{"system":{"providerName":"Microsoft-Windows-WindowsUpdateClient","providerGuid":"{945a8954-c147-4acd-923f-40c45405a658}","eventID":"20","version":"1","level":"2","task":"1","opcode":"13","keywords":"0x8000000000000028","systemTime":"2026-07-12T11:46:06.1122263Z","eventRecordID":"5643","processID":"4852","threadID":"6580","channel":"System","computer":"WIN-CL1.lab.local","severityValue":"ERROR","message":"\"Installation Failure: Windows failed to install the following update with error 0x80073D02: 9MSMLRH6LZF3-Microsoft.WindowsNotepad.\""},"eventdata":{"errorCode":"0x80073d02","updateTitle":"9MSMLRH6LZF3-Microsoft.WindowsNotepad","updateGuid":"{52e01fb5-1e2e-4f0c-a299-de720cbd84d1}","updateRevisionNumber":"1","serviceGuid":"{855e8a7c-ecb4-4ca3-b045-1dfa50104289}"}}},"location":"EventChannel"}
{"timestamp":"2026-07-12T11:46:10.365+0000","rule":{"level":3,"description":"Windows logon success.","id":"60106","mitre":{"id":["T1078"],"tactic":["Defense Evasion","Persistence","Privilege Escalation","Initial Access"],"technique":["Valid Accounts"]},"firedtimes":236,"mail":false,"groups":["windows","windows_security","authentication_success"],"gdpr":["IV_32.2"],"gpg13":["7.1","7.2"],"hipaa":["164.312.b"],"nist_800_53":["AC.7","AU.14"],"pci_dss":["10.2.5"],"tsc":["CC6.8","CC7.2","CC7.3"]},"agent":{"id":"002","name":"WIN-CL1","ip":"192.168.20.104"},"manager":{"name":"wazuh.manager"},"id":"1783856770.4892445","decoder":{"name":"windows_eventchannel"},"data":{"win":{"system":{"providerName":"Microsoft-Windows-Security-Auditing","providerGuid":"{54849625-5478-4994-a5ba-3e3b0328c30d}","eventID":"4624","version":"3","level":"0","task":"12544","opcode":"0","keywords":"0x8020000000000000","systemTime":"2026-07-12T11:46:10.4271898Z","eventRecordID":"31521","processID":"820","threadID":"3752","channel":"Security","computer":"WIN-CL1.lab.local","severityValue":"AUDIT_SUCCESS","message":"\"An account was successfully logged on.\r\n\r\nSubject:\r\n\tSecurity ID:\t\tS-1-5-18\r\n\tAccount Name:\t\tWIN-CL1$\r\n\tAccount Domain:\t\tLAB\r\n\tLogon ID:\t\t0x3E7\r\n\r\nLogon Information:\r\n\tLogon Type:\t\t5\r\n\tRestricted Admin Mode:\t-\r\n\tRemote Credential Guard:\t-\r\n\tVirtual Account:\t\tNo\r\n\tElevated Token:\t\tYes\r\n\r\nImpersonation Level:\t\tImpersonation\r\n\r\nNew Logon:\r\n\tSecurity ID:\t\tS-1-5-18\r\n\tAccount Name:\t\tSYSTEM\r\n\tAccount Domain:\t\tNT AUTHORITY\r\n\tLogon ID:\t\t0x3E7\r\n\tLinked Logon ID:\t\t0x0\r\n\tNetwork Account Name:\t-\r\n\tNetwork Account Domain:\t-\r\n\tLogon GUID:\t\t{00000000-0000-0000-0000-000000000000}\r\n\r\nProcess Information:\r\n\tProcess ID:\t\t0x324\r\n\tProcess Name:\t\tC:\\Windows\\System32\\services.exe\r\n\r\nNetwork Information:\r\n\tWorkstation Name:\t-\r\n\tSource Network Address:\t-\r\n\tSource Port:\t\t-\r\n\r\nDetailed Authentication Information:\r\n\tLogon Process:\t\tAdvapi  \r\n\tAuthentication Package:\tNegotiate\r\n\tTransited Services:\t-\r\n\tPackage Name (NTLM only):\t-\r\n\tKey Length:\t\t0\r\n\r\nThis event is generated when a logon session is created. It is generated on the computer that was accessed.\r\n\r\nThe subject fields indicate the account on the local system which requested the logon. This is most commonly a service such as the Server service, or a local process such as Winlogon.exe or Services.exe.\r\n\r\nThe logon type field indicates the kind of logon that occurred. The most common types are 2 (interactive) and 3 (network).\r\n\r\nThe New Logon fields indicate the account for whom the new logon was created, i.e. the account that was logged on.\r\n\r\nThe network fields indicate where a remote logon request originated. Workstation name is not always available and may be left blank in some cases.\r\n\r\nThe impersonation level field indicates the extent to which a process in the logon session can impersonate.\r\n\r\nThe authentication information fields provide detailed information about this specific logon request.\r\n\t- Logon GUID is a unique identifier that can be used to correlate this event with a KDC event.\r\n\t- Transited services indicate which intermediate services have participated in this logon request.\r\n\t- Package name indicates which sub-protocol was used among the NTLM protocols.\r\n\t- Key length indicates the length of the generated session key. This will be 0 if no session key was requested.\""},"eventdata":{"subjectUserSid":"S-1-5-18","subjectUserName":"WIN-CL1$","subjectDomainName":"LAB","subjectLogonId":"0x3e7","targetUserSid":"S-1-5-18","targetUserName":"SYSTEM","targetDomainName":"NT AUTHORITY","targetLogonId":"0x3e7","logonType":"5","logonProcessName":"Advapi","authenticationPackageName":"Negotiate","logonGuid":"{00000000-0000-0000-0000-000000000000}","keyLength":"0","processId":"0x324","processName":"C:\\\\Windows\\\\System32\\\\services.exe","impersonationLevel":"%%1833","virtualAccount":"%%1843","targetLinkedLogonId":"0x0","elevatedToken":"%%1842"}}},"location":"EventChannel"}
{"timestamp":"2026-07-12T11:46:29.602+0000","rule":{"level":3,"description":"Windows logon success.","id":"60106","mitre":{"id":["T1078"],"tactic":["Defense Evasion","Persistence","Privilege Escalation","Initial Access"],"technique":["Valid Accounts"]},"firedtimes":237,"mail":false,"groups":["windows","windows_security","authentication_success"],"gdpr":["IV_32.2"],"gpg13":["7.1","7.2"],"hipaa":["164.312.b"],"nist_800_53":["AC.7","AU.14"],"pci_dss":["10.2.5"],"tsc":["CC6.8","CC7.2","CC7.3"]},"agent":{"id":"002","name":"WIN-CL1","ip":"192.168.20.104"},"manager":{"name":"wazuh.manager"},"id":"1783856789.4899771","decoder":{"name":"windows_eventchannel"},"data":{"win":{"system":{"providerName":"Microsoft-Windows-Security-Auditing","providerGuid":"{54849625-5478-4994-a5ba-3e3b0328c30d}","eventID":"4624","version":"3","level":"0","task":"12544","opcode":"0","keywords":"0x8020000000000000","systemTime":"2026-07-12T11:46:29.6714570Z","eventRecordID":"31522","processID":"820","threadID":"3456","channel":"Security","computer":"WIN-CL1.lab.local","severityValue":"AUDIT_SUCCESS","message":"\"An account was successfully logged on.\r\n\r\nSubject:\r\n\tSecurity ID:\t\tS-1-5-18\r\n\tAccount Name:\t\tWIN-CL1$\r\n\tAccount Domain:\t\tLAB\r\n\tLogon ID:\t\t0x3E7\r\n\r\nLogon Information:\r\n\tLogon Type:\t\t5\r\n\tRestricted Admin Mode:\t-\r\n\tRemote Credential Guard:\t-\r\n\tVirtual Account:\t\tNo\r\n\tElevated Token:\t\tYes\r\n\r\nImpersonation Level:\t\tImpersonation\r\n\r\nNew Logon:\r\n\tSecurity ID:\t\tS-1-5-18\r\n\tAccount Name:\t\tSYSTEM\r\n\tAccount Domain:\t\tNT AUTHORITY\r\n\tLogon ID:\t\t0x3E7\r\n\tLinked Logon ID:\t\t0x0\r\n\tNetwork Account Name:\t-\r\n\tNetwork Account Domain:\t-\r\n\tLogon GUID:\t\t{00000000-0000-0000-0000-000000000000}\r\n\r\nProcess Information:\r\n\tProcess ID:\t\t0x324\r\n\tProcess Name:\t\tC:\\Windows\\System32\\services.exe\r\n\r\nNetwork Information:\r\n\tWorkstation Name:\t-\r\n\tSource Network Address:\t-\r\n\tSource Port:\t\t-\r\n\r\nDetailed Authentication Information:\r\n\tLogon Process:\t\tAdvapi  \r\n\tAuthentication Package:\tNegotiate\r\n\tTransited Services:\t-\r\n\tPackage Name (NTLM only):\t-\r\n\tKey Length:\t\t0\r\n\r\nThis event is generated when a logon session is created. It is generated on the computer that was accessed.\r\n\r\nThe subject fields indicate the account on the local system which requested the logon. This is most commonly a service such as the Server service, or a local process such as Winlogon.exe or Services.exe.\r\n\r\nThe logon type field indicates the kind of logon that occurred. The most common types are 2 (interactive) and 3 (network).\r\n\r\nThe New Logon fields indicate the account for whom the new logon was created, i.e. the account that was logged on.\r\n\r\nThe network fields indicate where a remote logon request originated. Workstation name is not always available and may be left blank in some cases.\r\n\r\nThe impersonation level field indicates the extent to which a process in the logon session can impersonate.\r\n\r\nThe authentication information fields provide detailed information about this specific logon request.\r\n\t- Logon GUID is a unique identifier that can be used to correlate this event with a KDC event.\r\n\t- Transited services indicate which intermediate services have participated in this logon request.\r\n\t- Package name indicates which sub-protocol was used among the NTLM protocols.\r\n\t- Key length indicates the length of the generated session key. This will be 0 if no session key was requested.\""},"eventdata":{"subjectUserSid":"S-1-5-18","subjectUserName":"WIN-CL1$","subjectDomainName":"LAB","subjectLogonId":"0x3e7","targetUserSid":"S-1-5-18","targetUserName":"SYSTEM","targetDomainName":"NT AUTHORITY","targetLogonId":"0x3e7","logonType":"5","logonProcessName":"Advapi","authenticationPackageName":"Negotiate","logonGuid":"{00000000-0000-0000-0000-000000000000}","keyLength":"0","processId":"0x324","processName":"C:\\\\Windows\\\\System32\\\\services.exe","impersonationLevel":"%%1833","virtualAccount":"%%1843","targetLinkedLogonId":"0x0","elevatedToken":"%%1842"}}},"location":"EventChannel"}
{"timestamp":"2026-07-12T11:46:36.864+0000","rule":{"level":3,"description":"Windows logon success.","id":"60106","mitre":{"id":["T1078"],"tactic":["Defense Evasion","Persistence","Privilege Escalation","Initial Access"],"technique":["Valid Accounts"]},"firedtimes":238,"mail":false,"groups":["windows","windows_security","authentication_success"],"gdpr":["IV_32.2"],"gpg13":["7.1","7.2"],"hipaa":["164.312.b"],"nist_800_53":["AC.7","AU.14"],"pci_dss":["10.2.5"],"tsc":["CC6.8","CC7.2","CC7.3"]},"agent":{"id":"002","name":"WIN-CL1","ip":"192.168.20.104"},"manager":{"name":"wazuh.manager"},"id":"1783856796.4907533","decoder":{"name":"windows_eventchannel"},"data":{"win":{"system":{"providerName":"Microsoft-Windows-Security-Auditing","providerGuid":"{54849625-5478-4994-a5ba-3e3b0328c30d}","eventID":"4624","version":"3","level":"0","task":"12544","opcode":"0","keywords":"0x8020000000000000","systemTime":"2026-07-12T11:46:36.9109327Z","eventRecordID":"31524","processID":"820","threadID":"1924","channel":"Security","computer":"WIN-CL1.lab.local","severityValue":"AUDIT_SUCCESS","message":"\"An account was successfully logged on.\r\n\r\nSubject:\r\n\tSecurity ID:\t\tS-1-5-18\r\n\tAccount Name:\t\tWIN-CL1$\r\n\tAccount Domain:\t\tLAB\r\n\tLogon ID:\t\t0x3E7\r\n\r\nLogon Information:\r\n\tLogon Type:\t\t11\r\n\tRestricted Admin Mode:\t-\r\n\tRemote Credential Guard:\t-\r\n\tVirtual Account:\t\tNo\r\n\tElevated Token:\t\tYes\r\n\r\nImpersonation Level:\t\tImpersonation\r\n\r\nNew Logon:\r\n\tSecurity ID:\t\tS-1-5-21-907119091-1850645056-1411410302-1001\r\n\tAccount Name:\t\tlab-user-1\r\n\tAccount Domain:\t\tMicrosoftAccount\r\n\tLogon ID:\t\t0x1271B26\r\n\tLinked Logon ID:\t\t0x1271B71\r\n\tNetwork Account Name:\t-\r\n\tNetwork Account Domain:\t-\r\n\tLogon GUID:\t\t{00000000-0000-0000-0000-000000000000}\r\n\r\nProcess Information:\r\n\tProcess ID:\t\t0x644\r\n\tProcess Name:\t\tC:\\Windows\\System32\\svchost.exe\r\n\r\nNetwork Information:\r\n\tWorkstation Name:\tWIN-CL1\r\n\tSource Network Address:\t127.0.0.1\r\n\tSource Port:\t\t0\r\n\r\nDetailed Authentication Information:\r\n\tLogon Process:\t\tUser32 \r\n\tAuthentication Package:\tNegotiate\r\n\tTransited Services:\t-\r\n\tPackage Name (NTLM only):\t-\r\n\tKey Length:\t\t0\r\n\r\nThis event is generated when a logon session is created. It is generated on the computer that was accessed.\r\n\r\nThe subject fields indicate the account on the local system which requested the logon. This is most commonly a service such as the Server service, or a local process such as Winlogon.exe or Services.exe.\r\n\r\nThe logon type field indicates the kind of logon that occurred. The most common types are 2 (interactive) and 3 (network).\r\n\r\nThe New Logon fields indicate the account for whom the new logon was created, i.e. the account that was logged on.\r\n\r\nThe network fields indicate where a remote logon request originated. Workstation name is not always available and may be left blank in some cases.\r\n\r\nThe impersonation level field indicates the extent to which a process in the logon session can impersonate.\r\n\r\nThe authentication information fields provide detailed information about this specific logon request.\r\n\t- Logon GUID is a unique identifier that can be used to correlate this event with a KDC event.\r\n\t- Transited services indicate which intermediate services have participated in this logon request.\r\n\t- Package name indicates which sub-protocol was used among the NTLM protocols.\r\n\t- Key length indicates the length of the generated session key. This will be 0 if no session key was requested.\""},"eventdata":{"subjectUserSid":"S-1-5-18","subjectUserName":"WIN-CL1$","subjectDomainName":"LAB","subjectLogonId":"0x3e7","targetUserSid":"S-1-5-21-907119091-1850645056-1411410302-1001","targetUserName":"lab-user-1","targetDomainName":"MicrosoftAccount","targetLogonId":"0x1271b26","logonType":"11","logonProcessName":"User32","authenticationPackageName":"Negotiate","workstationName":"WIN-CL1","logonGuid":"{00000000-0000-0000-0000-000000000000}","keyLength":"0","processId":"0x644","processName":"C:\\\\Windows\\\\System32\\\\svchost.exe","ipAddress":"127.0.0.1","ipPort":"0","impersonationLevel":"%%1833","virtualAccount":"%%1843","targetLinkedLogonId":"0x1271b71","elevatedToken":"%%1842"}}},"location":"EventChannel"}
{"timestamp":"2026-07-12T11:46:36.896+0000","rule":{"level":3,"description":"Windows logon success.","id":"60106","mitre":{"id":["T1078"],"tactic":["Defense Evasion","Persistence","Privilege Escalation","Initial Access"],"technique":["Valid Accounts"]},"firedtimes":239,"mail":false,"groups":["windows","windows_security","authentication_success"],"gdpr":["IV_32.2"],"gpg13":["7.1","7.2"],"hipaa":["164.312.b"],"nist_800_53":["AC.7","AU.14"],"pci_dss":["10.2.5"],"tsc":["CC6.8","CC7.2","CC7.3"]},"agent":{"id":"002","name":"WIN-CL1","ip":"192.168.20.104"},"manager":{"name":"wazuh.manager"},"id":"1783856796.4915304","decoder":{"name":"windows_eventchannel"},"data":{"win":{"system":{"providerName":"Microsoft-Windows-Security-Auditing","providerGuid":"{54849625-5478-4994-a5ba-3e3b0328c30d}","eventID":"4624","version":"3","level":"0","task":"12544","opcode":"0","keywords":"0x8020000000000000","systemTime":"2026-07-12T11:46:36.9109411Z","eventRecordID":"31525","processID":"820","threadID":"1924","channel":"Security","computer":"WIN-CL1.lab.local","severityValue":"AUDIT_SUCCESS","message":"\"An account was successfully logged on.\r\n\r\nSubject:\r\n\tSecurity ID:\t\tS-1-5-18\r\n\tAccount Name:\t\tWIN-CL1$\r\n\tAccount Domain:\t\tLAB\r\n\tLogon ID:\t\t0x3E7\r\n\r\nLogon Information:\r\n\tLogon Type:\t\t11\r\n\tRestricted Admin Mode:\t-\r\n\tRemote Credential Guard:\t-\r\n\tVirtual Account:\t\tNo\r\n\tElevated Token:\t\tNo\r\n\r\nImpersonation Level:\t\tImpersonation\r\n\r\nNew Logon:\r\n\tSecurity ID:\t\tS-1-5-21-907119091-1850645056-1411410302-1001\r\n\tAccount Name:\t\tlab-user-1\r\n\tAccount Domain:\t\tMicrosoftAccount\r\n\tLogon ID:\t\t0x1271B71\r\n\tLinked Logon ID:\t\t0x1271B26\r\n\tNetwork Account Name:\t-\r\n\tNetwork Account Domain:\t-\r\n\tLogon GUID:\t\t{00000000-0000-0000-0000-000000000000}\r\n\r\nProcess Information:\r\n\tProcess ID:\t\t0x644\r\n\tProcess Name:\t\tC:\\Windows\\System32\\svchost.exe\r\n\r\nNetwork Information:\r\n\tWorkstation Name:\tWIN-CL1\r\n\tSource Network Address:\t127.0.0.1\r\n\tSource Port:\t\t0\r\n\r\nDetailed Authentication Information:\r\n\tLogon Process:\t\tUser32 \r\n\tAuthentication Package:\tNegotiate\r\n\tTransited Services:\t-\r\n\tPackage Name (NTLM only):\t-\r\n\tKey Length:\t\t0\r\n\r\nThis event is generated when a logon session is created. It is generated on the computer that was accessed.\r\n\r\nThe subject fields indicate the account on the local system which requested the logon. This is most commonly a service such as the Server service, or a local process such as Winlogon.exe or Services.exe.\r\n\r\nThe logon type field indicates the kind of logon that occurred. The most common types are 2 (interactive) and 3 (network).\r\n\r\nThe New Logon fields indicate the account for whom the new logon was created, i.e. the account that was logged on.\r\n\r\nThe network fields indicate where a remote logon request originated. Workstation name is not always available and may be left blank in some cases.\r\n\r\nThe impersonation level field indicates the extent to which a process in the logon session can impersonate.\r\n\r\nThe authentication information fields provide detailed information about this specific logon request.\r\n\t- Logon GUID is a unique identifier that can be used to correlate this event with a KDC event.\r\n\t- Transited services indicate which intermediate services have participated in this logon request.\r\n\t- Package name indicates which sub-protocol was used among the NTLM protocols.\r\n\t- Key length indicates the length of the generated session key. This will be 0 if no session key was requested.\""},"eventdata":{"subjectUserSid":"S-1-5-18","subjectUserName":"WIN-CL1$","subjectDomainName":"LAB","subjectLogonId":"0x3e7","targetUserSid":"S-1-5-21-907119091-1850645056-1411410302-1001","targetUserName":"lab-user-1","targetDomainName":"MicrosoftAccount","targetLogonId":"0x1271b71","logonType":"11","logonProcessName":"User32","authenticationPackageName":"Negotiate","workstationName":"WIN-CL1","logonGuid":"{00000000-0000-0000-0000-000000000000}","keyLength":"0","processId":"0x644","processName":"C:\\\\Windows\\\\System32\\\\svchost.exe","ipAddress":"127.0.0.1","ipPort":"0","impersonationLevel":"%%1833","virtualAccount":"%%1843","targetLinkedLogonId":"0x1271b26","elevatedToken":"%%1843"}}},"location":"EventChannel"}
{"timestamp":"2026-07-12T11:46:36.949+0000","rule":{"level":3,"description":"Windows logon success.","id":"60106","mitre":{"id":["T1078"],"tactic":["Defense Evasion","Persistence","Privilege Escalation","Initial Access"],"technique":["Valid Accounts"]},"firedtimes":240,"mail":false,"groups":["windows","windows_security","authentication_success"],"gdpr":["IV_32.2"],"gpg13":["7.1","7.2"],"hipaa":["164.312.b"],"nist_800_53":["AC.7","AU.14"],"pci_dss":["10.2.5"],"tsc":["CC6.8","CC7.2","CC7.3"]},"agent":{"id":"002","name":"WIN-CL1","ip":"192.168.20.104"},"manager":{"name":"wazuh.manager"},"id":"1783856796.4923073","decoder":{"name":"windows_eventchannel"},"data":{"win":{"system":{"providerName":"Microsoft-Windows-Security-Auditing","providerGuid":"{54849625-5478-4994-a5ba-3e3b0328c30d}","eventID":"4624","version":"3","level":"0","task":"12544","opcode":"0","keywords":"0x8020000000000000","systemTime":"2026-07-12T11:46:36.9973880Z","eventRecordID":"31527","processID":"820","threadID":"2512","channel":"Security","computer":"WIN-CL1.lab.local","severityValue":"AUDIT_SUCCESS","message":"\"An account was successfully logged on.\r\n\r\nSubject:\r\n\tSecurity ID:\t\tS-1-5-18\r\n\tAccount Name:\t\tWIN-CL1$\r\n\tAccount Domain:\t\tLAB\r\n\tLogon ID:\t\t0x3E7\r\n\r\nLogon Information:\r\n\tLogon Type:\t\t7\r\n\tRestricted Admin Mode:\t-\r\n\tRemote Credential Guard:\t-\r\n\tVirtual Account:\t\tNo\r\n\tElevated Token:\t\tYes\r\n\r\nImpersonation Level:\t\tImpersonation\r\n\r\nNew Logon:\r\n\tSecurity ID:\t\tS-1-5-21-907119091-1850645056-1411410302-1001\r\n\tAccount Name:\t\tlab-user-1\r\n\tAccount Domain:\t\tMicrosoftAccount\r\n\tLogon ID:\t\t0x1272B74\r\n\tLinked Logon ID:\t\t0x1272BE5\r\n\tNetwork Account Name:\t-\r\n\tNetwork Account Domain:\t-\r\n\tLogon GUID:\t\t{00000000-0000-0000-0000-000000000000}\r\n\r\nProcess Information:\r\n\tProcess ID:\t\t0x334\r\n\tProcess Name:\t\tC:\\Windows\\System32\\lsass.exe\r\n\r\nNetwork Information:\r\n\tWorkstation Name:\tWIN-CL1\r\n\tSource Network Address:\t-\r\n\tSource Port:\t\t-\r\n\r\nDetailed Authentication Information:\r\n\tLogon Process:\t\tNegotiat\r\n\tAuthentication Package:\tNegotiate\r\n\tTransited Services:\t-\r\n\tPackage Name (NTLM only):\t-\r\n\tKey Length:\t\t0\r\n\r\nThis event is generated when a logon session is created. It is generated on the computer that was accessed.\r\n\r\nThe subject fields indicate the account on the local system which requested the logon. This is most commonly a service such as the Server service, or a local process such as Winlogon.exe or Services.exe.\r\n\r\nThe logon type field indicates the kind of logon that occurred. The most common types are 2 (interactive) and 3 (network).\r\n\r\nThe New Logon fields indicate the account for whom the new logon was created, i.e. the account that was logged on.\r\n\r\nThe network fields indicate where a remote logon request originated. Workstation name is not always available and may be left blank in some cases.\r\n\r\nThe impersonation level field indicates the extent to which a process in the logon session can impersonate.\r\n\r\nThe authentication information fields provide detailed information about this specific logon request.\r\n\t- Logon GUID is a unique identifier that can be used to correlate this event with a KDC event.\r\n\t- Transited services indicate which intermediate services have participated in this logon request.\r\n\t- Package name indicates which sub-protocol was used among the NTLM protocols.\r\n\t- Key length indicates the length of the generated session key. This will be 0 if no session key was requested.\""},"eventdata":{"subjectUserSid":"S-1-5-18","subjectUserName":"WIN-CL1$","subjectDomainName":"LAB","subjectLogonId":"0x3e7","targetUserSid":"S-1-5-21-907119091-1850645056-1411410302-1001","targetUserName":"lab-user-1","targetDomainName":"MicrosoftAccount","targetLogonId":"0x1272b74","logonType":"7","logonProcessName":"Negotiat","authenticationPackageName":"Negotiate","workstationName":"WIN-CL1","logonGuid":"{00000000-0000-0000-0000-000000000000}","keyLength":"0","processId":"0x334","processName":"C:\\\\Windows\\\\System32\\\\lsass.exe","impersonationLevel":"%%1833","virtualAccount":"%%1843","targetLinkedLogonId":"0x1272be5","elevatedToken":"%%1842"}}},"location":"EventChannel"}
{"timestamp":"2026-07-12T11:46:36.967+0000","rule":{"level":3,"description":"Windows logon success.","id":"60106","mitre":{"id":["T1078"],"tactic":["Defense Evasion","Persistence","Privilege Escalation","Initial Access"],"technique":["Valid Accounts"]},"firedtimes":241,"mail":false,"groups":["windows","windows_security","authentication_success"],"gdpr":["IV_32.2"],"gpg13":["7.1","7.2"],"hipaa":["164.312.b"],"nist_800_53":["AC.7","AU.14"],"pci_dss":["10.2.5"],"tsc":["CC6.8","CC7.2","CC7.3"]},"agent":{"id":"002","name":"WIN-CL1","ip":"192.168.20.104"},"manager":{"name":"wazuh.manager"},"id":"1783856796.4930726","decoder":{"name":"windows_eventchannel"},"data":{"win":{"system":{"providerName":"Microsoft-Windows-Security-Auditing","providerGuid":"{54849625-5478-4994-a5ba-3e3b0328c30d}","eventID":"4624","version":"3","level":"0","task":"12544","opcode":"0","keywords":"0x8020000000000000","systemTime":"2026-07-12T11:46:36.9973960Z","eventRecordID":"31528","processID":"820","threadID":"2512","channel":"Security","computer":"WIN-CL1.lab.local","severityValue":"AUDIT_SUCCESS","message":"\"An account was successfully logged on.\r\n\r\nSubject:\r\n\tSecurity ID:\t\tS-1-5-18\r\n\tAccount Name:\t\tWIN-CL1$\r\n\tAccount Domain:\t\tLAB\r\n\tLogon ID:\t\t0x3E7\r\n\r\nLogon Information:\r\n\tLogon Type:\t\t7\r\n\tRestricted Admin Mode:\t-\r\n\tRemote Credential Guard:\t-\r\n\tVirtual Account:\t\tNo\r\n\tElevated Token:\t\tNo\r\n\r\nImpersonation Level:\t\tImpersonation\r\n\r\nNew Logon:\r\n\tSecurity ID:\t\tS-1-5-21-907119091-1850645056-1411410302-1001\r\n\tAccount Name:\t\tlab-user-1\r\n\tAccount Domain:\t\tMicrosoftAccount\r\n\tLogon ID:\t\t0x1272BE5\r\n\tLinked Logon ID:\t\t0x1272B74\r\n\tNetwork Account Name:\t-\r\n\tNetwork Account Domain:\t-\r\n\tLogon GUID:\t\t{00000000-0000-0000-0000-000000000000}\r\n\r\nProcess Information:\r\n\tProcess ID:\t\t0x334\r\n\tProcess Name:\t\tC:\\Windows\\System32\\lsass.exe\r\n\r\nNetwork Information:\r\n\tWorkstation Name:\tWIN-CL1\r\n\tSource Network Address:\t-\r\n\tSource Port:\t\t-\r\n\r\nDetailed Authentication Information:\r\n\tLogon Process:\t\tNegotiat\r\n\tAuthentication Package:\tNegotiate\r\n\tTransited Services:\t-\r\n\tPackage Name (NTLM only):\t-\r\n\tKey Length:\t\t0\r\n\r\nThis event is generated when a logon session is created. It is generated on the computer that was accessed.\r\n\r\nThe subject fields indicate the account on the local system which requested the logon. This is most commonly a service such as the Server service, or a local process such as Winlogon.exe or Services.exe.\r\n\r\nThe logon type field indicates the kind of logon that occurred. The most common types are 2 (interactive) and 3 (network).\r\n\r\nThe New Logon fields indicate the account for whom the new logon was created, i.e. the account that was logged on.\r\n\r\nThe network fields indicate where a remote logon request originated. Workstation name is not always available and may be left blank in some cases.\r\n\r\nThe impersonation level field indicates the extent to which a process in the logon session can impersonate.\r\n\r\nThe authentication information fields provide detailed information about this specific logon request.\r\n\t- Logon GUID is a unique identifier that can be used to correlate this event with a KDC event.\r\n\t- Transited services indicate which intermediate services have participated in this logon request.\r\n\t- Package name indicates which sub-protocol was used among the NTLM protocols.\r\n\t- Key length indicates the length of the generated session key. This will be 0 if no session key was requested.\""},"eventdata":{"subjectUserSid":"S-1-5-18","subjectUserName":"WIN-CL1$","subjectDomainName":"LAB","subjectLogonId":"0x3e7","targetUserSid":"S-1-5-21-907119091-1850645056-1411410302-1001","targetUserName":"lab-user-1","targetDomainName":"MicrosoftAccount","targetLogonId":"0x1272be5","logonType":"7","logonProcessName":"Negotiat","authenticationPackageName":"Negotiate","workstationName":"WIN-CL1","logonGuid":"{00000000-0000-0000-0000-000000000000}","keyLength":"0","processId":"0x334","processName":"C:\\\\Windows\\\\System32\\\\lsass.exe","impersonationLevel":"%%1833","virtualAccount":"%%1843","targetLinkedLogonId":"0x1272b74","elevatedToken":"%%1843"}}},"location":"EventChannel"}
{"timestamp":"2026-07-12T11:47:04.707+0000","rule":{"level":4,"description":"Powershell executing process discovery","id":"91815","mitre":{"id":["T1057"],"tactic":["Discovery"],"technique":["Process Discovery"]},"firedtimes":1,"mail":false,"groups":["windows"," powershell"]},"agent":{"id":"002","name":"WIN-CL1","ip":"192.168.20.104"},"manager":{"name":"wazuh.manager"},"id":"1783856824.4964730","decoder":{"name":"windows_eventchannel"},"data":{"win":{"system":{"providerName":"Microsoft-Windows-PowerShell","providerGuid":"{a0c1853b-5c40-4b15-8766-3cf1c58f985a}","eventID":"4104","version":"1","level":"5","task":"2","opcode":"15","keywords":"0x0","systemTime":"2026-07-12T11:47:04.9178344Z","eventRecordID":"37082","processID":"8492","threadID":"6952","channel":"Microsoft-Windows-PowerShell/Operational","computer":"WIN-CL1.lab.local","severityValue":"VERBOSE","message":"\"Creating Scriptblock text (1 of 1):\r\n#requires -RunAsAdministrator\r\n# ==================================================================\r\n# Benign traffic generator - WIN-CL1   (~1 hour)\r\n# Mixed: realistic user activity + service/daemon background.\r\n# NO attacks, NO net-use brute force, NO reg save SAM, NO log clears,\r\n# NO artifact create/delete. Legitimate normal-host activity only.\r\n#\r\n# RUN AS (elevated pwsh):\r\n#   .\\benign_win.ps1 *>&1 | Tee-Object C:\\atomic\\benign_markers_win.txt\r\n# ==================================================================\r\n\r\n$Duration = 3600\r\n$End = (Get-Date).AddSeconds($Duration)\r\n\r\nfunction Log($m){ Write-Output \">>> $((Get-Date).ToUniversalTime().ToString('yyyy-MM-ddTHH:mm:ssZ')) $m\" }\r\nfunction Jitter(){ Start-Sleep -Seconds (Get-Random -Min 5 -Max 25) }\r\n\r\nNew-Item -ItemType Directory -Force -Path C:\\atomic | Out-Null\r\nLog \"BENIGN_START duration=${Duration}s\"\r\n\r\n$sites = @(\"http://127.0.0.1/\",\"http://example.com\",\"http://127.0.0.1/index.html\")\r\n$words = @(\"report\",\"meeting\",\"budget\",\"schedule\",\"notes\",\"summary\",\"draft\",\"review\")\r\n\r\n$round = 0\r\nwhile ((Get-Date) -lt $End) {\r\n    $round++\r\n    Log \"CYCLE $round\"\r\n\r\n    # ---------- USER ACTIVITY ----------\r\n    # 1. web browsing (normal requests)\r\n    foreach ($i in 1..(Get-Random -Min 3 -Max 7)) {\r\n        try { Invoke-WebRequest -Uri ($sites | Get-Random) -UseBasicParsing -TimeoutSec 5 | Out-Null } catch {}\r\n        Start-Sleep -Seconds (Get-Random -Min 1 -Max 3)\r\n    }\r\n\r\n    # 2. file work in the user's Documents (create / edit / read normal docs)\r\n    $dir = \"$env:USERPROFILE\\Documents\\work_$((Get-Date).ToString('HHmmss'))\"\r\n    New-Item -ItemType Directory -Force -Path $dir | Out-Null\r\n    $w = $words | Get-Random\r\n    \"draft $w $(Get-Date)\" | Out-File \"$dir\\$w.txt\"\r\n    \"more notes\" | Add-Content \"$dir\\$w.txt\"\r\n    Get-Content \"$dir\\$w.txt\" | Out-Null\r\n    Copy-Item \"$dir\\$w.txt\" \"$dir\\${w}_copy.txt\"\r\n    Get-ChildItem $dir | Out-Null\r\n    Remove-Item -Recurse -Force $dir            # cleaning your OWN docs is normal\r\n\r\n    # 3. normal shell / system usage (read-only)\r\n    Get-Process | Out-Null\r\n    Get-Service | Select-Object -First 20 | Out-Null\r\n    Get-ChildItem C:\\Users\\Public | Out-Null\r\n    whoami | Out-Null\r\n    Get-Date | Out-Null\r\n\r\n    # 4. a legitimate interactive-style logon (runas the same user, SUCCEEDS)\r\n    #    normal successful logon events, not brute force\r\n    try { Start-Process cmd.exe -ArgumentList \"/c echo hi & exit\" -WindowStyle Hidden -Wait } catch {}\r\n\r\n    Jitter\r\n\r\n    # ---------- SERVICE / BACKGROUND ----------\r\n    # 5. service health checks (normal monitoring)\r\n    Get-Service Sysmon*, WinDefend, Wazuh* -ErrorAction SilentlyContinue | Out-Null\r\n\r\n    # 6. read event logs (normal; NOT clearing)\r\n    Get-WinEvent -LogName System -MaxEvents 10 -ErrorAction SilentlyContinue | Out-Null\r\n\r\n    # 7. periodic update check (normal maintenance, read-only)\r\n    if ($round % 8 -eq 0) {\r\n        Log \"update_check\"\r\n        try { Get-HotFix | Select-Object -First 5 | Out-Null } catch {}\r\n    }\r\n\r\n    # 8. heartbeat file in a normal app path (non-sensitive)\r\n    \"heartbeat $(Get-Date)\" | Add-Content C:\\atomic\\app_heartbeat.log\r\n\r\n    Jitter\r\n}\r\n\r\nRemove-Item C:\\atomic\\app_heartbeat.log -ErrorAction SilentlyContinue\r\nLog \"BENIGN_END\"\r\nWrite-Output \"# Done. On SOC-Wazuh extract WIN-CL1's agent for this window:\"\r\nWrite-Output \"#   ./extract_agent.sh <WIN-CL1-ID> <START-UTC> <END-UTC> benign_win\"\r\n\r\nScriptBlock ID: 11cf50a5-2cb7-4140-95ab-23ec696b6d0a\r\nPath: C:\\atomic\\benign_win.ps1\""},"eventdata":{"messageNumber":"1","messageTotal":"1","scriptBlockText":"#requires -RunAsAdministrator  # ==================================================================  # Benign traffic generator - WIN-CL1   (~1 hour)  # Mixed: realistic user activity + service/daemon background.  # NO attacks, NO net-use brute force, NO reg save SAM, NO log clears,  # NO artifact create/delete. Legitimate normal-host activity only.  #  # RUN AS (elevated pwsh):  #   .\\\\benign_win.ps1 *&gt;&amp;1 | Tee-Object C:\\\\atomic\\\\benign_markers_win.txt  # ==================================================================    $Duration = 3600  $End = (Get-Date).AddSeconds($Duration)    function Log($m){ Write-Output \\\"&gt;&gt;&gt; $((Get-Date).ToUniversalTime().ToString('yyyy-MM-ddTHH:mm:ssZ')) $m\\\" }  function Jitter(){ Start-Sleep -Seconds (Get-Random -Min 5 -Max 25) }    New-Item -ItemType Directory -Force -Path C:\\\\atomic | Out-Null  Log \\\"BENIGN_START duration=${Duration}s\\\"    $sites = @(\\\"http://127.0.0.1/\\\",\\\"http://example.com\\\",\\\"http://127.0.0.1/index.html\\\")  $words = @(\\\"report\\\",\\\"meeting\\\",\\\"budget\\\",\\\"schedule\\\",\\\"notes\\\",\\\"summary\\\",\\\"draft\\\",\\\"review\\\")    $round = 0  while ((Get-Date) -lt $End) {      $round++      Log \\\"CYCLE $round\\\"        # ---------- USER ACTIVITY ----------      # 1. web browsing (normal requests)      foreach ($i in 1..(Get-Random -Min 3 -Max 7)) {          try { Invoke-WebRequest -Uri ($sites | Get-Random) -UseBasicParsing -TimeoutSec 5 | Out-Null } catch {}          Start-Sleep -Seconds (Get-Random -Min 1 -Max 3)      }        # 2. file work in the user's Documents (create / edit / read normal docs)      $dir = \\\"$env:USERPROFILE\\\\Documents\\\\work_$((Get-Date).ToString('HHmmss'))\\\"      New-Item -ItemType Directory -Force -Path $dir | Out-Null      $w = $words | Get-Random      \\\"draft $w $(Get-Date)\\\" | Out-File \\\"$dir\\\\$w.txt\\\"      \\\"more notes\\\" | Add-Content \\\"$dir\\\\$w.txt\\\"      Get-Content \\\"$dir\\\\$w.txt\\\" | Out-Null      Copy-Item \\\"$dir\\\\$w.txt\\\" \\\"$dir\\\\${w}_copy.txt\\\"      Get-ChildItem $dir | Out-Null      Remove-Item -Recurse -Force $dir            # cleaning your OWN docs is normal        # 3. normal shell / system usage (read-only)      Get-Process | Out-Null      Get-Service | Select-Object -First 20 | Out-Null      Get-ChildItem C:\\\\Users\\\\Public | Out-Null      whoami | Out-Null      Get-Date | Out-Null        # 4. a legitimate interactive-style logon (runas the same user, SUCCEEDS)      #    normal successful logon events, not brute force      try { Start-Process cmd.exe -ArgumentList \\\"/c echo hi &amp; exit\\\" -WindowStyle Hidden -Wait } catch {}        Jitter        # ---------- SERVICE / BACKGROUND ----------      # 5. service health checks (normal monitoring)      Get-Service Sysmon*, WinDefend, Wazuh* -ErrorAction SilentlyContinue | Out-Null        # 6. read event logs (normal; NOT clearing)      Get-WinEvent -LogName System -MaxEvents 10 -ErrorAction SilentlyContinue | Out-Null        # 7. periodic update check (normal maintenance, read-only)      if ($round % 8 -eq 0) {          Log \\\"update_check\\\"          try { Get-HotFix | Select-Object -First 5 | Out-Null } catch {}      }        # 8. heartbeat file in a normal app path (non-sensitive)      \\\"heartbeat $(Get-Date)\\\" | Add-Content C:\\\\atomic\\\\app_heartbeat.log        Jitter  }    Remove-Item C:\\\\atomic\\\\app_heartbeat.log -ErrorAction SilentlyContinue  Log \\\"BENIGN_END\\\"  Write-Output \\\"# Done. On SOC-Wazuh extract WIN-CL1's agent for this window:\\\"  Write-Output \\\"#   ./extract_agent.sh &lt;WIN-CL1-ID&gt; &lt;START-UTC&gt; &lt;END-UTC&gt; benign_win\\\"","scriptBlockId":"11cf50a5-2cb7-4140-95ab-23ec696b6d0a","path":"C:\\\\atomic\\\\benign_win.ps1"}}},"location":"EventChannel"}
