{"timestamp":"2026-07-08T23:07:17.258+0000","rule":{"level":3,"description":"Windows logon success.","id":"60106","mitre":{"id":["T1078"],"tactic":["Defense Evasion","Persistence","Privilege Escalation","Initial Access"],"technique":["Valid Accounts"]},"firedtimes":7,"mail":false,"groups":["windows","windows_security","authentication_success"],"gdpr":["IV_32.2"],"gpg13":["7.1","7.2"],"hipaa":["164.312.b"],"nist_800_53":["AC.7","AU.14"],"pci_dss":["10.2.5"],"tsc":["CC6.8","CC7.2","CC7.3"]},"agent":{"id":"002","name":"WIN-CL1","ip":"192.168.20.104"},"manager":{"name":"wazuh.manager"},"id":"1783552037.84345805","decoder":{"name":"windows_eventchannel"},"data":{"win":{"system":{"providerName":"Microsoft-Windows-Security-Auditing","providerGuid":"{54849625-5478-4994-a5ba-3e3b0328c30d}","eventID":"4624","version":"3","level":"0","task":"12544","opcode":"0","keywords":"0x8020000000000000","systemTime":"2026-07-08T23:06:36.5659753Z","eventRecordID":"31305","processID":"812","threadID":"8828","channel":"Security","computer":"WIN-CL1.lab.local","severityValue":"AUDIT_SUCCESS","message":"\"An account was successfully logged on.\r\n\r\nSubject:\r\n\tSecurity ID:\t\tS-1-5-18\r\n\tAccount Name:\t\tWIN-CL1$\r\n\tAccount Domain:\t\tLAB\r\n\tLogon ID:\t\t0x3E7\r\n\r\nLogon Information:\r\n\tLogon Type:\t\t7\r\n\tRestricted Admin Mode:\t-\r\n\tRemote Credential Guard:\t-\r\n\tVirtual Account:\t\tNo\r\n\tElevated Token:\t\tNo\r\n\r\nImpersonation Level:\t\tImpersonation\r\n\r\nNew Logon:\r\n\tSecurity ID:\t\tS-1-5-21-907119091-1850645056-1411410302-1001\r\n\tAccount Name:\t\tlab-user-1\r\n\tAccount Domain:\t\tMicrosoftAccount\r\n\tLogon ID:\t\t0x1532CA8\r\n\tLinked Logon ID:\t\t0x1532AF4\r\n\tNetwork Account Name:\t-\r\n\tNetwork Account Domain:\t-\r\n\tLogon GUID:\t\t{00000000-0000-0000-0000-000000000000}\r\n\r\nProcess Information:\r\n\tProcess ID:\t\t0x32c\r\n\tProcess Name:\t\tC:\\Windows\\System32\\lsass.exe\r\n\r\nNetwork Information:\r\n\tWorkstation Name:\tWIN-CL1\r\n\tSource Network Address:\t-\r\n\tSource Port:\t\t-\r\n\r\nDetailed Authentication Information:\r\n\tLogon Process:\t\tNegotiat\r\n\tAuthentication Package:\tNegotiate\r\n\tTransited Services:\t-\r\n\tPackage Name (NTLM only):\t-\r\n\tKey Length:\t\t0\r\n\r\nThis event is generated when a logon session is created. It is generated on the computer that was accessed.\r\n\r\nThe subject fields indicate the account on the local system which requested the logon. This is most commonly a service such as the Server service, or a local process such as Winlogon.exe or Services.exe.\r\n\r\nThe logon type field indicates the kind of logon that occurred. The most common types are 2 (interactive) and 3 (network).\r\n\r\nThe New Logon fields indicate the account for whom the new logon was created, i.e. the account that was logged on.\r\n\r\nThe network fields indicate where a remote logon request originated. Workstation name is not always available and may be left blank in some cases.\r\n\r\nThe impersonation level field indicates the extent to which a process in the logon session can impersonate.\r\n\r\nThe authentication information fields provide detailed information about this specific logon request.\r\n\t- Logon GUID is a unique identifier that can be used to correlate this event with a KDC event.\r\n\t- Transited services indicate which intermediate services have participated in this logon request.\r\n\t- Package name indicates which sub-protocol was used among the NTLM protocols.\r\n\t- Key length indicates the length of the generated session key. This will be 0 if no session key was requested.\""},"eventdata":{"subjectUserSid":"S-1-5-18","subjectUserName":"WIN-CL1$","subjectDomainName":"LAB","subjectLogonId":"0x3e7","targetUserSid":"S-1-5-21-907119091-1850645056-1411410302-1001","targetUserName":"lab-user-1","targetDomainName":"MicrosoftAccount","targetLogonId":"0x1532ca8","logonType":"7","logonProcessName":"Negotiat","authenticationPackageName":"Negotiate","workstationName":"WIN-CL1","logonGuid":"{00000000-0000-0000-0000-000000000000}","keyLength":"0","processId":"0x32c","processName":"C:\\\\Windows\\\\System32\\\\lsass.exe","impersonationLevel":"%%1833","virtualAccount":"%%1843","targetLinkedLogonId":"0x1532af4","elevatedToken":"%%1843"}}},"location":"EventChannel"}
{"timestamp":"2026-07-08T23:09:28.650+0000","rule":{"level":4,"description":"Powershell process spawned Windows command shell instance","id":"92004","mitre":{"id":["T1059.003"],"tactic":["Execution"],"technique":["Windows Command Shell"]},"firedtimes":1,"mail":false,"groups":["sysmon","sysmon_eid1_detections","windows"]},"agent":{"id":"002","name":"WIN-CL1","ip":"192.168.20.104"},"manager":{"name":"wazuh.manager"},"id":"1783552168.84364060","decoder":{"name":"windows_eventchannel"},"data":{"win":{"system":{"providerName":"Microsoft-Windows-Sysmon","providerGuid":"{5770385f-c22a-43e0-bf4c-06f5698ffbd9}","eventID":"1","version":"5","level":"4","task":"1","opcode":"0","keywords":"0x8000000000000000","systemTime":"2026-07-08T23:08:47.9875296Z","eventRecordID":"53110","processID":"3216","threadID":"3584","channel":"Microsoft-Windows-Sysmon/Operational","computer":"WIN-CL1.lab.local","severityValue":"INFORMATION","message":"\"Process Create:\r\nRuleName: -\r\nUtcTime: 2026-07-08 23:08:47.985\r\nProcessGuid: {b7327453-d87f-6a4e-2305-000000002100}\r\nProcessId: 6368\r\nImage: C:\\Windows\\System32\\cmd.exe\r\nFileVersion: 10.0.26100.7019 (WinBuild.160101.0800)\r\nDescription: Windows Command Processor\r\nProduct: Microsoft® Windows® Operating System\r\nCompany: Microsoft Corporation\r\nOriginalFileName: Cmd.Exe\r\nCommandLine: \"C:\\WINDOWS\\system32\\cmd.exe\" /c \"net use \\\\127.0.0.1\\IPC$ /user:baduser1 wrongpass1 2>nul\"\r\nCurrentDirectory: C:\\atomic\\\r\nUser: WIN-CL1\\coe55\r\nLogonGuid: {b7327453-590d-6a4e-3e81-3b0000000000}\r\nLogonId: 0x3B813E\r\nTerminalSessionId: 1\r\nIntegrityLevel: High\r\nHashes: MD5=C8B5D63042BC4BBB7F5C0F9E15B61F16,SHA256=9695CF4566DDF878A69C3D419E0DA4EEA87B0F24261AD8E79A3A9C4A9885429C,IMPHASH=B0F049C014592B156EB1FA857E99CEB9\r\nParentProcessGuid: {b7327453-ca05-6a4e-c903-000000002100}\r\nParentProcessId: 5972\r\nParentImage: C:\\Windows\\System32\\WindowsPowerShell\\v1.0\\powershell.exe\r\nParentCommandLine: \"C:\\Windows\\System32\\WindowsPowerShell\\v1.0\\powershell.exe\" \r\nParentUser: WIN-CL1\\coe55\""},"eventdata":{"utcTime":"2026-07-08 23:08:47.985","processGuid":"{b7327453-d87f-6a4e-2305-000000002100}","processId":"6368","image":"C:\\\\Windows\\\\System32\\\\cmd.exe","fileVersion":"10.0.26100.7019 (WinBuild.160101.0800)","description":"Windows Command Processor","product":"Microsoft® Windows® Operating System","company":"Microsoft Corporation","originalFileName":"Cmd.Exe","commandLine":"\\\"C:\\\\WINDOWS\\\\system32\\\\cmd.exe\\\" /c \\\"net use \\\\\\\\127.0.0.1\\\\IPC$ /user:baduser1 wrongpass1 2&gt;nul\\\"","currentDirectory":"C:\\\\atomic\\\\","user":"WIN-CL1\\\\coe55","logonGuid":"{b7327453-590d-6a4e-3e81-3b0000000000}","logonId":"0x3b813e","terminalSessionId":"1","integrityLevel":"High","hashes":"MD5=C8B5D63042BC4BBB7F5C0F9E15B61F16,SHA256=9695CF4566DDF878A69C3D419E0DA4EEA87B0F24261AD8E79A3A9C4A9885429C,IMPHASH=B0F049C014592B156EB1FA857E99CEB9","parentProcessGuid":"{b7327453-ca05-6a4e-c903-000000002100}","parentProcessId":"5972","parentImage":"C:\\\\Windows\\\\System32\\\\WindowsPowerShell\\\\v1.0\\\\powershell.exe","parentCommandLine":"\\\"C:\\\\Windows\\\\System32\\\\WindowsPowerShell\\\\v1.0\\\\powershell.exe\\\"","parentUser":"WIN-CL1\\\\coe55"}}},"location":"EventChannel"}
{"timestamp":"2026-07-08T23:09:28.653+0000","rule":{"level":3,"description":"A C:\\\\Windows\\\\System32\\\\net.exe binary was started by a Windows cmd shell","id":"92036","mitre":{"id":["T1059.003","T1574.001"],"tactic":["Execution","Persistence","Privilege Escalation","Defense Evasion"],"technique":["Windows Command Shell","DLL Search Order Hijacking"]},"firedtimes":1,"mail":false,"groups":["sysmon","sysmon_eid1_detections","windows"]},"agent":{"id":"002","name":"WIN-CL1","ip":"192.168.20.104"},"manager":{"name":"wazuh.manager"},"id":"1783552168.84369992","decoder":{"name":"windows_eventchannel"},"data":{"win":{"system":{"providerName":"Microsoft-Windows-Sysmon","providerGuid":"{5770385f-c22a-43e0-bf4c-06f5698ffbd9}","eventID":"1","version":"5","level":"4","task":"1","opcode":"0","keywords":"0x8000000000000000","systemTime":"2026-07-08T23:08:48.0035810Z","eventRecordID":"53111","processID":"3216","threadID":"3584","channel":"Microsoft-Windows-Sysmon/Operational","computer":"WIN-CL1.lab.local","severityValue":"INFORMATION","message":"\"Process Create:\r\nRuleName: -\r\nUtcTime: 2026-07-08 23:08:47.999\r\nProcessGuid: {b7327453-d87f-6a4e-2405-000000002100}\r\nProcessId: 1620\r\nImage: C:\\Windows\\System32\\net.exe\r\nFileVersion: 10.0.26100.7019 (WinBuild.160101.0800)\r\nDescription: Net Command\r\nProduct: Microsoft® Windows® Operating System\r\nCompany: Microsoft Corporation\r\nOriginalFileName: net.exe\r\nCommandLine: net  use \\\\127.0.0.1\\IPC$ /user:baduser1 wrongpass1 \r\nCurrentDirectory: C:\\atomic\\\r\nUser: WIN-CL1\\coe55\r\nLogonGuid: {b7327453-590d-6a4e-3e81-3b0000000000}\r\nLogonId: 0x3B813E\r\nTerminalSessionId: 1\r\nIntegrityLevel: High\r\nHashes: MD5=8A1E71312BD2AAE202652113049CDBD1,SHA256=BB3E638C8B5B6EF80847E364AEEF2796CAD25D3539CF9B41D3820FA48943E777,IMPHASH=EF46B86C2346DA0A991DE4B78AAF4E75\r\nParentProcessGuid: {b7327453-d87f-6a4e-2305-000000002100}\r\nParentProcessId: 6368\r\nParentImage: C:\\Windows\\System32\\cmd.exe\r\nParentCommandLine: \"C:\\WINDOWS\\system32\\cmd.exe\" /c \"net use \\\\127.0.0.1\\IPC$ /user:baduser1 wrongpass1 2>nul\"\r\nParentUser: WIN-CL1\\coe55\""},"eventdata":{"utcTime":"2026-07-08 23:08:47.999","processGuid":"{b7327453-d87f-6a4e-2405-000000002100}","processId":"1620","image":"C:\\\\Windows\\\\System32\\\\net.exe","fileVersion":"10.0.26100.7019 (WinBuild.160101.0800)","description":"Net Command","product":"Microsoft® Windows® Operating System","company":"Microsoft Corporation","originalFileName":"net.exe","commandLine":"net  use \\\\\\\\127.0.0.1\\\\IPC$ /user:baduser1 wrongpass1","currentDirectory":"C:\\\\atomic\\\\","user":"WIN-CL1\\\\coe55","logonGuid":"{b7327453-590d-6a4e-3e81-3b0000000000}","logonId":"0x3b813e","terminalSessionId":"1","integrityLevel":"High","hashes":"MD5=8A1E71312BD2AAE202652113049CDBD1,SHA256=BB3E638C8B5B6EF80847E364AEEF2796CAD25D3539CF9B41D3820FA48943E777,IMPHASH=EF46B86C2346DA0A991DE4B78AAF4E75","parentProcessGuid":"{b7327453-d87f-6a4e-2305-000000002100}","parentProcessId":"6368","parentImage":"C:\\\\Windows\\\\System32\\\\cmd.exe","parentCommandLine":"\\\"C:\\\\WINDOWS\\\\system32\\\\cmd.exe\\\" /c \\\"net use \\\\\\\\127.0.0.1\\\\IPC$ /user:baduser1 wrongpass1 2&gt;nul\\\"","parentUser":"WIN-CL1\\\\coe55"}}},"location":"EventChannel"}
{"timestamp":"2026-07-08T23:09:51.098+0000","rule":{"level":5,"description":"Logon failure - Unknown user or bad password.","id":"60122","mitre":{"id":["T1078","T1531"],"tactic":["Defense Evasion","Persistence","Privilege Escalation","Initial Access","Impact"],"technique":["Valid Accounts","Account Access Removal"]},"firedtimes":1,"mail":false,"groups":["windows","windows_security","authentication_failed"],"gdpr":["IV_32.2","IV_35.7.d"],"gpg13":["7.1"],"hipaa":["164.312.b"],"nist_800_53":["AC.7","AU.14"],"pci_dss":["10.2.4","10.2.5"],"tsc":["CC6.1","CC6.8","CC7.2","CC7.3"]},"agent":{"id":"002","name":"WIN-CL1","ip":"192.168.20.104"},"manager":{"name":"wazuh.manager"},"id":"1783552191.84384121","decoder":{"name":"windows_eventchannel"},"data":{"win":{"system":{"providerName":"Microsoft-Windows-Security-Auditing","providerGuid":"{54849625-5478-4994-a5ba-3e3b0328c30d}","eventID":"4625","version":"0","level":"0","task":"12544","opcode":"0","keywords":"0x8010000000000000","systemTime":"2026-07-08T23:09:10.4747649Z","eventRecordID":"31307","processID":"812","threadID":"9136","channel":"Security","computer":"WIN-CL1.lab.local","severityValue":"AUDIT_FAILURE","message":"\"An account failed to log on.\r\n\r\nSubject:\r\n\tSecurity ID:\t\tS-1-0-0\r\n\tAccount Name:\t\t-\r\n\tAccount Domain:\t\t-\r\n\tLogon ID:\t\t0x0\r\n\r\nLogon Type:\t\t\t3\r\n\r\nAccount For Which Logon Failed:\r\n\tSecurity ID:\t\tS-1-0-0\r\n\tAccount Name:\t\tbaduser1\r\n\tAccount Domain:\t\t-\r\n\r\nFailure Information:\r\n\tFailure Reason:\t\tUnknown user name or bad password.\r\n\tStatus:\t\t\t0xC000006D\r\n\tSub Status:\t\t0xC0000064\r\n\r\nProcess Information:\r\n\tCaller Process ID:\t0x0\r\n\tCaller Process Name:\t-\r\n\r\nNetwork Information:\r\n\tWorkstation Name:\tWIN-CL1\r\n\tSource Network Address:\t127.0.0.1\r\n\tSource Port:\t\t65472\r\n\r\nDetailed Authentication Information:\r\n\tLogon Process:\t\tNtLmSsp \r\n\tAuthentication Package:\tNTLM\r\n\tTransited Services:\t-\r\n\tPackage Name (NTLM only):\t-\r\n\tKey Length:\t\t0\r\n\r\nThis event is generated when a logon request fails. It is generated on the computer where access was attempted.\r\n\r\nThe Subject fields indicate the account on the local system which requested the logon. This is most commonly a service such as the Server service, or a local process such as Winlogon.exe or Services.exe.\r\n\r\nThe Logon Type field indicates the kind of logon that was requested. The most common types are 2 (interactive) and 3 (network).\r\n\r\nThe Process Information fields indicate which account and process on the system requested the logon.\r\n\r\nThe Network Information fields indicate where a remote logon request originated. Workstation name is not always available and may be left blank in some cases.\r\n\r\nThe authentication information fields provide detailed information about this specific logon request.\r\n\t- Transited services indicate which intermediate services have participated in this logon request.\r\n\t- Package name indicates which sub-protocol was used among the NTLM protocols.\r\n\t- Key length indicates the length of the generated session key. This will be 0 if no session key was requested.\""},"eventdata":{"subjectUserSid":"S-1-0-0","subjectLogonId":"0x0","targetUserSid":"S-1-0-0","targetUserName":"baduser1","status":"0xc000006d","failureReason":"%%2313","subStatus":"0xc0000064","logonType":"3","logonProcessName":"NtLmSsp","authenticationPackageName":"NTLM","workstationName":"WIN-CL1","keyLength":"0","processId":"0x0","ipAddress":"127.0.0.1","ipPort":"65472"}}},"location":"EventChannel"}
{"timestamp":"2026-07-08T23:09:55.316+0000","rule":{"level":4,"description":"Powershell process spawned Windows command shell instance","id":"92004","mitre":{"id":["T1059.003"],"tactic":["Execution"],"technique":["Windows Command Shell"]},"firedtimes":2,"mail":false,"groups":["sysmon","sysmon_eid1_detections","windows"]},"agent":{"id":"002","name":"WIN-CL1","ip":"192.168.20.104"},"manager":{"name":"wazuh.manager"},"id":"1783552195.84399121","decoder":{"name":"windows_eventchannel"},"data":{"win":{"system":{"providerName":"Microsoft-Windows-Sysmon","providerGuid":"{5770385f-c22a-43e0-bf4c-06f5698ffbd9}","eventID":"1","version":"5","level":"4","task":"1","opcode":"0","keywords":"0x8000000000000000","systemTime":"2026-07-08T23:09:14.6664753Z","eventRecordID":"53112","processID":"3216","threadID":"3584","channel":"Microsoft-Windows-Sysmon/Operational","computer":"WIN-CL1.lab.local","severityValue":"INFORMATION","message":"\"Process Create:\r\nRuleName: -\r\nUtcTime: 2026-07-08 23:09:14.663\r\nProcessGuid: {b7327453-d89a-6a4e-2505-000000002100}\r\nProcessId: 8308\r\nImage: C:\\Windows\\System32\\cmd.exe\r\nFileVersion: 10.0.26100.7019 (WinBuild.160101.0800)\r\nDescription: Windows Command Processor\r\nProduct: Microsoft® Windows® Operating System\r\nCompany: Microsoft Corporation\r\nOriginalFileName: Cmd.Exe\r\nCommandLine: \"C:\\WINDOWS\\system32\\cmd.exe\" /c \"net use \\\\127.0.0.1\\IPC$ /user:baduser2 wrongpass2 2>nul\"\r\nCurrentDirectory: C:\\atomic\\\r\nUser: WIN-CL1\\coe55\r\nLogonGuid: {b7327453-590d-6a4e-3e81-3b0000000000}\r\nLogonId: 0x3B813E\r\nTerminalSessionId: 1\r\nIntegrityLevel: High\r\nHashes: MD5=C8B5D63042BC4BBB7F5C0F9E15B61F16,SHA256=9695CF4566DDF878A69C3D419E0DA4EEA87B0F24261AD8E79A3A9C4A9885429C,IMPHASH=B0F049C014592B156EB1FA857E99CEB9\r\nParentProcessGuid: {b7327453-ca05-6a4e-c903-000000002100}\r\nParentProcessId: 5972\r\nParentImage: C:\\Windows\\System32\\WindowsPowerShell\\v1.0\\powershell.exe\r\nParentCommandLine: \"C:\\Windows\\System32\\WindowsPowerShell\\v1.0\\powershell.exe\" \r\nParentUser: WIN-CL1\\coe55\""},"eventdata":{"utcTime":"2026-07-08 23:09:14.663","processGuid":"{b7327453-d89a-6a4e-2505-000000002100}","processId":"8308","image":"C:\\\\Windows\\\\System32\\\\cmd.exe","fileVersion":"10.0.26100.7019 (WinBuild.160101.0800)","description":"Windows Command Processor","product":"Microsoft® Windows® Operating System","company":"Microsoft Corporation","originalFileName":"Cmd.Exe","commandLine":"\\\"C:\\\\WINDOWS\\\\system32\\\\cmd.exe\\\" /c \\\"net use \\\\\\\\127.0.0.1\\\\IPC$ /user:baduser2 wrongpass2 2&gt;nul\\\"","currentDirectory":"C:\\\\atomic\\\\","user":"WIN-CL1\\\\coe55","logonGuid":"{b7327453-590d-6a4e-3e81-3b0000000000}","logonId":"0x3b813e","terminalSessionId":"1","integrityLevel":"High","hashes":"MD5=C8B5D63042BC4BBB7F5C0F9E15B61F16,SHA256=9695CF4566DDF878A69C3D419E0DA4EEA87B0F24261AD8E79A3A9C4A9885429C,IMPHASH=B0F049C014592B156EB1FA857E99CEB9","parentProcessGuid":"{b7327453-ca05-6a4e-c903-000000002100}","parentProcessId":"5972","parentImage":"C:\\\\Windows\\\\System32\\\\WindowsPowerShell\\\\v1.0\\\\powershell.exe","parentCommandLine":"\\\"C:\\\\Windows\\\\System32\\\\WindowsPowerShell\\\\v1.0\\\\powershell.exe\\\"","parentUser":"WIN-CL1\\\\coe55"}}},"location":"EventChannel"}
{"timestamp":"2026-07-08T23:09:55.333+0000","rule":{"level":3,"description":"A C:\\\\Windows\\\\System32\\\\net.exe binary was started by a Windows cmd shell","id":"92036","mitre":{"id":["T1059.003","T1574.001"],"tactic":["Execution","Persistence","Privilege Escalation","Defense Evasion"],"technique":["Windows Command Shell","DLL Search Order Hijacking"]},"firedtimes":2,"mail":false,"groups":["sysmon","sysmon_eid1_detections","windows"]},"agent":{"id":"002","name":"WIN-CL1","ip":"192.168.20.104"},"manager":{"name":"wazuh.manager"},"id":"1783552195.84405053","decoder":{"name":"windows_eventchannel"},"data":{"win":{"system":{"providerName":"Microsoft-Windows-Sysmon","providerGuid":"{5770385f-c22a-43e0-bf4c-06f5698ffbd9}","eventID":"1","version":"5","level":"4","task":"1","opcode":"0","keywords":"0x8000000000000000","systemTime":"2026-07-08T23:09:14.6813563Z","eventRecordID":"53113","processID":"3216","threadID":"3584","channel":"Microsoft-Windows-Sysmon/Operational","computer":"WIN-CL1.lab.local","severityValue":"INFORMATION","message":"\"Process Create:\r\nRuleName: -\r\nUtcTime: 2026-07-08 23:09:14.677\r\nProcessGuid: {b7327453-d89a-6a4e-2605-000000002100}\r\nProcessId: 9412\r\nImage: C:\\Windows\\System32\\net.exe\r\nFileVersion: 10.0.26100.7019 (WinBuild.160101.0800)\r\nDescription: Net Command\r\nProduct: Microsoft® Windows® Operating System\r\nCompany: Microsoft Corporation\r\nOriginalFileName: net.exe\r\nCommandLine: net  use \\\\127.0.0.1\\IPC$ /user:baduser2 wrongpass2 \r\nCurrentDirectory: C:\\atomic\\\r\nUser: WIN-CL1\\coe55\r\nLogonGuid: {b7327453-590d-6a4e-3e81-3b0000000000}\r\nLogonId: 0x3B813E\r\nTerminalSessionId: 1\r\nIntegrityLevel: High\r\nHashes: MD5=8A1E71312BD2AAE202652113049CDBD1,SHA256=BB3E638C8B5B6EF80847E364AEEF2796CAD25D3539CF9B41D3820FA48943E777,IMPHASH=EF46B86C2346DA0A991DE4B78AAF4E75\r\nParentProcessGuid: {b7327453-d89a-6a4e-2505-000000002100}\r\nParentProcessId: 8308\r\nParentImage: C:\\Windows\\System32\\cmd.exe\r\nParentCommandLine: \"C:\\WINDOWS\\system32\\cmd.exe\" /c \"net use \\\\127.0.0.1\\IPC$ /user:baduser2 wrongpass2 2>nul\"\r\nParentUser: WIN-CL1\\coe55\""},"eventdata":{"utcTime":"2026-07-08 23:09:14.677","processGuid":"{b7327453-d89a-6a4e-2605-000000002100}","processId":"9412","image":"C:\\\\Windows\\\\System32\\\\net.exe","fileVersion":"10.0.26100.7019 (WinBuild.160101.0800)","description":"Net Command","product":"Microsoft® Windows® Operating System","company":"Microsoft Corporation","originalFileName":"net.exe","commandLine":"net  use \\\\\\\\127.0.0.1\\\\IPC$ /user:baduser2 wrongpass2","currentDirectory":"C:\\\\atomic\\\\","user":"WIN-CL1\\\\coe55","logonGuid":"{b7327453-590d-6a4e-3e81-3b0000000000}","logonId":"0x3b813e","terminalSessionId":"1","integrityLevel":"High","hashes":"MD5=8A1E71312BD2AAE202652113049CDBD1,SHA256=BB3E638C8B5B6EF80847E364AEEF2796CAD25D3539CF9B41D3820FA48943E777,IMPHASH=EF46B86C2346DA0A991DE4B78AAF4E75","parentProcessGuid":"{b7327453-d89a-6a4e-2505-000000002100}","parentProcessId":"8308","parentImage":"C:\\\\Windows\\\\System32\\\\cmd.exe","parentCommandLine":"\\\"C:\\\\WINDOWS\\\\system32\\\\cmd.exe\\\" /c \\\"net use \\\\\\\\127.0.0.1\\\\IPC$ /user:baduser2 wrongpass2 2&gt;nul\\\"","parentUser":"WIN-CL1\\\\coe55"}}},"location":"EventChannel"}
{"timestamp":"2026-07-08T23:09:55.407+0000","rule":{"level":5,"description":"Logon failure - Unknown user or bad password.","id":"60122","mitre":{"id":["T1078","T1531"],"tactic":["Defense Evasion","Persistence","Privilege Escalation","Initial Access","Impact"],"technique":["Valid Accounts","Account Access Removal"]},"firedtimes":2,"mail":false,"groups":["windows","windows_security","authentication_failed"],"gdpr":["IV_32.2","IV_35.7.d"],"gpg13":["7.1"],"hipaa":["164.312.b"],"nist_800_53":["AC.7","AU.14"],"pci_dss":["10.2.4","10.2.5"],"tsc":["CC6.1","CC6.8","CC7.2","CC7.3"]},"agent":{"id":"002","name":"WIN-CL1","ip":"192.168.20.104"},"manager":{"name":"wazuh.manager"},"id":"1783552195.84410764","decoder":{"name":"windows_eventchannel"},"data":{"win":{"system":{"providerName":"Microsoft-Windows-Security-Auditing","providerGuid":"{54849625-5478-4994-a5ba-3e3b0328c30d}","eventID":"4625","version":"0","level":"0","task":"12544","opcode":"0","keywords":"0x8010000000000000","systemTime":"2026-07-08T23:09:14.7209684Z","eventRecordID":"31309","processID":"812","threadID":"8564","channel":"Security","computer":"WIN-CL1.lab.local","severityValue":"AUDIT_FAILURE","message":"\"An account failed to log on.\r\n\r\nSubject:\r\n\tSecurity ID:\t\tS-1-0-0\r\n\tAccount Name:\t\t-\r\n\tAccount Domain:\t\t-\r\n\tLogon ID:\t\t0x0\r\n\r\nLogon Type:\t\t\t3\r\n\r\nAccount For Which Logon Failed:\r\n\tSecurity ID:\t\tS-1-0-0\r\n\tAccount Name:\t\tbaduser2\r\n\tAccount Domain:\t\t-\r\n\r\nFailure Information:\r\n\tFailure Reason:\t\tUnknown user name or bad password.\r\n\tStatus:\t\t\t0xC000006D\r\n\tSub Status:\t\t0xC0000064\r\n\r\nProcess Information:\r\n\tCaller Process ID:\t0x0\r\n\tCaller Process Name:\t-\r\n\r\nNetwork Information:\r\n\tWorkstation Name:\tWIN-CL1\r\n\tSource Network Address:\t127.0.0.1\r\n\tSource Port:\t\t65474\r\n\r\nDetailed Authentication Information:\r\n\tLogon Process:\t\tNtLmSsp \r\n\tAuthentication Package:\tNTLM\r\n\tTransited Services:\t-\r\n\tPackage Name (NTLM only):\t-\r\n\tKey Length:\t\t0\r\n\r\nThis event is generated when a logon request fails. It is generated on the computer where access was attempted.\r\n\r\nThe Subject fields indicate the account on the local system which requested the logon. This is most commonly a service such as the Server service, or a local process such as Winlogon.exe or Services.exe.\r\n\r\nThe Logon Type field indicates the kind of logon that was requested. The most common types are 2 (interactive) and 3 (network).\r\n\r\nThe Process Information fields indicate which account and process on the system requested the logon.\r\n\r\nThe Network Information fields indicate where a remote logon request originated. Workstation name is not always available and may be left blank in some cases.\r\n\r\nThe authentication information fields provide detailed information about this specific logon request.\r\n\t- Transited services indicate which intermediate services have participated in this logon request.\r\n\t- Package name indicates which sub-protocol was used among the NTLM protocols.\r\n\t- Key length indicates the length of the generated session key. This will be 0 if no session key was requested.\""},"eventdata":{"subjectUserSid":"S-1-0-0","subjectLogonId":"0x0","targetUserSid":"S-1-0-0","targetUserName":"baduser2","status":"0xc000006d","failureReason":"%%2313","subStatus":"0xc0000064","logonType":"3","logonProcessName":"NtLmSsp","authenticationPackageName":"NTLM","workstationName":"WIN-CL1","keyLength":"0","processId":"0x0","ipAddress":"127.0.0.1","ipPort":"65474"}}},"location":"EventChannel"}
{"timestamp":"2026-07-08T23:09:59.510+0000","rule":{"level":4,"description":"Powershell process spawned Windows command shell instance","id":"92004","mitre":{"id":["T1059.003"],"tactic":["Execution"],"technique":["Windows Command Shell"]},"firedtimes":3,"mail":false,"groups":["sysmon","sysmon_eid1_detections","windows"]},"agent":{"id":"002","name":"WIN-CL1","ip":"192.168.20.104"},"manager":{"name":"wazuh.manager"},"id":"1783552199.84425272","decoder":{"name":"windows_eventchannel"},"data":{"win":{"system":{"providerName":"Microsoft-Windows-Sysmon","providerGuid":"{5770385f-c22a-43e0-bf4c-06f5698ffbd9}","eventID":"1","version":"5","level":"4","task":"1","opcode":"0","keywords":"0x8000000000000000","systemTime":"2026-07-08T23:09:18.8661892Z","eventRecordID":"53114","processID":"3216","threadID":"3584","channel":"Microsoft-Windows-Sysmon/Operational","computer":"WIN-CL1.lab.local","severityValue":"INFORMATION","message":"\"Process Create:\r\nRuleName: -\r\nUtcTime: 2026-07-08 23:09:18.863\r\nProcessGuid: {b7327453-d89e-6a4e-2705-000000002100}\r\nProcessId: 4972\r\nImage: C:\\Windows\\System32\\cmd.exe\r\nFileVersion: 10.0.26100.7019 (WinBuild.160101.0800)\r\nDescription: Windows Command Processor\r\nProduct: Microsoft® Windows® Operating System\r\nCompany: Microsoft Corporation\r\nOriginalFileName: Cmd.Exe\r\nCommandLine: \"C:\\WINDOWS\\system32\\cmd.exe\" /c \"net use \\\\127.0.0.1\\IPC$ /user:baduser3 wrongpass3 2>nul\"\r\nCurrentDirectory: C:\\atomic\\\r\nUser: WIN-CL1\\coe55\r\nLogonGuid: {b7327453-590d-6a4e-3e81-3b0000000000}\r\nLogonId: 0x3B813E\r\nTerminalSessionId: 1\r\nIntegrityLevel: High\r\nHashes: MD5=C8B5D63042BC4BBB7F5C0F9E15B61F16,SHA256=9695CF4566DDF878A69C3D419E0DA4EEA87B0F24261AD8E79A3A9C4A9885429C,IMPHASH=B0F049C014592B156EB1FA857E99CEB9\r\nParentProcessGuid: {b7327453-ca05-6a4e-c903-000000002100}\r\nParentProcessId: 5972\r\nParentImage: C:\\Windows\\System32\\WindowsPowerShell\\v1.0\\powershell.exe\r\nParentCommandLine: \"C:\\Windows\\System32\\WindowsPowerShell\\v1.0\\powershell.exe\" \r\nParentUser: WIN-CL1\\coe55\""},"eventdata":{"utcTime":"2026-07-08 23:09:18.863","processGuid":"{b7327453-d89e-6a4e-2705-000000002100}","processId":"4972","image":"C:\\\\Windows\\\\System32\\\\cmd.exe","fileVersion":"10.0.26100.7019 (WinBuild.160101.0800)","description":"Windows Command Processor","product":"Microsoft® Windows® Operating System","company":"Microsoft Corporation","originalFileName":"Cmd.Exe","commandLine":"\\\"C:\\\\WINDOWS\\\\system32\\\\cmd.exe\\\" /c \\\"net use \\\\\\\\127.0.0.1\\\\IPC$ /user:baduser3 wrongpass3 2&gt;nul\\\"","currentDirectory":"C:\\\\atomic\\\\","user":"WIN-CL1\\\\coe55","logonGuid":"{b7327453-590d-6a4e-3e81-3b0000000000}","logonId":"0x3b813e","terminalSessionId":"1","integrityLevel":"High","hashes":"MD5=C8B5D63042BC4BBB7F5C0F9E15B61F16,SHA256=9695CF4566DDF878A69C3D419E0DA4EEA87B0F24261AD8E79A3A9C4A9885429C,IMPHASH=B0F049C014592B156EB1FA857E99CEB9","parentProcessGuid":"{b7327453-ca05-6a4e-c903-000000002100}","parentProcessId":"5972","parentImage":"C:\\\\Windows\\\\System32\\\\WindowsPowerShell\\\\v1.0\\\\powershell.exe","parentCommandLine":"\\\"C:\\\\Windows\\\\System32\\\\WindowsPowerShell\\\\v1.0\\\\powershell.exe\\\"","parentUser":"WIN-CL1\\\\coe55"}}},"location":"EventChannel"}
{"timestamp":"2026-07-08T23:09:59.524+0000","rule":{"level":3,"description":"A C:\\\\Windows\\\\System32\\\\net.exe binary was started by a Windows cmd shell","id":"92036","mitre":{"id":["T1059.003","T1574.001"],"tactic":["Execution","Persistence","Privilege Escalation","Defense Evasion"],"technique":["Windows Command Shell","DLL Search Order Hijacking"]},"firedtimes":3,"mail":false,"groups":["sysmon","sysmon_eid1_detections","windows"]},"agent":{"id":"002","name":"WIN-CL1","ip":"192.168.20.104"},"manager":{"name":"wazuh.manager"},"id":"1783552199.84431204","decoder":{"name":"windows_eventchannel"},"data":{"win":{"system":{"providerName":"Microsoft-Windows-Sysmon","providerGuid":"{5770385f-c22a-43e0-bf4c-06f5698ffbd9}","eventID":"1","version":"5","level":"4","task":"1","opcode":"0","keywords":"0x8000000000000000","systemTime":"2026-07-08T23:09:18.8806336Z","eventRecordID":"53115","processID":"3216","threadID":"3584","channel":"Microsoft-Windows-Sysmon/Operational","computer":"WIN-CL1.lab.local","severityValue":"INFORMATION","message":"\"Process Create:\r\nRuleName: -\r\nUtcTime: 2026-07-08 23:09:18.877\r\nProcessGuid: {b7327453-d89e-6a4e-2805-000000002100}\r\nProcessId: 9520\r\nImage: C:\\Windows\\System32\\net.exe\r\nFileVersion: 10.0.26100.7019 (WinBuild.160101.0800)\r\nDescription: Net Command\r\nProduct: Microsoft® Windows® Operating System\r\nCompany: Microsoft Corporation\r\nOriginalFileName: net.exe\r\nCommandLine: net  use \\\\127.0.0.1\\IPC$ /user:baduser3 wrongpass3 \r\nCurrentDirectory: C:\\atomic\\\r\nUser: WIN-CL1\\coe55\r\nLogonGuid: {b7327453-590d-6a4e-3e81-3b0000000000}\r\nLogonId: 0x3B813E\r\nTerminalSessionId: 1\r\nIntegrityLevel: High\r\nHashes: MD5=8A1E71312BD2AAE202652113049CDBD1,SHA256=BB3E638C8B5B6EF80847E364AEEF2796CAD25D3539CF9B41D3820FA48943E777,IMPHASH=EF46B86C2346DA0A991DE4B78AAF4E75\r\nParentProcessGuid: {b7327453-d89e-6a4e-2705-000000002100}\r\nParentProcessId: 4972\r\nParentImage: C:\\Windows\\System32\\cmd.exe\r\nParentCommandLine: \"C:\\WINDOWS\\system32\\cmd.exe\" /c \"net use \\\\127.0.0.1\\IPC$ /user:baduser3 wrongpass3 2>nul\"\r\nParentUser: WIN-CL1\\coe55\""},"eventdata":{"utcTime":"2026-07-08 23:09:18.877","processGuid":"{b7327453-d89e-6a4e-2805-000000002100}","processId":"9520","image":"C:\\\\Windows\\\\System32\\\\net.exe","fileVersion":"10.0.26100.7019 (WinBuild.160101.0800)","description":"Net Command","product":"Microsoft® Windows® Operating System","company":"Microsoft Corporation","originalFileName":"net.exe","commandLine":"net  use \\\\\\\\127.0.0.1\\\\IPC$ /user:baduser3 wrongpass3","currentDirectory":"C:\\\\atomic\\\\","user":"WIN-CL1\\\\coe55","logonGuid":"{b7327453-590d-6a4e-3e81-3b0000000000}","logonId":"0x3b813e","terminalSessionId":"1","integrityLevel":"High","hashes":"MD5=8A1E71312BD2AAE202652113049CDBD1,SHA256=BB3E638C8B5B6EF80847E364AEEF2796CAD25D3539CF9B41D3820FA48943E777,IMPHASH=EF46B86C2346DA0A991DE4B78AAF4E75","parentProcessGuid":"{b7327453-d89e-6a4e-2705-000000002100}","parentProcessId":"4972","parentImage":"C:\\\\Windows\\\\System32\\\\cmd.exe","parentCommandLine":"\\\"C:\\\\WINDOWS\\\\system32\\\\cmd.exe\\\" /c \\\"net use \\\\\\\\127.0.0.1\\\\IPC$ /user:baduser3 wrongpass3 2&gt;nul\\\"","parentUser":"WIN-CL1\\\\coe55"}}},"location":"EventChannel"}
{"timestamp":"2026-07-08T23:09:59.575+0000","rule":{"level":5,"description":"Logon failure - Unknown user or bad password.","id":"60122","mitre":{"id":["T1078","T1531"],"tactic":["Defense Evasion","Persistence","Privilege Escalation","Initial Access","Impact"],"technique":["Valid Accounts","Account Access Removal"]},"firedtimes":3,"mail":false,"groups":["windows","windows_security","authentication_failed"],"gdpr":["IV_32.2","IV_35.7.d"],"gpg13":["7.1"],"hipaa":["164.312.b"],"nist_800_53":["AC.7","AU.14"],"pci_dss":["10.2.4","10.2.5"],"tsc":["CC6.1","CC6.8","CC7.2","CC7.3"]},"agent":{"id":"002","name":"WIN-CL1","ip":"192.168.20.104"},"manager":{"name":"wazuh.manager"},"id":"1783552199.84436915","decoder":{"name":"windows_eventchannel"},"data":{"win":{"system":{"providerName":"Microsoft-Windows-Security-Auditing","providerGuid":"{54849625-5478-4994-a5ba-3e3b0328c30d}","eventID":"4625","version":"0","level":"0","task":"12544","opcode":"0","keywords":"0x8010000000000000","systemTime":"2026-07-08T23:09:18.9189044Z","eventRecordID":"31311","processID":"812","threadID":"9136","channel":"Security","computer":"WIN-CL1.lab.local","severityValue":"AUDIT_FAILURE","message":"\"An account failed to log on.\r\n\r\nSubject:\r\n\tSecurity ID:\t\tS-1-0-0\r\n\tAccount Name:\t\t-\r\n\tAccount Domain:\t\t-\r\n\tLogon ID:\t\t0x0\r\n\r\nLogon Type:\t\t\t3\r\n\r\nAccount For Which Logon Failed:\r\n\tSecurity ID:\t\tS-1-0-0\r\n\tAccount Name:\t\tbaduser3\r\n\tAccount Domain:\t\t-\r\n\r\nFailure Information:\r\n\tFailure Reason:\t\tUnknown user name or bad password.\r\n\tStatus:\t\t\t0xC000006D\r\n\tSub Status:\t\t0xC0000064\r\n\r\nProcess Information:\r\n\tCaller Process ID:\t0x0\r\n\tCaller Process Name:\t-\r\n\r\nNetwork Information:\r\n\tWorkstation Name:\tWIN-CL1\r\n\tSource Network Address:\t127.0.0.1\r\n\tSource Port:\t\t65476\r\n\r\nDetailed Authentication Information:\r\n\tLogon Process:\t\tNtLmSsp \r\n\tAuthentication Package:\tNTLM\r\n\tTransited Services:\t-\r\n\tPackage Name (NTLM only):\t-\r\n\tKey Length:\t\t0\r\n\r\nThis event is generated when a logon request fails. It is generated on the computer where access was attempted.\r\n\r\nThe Subject fields indicate the account on the local system which requested the logon. This is most commonly a service such as the Server service, or a local process such as Winlogon.exe or Services.exe.\r\n\r\nThe Logon Type field indicates the kind of logon that was requested. The most common types are 2 (interactive) and 3 (network).\r\n\r\nThe Process Information fields indicate which account and process on the system requested the logon.\r\n\r\nThe Network Information fields indicate where a remote logon request originated. Workstation name is not always available and may be left blank in some cases.\r\n\r\nThe authentication information fields provide detailed information about this specific logon request.\r\n\t- Transited services indicate which intermediate services have participated in this logon request.\r\n\t- Package name indicates which sub-protocol was used among the NTLM protocols.\r\n\t- Key length indicates the length of the generated session key. This will be 0 if no session key was requested.\""},"eventdata":{"subjectUserSid":"S-1-0-0","subjectLogonId":"0x0","targetUserSid":"S-1-0-0","targetUserName":"baduser3","status":"0xc000006d","failureReason":"%%2313","subStatus":"0xc0000064","logonType":"3","logonProcessName":"NtLmSsp","authenticationPackageName":"NTLM","workstationName":"WIN-CL1","keyLength":"0","processId":"0x0","ipAddress":"127.0.0.1","ipPort":"65476"}}},"location":"EventChannel"}
{"timestamp":"2026-07-08T23:10:02.014+0000","rule":{"level":4,"description":"Powershell process spawned Windows command shell instance","id":"92004","mitre":{"id":["T1059.003"],"tactic":["Execution"],"technique":["Windows Command Shell"]},"firedtimes":4,"mail":false,"groups":["sysmon","sysmon_eid1_detections","windows"]},"agent":{"id":"002","name":"WIN-CL1","ip":"192.168.20.104"},"manager":{"name":"wazuh.manager"},"id":"1783552202.84451423","decoder":{"name":"windows_eventchannel"},"data":{"win":{"system":{"providerName":"Microsoft-Windows-Sysmon","providerGuid":"{5770385f-c22a-43e0-bf4c-06f5698ffbd9}","eventID":"1","version":"5","level":"4","task":"1","opcode":"0","keywords":"0x8000000000000000","systemTime":"2026-07-08T23:09:23.0519754Z","eventRecordID":"53116","processID":"3216","threadID":"3584","channel":"Microsoft-Windows-Sysmon/Operational","computer":"WIN-CL1.lab.local","severityValue":"INFORMATION","message":"\"Process Create:\r\nRuleName: -\r\nUtcTime: 2026-07-08 23:09:23.049\r\nProcessGuid: {b7327453-d8a3-6a4e-2905-000000002100}\r\nProcessId: 7176\r\nImage: C:\\Windows\\System32\\cmd.exe\r\nFileVersion: 10.0.26100.7019 (WinBuild.160101.0800)\r\nDescription: Windows Command Processor\r\nProduct: Microsoft® Windows® Operating System\r\nCompany: Microsoft Corporation\r\nOriginalFileName: Cmd.Exe\r\nCommandLine: \"C:\\WINDOWS\\system32\\cmd.exe\" /c \"net use \\\\127.0.0.1\\IPC$ /user:baduser4 wrongpass4 2>nul\"\r\nCurrentDirectory: C:\\atomic\\\r\nUser: WIN-CL1\\coe55\r\nLogonGuid: {b7327453-590d-6a4e-3e81-3b0000000000}\r\nLogonId: 0x3B813E\r\nTerminalSessionId: 1\r\nIntegrityLevel: High\r\nHashes: MD5=C8B5D63042BC4BBB7F5C0F9E15B61F16,SHA256=9695CF4566DDF878A69C3D419E0DA4EEA87B0F24261AD8E79A3A9C4A9885429C,IMPHASH=B0F049C014592B156EB1FA857E99CEB9\r\nParentProcessGuid: {b7327453-ca05-6a4e-c903-000000002100}\r\nParentProcessId: 5972\r\nParentImage: C:\\Windows\\System32\\WindowsPowerShell\\v1.0\\powershell.exe\r\nParentCommandLine: \"C:\\Windows\\System32\\WindowsPowerShell\\v1.0\\powershell.exe\" \r\nParentUser: WIN-CL1\\coe55\""},"eventdata":{"utcTime":"2026-07-08 23:09:23.049","processGuid":"{b7327453-d8a3-6a4e-2905-000000002100}","processId":"7176","image":"C:\\\\Windows\\\\System32\\\\cmd.exe","fileVersion":"10.0.26100.7019 (WinBuild.160101.0800)","description":"Windows Command Processor","product":"Microsoft® Windows® Operating System","company":"Microsoft Corporation","originalFileName":"Cmd.Exe","commandLine":"\\\"C:\\\\WINDOWS\\\\system32\\\\cmd.exe\\\" /c \\\"net use \\\\\\\\127.0.0.1\\\\IPC$ /user:baduser4 wrongpass4 2&gt;nul\\\"","currentDirectory":"C:\\\\atomic\\\\","user":"WIN-CL1\\\\coe55","logonGuid":"{b7327453-590d-6a4e-3e81-3b0000000000}","logonId":"0x3b813e","terminalSessionId":"1","integrityLevel":"High","hashes":"MD5=C8B5D63042BC4BBB7F5C0F9E15B61F16,SHA256=9695CF4566DDF878A69C3D419E0DA4EEA87B0F24261AD8E79A3A9C4A9885429C,IMPHASH=B0F049C014592B156EB1FA857E99CEB9","parentProcessGuid":"{b7327453-ca05-6a4e-c903-000000002100}","parentProcessId":"5972","parentImage":"C:\\\\Windows\\\\System32\\\\WindowsPowerShell\\\\v1.0\\\\powershell.exe","parentCommandLine":"\\\"C:\\\\Windows\\\\System32\\\\WindowsPowerShell\\\\v1.0\\\\powershell.exe\\\"","parentUser":"WIN-CL1\\\\coe55"}}},"location":"EventChannel"}
{"timestamp":"2026-07-08T23:10:02.014+0000","rule":{"level":3,"description":"A C:\\\\Windows\\\\System32\\\\net.exe binary was started by a Windows cmd shell","id":"92036","mitre":{"id":["T1059.003","T1574.001"],"tactic":["Execution","Persistence","Privilege Escalation","Defense Evasion"],"technique":["Windows Command Shell","DLL Search Order Hijacking"]},"firedtimes":4,"mail":false,"groups":["sysmon","sysmon_eid1_detections","windows"]},"agent":{"id":"002","name":"WIN-CL1","ip":"192.168.20.104"},"manager":{"name":"wazuh.manager"},"id":"1783552202.84457355","decoder":{"name":"windows_eventchannel"},"data":{"win":{"system":{"providerName":"Microsoft-Windows-Sysmon","providerGuid":"{5770385f-c22a-43e0-bf4c-06f5698ffbd9}","eventID":"1","version":"5","level":"4","task":"1","opcode":"0","keywords":"0x8000000000000000","systemTime":"2026-07-08T23:09:23.0653953Z","eventRecordID":"53117","processID":"3216","threadID":"3584","channel":"Microsoft-Windows-Sysmon/Operational","computer":"WIN-CL1.lab.local","severityValue":"INFORMATION","message":"\"Process Create:\r\nRuleName: -\r\nUtcTime: 2026-07-08 23:09:23.061\r\nProcessGuid: {b7327453-d8a3-6a4e-2a05-000000002100}\r\nProcessId: 5872\r\nImage: C:\\Windows\\System32\\net.exe\r\nFileVersion: 10.0.26100.7019 (WinBuild.160101.0800)\r\nDescription: Net Command\r\nProduct: Microsoft® Windows® Operating System\r\nCompany: Microsoft Corporation\r\nOriginalFileName: net.exe\r\nCommandLine: net  use \\\\127.0.0.1\\IPC$ /user:baduser4 wrongpass4 \r\nCurrentDirectory: C:\\atomic\\\r\nUser: WIN-CL1\\coe55\r\nLogonGuid: {b7327453-590d-6a4e-3e81-3b0000000000}\r\nLogonId: 0x3B813E\r\nTerminalSessionId: 1\r\nIntegrityLevel: High\r\nHashes: MD5=8A1E71312BD2AAE202652113049CDBD1,SHA256=BB3E638C8B5B6EF80847E364AEEF2796CAD25D3539CF9B41D3820FA48943E777,IMPHASH=EF46B86C2346DA0A991DE4B78AAF4E75\r\nParentProcessGuid: {b7327453-d8a3-6a4e-2905-000000002100}\r\nParentProcessId: 7176\r\nParentImage: C:\\Windows\\System32\\cmd.exe\r\nParentCommandLine: \"C:\\WINDOWS\\system32\\cmd.exe\" /c \"net use \\\\127.0.0.1\\IPC$ /user:baduser4 wrongpass4 2>nul\"\r\nParentUser: WIN-CL1\\coe55\""},"eventdata":{"utcTime":"2026-07-08 23:09:23.061","processGuid":"{b7327453-d8a3-6a4e-2a05-000000002100}","processId":"5872","image":"C:\\\\Windows\\\\System32\\\\net.exe","fileVersion":"10.0.26100.7019 (WinBuild.160101.0800)","description":"Net Command","product":"Microsoft® Windows® Operating System","company":"Microsoft Corporation","originalFileName":"net.exe","commandLine":"net  use \\\\\\\\127.0.0.1\\\\IPC$ /user:baduser4 wrongpass4","currentDirectory":"C:\\\\atomic\\\\","user":"WIN-CL1\\\\coe55","logonGuid":"{b7327453-590d-6a4e-3e81-3b0000000000}","logonId":"0x3b813e","terminalSessionId":"1","integrityLevel":"High","hashes":"MD5=8A1E71312BD2AAE202652113049CDBD1,SHA256=BB3E638C8B5B6EF80847E364AEEF2796CAD25D3539CF9B41D3820FA48943E777,IMPHASH=EF46B86C2346DA0A991DE4B78AAF4E75","parentProcessGuid":"{b7327453-d8a3-6a4e-2905-000000002100}","parentProcessId":"7176","parentImage":"C:\\\\Windows\\\\System32\\\\cmd.exe","parentCommandLine":"\\\"C:\\\\WINDOWS\\\\system32\\\\cmd.exe\\\" /c \\\"net use \\\\\\\\127.0.0.1\\\\IPC$ /user:baduser4 wrongpass4 2&gt;nul\\\"","parentUser":"WIN-CL1\\\\coe55"}}},"location":"EventChannel"}
{"timestamp":"2026-07-08T23:10:02.014+0000","rule":{"level":5,"description":"Logon failure - Unknown user or bad password.","id":"60122","mitre":{"id":["T1078","T1531"],"tactic":["Defense Evasion","Persistence","Privilege Escalation","Initial Access","Impact"],"technique":["Valid Accounts","Account Access Removal"]},"firedtimes":4,"mail":false,"groups":["windows","windows_security","authentication_failed"],"gdpr":["IV_32.2","IV_35.7.d"],"gpg13":["7.1"],"hipaa":["164.312.b"],"nist_800_53":["AC.7","AU.14"],"pci_dss":["10.2.4","10.2.5"],"tsc":["CC6.1","CC6.8","CC7.2","CC7.3"]},"agent":{"id":"002","name":"WIN-CL1","ip":"192.168.20.104"},"manager":{"name":"wazuh.manager"},"id":"1783552202.84463066","decoder":{"name":"windows_eventchannel"},"data":{"win":{"system":{"providerName":"Microsoft-Windows-Security-Auditing","providerGuid":"{54849625-5478-4994-a5ba-3e3b0328c30d}","eventID":"4625","version":"0","level":"0","task":"12544","opcode":"0","keywords":"0x8010000000000000","systemTime":"2026-07-08T23:09:23.0988797Z","eventRecordID":"31313","processID":"812","threadID":"8564","channel":"Security","computer":"WIN-CL1.lab.local","severityValue":"AUDIT_FAILURE","message":"\"An account failed to log on.\r\n\r\nSubject:\r\n\tSecurity ID:\t\tS-1-0-0\r\n\tAccount Name:\t\t-\r\n\tAccount Domain:\t\t-\r\n\tLogon ID:\t\t0x0\r\n\r\nLogon Type:\t\t\t3\r\n\r\nAccount For Which Logon Failed:\r\n\tSecurity ID:\t\tS-1-0-0\r\n\tAccount Name:\t\tbaduser4\r\n\tAccount Domain:\t\t-\r\n\r\nFailure Information:\r\n\tFailure Reason:\t\tUnknown user name or bad password.\r\n\tStatus:\t\t\t0xC000006D\r\n\tSub Status:\t\t0xC0000064\r\n\r\nProcess Information:\r\n\tCaller Process ID:\t0x0\r\n\tCaller Process Name:\t-\r\n\r\nNetwork Information:\r\n\tWorkstation Name:\tWIN-CL1\r\n\tSource Network Address:\t127.0.0.1\r\n\tSource Port:\t\t65478\r\n\r\nDetailed Authentication Information:\r\n\tLogon Process:\t\tNtLmSsp \r\n\tAuthentication Package:\tNTLM\r\n\tTransited Services:\t-\r\n\tPackage Name (NTLM only):\t-\r\n\tKey Length:\t\t0\r\n\r\nThis event is generated when a logon request fails. It is generated on the computer where access was attempted.\r\n\r\nThe Subject fields indicate the account on the local system which requested the logon. This is most commonly a service such as the Server service, or a local process such as Winlogon.exe or Services.exe.\r\n\r\nThe Logon Type field indicates the kind of logon that was requested. The most common types are 2 (interactive) and 3 (network).\r\n\r\nThe Process Information fields indicate which account and process on the system requested the logon.\r\n\r\nThe Network Information fields indicate where a remote logon request originated. Workstation name is not always available and may be left blank in some cases.\r\n\r\nThe authentication information fields provide detailed information about this specific logon request.\r\n\t- Transited services indicate which intermediate services have participated in this logon request.\r\n\t- Package name indicates which sub-protocol was used among the NTLM protocols.\r\n\t- Key length indicates the length of the generated session key. This will be 0 if no session key was requested.\""},"eventdata":{"subjectUserSid":"S-1-0-0","subjectLogonId":"0x0","targetUserSid":"S-1-0-0","targetUserName":"baduser4","status":"0xc000006d","failureReason":"%%2313","subStatus":"0xc0000064","logonType":"3","logonProcessName":"NtLmSsp","authenticationPackageName":"NTLM","workstationName":"WIN-CL1","keyLength":"0","processId":"0x0","ipAddress":"127.0.0.1","ipPort":"65478"}}},"location":"EventChannel"}
{"timestamp":"2026-07-08T23:10:02.014+0000","rule":{"level":4,"description":"Powershell process spawned Windows command shell instance","id":"92004","mitre":{"id":["T1059.003"],"tactic":["Execution"],"technique":["Windows Command Shell"]},"firedtimes":5,"mail":false,"groups":["sysmon","sysmon_eid1_detections","windows"]},"agent":{"id":"002","name":"WIN-CL1","ip":"192.168.20.104"},"manager":{"name":"wazuh.manager"},"id":"1783552202.84469156","decoder":{"name":"windows_eventchannel"},"data":{"win":{"system":{"providerName":"Microsoft-Windows-Sysmon","providerGuid":"{5770385f-c22a-43e0-bf4c-06f5698ffbd9}","eventID":"1","version":"5","level":"4","task":"1","opcode":"0","keywords":"0x8000000000000000","systemTime":"2026-07-08T23:09:27.2673168Z","eventRecordID":"53118","processID":"3216","threadID":"3584","channel":"Microsoft-Windows-Sysmon/Operational","computer":"WIN-CL1.lab.local","severityValue":"INFORMATION","message":"\"Process Create:\r\nRuleName: -\r\nUtcTime: 2026-07-08 23:09:27.265\r\nProcessGuid: {b7327453-d8a7-6a4e-2b05-000000002100}\r\nProcessId: 9072\r\nImage: C:\\Windows\\System32\\cmd.exe\r\nFileVersion: 10.0.26100.7019 (WinBuild.160101.0800)\r\nDescription: Windows Command Processor\r\nProduct: Microsoft® Windows® Operating System\r\nCompany: Microsoft Corporation\r\nOriginalFileName: Cmd.Exe\r\nCommandLine: \"C:\\WINDOWS\\system32\\cmd.exe\" /c \"net use \\\\127.0.0.1\\IPC$ /user:baduser5 wrongpass5 2>nul\"\r\nCurrentDirectory: C:\\atomic\\\r\nUser: WIN-CL1\\coe55\r\nLogonGuid: {b7327453-590d-6a4e-3e81-3b0000000000}\r\nLogonId: 0x3B813E\r\nTerminalSessionId: 1\r\nIntegrityLevel: High\r\nHashes: MD5=C8B5D63042BC4BBB7F5C0F9E15B61F16,SHA256=9695CF4566DDF878A69C3D419E0DA4EEA87B0F24261AD8E79A3A9C4A9885429C,IMPHASH=B0F049C014592B156EB1FA857E99CEB9\r\nParentProcessGuid: {b7327453-ca05-6a4e-c903-000000002100}\r\nParentProcessId: 5972\r\nParentImage: C:\\Windows\\System32\\WindowsPowerShell\\v1.0\\powershell.exe\r\nParentCommandLine: \"C:\\Windows\\System32\\WindowsPowerShell\\v1.0\\powershell.exe\" \r\nParentUser: WIN-CL1\\coe55\""},"eventdata":{"utcTime":"2026-07-08 23:09:27.265","processGuid":"{b7327453-d8a7-6a4e-2b05-000000002100}","processId":"9072","image":"C:\\\\Windows\\\\System32\\\\cmd.exe","fileVersion":"10.0.26100.7019 (WinBuild.160101.0800)","description":"Windows Command Processor","product":"Microsoft® Windows® Operating System","company":"Microsoft Corporation","originalFileName":"Cmd.Exe","commandLine":"\\\"C:\\\\WINDOWS\\\\system32\\\\cmd.exe\\\" /c \\\"net use \\\\\\\\127.0.0.1\\\\IPC$ /user:baduser5 wrongpass5 2&gt;nul\\\"","currentDirectory":"C:\\\\atomic\\\\","user":"WIN-CL1\\\\coe55","logonGuid":"{b7327453-590d-6a4e-3e81-3b0000000000}","logonId":"0x3b813e","terminalSessionId":"1","integrityLevel":"High","hashes":"MD5=C8B5D63042BC4BBB7F5C0F9E15B61F16,SHA256=9695CF4566DDF878A69C3D419E0DA4EEA87B0F24261AD8E79A3A9C4A9885429C,IMPHASH=B0F049C014592B156EB1FA857E99CEB9","parentProcessGuid":"{b7327453-ca05-6a4e-c903-000000002100}","parentProcessId":"5972","parentImage":"C:\\\\Windows\\\\System32\\\\WindowsPowerShell\\\\v1.0\\\\powershell.exe","parentCommandLine":"\\\"C:\\\\Windows\\\\System32\\\\WindowsPowerShell\\\\v1.0\\\\powershell.exe\\\"","parentUser":"WIN-CL1\\\\coe55"}}},"location":"EventChannel"}
