{"timestamp":"2026-07-12T11:37:39.583+0000","rule":{"level":6,"description":"Possible DLL search order hijack by C:\\\\Windows\\\\SoftwareDistribution\\\\Download\\\\d08ae7531bd6f46bf7ad7f562d80d8f2\\\\Metadata\\\\UpdateAgent.dll created in Windows root folder","id":"92219","mitre":{"id":["T1574.001","T1574.002"],"tactic":["Persistence","Privilege Escalation","Defense Evasion"],"technique":["DLL Search Order Hijacking","DLL Side-Loading"]},"firedtimes":61,"mail":false,"groups":["sysmon","sysmon_eid11_detections","windows"]},"agent":{"id":"002","name":"WIN-CL1","ip":"192.168.20.104"},"manager":{"name":"wazuh.manager"},"id":"1783856259.4260520","decoder":{"name":"windows_eventchannel"},"data":{"win":{"system":{"providerName":"Microsoft-Windows-Sysmon","providerGuid":"{5770385f-c22a-43e0-bf4c-06f5698ffbd9}","eventID":"11","version":"2","level":"4","task":"11","opcode":"0","keywords":"0x8000000000000000","systemTime":"2026-07-12T11:37:39.3193027Z","eventRecordID":"54910","processID":"3320","threadID":"3972","channel":"Microsoft-Windows-Sysmon/Operational","computer":"WIN-CL1.lab.local","severityValue":"INFORMATION","message":"\"File created:\r\nRuleName: DLL\r\nUtcTime: 2026-07-12 11:37:39.316\r\nProcessGuid: {b7327453-7575-6a53-7700-000000002200}\r\nProcessId: 4852\r\nImage: C:\\WINDOWS\\system32\\svchost.exe\r\nTargetFilename: C:\\Windows\\SoftwareDistribution\\Download\\d08ae7531bd6f46bf7ad7f562d80d8f2\\Metadata\\UpdateAgent.dll\r\nCreationUtcTime: 2026-05-05 22:00:20.000\r\nUser: NT AUTHORITY\\SYSTEM\""},"eventdata":{"ruleName":"DLL","utcTime":"2026-07-12 11:37:39.316","processGuid":"{b7327453-7575-6a53-7700-000000002200}","processId":"4852","image":"C:\\\\WINDOWS\\\\system32\\\\svchost.exe","targetFilename":"C:\\\\Windows\\\\SoftwareDistribution\\\\Download\\\\d08ae7531bd6f46bf7ad7f562d80d8f2\\\\Metadata\\\\UpdateAgent.dll","creationUtcTime":"2026-05-05 22:00:20.000","user":"NT AUTHORITY\\\\SYSTEM"}}},"location":"EventChannel"}
{"timestamp":"2026-07-12T11:37:39.587+0000","rule":{"level":6,"description":"Possible DLL search order hijack by C:\\\\Windows\\\\SoftwareDistribution\\\\Download\\\\d08ae7531bd6f46bf7ad7f562d80d8f2\\\\Metadata\\\\dpx.dll created in Windows root folder","id":"92219","mitre":{"id":["T1574.001","T1574.002"],"tactic":["Persistence","Privilege Escalation","Defense Evasion"],"technique":["DLL Search Order Hijacking","DLL Side-Loading"]},"firedtimes":62,"mail":false,"groups":["sysmon","sysmon_eid11_detections","windows"]},"agent":{"id":"002","name":"WIN-CL1","ip":"192.168.20.104"},"manager":{"name":"wazuh.manager"},"id":"1783856259.4263445","decoder":{"name":"windows_eventchannel"},"data":{"win":{"system":{"providerName":"Microsoft-Windows-Sysmon","providerGuid":"{5770385f-c22a-43e0-bf4c-06f5698ffbd9}","eventID":"11","version":"2","level":"4","task":"11","opcode":"0","keywords":"0x8000000000000000","systemTime":"2026-07-12T11:37:39.3487456Z","eventRecordID":"54911","processID":"3320","threadID":"3972","channel":"Microsoft-Windows-Sysmon/Operational","computer":"WIN-CL1.lab.local","severityValue":"INFORMATION","message":"\"File created:\r\nRuleName: DLL\r\nUtcTime: 2026-07-12 11:37:39.348\r\nProcessGuid: {b7327453-7575-6a53-7700-000000002200}\r\nProcessId: 4852\r\nImage: C:\\WINDOWS\\system32\\svchost.exe\r\nTargetFilename: C:\\Windows\\SoftwareDistribution\\Download\\d08ae7531bd6f46bf7ad7f562d80d8f2\\Metadata\\dpx.dll\r\nCreationUtcTime: 2026-05-05 22:27:48.000\r\nUser: NT AUTHORITY\\SYSTEM\""},"eventdata":{"ruleName":"DLL","utcTime":"2026-07-12 11:37:39.348","processGuid":"{b7327453-7575-6a53-7700-000000002200}","processId":"4852","image":"C:\\\\WINDOWS\\\\system32\\\\svchost.exe","targetFilename":"C:\\\\Windows\\\\SoftwareDistribution\\\\Download\\\\d08ae7531bd6f46bf7ad7f562d80d8f2\\\\Metadata\\\\dpx.dll","creationUtcTime":"2026-05-05 22:27:48.000","user":"NT AUTHORITY\\\\SYSTEM"}}},"location":"EventChannel"}
{"timestamp":"2026-07-12T11:37:39.587+0000","rule":{"level":6,"description":"Possible DLL search order hijack by C:\\\\Windows\\\\SoftwareDistribution\\\\Download\\\\d08ae7531bd6f46bf7ad7f562d80d8f2\\\\Metadata\\\\Mitigation.dll created in Windows root folder","id":"92219","mitre":{"id":["T1574.001","T1574.002"],"tactic":["Persistence","Privilege Escalation","Defense Evasion"],"technique":["DLL Search Order Hijacking","DLL Side-Loading"]},"firedtimes":63,"mail":false,"groups":["sysmon","sysmon_eid11_detections","windows"]},"agent":{"id":"002","name":"WIN-CL1","ip":"192.168.20.104"},"manager":{"name":"wazuh.manager"},"id":"1783856259.4266330","decoder":{"name":"windows_eventchannel"},"data":{"win":{"system":{"providerName":"Microsoft-Windows-Sysmon","providerGuid":"{5770385f-c22a-43e0-bf4c-06f5698ffbd9}","eventID":"11","version":"2","level":"4","task":"11","opcode":"0","keywords":"0x8000000000000000","systemTime":"2026-07-12T11:37:39.3585480Z","eventRecordID":"54912","processID":"3320","threadID":"3972","channel":"Microsoft-Windows-Sysmon/Operational","computer":"WIN-CL1.lab.local","severityValue":"INFORMATION","message":"\"File created:\r\nRuleName: DLL\r\nUtcTime: 2026-07-12 11:37:39.357\r\nProcessGuid: {b7327453-7575-6a53-7700-000000002200}\r\nProcessId: 4852\r\nImage: C:\\WINDOWS\\system32\\svchost.exe\r\nTargetFilename: C:\\Windows\\SoftwareDistribution\\Download\\d08ae7531bd6f46bf7ad7f562d80d8f2\\Metadata\\Mitigation.dll\r\nCreationUtcTime: 2026-05-06 02:15:58.000\r\nUser: NT AUTHORITY\\SYSTEM\""},"eventdata":{"ruleName":"DLL","utcTime":"2026-07-12 11:37:39.357","processGuid":"{b7327453-7575-6a53-7700-000000002200}","processId":"4852","image":"C:\\\\WINDOWS\\\\system32\\\\svchost.exe","targetFilename":"C:\\\\Windows\\\\SoftwareDistribution\\\\Download\\\\d08ae7531bd6f46bf7ad7f562d80d8f2\\\\Metadata\\\\Mitigation.dll","creationUtcTime":"2026-05-06 02:15:58.000","user":"NT AUTHORITY\\\\SYSTEM"}}},"location":"EventChannel"}
{"timestamp":"2026-07-12T11:37:39.601+0000","rule":{"level":6,"description":"Possible DLL search order hijack by C:\\\\Windows\\\\SoftwareDistribution\\\\Download\\\\d08ae7531bd6f46bf7ad7f562d80d8f2\\\\Metadata\\\\UAOneSettings.dll created in Windows root folder","id":"92219","mitre":{"id":["T1574.001","T1574.002"],"tactic":["Persistence","Privilege Escalation","Defense Evasion"],"technique":["DLL Search Order Hijacking","DLL Side-Loading"]},"firedtimes":64,"mail":false,"groups":["sysmon","sysmon_eid11_detections","windows"]},"agent":{"id":"002","name":"WIN-CL1","ip":"192.168.20.104"},"manager":{"name":"wazuh.manager"},"id":"1783856259.4269250","decoder":{"name":"windows_eventchannel"},"data":{"win":{"system":{"providerName":"Microsoft-Windows-Sysmon","providerGuid":"{5770385f-c22a-43e0-bf4c-06f5698ffbd9}","eventID":"11","version":"2","level":"4","task":"11","opcode":"0","keywords":"0x8000000000000000","systemTime":"2026-07-12T11:37:39.3645512Z","eventRecordID":"54913","processID":"3320","threadID":"3972","channel":"Microsoft-Windows-Sysmon/Operational","computer":"WIN-CL1.lab.local","severityValue":"INFORMATION","message":"\"File created:\r\nRuleName: DLL\r\nUtcTime: 2026-07-12 11:37:39.363\r\nProcessGuid: {b7327453-7575-6a53-7700-000000002200}\r\nProcessId: 4852\r\nImage: C:\\WINDOWS\\system32\\svchost.exe\r\nTargetFilename: C:\\Windows\\SoftwareDistribution\\Download\\d08ae7531bd6f46bf7ad7f562d80d8f2\\Metadata\\UAOneSettings.dll\r\nCreationUtcTime: 2026-05-05 22:23:44.000\r\nUser: NT AUTHORITY\\SYSTEM\""},"eventdata":{"ruleName":"DLL","utcTime":"2026-07-12 11:37:39.363","processGuid":"{b7327453-7575-6a53-7700-000000002200}","processId":"4852","image":"C:\\\\WINDOWS\\\\system32\\\\svchost.exe","targetFilename":"C:\\\\Windows\\\\SoftwareDistribution\\\\Download\\\\d08ae7531bd6f46bf7ad7f562d80d8f2\\\\Metadata\\\\UAOneSettings.dll","creationUtcTime":"2026-05-05 22:23:44.000","user":"NT AUTHORITY\\\\SYSTEM"}}},"location":"EventChannel"}
{"timestamp":"2026-07-12T11:37:39.650+0000","rule":{"level":6,"description":"Possible DLL search order hijack by C:\\\\Windows\\\\SoftwareDistribution\\\\Download\\\\d08ae7531bd6f46bf7ad7f562d80d8f2\\\\Metadata\\\\wcp.dll created in Windows root folder","id":"92219","mitre":{"id":["T1574.001","T1574.002"],"tactic":["Persistence","Privilege Escalation","Defense Evasion"],"technique":["DLL Search Order Hijacking","DLL Side-Loading"]},"firedtimes":65,"mail":false,"groups":["sysmon","sysmon_eid11_detections","windows"]},"agent":{"id":"002","name":"WIN-CL1","ip":"192.168.20.104"},"manager":{"name":"wazuh.manager"},"id":"1783856259.4272185","decoder":{"name":"windows_eventchannel"},"data":{"win":{"system":{"providerName":"Microsoft-Windows-Sysmon","providerGuid":"{5770385f-c22a-43e0-bf4c-06f5698ffbd9}","eventID":"11","version":"2","level":"4","task":"11","opcode":"0","keywords":"0x8000000000000000","systemTime":"2026-07-12T11:37:39.3686836Z","eventRecordID":"54914","processID":"3320","threadID":"3972","channel":"Microsoft-Windows-Sysmon/Operational","computer":"WIN-CL1.lab.local","severityValue":"INFORMATION","message":"\"File created:\r\nRuleName: DLL\r\nUtcTime: 2026-07-12 11:37:39.367\r\nProcessGuid: {b7327453-7575-6a53-7700-000000002200}\r\nProcessId: 4852\r\nImage: C:\\WINDOWS\\system32\\svchost.exe\r\nTargetFilename: C:\\Windows\\SoftwareDistribution\\Download\\d08ae7531bd6f46bf7ad7f562d80d8f2\\Metadata\\wcp.dll\r\nCreationUtcTime: 2026-05-05 22:27:24.000\r\nUser: NT AUTHORITY\\SYSTEM\""},"eventdata":{"ruleName":"DLL","utcTime":"2026-07-12 11:37:39.367","processGuid":"{b7327453-7575-6a53-7700-000000002200}","processId":"4852","image":"C:\\\\WINDOWS\\\\system32\\\\svchost.exe","targetFilename":"C:\\\\Windows\\\\SoftwareDistribution\\\\Download\\\\d08ae7531bd6f46bf7ad7f562d80d8f2\\\\Metadata\\\\wcp.dll","creationUtcTime":"2026-05-05 22:27:24.000","user":"NT AUTHORITY\\\\SYSTEM"}}},"location":"EventChannel"}
{"timestamp":"2026-07-12T11:37:39.656+0000","rule":{"level":6,"description":"Possible DLL search order hijack by C:\\\\Windows\\\\SoftwareDistribution\\\\Download\\\\d08ae7531bd6f46bf7ad7f562d80d8f2\\\\Metadata\\\\TurboStack.dll created in Windows root folder","id":"92219","mitre":{"id":["T1574.001","T1574.002"],"tactic":["Persistence","Privilege Escalation","Defense Evasion"],"technique":["DLL Search Order Hijacking","DLL Side-Loading"]},"firedtimes":66,"mail":false,"groups":["sysmon","sysmon_eid11_detections","windows"]},"agent":{"id":"002","name":"WIN-CL1","ip":"192.168.20.104"},"manager":{"name":"wazuh.manager"},"id":"1783856259.4275070","decoder":{"name":"windows_eventchannel"},"data":{"win":{"system":{"providerName":"Microsoft-Windows-Sysmon","providerGuid":"{5770385f-c22a-43e0-bf4c-06f5698ffbd9}","eventID":"11","version":"2","level":"4","task":"11","opcode":"0","keywords":"0x8000000000000000","systemTime":"2026-07-12T11:37:39.4012867Z","eventRecordID":"54915","processID":"3320","threadID":"3972","channel":"Microsoft-Windows-Sysmon/Operational","computer":"WIN-CL1.lab.local","severityValue":"INFORMATION","message":"\"File created:\r\nRuleName: DLL\r\nUtcTime: 2026-07-12 11:37:39.400\r\nProcessGuid: {b7327453-7575-6a53-7700-000000002200}\r\nProcessId: 4852\r\nImage: C:\\WINDOWS\\system32\\svchost.exe\r\nTargetFilename: C:\\Windows\\SoftwareDistribution\\Download\\d08ae7531bd6f46bf7ad7f562d80d8f2\\Metadata\\TurboStack.dll\r\nCreationUtcTime: 2026-05-05 22:00:14.000\r\nUser: NT AUTHORITY\\SYSTEM\""},"eventdata":{"ruleName":"DLL","utcTime":"2026-07-12 11:37:39.400","processGuid":"{b7327453-7575-6a53-7700-000000002200}","processId":"4852","image":"C:\\\\WINDOWS\\\\system32\\\\svchost.exe","targetFilename":"C:\\\\Windows\\\\SoftwareDistribution\\\\Download\\\\d08ae7531bd6f46bf7ad7f562d80d8f2\\\\Metadata\\\\TurboStack.dll","creationUtcTime":"2026-05-05 22:00:14.000","user":"NT AUTHORITY\\\\SYSTEM"}}},"location":"EventChannel"}
{"timestamp":"2026-07-12T11:37:39.671+0000","rule":{"level":6,"description":"Possible DLL search order hijack by C:\\\\Windows\\\\SoftwareDistribution\\\\Download\\\\d08ae7531bd6f46bf7ad7f562d80d8f2\\\\Metadata\\\\ReserveManager.dll created in Windows root folder","id":"92219","mitre":{"id":["T1574.001","T1574.002"],"tactic":["Persistence","Privilege Escalation","Defense Evasion"],"technique":["DLL Search Order Hijacking","DLL Side-Loading"]},"firedtimes":67,"mail":false,"groups":["sysmon","sysmon_eid11_detections","windows"]},"agent":{"id":"002","name":"WIN-CL1","ip":"192.168.20.104"},"manager":{"name":"wazuh.manager"},"id":"1783856259.4277990","decoder":{"name":"windows_eventchannel"},"data":{"win":{"system":{"providerName":"Microsoft-Windows-Sysmon","providerGuid":"{5770385f-c22a-43e0-bf4c-06f5698ffbd9}","eventID":"11","version":"2","level":"4","task":"11","opcode":"0","keywords":"0x8000000000000000","systemTime":"2026-07-12T11:37:39.4201781Z","eventRecordID":"54916","processID":"3320","threadID":"3972","channel":"Microsoft-Windows-Sysmon/Operational","computer":"WIN-CL1.lab.local","severityValue":"INFORMATION","message":"\"File created:\r\nRuleName: DLL\r\nUtcTime: 2026-07-12 11:37:39.418\r\nProcessGuid: {b7327453-7575-6a53-7700-000000002200}\r\nProcessId: 4852\r\nImage: C:\\WINDOWS\\system32\\svchost.exe\r\nTargetFilename: C:\\Windows\\SoftwareDistribution\\Download\\d08ae7531bd6f46bf7ad7f562d80d8f2\\Metadata\\ReserveManager.dll\r\nCreationUtcTime: 2026-05-05 22:00:34.000\r\nUser: NT AUTHORITY\\SYSTEM\""},"eventdata":{"ruleName":"DLL","utcTime":"2026-07-12 11:37:39.418","processGuid":"{b7327453-7575-6a53-7700-000000002200}","processId":"4852","image":"C:\\\\WINDOWS\\\\system32\\\\svchost.exe","targetFilename":"C:\\\\Windows\\\\SoftwareDistribution\\\\Download\\\\d08ae7531bd6f46bf7ad7f562d80d8f2\\\\Metadata\\\\ReserveManager.dll","creationUtcTime":"2026-05-05 22:00:34.000","user":"NT AUTHORITY\\\\SYSTEM"}}},"location":"EventChannel"}
{"timestamp":"2026-07-12T11:37:39.699+0000","rule":{"level":6,"description":"Possible DLL search order hijack by C:\\\\Windows\\\\SoftwareDistribution\\\\Download\\\\d08ae7531bd6f46bf7ad7f562d80d8f2\\\\Metadata\\\\WinREAgent.dll created in Windows root folder","id":"92219","mitre":{"id":["T1574.001","T1574.002"],"tactic":["Persistence","Privilege Escalation","Defense Evasion"],"technique":["DLL Search Order Hijacking","DLL Side-Loading"]},"firedtimes":68,"mail":false,"groups":["sysmon","sysmon_eid11_detections","windows"]},"agent":{"id":"002","name":"WIN-CL1","ip":"192.168.20.104"},"manager":{"name":"wazuh.manager"},"id":"1783856259.4280930","decoder":{"name":"windows_eventchannel"},"data":{"win":{"system":{"providerName":"Microsoft-Windows-Sysmon","providerGuid":"{5770385f-c22a-43e0-bf4c-06f5698ffbd9}","eventID":"11","version":"2","level":"4","task":"11","opcode":"0","keywords":"0x8000000000000000","systemTime":"2026-07-12T11:37:39.4258221Z","eventRecordID":"54917","processID":"3320","threadID":"3972","channel":"Microsoft-Windows-Sysmon/Operational","computer":"WIN-CL1.lab.local","severityValue":"INFORMATION","message":"\"File created:\r\nRuleName: DLL\r\nUtcTime: 2026-07-12 11:37:39.425\r\nProcessGuid: {b7327453-7575-6a53-7700-000000002200}\r\nProcessId: 4852\r\nImage: C:\\WINDOWS\\system32\\svchost.exe\r\nTargetFilename: C:\\Windows\\SoftwareDistribution\\Download\\d08ae7531bd6f46bf7ad7f562d80d8f2\\Metadata\\WinREAgent.dll\r\nCreationUtcTime: 2026-05-06 02:00:34.000\r\nUser: NT AUTHORITY\\SYSTEM\""},"eventdata":{"ruleName":"DLL","utcTime":"2026-07-12 11:37:39.425","processGuid":"{b7327453-7575-6a53-7700-000000002200}","processId":"4852","image":"C:\\\\WINDOWS\\\\system32\\\\svchost.exe","targetFilename":"C:\\\\Windows\\\\SoftwareDistribution\\\\Download\\\\d08ae7531bd6f46bf7ad7f562d80d8f2\\\\Metadata\\\\WinREAgent.dll","creationUtcTime":"2026-05-06 02:00:34.000","user":"NT AUTHORITY\\\\SYSTEM"}}},"location":"EventChannel"}
{"timestamp":"2026-07-12T11:37:39.715+0000","rule":{"level":6,"description":"Possible DLL search order hijack by C:\\\\Windows\\\\SoftwareDistribution\\\\Download\\\\d08ae7531bd6f46bf7ad7f562d80d8f2\\\\Metadata\\\\UpdateCompression.dll created in Windows root folder","id":"92219","mitre":{"id":["T1574.001","T1574.002"],"tactic":["Persistence","Privilege Escalation","Defense Evasion"],"technique":["DLL Search Order Hijacking","DLL Side-Loading"]},"firedtimes":69,"mail":false,"groups":["sysmon","sysmon_eid11_detections","windows"]},"agent":{"id":"002","name":"WIN-CL1","ip":"192.168.20.104"},"manager":{"name":"wazuh.manager"},"id":"1783856259.4283850","decoder":{"name":"windows_eventchannel"},"data":{"win":{"system":{"providerName":"Microsoft-Windows-Sysmon","providerGuid":"{5770385f-c22a-43e0-bf4c-06f5698ffbd9}","eventID":"11","version":"2","level":"4","task":"11","opcode":"0","keywords":"0x8000000000000000","systemTime":"2026-07-12T11:37:39.4333102Z","eventRecordID":"54918","processID":"3320","threadID":"3972","channel":"Microsoft-Windows-Sysmon/Operational","computer":"WIN-CL1.lab.local","severityValue":"INFORMATION","message":"\"File created:\r\nRuleName: DLL\r\nUtcTime: 2026-07-12 11:37:39.432\r\nProcessGuid: {b7327453-7575-6a53-7700-000000002200}\r\nProcessId: 4852\r\nImage: C:\\WINDOWS\\system32\\svchost.exe\r\nTargetFilename: C:\\Windows\\SoftwareDistribution\\Download\\d08ae7531bd6f46bf7ad7f562d80d8f2\\Metadata\\UpdateCompression.dll\r\nCreationUtcTime: 2026-05-05 22:00:16.000\r\nUser: NT AUTHORITY\\SYSTEM\""},"eventdata":{"ruleName":"DLL","utcTime":"2026-07-12 11:37:39.432","processGuid":"{b7327453-7575-6a53-7700-000000002200}","processId":"4852","image":"C:\\\\WINDOWS\\\\system32\\\\svchost.exe","targetFilename":"C:\\\\Windows\\\\SoftwareDistribution\\\\Download\\\\d08ae7531bd6f46bf7ad7f562d80d8f2\\\\Metadata\\\\UpdateCompression.dll","creationUtcTime":"2026-05-05 22:00:16.000","user":"NT AUTHORITY\\\\SYSTEM"}}},"location":"EventChannel"}
{"timestamp":"2026-07-12T11:37:39.715+0000","rule":{"level":6,"description":"Possible DLL search order hijack by C:\\\\Windows\\\\SoftwareDistribution\\\\Download\\\\d08ae7531bd6f46bf7ad7f562d80d8f2\\\\Metadata\\\\updatedeploy.dll created in Windows root folder","id":"92219","mitre":{"id":["T1574.001","T1574.002"],"tactic":["Persistence","Privilege Escalation","Defense Evasion"],"technique":["DLL Search Order Hijacking","DLL Side-Loading"]},"firedtimes":70,"mail":false,"groups":["sysmon","sysmon_eid11_detections","windows"]},"agent":{"id":"002","name":"WIN-CL1","ip":"192.168.20.104"},"manager":{"name":"wazuh.manager"},"id":"1783856259.4286805","decoder":{"name":"windows_eventchannel"},"data":{"win":{"system":{"providerName":"Microsoft-Windows-Sysmon","providerGuid":"{5770385f-c22a-43e0-bf4c-06f5698ffbd9}","eventID":"11","version":"2","level":"4","task":"11","opcode":"0","keywords":"0x8000000000000000","systemTime":"2026-07-12T11:37:39.4433218Z","eventRecordID":"54919","processID":"3320","threadID":"3972","channel":"Microsoft-Windows-Sysmon/Operational","computer":"WIN-CL1.lab.local","severityValue":"INFORMATION","message":"\"File created:\r\nRuleName: DLL\r\nUtcTime: 2026-07-12 11:37:39.439\r\nProcessGuid: {b7327453-7575-6a53-7700-000000002200}\r\nProcessId: 4852\r\nImage: C:\\WINDOWS\\system32\\svchost.exe\r\nTargetFilename: C:\\Windows\\SoftwareDistribution\\Download\\d08ae7531bd6f46bf7ad7f562d80d8f2\\Metadata\\updatedeploy.dll\r\nCreationUtcTime: 2026-05-05 22:02:50.000\r\nUser: NT AUTHORITY\\SYSTEM\""},"eventdata":{"ruleName":"DLL","utcTime":"2026-07-12 11:37:39.439","processGuid":"{b7327453-7575-6a53-7700-000000002200}","processId":"4852","image":"C:\\\\WINDOWS\\\\system32\\\\svchost.exe","targetFilename":"C:\\\\Windows\\\\SoftwareDistribution\\\\Download\\\\d08ae7531bd6f46bf7ad7f562d80d8f2\\\\Metadata\\\\updatedeploy.dll","creationUtcTime":"2026-05-05 22:02:50.000","user":"NT AUTHORITY\\\\SYSTEM"}}},"location":"EventChannel"}
{"timestamp":"2026-07-12T11:37:39.729+0000","rule":{"level":6,"description":"Possible DLL search order hijack by C:\\\\Windows\\\\SoftwareDistribution\\\\Download\\\\d08ae7531bd6f46bf7ad7f562d80d8f2\\\\Metadata\\\\AppxDeviceInventory.dll created in Windows root folder","id":"92219","mitre":{"id":["T1574.001","T1574.002"],"tactic":["Persistence","Privilege Escalation","Defense Evasion"],"technique":["DLL Search Order Hijacking","DLL Side-Loading"]},"firedtimes":71,"mail":false,"groups":["sysmon","sysmon_eid11_detections","windows"]},"agent":{"id":"002","name":"WIN-CL1","ip":"192.168.20.104"},"manager":{"name":"wazuh.manager"},"id":"1783856259.4289735","decoder":{"name":"windows_eventchannel"},"data":{"win":{"system":{"providerName":"Microsoft-Windows-Sysmon","providerGuid":"{5770385f-c22a-43e0-bf4c-06f5698ffbd9}","eventID":"11","version":"2","level":"4","task":"11","opcode":"0","keywords":"0x8000000000000000","systemTime":"2026-07-12T11:37:39.4514038Z","eventRecordID":"54920","processID":"3320","threadID":"3972","channel":"Microsoft-Windows-Sysmon/Operational","computer":"WIN-CL1.lab.local","severityValue":"INFORMATION","message":"\"File created:\r\nRuleName: DLL\r\nUtcTime: 2026-07-12 11:37:39.446\r\nProcessGuid: {b7327453-7575-6a53-7700-000000002200}\r\nProcessId: 4852\r\nImage: C:\\WINDOWS\\system32\\svchost.exe\r\nTargetFilename: C:\\Windows\\SoftwareDistribution\\Download\\d08ae7531bd6f46bf7ad7f562d80d8f2\\Metadata\\AppxDeviceInventory.dll\r\nCreationUtcTime: 2026-05-05 22:27:26.000\r\nUser: NT AUTHORITY\\SYSTEM\""},"eventdata":{"ruleName":"DLL","utcTime":"2026-07-12 11:37:39.446","processGuid":"{b7327453-7575-6a53-7700-000000002200}","processId":"4852","image":"C:\\\\WINDOWS\\\\system32\\\\svchost.exe","targetFilename":"C:\\\\Windows\\\\SoftwareDistribution\\\\Download\\\\d08ae7531bd6f46bf7ad7f562d80d8f2\\\\Metadata\\\\AppxDeviceInventory.dll","creationUtcTime":"2026-05-05 22:27:26.000","user":"NT AUTHORITY\\\\SYSTEM"}}},"location":"EventChannel"}
{"timestamp":"2026-07-12T11:37:39.743+0000","rule":{"level":6,"description":"Possible DLL search order hijack by C:\\\\Windows\\\\SoftwareDistribution\\\\Download\\\\d08ae7531bd6f46bf7ad7f562d80d8f2\\\\Metadata\\\\MsixPackageProvisioner.dll created in Windows root folder","id":"92219","mitre":{"id":["T1574.001","T1574.002"],"tactic":["Persistence","Privilege Escalation","Defense Evasion"],"technique":["DLL Search Order Hijacking","DLL Side-Loading"]},"firedtimes":72,"mail":false,"groups":["sysmon","sysmon_eid11_detections","windows"]},"agent":{"id":"002","name":"WIN-CL1","ip":"192.168.20.104"},"manager":{"name":"wazuh.manager"},"id":"1783856259.4292700","decoder":{"name":"windows_eventchannel"},"data":{"win":{"system":{"providerName":"Microsoft-Windows-Sysmon","providerGuid":"{5770385f-c22a-43e0-bf4c-06f5698ffbd9}","eventID":"11","version":"2","level":"4","task":"11","opcode":"0","keywords":"0x8000000000000000","systemTime":"2026-07-12T11:37:39.4595379Z","eventRecordID":"54921","processID":"3320","threadID":"3972","channel":"Microsoft-Windows-Sysmon/Operational","computer":"WIN-CL1.lab.local","severityValue":"INFORMATION","message":"\"File created:\r\nRuleName: DLL\r\nUtcTime: 2026-07-12 11:37:39.458\r\nProcessGuid: {b7327453-7575-6a53-7700-000000002200}\r\nProcessId: 4852\r\nImage: C:\\WINDOWS\\system32\\svchost.exe\r\nTargetFilename: C:\\Windows\\SoftwareDistribution\\Download\\d08ae7531bd6f46bf7ad7f562d80d8f2\\Metadata\\MsixPackageProvisioner.dll\r\nCreationUtcTime: 2026-05-05 22:35:30.000\r\nUser: NT AUTHORITY\\SYSTEM\""},"eventdata":{"ruleName":"DLL","utcTime":"2026-07-12 11:37:39.458","processGuid":"{b7327453-7575-6a53-7700-000000002200}","processId":"4852","image":"C:\\\\WINDOWS\\\\system32\\\\svchost.exe","targetFilename":"C:\\\\Windows\\\\SoftwareDistribution\\\\Download\\\\d08ae7531bd6f46bf7ad7f562d80d8f2\\\\Metadata\\\\MsixPackageProvisioner.dll","creationUtcTime":"2026-05-05 22:35:30.000","user":"NT AUTHORITY\\\\SYSTEM"}}},"location":"EventChannel"}
{"timestamp":"2026-07-12T11:37:39.761+0000","rule":{"level":6,"description":"Possible DLL search order hijack by C:\\\\Windows\\\\SoftwareDistribution\\\\Download\\\\d08ae7531bd6f46bf7ad7f562d80d8f2\\\\Metadata\\\\featurestaging.dll created in Windows root folder","id":"92219","mitre":{"id":["T1574.001","T1574.002"],"tactic":["Persistence","Privilege Escalation","Defense Evasion"],"technique":["DLL Search Order Hijacking","DLL Side-Loading"]},"firedtimes":73,"mail":false,"groups":["sysmon","sysmon_eid11_detections","windows"]},"agent":{"id":"002","name":"WIN-CL1","ip":"192.168.20.104"},"manager":{"name":"wazuh.manager"},"id":"1783856259.4295680","decoder":{"name":"windows_eventchannel"},"data":{"win":{"system":{"providerName":"Microsoft-Windows-Sysmon","providerGuid":"{5770385f-c22a-43e0-bf4c-06f5698ffbd9}","eventID":"11","version":"2","level":"4","task":"11","opcode":"0","keywords":"0x8000000000000000","systemTime":"2026-07-12T11:37:39.4688580Z","eventRecordID":"54922","processID":"3320","threadID":"3972","channel":"Microsoft-Windows-Sysmon/Operational","computer":"WIN-CL1.lab.local","severityValue":"INFORMATION","message":"\"File created:\r\nRuleName: DLL\r\nUtcTime: 2026-07-12 11:37:39.467\r\nProcessGuid: {b7327453-7575-6a53-7700-000000002200}\r\nProcessId: 4852\r\nImage: C:\\WINDOWS\\system32\\svchost.exe\r\nTargetFilename: C:\\Windows\\SoftwareDistribution\\Download\\d08ae7531bd6f46bf7ad7f562d80d8f2\\Metadata\\featurestaging.dll\r\nCreationUtcTime: 2026-05-05 22:35:30.000\r\nUser: NT AUTHORITY\\SYSTEM\""},"eventdata":{"ruleName":"DLL","utcTime":"2026-07-12 11:37:39.467","processGuid":"{b7327453-7575-6a53-7700-000000002200}","processId":"4852","image":"C:\\\\WINDOWS\\\\system32\\\\svchost.exe","targetFilename":"C:\\\\Windows\\\\SoftwareDistribution\\\\Download\\\\d08ae7531bd6f46bf7ad7f562d80d8f2\\\\Metadata\\\\featurestaging.dll","creationUtcTime":"2026-05-05 22:35:30.000","user":"NT AUTHORITY\\\\SYSTEM"}}},"location":"EventChannel"}
{"timestamp":"2026-07-12T11:37:39.777+0000","rule":{"level":6,"description":"Possible DLL search order hijack by C:\\\\Windows\\\\SoftwareDistribution\\\\Download\\\\d08ae7531bd6f46bf7ad7f562d80d8f2\\\\Metadata\\\\turbocontainer.dll created in Windows root folder","id":"92219","mitre":{"id":["T1574.001","T1574.002"],"tactic":["Persistence","Privilege Escalation","Defense Evasion"],"technique":["DLL Search Order Hijacking","DLL Side-Loading"]},"firedtimes":74,"mail":false,"groups":["sysmon","sysmon_eid11_detections","windows"]},"agent":{"id":"002","name":"WIN-CL1","ip":"192.168.20.104"},"manager":{"name":"wazuh.manager"},"id":"1783856259.4298620","decoder":{"name":"windows_eventchannel"},"data":{"win":{"system":{"providerName":"Microsoft-Windows-Sysmon","providerGuid":"{5770385f-c22a-43e0-bf4c-06f5698ffbd9}","eventID":"11","version":"2","level":"4","task":"11","opcode":"0","keywords":"0x8000000000000000","systemTime":"2026-07-12T11:37:39.4728128Z","eventRecordID":"54923","processID":"3320","threadID":"3972","channel":"Microsoft-Windows-Sysmon/Operational","computer":"WIN-CL1.lab.local","severityValue":"INFORMATION","message":"\"File created:\r\nRuleName: DLL\r\nUtcTime: 2026-07-12 11:37:39.472\r\nProcessGuid: {b7327453-7575-6a53-7700-000000002200}\r\nProcessId: 4852\r\nImage: C:\\WINDOWS\\system32\\svchost.exe\r\nTargetFilename: C:\\Windows\\SoftwareDistribution\\Download\\d08ae7531bd6f46bf7ad7f562d80d8f2\\Metadata\\turbocontainer.dll\r\nCreationUtcTime: 2026-05-05 22:00:20.000\r\nUser: NT AUTHORITY\\SYSTEM\""},"eventdata":{"ruleName":"DLL","utcTime":"2026-07-12 11:37:39.472","processGuid":"{b7327453-7575-6a53-7700-000000002200}","processId":"4852","image":"C:\\\\WINDOWS\\\\system32\\\\svchost.exe","targetFilename":"C:\\\\Windows\\\\SoftwareDistribution\\\\Download\\\\d08ae7531bd6f46bf7ad7f562d80d8f2\\\\Metadata\\\\turbocontainer.dll","creationUtcTime":"2026-05-05 22:00:20.000","user":"NT AUTHORITY\\\\SYSTEM"}}},"location":"EventChannel"}
{"timestamp":"2026-07-12T11:38:47.289+0000","rule":{"level":3,"description":"Windows logon success.","id":"60106","mitre":{"id":["T1078"],"tactic":["Defense Evasion","Persistence","Privilege Escalation","Initial Access"],"technique":["Valid Accounts"]},"firedtimes":207,"mail":false,"groups":["windows","windows_security","authentication_success"],"gdpr":["IV_32.2"],"gpg13":["7.1","7.2"],"hipaa":["164.312.b"],"nist_800_53":["AC.7","AU.14"],"pci_dss":["10.2.5"],"tsc":["CC6.8","CC7.2","CC7.3"]},"agent":{"id":"002","name":"WIN-CL1","ip":"192.168.20.104"},"manager":{"name":"wazuh.manager"},"id":"1783856327.4391436","decoder":{"name":"windows_eventchannel"},"data":{"win":{"system":{"providerName":"Microsoft-Windows-Security-Auditing","providerGuid":"{54849625-5478-4994-a5ba-3e3b0328c30d}","eventID":"4624","version":"3","level":"0","task":"12544","opcode":"0","keywords":"0x8020000000000000","systemTime":"2026-07-12T11:38:47.1226032Z","eventRecordID":"31514","processID":"820","threadID":"4764","channel":"Security","computer":"WIN-CL1.lab.local","severityValue":"AUDIT_SUCCESS","message":"\"An account was successfully logged on.\r\n\r\nSubject:\r\n\tSecurity ID:\t\tS-1-5-18\r\n\tAccount Name:\t\tWIN-CL1$\r\n\tAccount Domain:\t\tLAB\r\n\tLogon ID:\t\t0x3E7\r\n\r\nLogon Information:\r\n\tLogon Type:\t\t5\r\n\tRestricted Admin Mode:\t-\r\n\tRemote Credential Guard:\t-\r\n\tVirtual Account:\t\tNo\r\n\tElevated Token:\t\tYes\r\n\r\nImpersonation Level:\t\tImpersonation\r\n\r\nNew Logon:\r\n\tSecurity ID:\t\tS-1-5-18\r\n\tAccount Name:\t\tSYSTEM\r\n\tAccount Domain:\t\tNT AUTHORITY\r\n\tLogon ID:\t\t0x3E7\r\n\tLinked Logon ID:\t\t0x0\r\n\tNetwork Account Name:\t-\r\n\tNetwork Account Domain:\t-\r\n\tLogon GUID:\t\t{00000000-0000-0000-0000-000000000000}\r\n\r\nProcess Information:\r\n\tProcess ID:\t\t0x324\r\n\tProcess Name:\t\tC:\\Windows\\System32\\services.exe\r\n\r\nNetwork Information:\r\n\tWorkstation Name:\t-\r\n\tSource Network Address:\t-\r\n\tSource Port:\t\t-\r\n\r\nDetailed Authentication Information:\r\n\tLogon Process:\t\tAdvapi  \r\n\tAuthentication Package:\tNegotiate\r\n\tTransited Services:\t-\r\n\tPackage Name (NTLM only):\t-\r\n\tKey Length:\t\t0\r\n\r\nThis event is generated when a logon session is created. It is generated on the computer that was accessed.\r\n\r\nThe subject fields indicate the account on the local system which requested the logon. This is most commonly a service such as the Server service, or a local process such as Winlogon.exe or Services.exe.\r\n\r\nThe logon type field indicates the kind of logon that occurred. The most common types are 2 (interactive) and 3 (network).\r\n\r\nThe New Logon fields indicate the account for whom the new logon was created, i.e. the account that was logged on.\r\n\r\nThe network fields indicate where a remote logon request originated. Workstation name is not always available and may be left blank in some cases.\r\n\r\nThe impersonation level field indicates the extent to which a process in the logon session can impersonate.\r\n\r\nThe authentication information fields provide detailed information about this specific logon request.\r\n\t- Logon GUID is a unique identifier that can be used to correlate this event with a KDC event.\r\n\t- Transited services indicate which intermediate services have participated in this logon request.\r\n\t- Package name indicates which sub-protocol was used among the NTLM protocols.\r\n\t- Key length indicates the length of the generated session key. This will be 0 if no session key was requested.\""},"eventdata":{"subjectUserSid":"S-1-5-18","subjectUserName":"WIN-CL1$","subjectDomainName":"LAB","subjectLogonId":"0x3e7","targetUserSid":"S-1-5-18","targetUserName":"SYSTEM","targetDomainName":"NT AUTHORITY","targetLogonId":"0x3e7","logonType":"5","logonProcessName":"Advapi","authenticationPackageName":"Negotiate","logonGuid":"{00000000-0000-0000-0000-000000000000}","keyLength":"0","processId":"0x324","processName":"C:\\\\Windows\\\\System32\\\\services.exe","impersonationLevel":"%%1833","virtualAccount":"%%1843","targetLinkedLogonId":"0x0","elevatedToken":"%%1842"}}},"location":"EventChannel"}
{"timestamp":"2026-07-12T11:39:51.851+0000","rule":{"level":3,"description":"Windows logon success.","id":"60106","mitre":{"id":["T1078"],"tactic":["Defense Evasion","Persistence","Privilege Escalation","Initial Access"],"technique":["Valid Accounts"]},"firedtimes":216,"mail":false,"groups":["windows","windows_security","authentication_success"],"gdpr":["IV_32.2"],"gpg13":["7.1","7.2"],"hipaa":["164.312.b"],"nist_800_53":["AC.7","AU.14"],"pci_dss":["10.2.5"],"tsc":["CC6.8","CC7.2","CC7.3"]},"agent":{"id":"002","name":"WIN-CL1","ip":"192.168.20.104"},"manager":{"name":"wazuh.manager"},"id":"1783856391.4527630","decoder":{"name":"windows_eventchannel"},"data":{"win":{"system":{"providerName":"Microsoft-Windows-Security-Auditing","providerGuid":"{54849625-5478-4994-a5ba-3e3b0328c30d}","eventID":"4624","version":"3","level":"0","task":"12544","opcode":"0","keywords":"0x8020000000000000","systemTime":"2026-07-12T11:39:51.7300226Z","eventRecordID":"31515","processID":"820","threadID":"4764","channel":"Security","computer":"WIN-CL1.lab.local","severityValue":"AUDIT_SUCCESS","message":"\"An account was successfully logged on.\r\n\r\nSubject:\r\n\tSecurity ID:\t\tS-1-5-18\r\n\tAccount Name:\t\tWIN-CL1$\r\n\tAccount Domain:\t\tLAB\r\n\tLogon ID:\t\t0x3E7\r\n\r\nLogon Information:\r\n\tLogon Type:\t\t5\r\n\tRestricted Admin Mode:\t-\r\n\tRemote Credential Guard:\t-\r\n\tVirtual Account:\t\tNo\r\n\tElevated Token:\t\tYes\r\n\r\nImpersonation Level:\t\tImpersonation\r\n\r\nNew Logon:\r\n\tSecurity ID:\t\tS-1-5-18\r\n\tAccount Name:\t\tSYSTEM\r\n\tAccount Domain:\t\tNT AUTHORITY\r\n\tLogon ID:\t\t0x3E7\r\n\tLinked Logon ID:\t\t0x0\r\n\tNetwork Account Name:\t-\r\n\tNetwork Account Domain:\t-\r\n\tLogon GUID:\t\t{00000000-0000-0000-0000-000000000000}\r\n\r\nProcess Information:\r\n\tProcess ID:\t\t0x324\r\n\tProcess Name:\t\tC:\\Windows\\System32\\services.exe\r\n\r\nNetwork Information:\r\n\tWorkstation Name:\t-\r\n\tSource Network Address:\t-\r\n\tSource Port:\t\t-\r\n\r\nDetailed Authentication Information:\r\n\tLogon Process:\t\tAdvapi  \r\n\tAuthentication Package:\tNegotiate\r\n\tTransited Services:\t-\r\n\tPackage Name (NTLM only):\t-\r\n\tKey Length:\t\t0\r\n\r\nThis event is generated when a logon session is created. It is generated on the computer that was accessed.\r\n\r\nThe subject fields indicate the account on the local system which requested the logon. This is most commonly a service such as the Server service, or a local process such as Winlogon.exe or Services.exe.\r\n\r\nThe logon type field indicates the kind of logon that occurred. The most common types are 2 (interactive) and 3 (network).\r\n\r\nThe New Logon fields indicate the account for whom the new logon was created, i.e. the account that was logged on.\r\n\r\nThe network fields indicate where a remote logon request originated. Workstation name is not always available and may be left blank in some cases.\r\n\r\nThe impersonation level field indicates the extent to which a process in the logon session can impersonate.\r\n\r\nThe authentication information fields provide detailed information about this specific logon request.\r\n\t- Logon GUID is a unique identifier that can be used to correlate this event with a KDC event.\r\n\t- Transited services indicate which intermediate services have participated in this logon request.\r\n\t- Package name indicates which sub-protocol was used among the NTLM protocols.\r\n\t- Key length indicates the length of the generated session key. This will be 0 if no session key was requested.\""},"eventdata":{"subjectUserSid":"S-1-5-18","subjectUserName":"WIN-CL1$","subjectDomainName":"LAB","subjectLogonId":"0x3e7","targetUserSid":"S-1-5-18","targetUserName":"SYSTEM","targetDomainName":"NT AUTHORITY","targetLogonId":"0x3e7","logonType":"5","logonProcessName":"Advapi","authenticationPackageName":"Negotiate","logonGuid":"{00000000-0000-0000-0000-000000000000}","keyLength":"0","processId":"0x324","processName":"C:\\\\Windows\\\\System32\\\\services.exe","impersonationLevel":"%%1833","virtualAccount":"%%1843","targetLinkedLogonId":"0x0","elevatedToken":"%%1842"}}},"location":"EventChannel"}
{"timestamp":"2026-07-12T11:40:19.511+0000","rule":{"level":3,"description":"Windows logon success.","id":"60106","mitre":{"id":["T1078"],"tactic":["Defense Evasion","Persistence","Privilege Escalation","Initial Access"],"technique":["Valid Accounts"]},"firedtimes":218,"mail":false,"groups":["windows","windows_security","authentication_success"],"gdpr":["IV_32.2"],"gpg13":["7.1","7.2"],"hipaa":["164.312.b"],"nist_800_53":["AC.7","AU.14"],"pci_dss":["10.2.5"],"tsc":["CC6.8","CC7.2","CC7.3"]},"agent":{"id":"002","name":"WIN-CL1","ip":"192.168.20.104"},"manager":{"name":"wazuh.manager"},"id":"1783856419.4564684","decoder":{"name":"windows_eventchannel"},"data":{"win":{"system":{"providerName":"Microsoft-Windows-Security-Auditing","providerGuid":"{54849625-5478-4994-a5ba-3e3b0328c30d}","eventID":"4624","version":"3","level":"0","task":"12544","opcode":"0","keywords":"0x8020000000000000","systemTime":"2026-07-12T11:40:19.3847444Z","eventRecordID":"31516","processID":"820","threadID":"4764","channel":"Security","computer":"WIN-CL1.lab.local","severityValue":"AUDIT_SUCCESS","message":"\"An account was successfully logged on.\r\n\r\nSubject:\r\n\tSecurity ID:\t\tS-1-5-18\r\n\tAccount Name:\t\tWIN-CL1$\r\n\tAccount Domain:\t\tLAB\r\n\tLogon ID:\t\t0x3E7\r\n\r\nLogon Information:\r\n\tLogon Type:\t\t5\r\n\tRestricted Admin Mode:\t-\r\n\tRemote Credential Guard:\t-\r\n\tVirtual Account:\t\tNo\r\n\tElevated Token:\t\tYes\r\n\r\nImpersonation Level:\t\tImpersonation\r\n\r\nNew Logon:\r\n\tSecurity ID:\t\tS-1-5-18\r\n\tAccount Name:\t\tSYSTEM\r\n\tAccount Domain:\t\tNT AUTHORITY\r\n\tLogon ID:\t\t0x3E7\r\n\tLinked Logon ID:\t\t0x0\r\n\tNetwork Account Name:\t-\r\n\tNetwork Account Domain:\t-\r\n\tLogon GUID:\t\t{00000000-0000-0000-0000-000000000000}\r\n\r\nProcess Information:\r\n\tProcess ID:\t\t0x324\r\n\tProcess Name:\t\tC:\\Windows\\System32\\services.exe\r\n\r\nNetwork Information:\r\n\tWorkstation Name:\t-\r\n\tSource Network Address:\t-\r\n\tSource Port:\t\t-\r\n\r\nDetailed Authentication Information:\r\n\tLogon Process:\t\tAdvapi  \r\n\tAuthentication Package:\tNegotiate\r\n\tTransited Services:\t-\r\n\tPackage Name (NTLM only):\t-\r\n\tKey Length:\t\t0\r\n\r\nThis event is generated when a logon session is created. It is generated on the computer that was accessed.\r\n\r\nThe subject fields indicate the account on the local system which requested the logon. This is most commonly a service such as the Server service, or a local process such as Winlogon.exe or Services.exe.\r\n\r\nThe logon type field indicates the kind of logon that occurred. The most common types are 2 (interactive) and 3 (network).\r\n\r\nThe New Logon fields indicate the account for whom the new logon was created, i.e. the account that was logged on.\r\n\r\nThe network fields indicate where a remote logon request originated. Workstation name is not always available and may be left blank in some cases.\r\n\r\nThe impersonation level field indicates the extent to which a process in the logon session can impersonate.\r\n\r\nThe authentication information fields provide detailed information about this specific logon request.\r\n\t- Logon GUID is a unique identifier that can be used to correlate this event with a KDC event.\r\n\t- Transited services indicate which intermediate services have participated in this logon request.\r\n\t- Package name indicates which sub-protocol was used among the NTLM protocols.\r\n\t- Key length indicates the length of the generated session key. This will be 0 if no session key was requested.\""},"eventdata":{"subjectUserSid":"S-1-5-18","subjectUserName":"WIN-CL1$","subjectDomainName":"LAB","subjectLogonId":"0x3e7","targetUserSid":"S-1-5-18","targetUserName":"SYSTEM","targetDomainName":"NT AUTHORITY","targetLogonId":"0x3e7","logonType":"5","logonProcessName":"Advapi","authenticationPackageName":"Negotiate","logonGuid":"{00000000-0000-0000-0000-000000000000}","keyLength":"0","processId":"0x324","processName":"C:\\\\Windows\\\\System32\\\\services.exe","impersonationLevel":"%%1833","virtualAccount":"%%1843","targetLinkedLogonId":"0x0","elevatedToken":"%%1842"}}},"location":"EventChannel"}
{"timestamp":"2026-07-12T11:40:54.934+0000","rule":{"level":3,"description":"Windows logon success.","id":"60106","mitre":{"id":["T1078"],"tactic":["Defense Evasion","Persistence","Privilege Escalation","Initial Access"],"technique":["Valid Accounts"]},"firedtimes":219,"mail":false,"groups":["windows","windows_security","authentication_success"],"gdpr":["IV_32.2"],"gpg13":["7.1","7.2"],"hipaa":["164.312.b"],"nist_800_53":["AC.7","AU.14"],"pci_dss":["10.2.5"],"tsc":["CC6.8","CC7.2","CC7.3"]},"agent":{"id":"002","name":"WIN-CL1","ip":"192.168.20.104"},"manager":{"name":"wazuh.manager"},"id":"1783856454.4577708","decoder":{"name":"windows_eventchannel"},"data":{"win":{"system":{"providerName":"Microsoft-Windows-Security-Auditing","providerGuid":"{54849625-5478-4994-a5ba-3e3b0328c30d}","eventID":"4624","version":"3","level":"0","task":"12544","opcode":"0","keywords":"0x8020000000000000","systemTime":"2026-07-12T11:40:54.8924421Z","eventRecordID":"31517","processID":"820","threadID":"4764","channel":"Security","computer":"WIN-CL1.lab.local","severityValue":"AUDIT_SUCCESS","message":"\"An account was successfully logged on.\r\n\r\nSubject:\r\n\tSecurity ID:\t\tS-1-5-18\r\n\tAccount Name:\t\tWIN-CL1$\r\n\tAccount Domain:\t\tLAB\r\n\tLogon ID:\t\t0x3E7\r\n\r\nLogon Information:\r\n\tLogon Type:\t\t5\r\n\tRestricted Admin Mode:\t-\r\n\tRemote Credential Guard:\t-\r\n\tVirtual Account:\t\tNo\r\n\tElevated Token:\t\tYes\r\n\r\nImpersonation Level:\t\tImpersonation\r\n\r\nNew Logon:\r\n\tSecurity ID:\t\tS-1-5-18\r\n\tAccount Name:\t\tSYSTEM\r\n\tAccount Domain:\t\tNT AUTHORITY\r\n\tLogon ID:\t\t0x3E7\r\n\tLinked Logon ID:\t\t0x0\r\n\tNetwork Account Name:\t-\r\n\tNetwork Account Domain:\t-\r\n\tLogon GUID:\t\t{00000000-0000-0000-0000-000000000000}\r\n\r\nProcess Information:\r\n\tProcess ID:\t\t0x324\r\n\tProcess Name:\t\tC:\\Windows\\System32\\services.exe\r\n\r\nNetwork Information:\r\n\tWorkstation Name:\t-\r\n\tSource Network Address:\t-\r\n\tSource Port:\t\t-\r\n\r\nDetailed Authentication Information:\r\n\tLogon Process:\t\tAdvapi  \r\n\tAuthentication Package:\tNegotiate\r\n\tTransited Services:\t-\r\n\tPackage Name (NTLM only):\t-\r\n\tKey Length:\t\t0\r\n\r\nThis event is generated when a logon session is created. It is generated on the computer that was accessed.\r\n\r\nThe subject fields indicate the account on the local system which requested the logon. This is most commonly a service such as the Server service, or a local process such as Winlogon.exe or Services.exe.\r\n\r\nThe logon type field indicates the kind of logon that occurred. The most common types are 2 (interactive) and 3 (network).\r\n\r\nThe New Logon fields indicate the account for whom the new logon was created, i.e. the account that was logged on.\r\n\r\nThe network fields indicate where a remote logon request originated. Workstation name is not always available and may be left blank in some cases.\r\n\r\nThe impersonation level field indicates the extent to which a process in the logon session can impersonate.\r\n\r\nThe authentication information fields provide detailed information about this specific logon request.\r\n\t- Logon GUID is a unique identifier that can be used to correlate this event with a KDC event.\r\n\t- Transited services indicate which intermediate services have participated in this logon request.\r\n\t- Package name indicates which sub-protocol was used among the NTLM protocols.\r\n\t- Key length indicates the length of the generated session key. This will be 0 if no session key was requested.\""},"eventdata":{"subjectUserSid":"S-1-5-18","subjectUserName":"WIN-CL1$","subjectDomainName":"LAB","subjectLogonId":"0x3e7","targetUserSid":"S-1-5-18","targetUserName":"SYSTEM","targetDomainName":"NT AUTHORITY","targetLogonId":"0x3e7","logonType":"5","logonProcessName":"Advapi","authenticationPackageName":"Negotiate","logonGuid":"{00000000-0000-0000-0000-000000000000}","keyLength":"0","processId":"0x324","processName":"C:\\\\Windows\\\\System32\\\\services.exe","impersonationLevel":"%%1833","virtualAccount":"%%1843","targetLinkedLogonId":"0x0","elevatedToken":"%%1842"}}},"location":"EventChannel"}
{"timestamp":"2026-07-12T11:41:15.701+0000","rule":{"level":4,"id":"11","mail":false,"groups":["stats"]},"agent":{"id":"002","name":"WIN-CL1"},"manager":{"name":"wazuh.manager"},"id":"1783856475.4594906","full_log":"The average number of logs between 11:00 and 12:00 is 2922. We reached 7307.","decoder":{"name":"windows_eventchannel"},"data":{"win":{"system":{"providerName":"Microsoft-Windows-Sysmon","providerGuid":"{5770385f-c22a-43e0-bf4c-06f5698ffbd9}","eventID":"11","version":"2","level":"4","task":"11","opcode":"0","keywords":"0x8000000000000000","systemTime":"2026-07-12T11:41:12.9779446Z","eventRecordID":"55536","processID":"3320","threadID":"3972","channel":"Microsoft-Windows-Sysmon/Operational","computer":"WIN-CL1.lab.local","severityValue":"INFORMATION","message":"\"File created:\r\nRuleName: DLL\r\nUtcTime: 2026-07-12 11:41:12.974\r\nProcessGuid: {b7327453-7571-6a53-7100-000000002200}\r\nProcessId: 5056\r\nImage: C:\\WINDOWS\\system32\\svchost.exe\r\nTargetFilename: C:\\Program Files\\WindowsApps\\Microsoft.MicrosoftOfficeHub_19.2607.33011.0_x64__8wekyb3d8bbwe\\shared\\Microsoft.NETCore.App\\8.0.28\\System.Net.Http.dll\r\nCreationUtcTime: 2026-07-12 11:41:12.974\r\nUser: NT AUTHORITY\\SYSTEM\""},"eventdata":{"ruleName":"DLL","utcTime":"2026-07-12 11:41:12.974","processGuid":"{b7327453-7571-6a53-7100-000000002200}","processId":"5056","image":"C:\\\\WINDOWS\\\\system32\\\\svchost.exe","targetFilename":"C:\\\\Program Files\\\\WindowsApps\\\\Microsoft.MicrosoftOfficeHub_19.2607.33011.0_x64__8wekyb3d8bbwe\\\\shared\\\\Microsoft.NETCore.App\\\\8.0.28\\\\System.Net.Http.dll","creationUtcTime":"2026-07-12 11:41:12.974","user":"NT AUTHORITY\\\\SYSTEM"}}},"location":"EventChannel"}
{"timestamp":"2026-07-12T11:41:27.669+0000","rule":{"level":3,"description":"Software protection service scheduled successfully.","id":"60642","firedtimes":7,"mail":false,"groups":["windows","windows_application"]},"agent":{"id":"002","name":"WIN-CL1","ip":"192.168.20.104"},"manager":{"name":"wazuh.manager"},"id":"1783856487.4601376","decoder":{"name":"windows_eventchannel"},"data":{"win":{"system":{"providerName":"Microsoft-Windows-Security-SPP","providerGuid":"{E23B33B0-C8C9-472C-A5F9-F2BDFEA0F156}","eventSourceName":"Software Protection Platform Service","eventID":"16384","version":"0","level":"4","task":"0","opcode":"0","keywords":"0x80000000000000","systemTime":"2026-07-12T11:41:28.6048217Z","eventRecordID":"3268","processID":"8264","threadID":"0","channel":"Application","computer":"WIN-CL1.lab.local","severityValue":"INFORMATION","message":"\"Successfully scheduled Software Protection service for re-start at 2026-07-13T11:22:28Z. Reason: RulesEngine.\""},"eventdata":{"data":"2026-07-13T11:22:28Z, RulesEngine"}}},"location":"EventChannel"}
