{"timestamp":"2026-07-08T23:10:02.014+0000","rule":{"level":3,"description":"A C:\\\\Windows\\\\System32\\\\net.exe binary was started by a Windows cmd shell","id":"92036","mitre":{"id":["T1059.003","T1574.001"],"tactic":["Execution","Persistence","Privilege Escalation","Defense Evasion"],"technique":["Windows Command Shell","DLL Search Order Hijacking"]},"firedtimes":5,"mail":false,"groups":["sysmon","sysmon_eid1_detections","windows"]},"agent":{"id":"002","name":"WIN-CL1","ip":"192.168.20.104"},"manager":{"name":"wazuh.manager"},"id":"1783552202.84475088","decoder":{"name":"windows_eventchannel"},"data":{"win":{"system":{"providerName":"Microsoft-Windows-Sysmon","providerGuid":"{5770385f-c22a-43e0-bf4c-06f5698ffbd9}","eventID":"1","version":"5","level":"4","task":"1","opcode":"0","keywords":"0x8000000000000000","systemTime":"2026-07-08T23:09:27.2800098Z","eventRecordID":"53119","processID":"3216","threadID":"3584","channel":"Microsoft-Windows-Sysmon/Operational","computer":"WIN-CL1.lab.local","severityValue":"INFORMATION","message":"\"Process Create:\r\nRuleName: -\r\nUtcTime: 2026-07-08 23:09:27.276\r\nProcessGuid: {b7327453-d8a7-6a4e-2c05-000000002100}\r\nProcessId: 5884\r\nImage: C:\\Windows\\System32\\net.exe\r\nFileVersion: 10.0.26100.7019 (WinBuild.160101.0800)\r\nDescription: Net Command\r\nProduct: Microsoft® Windows® Operating System\r\nCompany: Microsoft Corporation\r\nOriginalFileName: net.exe\r\nCommandLine: net  use \\\\127.0.0.1\\IPC$ /user:baduser5 wrongpass5 \r\nCurrentDirectory: C:\\atomic\\\r\nUser: WIN-CL1\\coe55\r\nLogonGuid: {b7327453-590d-6a4e-3e81-3b0000000000}\r\nLogonId: 0x3B813E\r\nTerminalSessionId: 1\r\nIntegrityLevel: High\r\nHashes: MD5=8A1E71312BD2AAE202652113049CDBD1,SHA256=BB3E638C8B5B6EF80847E364AEEF2796CAD25D3539CF9B41D3820FA48943E777,IMPHASH=EF46B86C2346DA0A991DE4B78AAF4E75\r\nParentProcessGuid: {b7327453-d8a7-6a4e-2b05-000000002100}\r\nParentProcessId: 9072\r\nParentImage: C:\\Windows\\System32\\cmd.exe\r\nParentCommandLine: \"C:\\WINDOWS\\system32\\cmd.exe\" /c \"net use \\\\127.0.0.1\\IPC$ /user:baduser5 wrongpass5 2>nul\"\r\nParentUser: WIN-CL1\\coe55\""},"eventdata":{"utcTime":"2026-07-08 23:09:27.276","processGuid":"{b7327453-d8a7-6a4e-2c05-000000002100}","processId":"5884","image":"C:\\\\Windows\\\\System32\\\\net.exe","fileVersion":"10.0.26100.7019 (WinBuild.160101.0800)","description":"Net Command","product":"Microsoft® Windows® Operating System","company":"Microsoft Corporation","originalFileName":"net.exe","commandLine":"net  use \\\\\\\\127.0.0.1\\\\IPC$ /user:baduser5 wrongpass5","currentDirectory":"C:\\\\atomic\\\\","user":"WIN-CL1\\\\coe55","logonGuid":"{b7327453-590d-6a4e-3e81-3b0000000000}","logonId":"0x3b813e","terminalSessionId":"1","integrityLevel":"High","hashes":"MD5=8A1E71312BD2AAE202652113049CDBD1,SHA256=BB3E638C8B5B6EF80847E364AEEF2796CAD25D3539CF9B41D3820FA48943E777,IMPHASH=EF46B86C2346DA0A991DE4B78AAF4E75","parentProcessGuid":"{b7327453-d8a7-6a4e-2b05-000000002100}","parentProcessId":"9072","parentImage":"C:\\\\Windows\\\\System32\\\\cmd.exe","parentCommandLine":"\\\"C:\\\\WINDOWS\\\\system32\\\\cmd.exe\\\" /c \\\"net use \\\\\\\\127.0.0.1\\\\IPC$ /user:baduser5 wrongpass5 2&gt;nul\\\"","parentUser":"WIN-CL1\\\\coe55"}}},"location":"EventChannel"}
{"timestamp":"2026-07-08T23:10:02.014+0000","rule":{"level":5,"description":"Logon failure - Unknown user or bad password.","id":"60122","mitre":{"id":["T1078","T1531"],"tactic":["Defense Evasion","Persistence","Privilege Escalation","Initial Access","Impact"],"technique":["Valid Accounts","Account Access Removal"]},"firedtimes":5,"mail":false,"groups":["windows","windows_security","authentication_failed"],"gdpr":["IV_32.2","IV_35.7.d"],"gpg13":["7.1"],"hipaa":["164.312.b"],"nist_800_53":["AC.7","AU.14"],"pci_dss":["10.2.4","10.2.5"],"tsc":["CC6.1","CC6.8","CC7.2","CC7.3"]},"agent":{"id":"002","name":"WIN-CL1","ip":"192.168.20.104"},"manager":{"name":"wazuh.manager"},"id":"1783552202.84480799","decoder":{"name":"windows_eventchannel"},"data":{"win":{"system":{"providerName":"Microsoft-Windows-Security-Auditing","providerGuid":"{54849625-5478-4994-a5ba-3e3b0328c30d}","eventID":"4625","version":"0","level":"0","task":"12544","opcode":"0","keywords":"0x8010000000000000","systemTime":"2026-07-08T23:09:27.3143656Z","eventRecordID":"31315","processID":"812","threadID":"9136","channel":"Security","computer":"WIN-CL1.lab.local","severityValue":"AUDIT_FAILURE","message":"\"An account failed to log on.\r\n\r\nSubject:\r\n\tSecurity ID:\t\tS-1-0-0\r\n\tAccount Name:\t\t-\r\n\tAccount Domain:\t\t-\r\n\tLogon ID:\t\t0x0\r\n\r\nLogon Type:\t\t\t3\r\n\r\nAccount For Which Logon Failed:\r\n\tSecurity ID:\t\tS-1-0-0\r\n\tAccount Name:\t\tbaduser5\r\n\tAccount Domain:\t\t-\r\n\r\nFailure Information:\r\n\tFailure Reason:\t\tUnknown user name or bad password.\r\n\tStatus:\t\t\t0xC000006D\r\n\tSub Status:\t\t0xC0000064\r\n\r\nProcess Information:\r\n\tCaller Process ID:\t0x0\r\n\tCaller Process Name:\t-\r\n\r\nNetwork Information:\r\n\tWorkstation Name:\tWIN-CL1\r\n\tSource Network Address:\t127.0.0.1\r\n\tSource Port:\t\t65480\r\n\r\nDetailed Authentication Information:\r\n\tLogon Process:\t\tNtLmSsp \r\n\tAuthentication Package:\tNTLM\r\n\tTransited Services:\t-\r\n\tPackage Name (NTLM only):\t-\r\n\tKey Length:\t\t0\r\n\r\nThis event is generated when a logon request fails. It is generated on the computer where access was attempted.\r\n\r\nThe Subject fields indicate the account on the local system which requested the logon. This is most commonly a service such as the Server service, or a local process such as Winlogon.exe or Services.exe.\r\n\r\nThe Logon Type field indicates the kind of logon that was requested. The most common types are 2 (interactive) and 3 (network).\r\n\r\nThe Process Information fields indicate which account and process on the system requested the logon.\r\n\r\nThe Network Information fields indicate where a remote logon request originated. Workstation name is not always available and may be left blank in some cases.\r\n\r\nThe authentication information fields provide detailed information about this specific logon request.\r\n\t- Transited services indicate which intermediate services have participated in this logon request.\r\n\t- Package name indicates which sub-protocol was used among the NTLM protocols.\r\n\t- Key length indicates the length of the generated session key. This will be 0 if no session key was requested.\""},"eventdata":{"subjectUserSid":"S-1-0-0","subjectLogonId":"0x0","targetUserSid":"S-1-0-0","targetUserName":"baduser5","status":"0xc000006d","failureReason":"%%2313","subStatus":"0xc0000064","logonType":"3","logonProcessName":"NtLmSsp","authenticationPackageName":"NTLM","workstationName":"WIN-CL1","keyLength":"0","processId":"0x0","ipAddress":"127.0.0.1","ipPort":"65480"}}},"location":"EventChannel"}
{"timestamp":"2026-07-08T23:10:02.014+0000","rule":{"level":4,"description":"Powershell process spawned Windows command shell instance","id":"92004","mitre":{"id":["T1059.003"],"tactic":["Execution"],"technique":["Windows Command Shell"]},"firedtimes":6,"mail":false,"groups":["sysmon","sysmon_eid1_detections","windows"]},"agent":{"id":"002","name":"WIN-CL1","ip":"192.168.20.104"},"manager":{"name":"wazuh.manager"},"id":"1783552202.84486889","decoder":{"name":"windows_eventchannel"},"data":{"win":{"system":{"providerName":"Microsoft-Windows-Sysmon","providerGuid":"{5770385f-c22a-43e0-bf4c-06f5698ffbd9}","eventID":"1","version":"5","level":"4","task":"1","opcode":"0","keywords":"0x8000000000000000","systemTime":"2026-07-08T23:09:31.4532373Z","eventRecordID":"53120","processID":"3216","threadID":"3584","channel":"Microsoft-Windows-Sysmon/Operational","computer":"WIN-CL1.lab.local","severityValue":"INFORMATION","message":"\"Process Create:\r\nRuleName: -\r\nUtcTime: 2026-07-08 23:09:31.451\r\nProcessGuid: {b7327453-d8ab-6a4e-2d05-000000002100}\r\nProcessId: 9296\r\nImage: C:\\Windows\\System32\\cmd.exe\r\nFileVersion: 10.0.26100.7019 (WinBuild.160101.0800)\r\nDescription: Windows Command Processor\r\nProduct: Microsoft® Windows® Operating System\r\nCompany: Microsoft Corporation\r\nOriginalFileName: Cmd.Exe\r\nCommandLine: \"C:\\WINDOWS\\system32\\cmd.exe\" /c \"net use \\\\127.0.0.1\\IPC$ /user:baduser6 wrongpass6 2>nul\"\r\nCurrentDirectory: C:\\atomic\\\r\nUser: WIN-CL1\\coe55\r\nLogonGuid: {b7327453-590d-6a4e-3e81-3b0000000000}\r\nLogonId: 0x3B813E\r\nTerminalSessionId: 1\r\nIntegrityLevel: High\r\nHashes: MD5=C8B5D63042BC4BBB7F5C0F9E15B61F16,SHA256=9695CF4566DDF878A69C3D419E0DA4EEA87B0F24261AD8E79A3A9C4A9885429C,IMPHASH=B0F049C014592B156EB1FA857E99CEB9\r\nParentProcessGuid: {b7327453-ca05-6a4e-c903-000000002100}\r\nParentProcessId: 5972\r\nParentImage: C:\\Windows\\System32\\WindowsPowerShell\\v1.0\\powershell.exe\r\nParentCommandLine: \"C:\\Windows\\System32\\WindowsPowerShell\\v1.0\\powershell.exe\" \r\nParentUser: WIN-CL1\\coe55\""},"eventdata":{"utcTime":"2026-07-08 23:09:31.451","processGuid":"{b7327453-d8ab-6a4e-2d05-000000002100}","processId":"9296","image":"C:\\\\Windows\\\\System32\\\\cmd.exe","fileVersion":"10.0.26100.7019 (WinBuild.160101.0800)","description":"Windows Command Processor","product":"Microsoft® Windows® Operating System","company":"Microsoft Corporation","originalFileName":"Cmd.Exe","commandLine":"\\\"C:\\\\WINDOWS\\\\system32\\\\cmd.exe\\\" /c \\\"net use \\\\\\\\127.0.0.1\\\\IPC$ /user:baduser6 wrongpass6 2&gt;nul\\\"","currentDirectory":"C:\\\\atomic\\\\","user":"WIN-CL1\\\\coe55","logonGuid":"{b7327453-590d-6a4e-3e81-3b0000000000}","logonId":"0x3b813e","terminalSessionId":"1","integrityLevel":"High","hashes":"MD5=C8B5D63042BC4BBB7F5C0F9E15B61F16,SHA256=9695CF4566DDF878A69C3D419E0DA4EEA87B0F24261AD8E79A3A9C4A9885429C,IMPHASH=B0F049C014592B156EB1FA857E99CEB9","parentProcessGuid":"{b7327453-ca05-6a4e-c903-000000002100}","parentProcessId":"5972","parentImage":"C:\\\\Windows\\\\System32\\\\WindowsPowerShell\\\\v1.0\\\\powershell.exe","parentCommandLine":"\\\"C:\\\\Windows\\\\System32\\\\WindowsPowerShell\\\\v1.0\\\\powershell.exe\\\"","parentUser":"WIN-CL1\\\\coe55"}}},"location":"EventChannel"}
{"timestamp":"2026-07-08T23:10:02.014+0000","rule":{"level":3,"description":"A C:\\\\Windows\\\\System32\\\\net.exe binary was started by a Windows cmd shell","id":"92036","mitre":{"id":["T1059.003","T1574.001"],"tactic":["Execution","Persistence","Privilege Escalation","Defense Evasion"],"technique":["Windows Command Shell","DLL Search Order Hijacking"]},"firedtimes":6,"mail":false,"groups":["sysmon","sysmon_eid1_detections","windows"]},"agent":{"id":"002","name":"WIN-CL1","ip":"192.168.20.104"},"manager":{"name":"wazuh.manager"},"id":"1783552202.84492821","decoder":{"name":"windows_eventchannel"},"data":{"win":{"system":{"providerName":"Microsoft-Windows-Sysmon","providerGuid":"{5770385f-c22a-43e0-bf4c-06f5698ffbd9}","eventID":"1","version":"5","level":"4","task":"1","opcode":"0","keywords":"0x8000000000000000","systemTime":"2026-07-08T23:09:31.4669002Z","eventRecordID":"53121","processID":"3216","threadID":"3584","channel":"Microsoft-Windows-Sysmon/Operational","computer":"WIN-CL1.lab.local","severityValue":"INFORMATION","message":"\"Process Create:\r\nRuleName: -\r\nUtcTime: 2026-07-08 23:09:31.463\r\nProcessGuid: {b7327453-d8ab-6a4e-2e05-000000002100}\r\nProcessId: 9680\r\nImage: C:\\Windows\\System32\\net.exe\r\nFileVersion: 10.0.26100.7019 (WinBuild.160101.0800)\r\nDescription: Net Command\r\nProduct: Microsoft® Windows® Operating System\r\nCompany: Microsoft Corporation\r\nOriginalFileName: net.exe\r\nCommandLine: net  use \\\\127.0.0.1\\IPC$ /user:baduser6 wrongpass6 \r\nCurrentDirectory: C:\\atomic\\\r\nUser: WIN-CL1\\coe55\r\nLogonGuid: {b7327453-590d-6a4e-3e81-3b0000000000}\r\nLogonId: 0x3B813E\r\nTerminalSessionId: 1\r\nIntegrityLevel: High\r\nHashes: MD5=8A1E71312BD2AAE202652113049CDBD1,SHA256=BB3E638C8B5B6EF80847E364AEEF2796CAD25D3539CF9B41D3820FA48943E777,IMPHASH=EF46B86C2346DA0A991DE4B78AAF4E75\r\nParentProcessGuid: {b7327453-d8ab-6a4e-2d05-000000002100}\r\nParentProcessId: 9296\r\nParentImage: C:\\Windows\\System32\\cmd.exe\r\nParentCommandLine: \"C:\\WINDOWS\\system32\\cmd.exe\" /c \"net use \\\\127.0.0.1\\IPC$ /user:baduser6 wrongpass6 2>nul\"\r\nParentUser: WIN-CL1\\coe55\""},"eventdata":{"utcTime":"2026-07-08 23:09:31.463","processGuid":"{b7327453-d8ab-6a4e-2e05-000000002100}","processId":"9680","image":"C:\\\\Windows\\\\System32\\\\net.exe","fileVersion":"10.0.26100.7019 (WinBuild.160101.0800)","description":"Net Command","product":"Microsoft® Windows® Operating System","company":"Microsoft Corporation","originalFileName":"net.exe","commandLine":"net  use \\\\\\\\127.0.0.1\\\\IPC$ /user:baduser6 wrongpass6","currentDirectory":"C:\\\\atomic\\\\","user":"WIN-CL1\\\\coe55","logonGuid":"{b7327453-590d-6a4e-3e81-3b0000000000}","logonId":"0x3b813e","terminalSessionId":"1","integrityLevel":"High","hashes":"MD5=8A1E71312BD2AAE202652113049CDBD1,SHA256=BB3E638C8B5B6EF80847E364AEEF2796CAD25D3539CF9B41D3820FA48943E777,IMPHASH=EF46B86C2346DA0A991DE4B78AAF4E75","parentProcessGuid":"{b7327453-d8ab-6a4e-2d05-000000002100}","parentProcessId":"9296","parentImage":"C:\\\\Windows\\\\System32\\\\cmd.exe","parentCommandLine":"\\\"C:\\\\WINDOWS\\\\system32\\\\cmd.exe\\\" /c \\\"net use \\\\\\\\127.0.0.1\\\\IPC$ /user:baduser6 wrongpass6 2&gt;nul\\\"","parentUser":"WIN-CL1\\\\coe55"}}},"location":"EventChannel"}
{"timestamp":"2026-07-08T23:10:02.014+0000","rule":{"level":5,"description":"Logon failure - Unknown user or bad password.","id":"60122","mitre":{"id":["T1078","T1531"],"tactic":["Defense Evasion","Persistence","Privilege Escalation","Initial Access","Impact"],"technique":["Valid Accounts","Account Access Removal"]},"firedtimes":6,"mail":false,"groups":["windows","windows_security","authentication_failed"],"gdpr":["IV_32.2","IV_35.7.d"],"gpg13":["7.1"],"hipaa":["164.312.b"],"nist_800_53":["AC.7","AU.14"],"pci_dss":["10.2.4","10.2.5"],"tsc":["CC6.1","CC6.8","CC7.2","CC7.3"]},"agent":{"id":"002","name":"WIN-CL1","ip":"192.168.20.104"},"manager":{"name":"wazuh.manager"},"id":"1783552202.84498532","decoder":{"name":"windows_eventchannel"},"data":{"win":{"system":{"providerName":"Microsoft-Windows-Security-Auditing","providerGuid":"{54849625-5478-4994-a5ba-3e3b0328c30d}","eventID":"4625","version":"0","level":"0","task":"12544","opcode":"0","keywords":"0x8010000000000000","systemTime":"2026-07-08T23:09:31.5001660Z","eventRecordID":"31317","processID":"812","threadID":"8564","channel":"Security","computer":"WIN-CL1.lab.local","severityValue":"AUDIT_FAILURE","message":"\"An account failed to log on.\r\n\r\nSubject:\r\n\tSecurity ID:\t\tS-1-0-0\r\n\tAccount Name:\t\t-\r\n\tAccount Domain:\t\t-\r\n\tLogon ID:\t\t0x0\r\n\r\nLogon Type:\t\t\t3\r\n\r\nAccount For Which Logon Failed:\r\n\tSecurity ID:\t\tS-1-0-0\r\n\tAccount Name:\t\tbaduser6\r\n\tAccount Domain:\t\t-\r\n\r\nFailure Information:\r\n\tFailure Reason:\t\tUnknown user name or bad password.\r\n\tStatus:\t\t\t0xC000006D\r\n\tSub Status:\t\t0xC0000064\r\n\r\nProcess Information:\r\n\tCaller Process ID:\t0x0\r\n\tCaller Process Name:\t-\r\n\r\nNetwork Information:\r\n\tWorkstation Name:\tWIN-CL1\r\n\tSource Network Address:\t127.0.0.1\r\n\tSource Port:\t\t65482\r\n\r\nDetailed Authentication Information:\r\n\tLogon Process:\t\tNtLmSsp \r\n\tAuthentication Package:\tNTLM\r\n\tTransited Services:\t-\r\n\tPackage Name (NTLM only):\t-\r\n\tKey Length:\t\t0\r\n\r\nThis event is generated when a logon request fails. It is generated on the computer where access was attempted.\r\n\r\nThe Subject fields indicate the account on the local system which requested the logon. This is most commonly a service such as the Server service, or a local process such as Winlogon.exe or Services.exe.\r\n\r\nThe Logon Type field indicates the kind of logon that was requested. The most common types are 2 (interactive) and 3 (network).\r\n\r\nThe Process Information fields indicate which account and process on the system requested the logon.\r\n\r\nThe Network Information fields indicate where a remote logon request originated. Workstation name is not always available and may be left blank in some cases.\r\n\r\nThe authentication information fields provide detailed information about this specific logon request.\r\n\t- Transited services indicate which intermediate services have participated in this logon request.\r\n\t- Package name indicates which sub-protocol was used among the NTLM protocols.\r\n\t- Key length indicates the length of the generated session key. This will be 0 if no session key was requested.\""},"eventdata":{"subjectUserSid":"S-1-0-0","subjectLogonId":"0x0","targetUserSid":"S-1-0-0","targetUserName":"baduser6","status":"0xc000006d","failureReason":"%%2313","subStatus":"0xc0000064","logonType":"3","logonProcessName":"NtLmSsp","authenticationPackageName":"NTLM","workstationName":"WIN-CL1","keyLength":"0","processId":"0x0","ipAddress":"127.0.0.1","ipPort":"65482"}}},"location":"EventChannel"}
{"timestamp":"2026-07-08T23:10:02.014+0000","rule":{"level":4,"description":"Powershell process spawned Windows command shell instance","id":"92004","mitre":{"id":["T1059.003"],"tactic":["Execution"],"technique":["Windows Command Shell"]},"firedtimes":7,"mail":false,"groups":["sysmon","sysmon_eid1_detections","windows"]},"agent":{"id":"002","name":"WIN-CL1","ip":"192.168.20.104"},"manager":{"name":"wazuh.manager"},"id":"1783552202.84504622","decoder":{"name":"windows_eventchannel"},"data":{"win":{"system":{"providerName":"Microsoft-Windows-Sysmon","providerGuid":"{5770385f-c22a-43e0-bf4c-06f5698ffbd9}","eventID":"1","version":"5","level":"4","task":"1","opcode":"0","keywords":"0x8000000000000000","systemTime":"2026-07-08T23:09:35.6744559Z","eventRecordID":"53122","processID":"3216","threadID":"3584","channel":"Microsoft-Windows-Sysmon/Operational","computer":"WIN-CL1.lab.local","severityValue":"INFORMATION","message":"\"Process Create:\r\nRuleName: -\r\nUtcTime: 2026-07-08 23:09:35.672\r\nProcessGuid: {b7327453-d8af-6a4e-2f05-000000002100}\r\nProcessId: 9576\r\nImage: C:\\Windows\\System32\\cmd.exe\r\nFileVersion: 10.0.26100.7019 (WinBuild.160101.0800)\r\nDescription: Windows Command Processor\r\nProduct: Microsoft® Windows® Operating System\r\nCompany: Microsoft Corporation\r\nOriginalFileName: Cmd.Exe\r\nCommandLine: \"C:\\WINDOWS\\system32\\cmd.exe\" /c \"net use \\\\127.0.0.1\\IPC$ /user:baduser7 wrongpass7 2>nul\"\r\nCurrentDirectory: C:\\atomic\\\r\nUser: WIN-CL1\\coe55\r\nLogonGuid: {b7327453-590d-6a4e-3e81-3b0000000000}\r\nLogonId: 0x3B813E\r\nTerminalSessionId: 1\r\nIntegrityLevel: High\r\nHashes: MD5=C8B5D63042BC4BBB7F5C0F9E15B61F16,SHA256=9695CF4566DDF878A69C3D419E0DA4EEA87B0F24261AD8E79A3A9C4A9885429C,IMPHASH=B0F049C014592B156EB1FA857E99CEB9\r\nParentProcessGuid: {b7327453-ca05-6a4e-c903-000000002100}\r\nParentProcessId: 5972\r\nParentImage: C:\\Windows\\System32\\WindowsPowerShell\\v1.0\\powershell.exe\r\nParentCommandLine: \"C:\\Windows\\System32\\WindowsPowerShell\\v1.0\\powershell.exe\" \r\nParentUser: WIN-CL1\\coe55\""},"eventdata":{"utcTime":"2026-07-08 23:09:35.672","processGuid":"{b7327453-d8af-6a4e-2f05-000000002100}","processId":"9576","image":"C:\\\\Windows\\\\System32\\\\cmd.exe","fileVersion":"10.0.26100.7019 (WinBuild.160101.0800)","description":"Windows Command Processor","product":"Microsoft® Windows® Operating System","company":"Microsoft Corporation","originalFileName":"Cmd.Exe","commandLine":"\\\"C:\\\\WINDOWS\\\\system32\\\\cmd.exe\\\" /c \\\"net use \\\\\\\\127.0.0.1\\\\IPC$ /user:baduser7 wrongpass7 2&gt;nul\\\"","currentDirectory":"C:\\\\atomic\\\\","user":"WIN-CL1\\\\coe55","logonGuid":"{b7327453-590d-6a4e-3e81-3b0000000000}","logonId":"0x3b813e","terminalSessionId":"1","integrityLevel":"High","hashes":"MD5=C8B5D63042BC4BBB7F5C0F9E15B61F16,SHA256=9695CF4566DDF878A69C3D419E0DA4EEA87B0F24261AD8E79A3A9C4A9885429C,IMPHASH=B0F049C014592B156EB1FA857E99CEB9","parentProcessGuid":"{b7327453-ca05-6a4e-c903-000000002100}","parentProcessId":"5972","parentImage":"C:\\\\Windows\\\\System32\\\\WindowsPowerShell\\\\v1.0\\\\powershell.exe","parentCommandLine":"\\\"C:\\\\Windows\\\\System32\\\\WindowsPowerShell\\\\v1.0\\\\powershell.exe\\\"","parentUser":"WIN-CL1\\\\coe55"}}},"location":"EventChannel"}
{"timestamp":"2026-07-08T23:10:02.014+0000","rule":{"level":3,"description":"A C:\\\\Windows\\\\System32\\\\net.exe binary was started by a Windows cmd shell","id":"92036","mitre":{"id":["T1059.003","T1574.001"],"tactic":["Execution","Persistence","Privilege Escalation","Defense Evasion"],"technique":["Windows Command Shell","DLL Search Order Hijacking"]},"firedtimes":7,"mail":false,"groups":["sysmon","sysmon_eid1_detections","windows"]},"agent":{"id":"002","name":"WIN-CL1","ip":"192.168.20.104"},"manager":{"name":"wazuh.manager"},"id":"1783552202.84510554","decoder":{"name":"windows_eventchannel"},"data":{"win":{"system":{"providerName":"Microsoft-Windows-Sysmon","providerGuid":"{5770385f-c22a-43e0-bf4c-06f5698ffbd9}","eventID":"1","version":"5","level":"4","task":"1","opcode":"0","keywords":"0x8000000000000000","systemTime":"2026-07-08T23:09:35.6905312Z","eventRecordID":"53123","processID":"3216","threadID":"3584","channel":"Microsoft-Windows-Sysmon/Operational","computer":"WIN-CL1.lab.local","severityValue":"INFORMATION","message":"\"Process Create:\r\nRuleName: -\r\nUtcTime: 2026-07-08 23:09:35.687\r\nProcessGuid: {b7327453-d8af-6a4e-3005-000000002100}\r\nProcessId: 7220\r\nImage: C:\\Windows\\System32\\net.exe\r\nFileVersion: 10.0.26100.7019 (WinBuild.160101.0800)\r\nDescription: Net Command\r\nProduct: Microsoft® Windows® Operating System\r\nCompany: Microsoft Corporation\r\nOriginalFileName: net.exe\r\nCommandLine: net  use \\\\127.0.0.1\\IPC$ /user:baduser7 wrongpass7 \r\nCurrentDirectory: C:\\atomic\\\r\nUser: WIN-CL1\\coe55\r\nLogonGuid: {b7327453-590d-6a4e-3e81-3b0000000000}\r\nLogonId: 0x3B813E\r\nTerminalSessionId: 1\r\nIntegrityLevel: High\r\nHashes: MD5=8A1E71312BD2AAE202652113049CDBD1,SHA256=BB3E638C8B5B6EF80847E364AEEF2796CAD25D3539CF9B41D3820FA48943E777,IMPHASH=EF46B86C2346DA0A991DE4B78AAF4E75\r\nParentProcessGuid: {b7327453-d8af-6a4e-2f05-000000002100}\r\nParentProcessId: 9576\r\nParentImage: C:\\Windows\\System32\\cmd.exe\r\nParentCommandLine: \"C:\\WINDOWS\\system32\\cmd.exe\" /c \"net use \\\\127.0.0.1\\IPC$ /user:baduser7 wrongpass7 2>nul\"\r\nParentUser: WIN-CL1\\coe55\""},"eventdata":{"utcTime":"2026-07-08 23:09:35.687","processGuid":"{b7327453-d8af-6a4e-3005-000000002100}","processId":"7220","image":"C:\\\\Windows\\\\System32\\\\net.exe","fileVersion":"10.0.26100.7019 (WinBuild.160101.0800)","description":"Net Command","product":"Microsoft® Windows® Operating System","company":"Microsoft Corporation","originalFileName":"net.exe","commandLine":"net  use \\\\\\\\127.0.0.1\\\\IPC$ /user:baduser7 wrongpass7","currentDirectory":"C:\\\\atomic\\\\","user":"WIN-CL1\\\\coe55","logonGuid":"{b7327453-590d-6a4e-3e81-3b0000000000}","logonId":"0x3b813e","terminalSessionId":"1","integrityLevel":"High","hashes":"MD5=8A1E71312BD2AAE202652113049CDBD1,SHA256=BB3E638C8B5B6EF80847E364AEEF2796CAD25D3539CF9B41D3820FA48943E777,IMPHASH=EF46B86C2346DA0A991DE4B78AAF4E75","parentProcessGuid":"{b7327453-d8af-6a4e-2f05-000000002100}","parentProcessId":"9576","parentImage":"C:\\\\Windows\\\\System32\\\\cmd.exe","parentCommandLine":"\\\"C:\\\\WINDOWS\\\\system32\\\\cmd.exe\\\" /c \\\"net use \\\\\\\\127.0.0.1\\\\IPC$ /user:baduser7 wrongpass7 2&gt;nul\\\"","parentUser":"WIN-CL1\\\\coe55"}}},"location":"EventChannel"}
{"timestamp":"2026-07-08T23:10:02.014+0000","rule":{"level":5,"description":"Logon failure - Unknown user or bad password.","id":"60122","mitre":{"id":["T1078","T1531"],"tactic":["Defense Evasion","Persistence","Privilege Escalation","Initial Access","Impact"],"technique":["Valid Accounts","Account Access Removal"]},"firedtimes":7,"mail":false,"groups":["windows","windows_security","authentication_failed"],"gdpr":["IV_32.2","IV_35.7.d"],"gpg13":["7.1"],"hipaa":["164.312.b"],"nist_800_53":["AC.7","AU.14"],"pci_dss":["10.2.4","10.2.5"],"tsc":["CC6.1","CC6.8","CC7.2","CC7.3"]},"agent":{"id":"002","name":"WIN-CL1","ip":"192.168.20.104"},"manager":{"name":"wazuh.manager"},"id":"1783552202.84516265","decoder":{"name":"windows_eventchannel"},"data":{"win":{"system":{"providerName":"Microsoft-Windows-Security-Auditing","providerGuid":"{54849625-5478-4994-a5ba-3e3b0328c30d}","eventID":"4625","version":"0","level":"0","task":"12544","opcode":"0","keywords":"0x8010000000000000","systemTime":"2026-07-08T23:09:35.7224684Z","eventRecordID":"31319","processID":"812","threadID":"8564","channel":"Security","computer":"WIN-CL1.lab.local","severityValue":"AUDIT_FAILURE","message":"\"An account failed to log on.\r\n\r\nSubject:\r\n\tSecurity ID:\t\tS-1-0-0\r\n\tAccount Name:\t\t-\r\n\tAccount Domain:\t\t-\r\n\tLogon ID:\t\t0x0\r\n\r\nLogon Type:\t\t\t3\r\n\r\nAccount For Which Logon Failed:\r\n\tSecurity ID:\t\tS-1-0-0\r\n\tAccount Name:\t\tbaduser7\r\n\tAccount Domain:\t\t-\r\n\r\nFailure Information:\r\n\tFailure Reason:\t\tUnknown user name or bad password.\r\n\tStatus:\t\t\t0xC000006D\r\n\tSub Status:\t\t0xC0000064\r\n\r\nProcess Information:\r\n\tCaller Process ID:\t0x0\r\n\tCaller Process Name:\t-\r\n\r\nNetwork Information:\r\n\tWorkstation Name:\tWIN-CL1\r\n\tSource Network Address:\t127.0.0.1\r\n\tSource Port:\t\t65484\r\n\r\nDetailed Authentication Information:\r\n\tLogon Process:\t\tNtLmSsp \r\n\tAuthentication Package:\tNTLM\r\n\tTransited Services:\t-\r\n\tPackage Name (NTLM only):\t-\r\n\tKey Length:\t\t0\r\n\r\nThis event is generated when a logon request fails. It is generated on the computer where access was attempted.\r\n\r\nThe Subject fields indicate the account on the local system which requested the logon. This is most commonly a service such as the Server service, or a local process such as Winlogon.exe or Services.exe.\r\n\r\nThe Logon Type field indicates the kind of logon that was requested. The most common types are 2 (interactive) and 3 (network).\r\n\r\nThe Process Information fields indicate which account and process on the system requested the logon.\r\n\r\nThe Network Information fields indicate where a remote logon request originated. Workstation name is not always available and may be left blank in some cases.\r\n\r\nThe authentication information fields provide detailed information about this specific logon request.\r\n\t- Transited services indicate which intermediate services have participated in this logon request.\r\n\t- Package name indicates which sub-protocol was used among the NTLM protocols.\r\n\t- Key length indicates the length of the generated session key. This will be 0 if no session key was requested.\""},"eventdata":{"subjectUserSid":"S-1-0-0","subjectLogonId":"0x0","targetUserSid":"S-1-0-0","targetUserName":"baduser7","status":"0xc000006d","failureReason":"%%2313","subStatus":"0xc0000064","logonType":"3","logonProcessName":"NtLmSsp","authenticationPackageName":"NTLM","workstationName":"WIN-CL1","keyLength":"0","processId":"0x0","ipAddress":"127.0.0.1","ipPort":"65484"}}},"location":"EventChannel"}
{"timestamp":"2026-07-08T23:10:02.014+0000","rule":{"level":4,"description":"Powershell process spawned Windows command shell instance","id":"92004","mitre":{"id":["T1059.003"],"tactic":["Execution"],"technique":["Windows Command Shell"]},"firedtimes":8,"mail":false,"groups":["sysmon","sysmon_eid1_detections","windows"]},"agent":{"id":"002","name":"WIN-CL1","ip":"192.168.20.104"},"manager":{"name":"wazuh.manager"},"id":"1783552202.84522355","decoder":{"name":"windows_eventchannel"},"data":{"win":{"system":{"providerName":"Microsoft-Windows-Sysmon","providerGuid":"{5770385f-c22a-43e0-bf4c-06f5698ffbd9}","eventID":"1","version":"5","level":"4","task":"1","opcode":"0","keywords":"0x8000000000000000","systemTime":"2026-07-08T23:09:39.8450665Z","eventRecordID":"53124","processID":"3216","threadID":"3584","channel":"Microsoft-Windows-Sysmon/Operational","computer":"WIN-CL1.lab.local","severityValue":"INFORMATION","message":"\"Process Create:\r\nRuleName: -\r\nUtcTime: 2026-07-08 23:09:39.843\r\nProcessGuid: {b7327453-d8b3-6a4e-3105-000000002100}\r\nProcessId: 8360\r\nImage: C:\\Windows\\System32\\cmd.exe\r\nFileVersion: 10.0.26100.7019 (WinBuild.160101.0800)\r\nDescription: Windows Command Processor\r\nProduct: Microsoft® Windows® Operating System\r\nCompany: Microsoft Corporation\r\nOriginalFileName: Cmd.Exe\r\nCommandLine: \"C:\\WINDOWS\\system32\\cmd.exe\" /c \"net use \\\\127.0.0.1\\IPC$ /user:baduser8 wrongpass8 2>nul\"\r\nCurrentDirectory: C:\\atomic\\\r\nUser: WIN-CL1\\coe55\r\nLogonGuid: {b7327453-590d-6a4e-3e81-3b0000000000}\r\nLogonId: 0x3B813E\r\nTerminalSessionId: 1\r\nIntegrityLevel: High\r\nHashes: MD5=C8B5D63042BC4BBB7F5C0F9E15B61F16,SHA256=9695CF4566DDF878A69C3D419E0DA4EEA87B0F24261AD8E79A3A9C4A9885429C,IMPHASH=B0F049C014592B156EB1FA857E99CEB9\r\nParentProcessGuid: {b7327453-ca05-6a4e-c903-000000002100}\r\nParentProcessId: 5972\r\nParentImage: C:\\Windows\\System32\\WindowsPowerShell\\v1.0\\powershell.exe\r\nParentCommandLine: \"C:\\Windows\\System32\\WindowsPowerShell\\v1.0\\powershell.exe\" \r\nParentUser: WIN-CL1\\coe55\""},"eventdata":{"utcTime":"2026-07-08 23:09:39.843","processGuid":"{b7327453-d8b3-6a4e-3105-000000002100}","processId":"8360","image":"C:\\\\Windows\\\\System32\\\\cmd.exe","fileVersion":"10.0.26100.7019 (WinBuild.160101.0800)","description":"Windows Command Processor","product":"Microsoft® Windows® Operating System","company":"Microsoft Corporation","originalFileName":"Cmd.Exe","commandLine":"\\\"C:\\\\WINDOWS\\\\system32\\\\cmd.exe\\\" /c \\\"net use \\\\\\\\127.0.0.1\\\\IPC$ /user:baduser8 wrongpass8 2&gt;nul\\\"","currentDirectory":"C:\\\\atomic\\\\","user":"WIN-CL1\\\\coe55","logonGuid":"{b7327453-590d-6a4e-3e81-3b0000000000}","logonId":"0x3b813e","terminalSessionId":"1","integrityLevel":"High","hashes":"MD5=C8B5D63042BC4BBB7F5C0F9E15B61F16,SHA256=9695CF4566DDF878A69C3D419E0DA4EEA87B0F24261AD8E79A3A9C4A9885429C,IMPHASH=B0F049C014592B156EB1FA857E99CEB9","parentProcessGuid":"{b7327453-ca05-6a4e-c903-000000002100}","parentProcessId":"5972","parentImage":"C:\\\\Windows\\\\System32\\\\WindowsPowerShell\\\\v1.0\\\\powershell.exe","parentCommandLine":"\\\"C:\\\\Windows\\\\System32\\\\WindowsPowerShell\\\\v1.0\\\\powershell.exe\\\"","parentUser":"WIN-CL1\\\\coe55"}}},"location":"EventChannel"}
{"timestamp":"2026-07-08T23:10:02.014+0000","rule":{"level":3,"description":"A C:\\\\Windows\\\\System32\\\\net.exe binary was started by a Windows cmd shell","id":"92036","mitre":{"id":["T1059.003","T1574.001"],"tactic":["Execution","Persistence","Privilege Escalation","Defense Evasion"],"technique":["Windows Command Shell","DLL Search Order Hijacking"]},"firedtimes":8,"mail":false,"groups":["sysmon","sysmon_eid1_detections","windows"]},"agent":{"id":"002","name":"WIN-CL1","ip":"192.168.20.104"},"manager":{"name":"wazuh.manager"},"id":"1783552202.84528287","decoder":{"name":"windows_eventchannel"},"data":{"win":{"system":{"providerName":"Microsoft-Windows-Sysmon","providerGuid":"{5770385f-c22a-43e0-bf4c-06f5698ffbd9}","eventID":"1","version":"5","level":"4","task":"1","opcode":"0","keywords":"0x8000000000000000","systemTime":"2026-07-08T23:09:39.8595314Z","eventRecordID":"53125","processID":"3216","threadID":"3584","channel":"Microsoft-Windows-Sysmon/Operational","computer":"WIN-CL1.lab.local","severityValue":"INFORMATION","message":"\"Process Create:\r\nRuleName: -\r\nUtcTime: 2026-07-08 23:09:39.855\r\nProcessGuid: {b7327453-d8b3-6a4e-3205-000000002100}\r\nProcessId: 5040\r\nImage: C:\\Windows\\System32\\net.exe\r\nFileVersion: 10.0.26100.7019 (WinBuild.160101.0800)\r\nDescription: Net Command\r\nProduct: Microsoft® Windows® Operating System\r\nCompany: Microsoft Corporation\r\nOriginalFileName: net.exe\r\nCommandLine: net  use \\\\127.0.0.1\\IPC$ /user:baduser8 wrongpass8 \r\nCurrentDirectory: C:\\atomic\\\r\nUser: WIN-CL1\\coe55\r\nLogonGuid: {b7327453-590d-6a4e-3e81-3b0000000000}\r\nLogonId: 0x3B813E\r\nTerminalSessionId: 1\r\nIntegrityLevel: High\r\nHashes: MD5=8A1E71312BD2AAE202652113049CDBD1,SHA256=BB3E638C8B5B6EF80847E364AEEF2796CAD25D3539CF9B41D3820FA48943E777,IMPHASH=EF46B86C2346DA0A991DE4B78AAF4E75\r\nParentProcessGuid: {b7327453-d8b3-6a4e-3105-000000002100}\r\nParentProcessId: 8360\r\nParentImage: C:\\Windows\\System32\\cmd.exe\r\nParentCommandLine: \"C:\\WINDOWS\\system32\\cmd.exe\" /c \"net use \\\\127.0.0.1\\IPC$ /user:baduser8 wrongpass8 2>nul\"\r\nParentUser: WIN-CL1\\coe55\""},"eventdata":{"utcTime":"2026-07-08 23:09:39.855","processGuid":"{b7327453-d8b3-6a4e-3205-000000002100}","processId":"5040","image":"C:\\\\Windows\\\\System32\\\\net.exe","fileVersion":"10.0.26100.7019 (WinBuild.160101.0800)","description":"Net Command","product":"Microsoft® Windows® Operating System","company":"Microsoft Corporation","originalFileName":"net.exe","commandLine":"net  use \\\\\\\\127.0.0.1\\\\IPC$ /user:baduser8 wrongpass8","currentDirectory":"C:\\\\atomic\\\\","user":"WIN-CL1\\\\coe55","logonGuid":"{b7327453-590d-6a4e-3e81-3b0000000000}","logonId":"0x3b813e","terminalSessionId":"1","integrityLevel":"High","hashes":"MD5=8A1E71312BD2AAE202652113049CDBD1,SHA256=BB3E638C8B5B6EF80847E364AEEF2796CAD25D3539CF9B41D3820FA48943E777,IMPHASH=EF46B86C2346DA0A991DE4B78AAF4E75","parentProcessGuid":"{b7327453-d8b3-6a4e-3105-000000002100}","parentProcessId":"8360","parentImage":"C:\\\\Windows\\\\System32\\\\cmd.exe","parentCommandLine":"\\\"C:\\\\WINDOWS\\\\system32\\\\cmd.exe\\\" /c \\\"net use \\\\\\\\127.0.0.1\\\\IPC$ /user:baduser8 wrongpass8 2&gt;nul\\\"","parentUser":"WIN-CL1\\\\coe55"}}},"location":"EventChannel"}
