{"timestamp":"2026-07-12T11:47:23.139+0000","rule":{"level":4,"description":"Powershell process spawned Windows command shell instance","id":"92004","mitre":{"id":["T1059.003"],"tactic":["Execution"],"technique":["Windows Command Shell"]},"firedtimes":1,"mail":false,"groups":["sysmon","sysmon_eid1_detections","windows"]},"agent":{"id":"002","name":"WIN-CL1","ip":"192.168.20.104"},"manager":{"name":"wazuh.manager"},"id":"1783856843.5003354","decoder":{"name":"windows_eventchannel"},"data":{"win":{"system":{"providerName":"Microsoft-Windows-Sysmon","providerGuid":"{5770385f-c22a-43e0-bf4c-06f5698ffbd9}","eventID":"1","version":"5","level":"4","task":"1","opcode":"0","keywords":"0x8000000000000000","systemTime":"2026-07-12T11:47:23.2016861Z","eventRecordID":"55936","processID":"3320","threadID":"3972","channel":"Microsoft-Windows-Sysmon/Operational","computer":"WIN-CL1.lab.local","severityValue":"INFORMATION","message":"\"Process Create:\r\nRuleName: -\r\nUtcTime: 2026-07-12 11:47:23.189\r\nProcessGuid: {b7327453-7ecb-6a53-cc02-000000002200}\r\nProcessId: 4216\r\nImage: C:\\Windows\\System32\\cmd.exe\r\nFileVersion: 10.0.26100.7019 (WinBuild.160101.0800)\r\nDescription: Windows Command Processor\r\nProduct: Microsoft® Windows® Operating System\r\nCompany: Microsoft Corporation\r\nOriginalFileName: Cmd.Exe\r\nCommandLine: \"C:\\WINDOWS\\system32\\cmd.exe\" /c echo hi & exit \r\nCurrentDirectory: C:\\atomic\\\r\nUser: WIN-CL1\\coe55\r\nLogonGuid: {b7327453-7891-6a53-b6d8-640000000000}\r\nLogonId: 0x64D8B6\r\nTerminalSessionId: 1\r\nIntegrityLevel: High\r\nHashes: MD5=C8B5D63042BC4BBB7F5C0F9E15B61F16,SHA256=9695CF4566DDF878A69C3D419E0DA4EEA87B0F24261AD8E79A3A9C4A9885429C,IMPHASH=B0F049C014592B156EB1FA857E99CEB9\r\nParentProcessGuid: {b7327453-798c-6a53-e201-000000002200}\r\nParentProcessId: 8492\r\nParentImage: C:\\Windows\\System32\\WindowsPowerShell\\v1.0\\powershell.exe\r\nParentCommandLine: \"C:\\Windows\\System32\\WindowsPowerShell\\v1.0\\powershell.exe\" \r\nParentUser: WIN-CL1\\coe55\""},"eventdata":{"utcTime":"2026-07-12 11:47:23.189","processGuid":"{b7327453-7ecb-6a53-cc02-000000002200}","processId":"4216","image":"C:\\\\Windows\\\\System32\\\\cmd.exe","fileVersion":"10.0.26100.7019 (WinBuild.160101.0800)","description":"Windows Command Processor","product":"Microsoft® Windows® Operating System","company":"Microsoft Corporation","originalFileName":"Cmd.Exe","commandLine":"\\\"C:\\\\WINDOWS\\\\system32\\\\cmd.exe\\\" /c echo hi &amp; exit","currentDirectory":"C:\\\\atomic\\\\","user":"WIN-CL1\\\\coe55","logonGuid":"{b7327453-7891-6a53-b6d8-640000000000}","logonId":"0x64d8b6","terminalSessionId":"1","integrityLevel":"High","hashes":"MD5=C8B5D63042BC4BBB7F5C0F9E15B61F16,SHA256=9695CF4566DDF878A69C3D419E0DA4EEA87B0F24261AD8E79A3A9C4A9885429C,IMPHASH=B0F049C014592B156EB1FA857E99CEB9","parentProcessGuid":"{b7327453-798c-6a53-e201-000000002200}","parentProcessId":"8492","parentImage":"C:\\\\Windows\\\\System32\\\\WindowsPowerShell\\\\v1.0\\\\powershell.exe","parentCommandLine":"\\\"C:\\\\Windows\\\\System32\\\\WindowsPowerShell\\\\v1.0\\\\powershell.exe\\\"","parentUser":"WIN-CL1\\\\coe55"}}},"location":"EventChannel"}
{"timestamp":"2026-07-12T11:47:40.474+0000","rule":{"level":6,"description":"Possible DLL search order hijack by C:\\\\Windows\\\\SoftwareDistribution\\\\Download\\\\d08ae7531bd6f46bf7ad7f562d80d8f2\\\\Metadata\\\\UpdateAgent.dll created in Windows root folder","id":"92219","mitre":{"id":["T1574.001","T1574.002"],"tactic":["Persistence","Privilege Escalation","Defense Evasion"],"technique":["DLL Search Order Hijacking","DLL Side-Loading"]},"firedtimes":75,"mail":false,"groups":["sysmon","sysmon_eid11_detections","windows"]},"agent":{"id":"002","name":"WIN-CL1","ip":"192.168.20.104"},"manager":{"name":"wazuh.manager"},"id":"1783856860.5017306","decoder":{"name":"windows_eventchannel"},"data":{"win":{"system":{"providerName":"Microsoft-Windows-Sysmon","providerGuid":"{5770385f-c22a-43e0-bf4c-06f5698ffbd9}","eventID":"11","version":"2","level":"4","task":"11","opcode":"0","keywords":"0x8000000000000000","systemTime":"2026-07-12T11:47:40.5501227Z","eventRecordID":"55937","processID":"3320","threadID":"3972","channel":"Microsoft-Windows-Sysmon/Operational","computer":"WIN-CL1.lab.local","severityValue":"INFORMATION","message":"\"File created:\r\nRuleName: DLL\r\nUtcTime: 2026-07-12 11:47:40.548\r\nProcessGuid: {b7327453-7575-6a53-7700-000000002200}\r\nProcessId: 4852\r\nImage: C:\\WINDOWS\\system32\\svchost.exe\r\nTargetFilename: C:\\Windows\\SoftwareDistribution\\Download\\d08ae7531bd6f46bf7ad7f562d80d8f2\\Metadata\\UpdateAgent.dll\r\nCreationUtcTime: 2026-05-05 22:00:20.000\r\nUser: NT AUTHORITY\\SYSTEM\""},"eventdata":{"ruleName":"DLL","utcTime":"2026-07-12 11:47:40.548","processGuid":"{b7327453-7575-6a53-7700-000000002200}","processId":"4852","image":"C:\\\\WINDOWS\\\\system32\\\\svchost.exe","targetFilename":"C:\\\\Windows\\\\SoftwareDistribution\\\\Download\\\\d08ae7531bd6f46bf7ad7f562d80d8f2\\\\Metadata\\\\UpdateAgent.dll","creationUtcTime":"2026-05-05 22:00:20.000","user":"NT AUTHORITY\\\\SYSTEM"}}},"location":"EventChannel"}
{"timestamp":"2026-07-12T11:47:40.494+0000","rule":{"level":6,"description":"Possible DLL search order hijack by C:\\\\Windows\\\\SoftwareDistribution\\\\Download\\\\d08ae7531bd6f46bf7ad7f562d80d8f2\\\\Metadata\\\\dpx.dll created in Windows root folder","id":"92219","mitre":{"id":["T1574.001","T1574.002"],"tactic":["Persistence","Privilege Escalation","Defense Evasion"],"technique":["DLL Search Order Hijacking","DLL Side-Loading"]},"firedtimes":76,"mail":false,"groups":["sysmon","sysmon_eid11_detections","windows"]},"agent":{"id":"002","name":"WIN-CL1","ip":"192.168.20.104"},"manager":{"name":"wazuh.manager"},"id":"1783856860.5020231","decoder":{"name":"windows_eventchannel"},"data":{"win":{"system":{"providerName":"Microsoft-Windows-Sysmon","providerGuid":"{5770385f-c22a-43e0-bf4c-06f5698ffbd9}","eventID":"11","version":"2","level":"4","task":"11","opcode":"0","keywords":"0x8000000000000000","systemTime":"2026-07-12T11:47:40.5741138Z","eventRecordID":"55938","processID":"3320","threadID":"3972","channel":"Microsoft-Windows-Sysmon/Operational","computer":"WIN-CL1.lab.local","severityValue":"INFORMATION","message":"\"File created:\r\nRuleName: DLL\r\nUtcTime: 2026-07-12 11:47:40.573\r\nProcessGuid: {b7327453-7575-6a53-7700-000000002200}\r\nProcessId: 4852\r\nImage: C:\\WINDOWS\\system32\\svchost.exe\r\nTargetFilename: C:\\Windows\\SoftwareDistribution\\Download\\d08ae7531bd6f46bf7ad7f562d80d8f2\\Metadata\\dpx.dll\r\nCreationUtcTime: 2026-05-05 22:27:48.000\r\nUser: NT AUTHORITY\\SYSTEM\""},"eventdata":{"ruleName":"DLL","utcTime":"2026-07-12 11:47:40.573","processGuid":"{b7327453-7575-6a53-7700-000000002200}","processId":"4852","image":"C:\\\\WINDOWS\\\\system32\\\\svchost.exe","targetFilename":"C:\\\\Windows\\\\SoftwareDistribution\\\\Download\\\\d08ae7531bd6f46bf7ad7f562d80d8f2\\\\Metadata\\\\dpx.dll","creationUtcTime":"2026-05-05 22:27:48.000","user":"NT AUTHORITY\\\\SYSTEM"}}},"location":"EventChannel"}
{"timestamp":"2026-07-12T11:47:40.502+0000","rule":{"level":6,"description":"Possible DLL search order hijack by C:\\\\Windows\\\\SoftwareDistribution\\\\Download\\\\d08ae7531bd6f46bf7ad7f562d80d8f2\\\\Metadata\\\\Mitigation.dll created in Windows root folder","id":"92219","mitre":{"id":["T1574.001","T1574.002"],"tactic":["Persistence","Privilege Escalation","Defense Evasion"],"technique":["DLL Search Order Hijacking","DLL Side-Loading"]},"firedtimes":77,"mail":false,"groups":["sysmon","sysmon_eid11_detections","windows"]},"agent":{"id":"002","name":"WIN-CL1","ip":"192.168.20.104"},"manager":{"name":"wazuh.manager"},"id":"1783856860.5023116","decoder":{"name":"windows_eventchannel"},"data":{"win":{"system":{"providerName":"Microsoft-Windows-Sysmon","providerGuid":"{5770385f-c22a-43e0-bf4c-06f5698ffbd9}","eventID":"11","version":"2","level":"4","task":"11","opcode":"0","keywords":"0x8000000000000000","systemTime":"2026-07-12T11:47:40.5826150Z","eventRecordID":"55939","processID":"3320","threadID":"3972","channel":"Microsoft-Windows-Sysmon/Operational","computer":"WIN-CL1.lab.local","severityValue":"INFORMATION","message":"\"File created:\r\nRuleName: DLL\r\nUtcTime: 2026-07-12 11:47:40.581\r\nProcessGuid: {b7327453-7575-6a53-7700-000000002200}\r\nProcessId: 4852\r\nImage: C:\\WINDOWS\\system32\\svchost.exe\r\nTargetFilename: C:\\Windows\\SoftwareDistribution\\Download\\d08ae7531bd6f46bf7ad7f562d80d8f2\\Metadata\\Mitigation.dll\r\nCreationUtcTime: 2026-05-06 02:15:58.000\r\nUser: NT AUTHORITY\\SYSTEM\""},"eventdata":{"ruleName":"DLL","utcTime":"2026-07-12 11:47:40.581","processGuid":"{b7327453-7575-6a53-7700-000000002200}","processId":"4852","image":"C:\\\\WINDOWS\\\\system32\\\\svchost.exe","targetFilename":"C:\\\\Windows\\\\SoftwareDistribution\\\\Download\\\\d08ae7531bd6f46bf7ad7f562d80d8f2\\\\Metadata\\\\Mitigation.dll","creationUtcTime":"2026-05-06 02:15:58.000","user":"NT AUTHORITY\\\\SYSTEM"}}},"location":"EventChannel"}
{"timestamp":"2026-07-12T11:47:40.505+0000","rule":{"level":6,"description":"Possible DLL search order hijack by C:\\\\Windows\\\\SoftwareDistribution\\\\Download\\\\d08ae7531bd6f46bf7ad7f562d80d8f2\\\\Metadata\\\\UAOneSettings.dll created in Windows root folder","id":"92219","mitre":{"id":["T1574.001","T1574.002"],"tactic":["Persistence","Privilege Escalation","Defense Evasion"],"technique":["DLL Search Order Hijacking","DLL Side-Loading"]},"firedtimes":78,"mail":false,"groups":["sysmon","sysmon_eid11_detections","windows"]},"agent":{"id":"002","name":"WIN-CL1","ip":"192.168.20.104"},"manager":{"name":"wazuh.manager"},"id":"1783856860.5026036","decoder":{"name":"windows_eventchannel"},"data":{"win":{"system":{"providerName":"Microsoft-Windows-Sysmon","providerGuid":"{5770385f-c22a-43e0-bf4c-06f5698ffbd9}","eventID":"11","version":"2","level":"4","task":"11","opcode":"0","keywords":"0x8000000000000000","systemTime":"2026-07-12T11:47:40.5881257Z","eventRecordID":"55940","processID":"3320","threadID":"3972","channel":"Microsoft-Windows-Sysmon/Operational","computer":"WIN-CL1.lab.local","severityValue":"INFORMATION","message":"\"File created:\r\nRuleName: DLL\r\nUtcTime: 2026-07-12 11:47:40.586\r\nProcessGuid: {b7327453-7575-6a53-7700-000000002200}\r\nProcessId: 4852\r\nImage: C:\\WINDOWS\\system32\\svchost.exe\r\nTargetFilename: C:\\Windows\\SoftwareDistribution\\Download\\d08ae7531bd6f46bf7ad7f562d80d8f2\\Metadata\\UAOneSettings.dll\r\nCreationUtcTime: 2026-05-05 22:23:44.000\r\nUser: NT AUTHORITY\\SYSTEM\""},"eventdata":{"ruleName":"DLL","utcTime":"2026-07-12 11:47:40.586","processGuid":"{b7327453-7575-6a53-7700-000000002200}","processId":"4852","image":"C:\\\\WINDOWS\\\\system32\\\\svchost.exe","targetFilename":"C:\\\\Windows\\\\SoftwareDistribution\\\\Download\\\\d08ae7531bd6f46bf7ad7f562d80d8f2\\\\Metadata\\\\UAOneSettings.dll","creationUtcTime":"2026-05-05 22:23:44.000","user":"NT AUTHORITY\\\\SYSTEM"}}},"location":"EventChannel"}
{"timestamp":"2026-07-12T11:47:40.506+0000","rule":{"level":6,"description":"Possible DLL search order hijack by C:\\\\Windows\\\\SoftwareDistribution\\\\Download\\\\d08ae7531bd6f46bf7ad7f562d80d8f2\\\\Metadata\\\\wcp.dll created in Windows root folder","id":"92219","mitre":{"id":["T1574.001","T1574.002"],"tactic":["Persistence","Privilege Escalation","Defense Evasion"],"technique":["DLL Search Order Hijacking","DLL Side-Loading"]},"firedtimes":79,"mail":false,"groups":["sysmon","sysmon_eid11_detections","windows"]},"agent":{"id":"002","name":"WIN-CL1","ip":"192.168.20.104"},"manager":{"name":"wazuh.manager"},"id":"1783856860.5028971","decoder":{"name":"windows_eventchannel"},"data":{"win":{"system":{"providerName":"Microsoft-Windows-Sysmon","providerGuid":"{5770385f-c22a-43e0-bf4c-06f5698ffbd9}","eventID":"11","version":"2","level":"4","task":"11","opcode":"0","keywords":"0x8000000000000000","systemTime":"2026-07-12T11:47:40.5914999Z","eventRecordID":"55941","processID":"3320","threadID":"3972","channel":"Microsoft-Windows-Sysmon/Operational","computer":"WIN-CL1.lab.local","severityValue":"INFORMATION","message":"\"File created:\r\nRuleName: DLL\r\nUtcTime: 2026-07-12 11:47:40.590\r\nProcessGuid: {b7327453-7575-6a53-7700-000000002200}\r\nProcessId: 4852\r\nImage: C:\\WINDOWS\\system32\\svchost.exe\r\nTargetFilename: C:\\Windows\\SoftwareDistribution\\Download\\d08ae7531bd6f46bf7ad7f562d80d8f2\\Metadata\\wcp.dll\r\nCreationUtcTime: 2026-05-05 22:27:24.000\r\nUser: NT AUTHORITY\\SYSTEM\""},"eventdata":{"ruleName":"DLL","utcTime":"2026-07-12 11:47:40.590","processGuid":"{b7327453-7575-6a53-7700-000000002200}","processId":"4852","image":"C:\\\\WINDOWS\\\\system32\\\\svchost.exe","targetFilename":"C:\\\\Windows\\\\SoftwareDistribution\\\\Download\\\\d08ae7531bd6f46bf7ad7f562d80d8f2\\\\Metadata\\\\wcp.dll","creationUtcTime":"2026-05-05 22:27:24.000","user":"NT AUTHORITY\\\\SYSTEM"}}},"location":"EventChannel"}
{"timestamp":"2026-07-12T11:47:40.509+0000","rule":{"level":6,"description":"Possible DLL search order hijack by C:\\\\Windows\\\\SoftwareDistribution\\\\Download\\\\d08ae7531bd6f46bf7ad7f562d80d8f2\\\\Metadata\\\\TurboStack.dll created in Windows root folder","id":"92219","mitre":{"id":["T1574.001","T1574.002"],"tactic":["Persistence","Privilege Escalation","Defense Evasion"],"technique":["DLL Search Order Hijacking","DLL Side-Loading"]},"firedtimes":80,"mail":false,"groups":["sysmon","sysmon_eid11_detections","windows"]},"agent":{"id":"002","name":"WIN-CL1","ip":"192.168.20.104"},"manager":{"name":"wazuh.manager"},"id":"1783856860.5031856","decoder":{"name":"windows_eventchannel"},"data":{"win":{"system":{"providerName":"Microsoft-Windows-Sysmon","providerGuid":"{5770385f-c22a-43e0-bf4c-06f5698ffbd9}","eventID":"11","version":"2","level":"4","task":"11","opcode":"0","keywords":"0x8000000000000000","systemTime":"2026-07-12T11:47:40.6211321Z","eventRecordID":"55942","processID":"3320","threadID":"3972","channel":"Microsoft-Windows-Sysmon/Operational","computer":"WIN-CL1.lab.local","severityValue":"INFORMATION","message":"\"File created:\r\nRuleName: DLL\r\nUtcTime: 2026-07-12 11:47:40.619\r\nProcessGuid: {b7327453-7575-6a53-7700-000000002200}\r\nProcessId: 4852\r\nImage: C:\\WINDOWS\\system32\\svchost.exe\r\nTargetFilename: C:\\Windows\\SoftwareDistribution\\Download\\d08ae7531bd6f46bf7ad7f562d80d8f2\\Metadata\\TurboStack.dll\r\nCreationUtcTime: 2026-05-05 22:00:14.000\r\nUser: NT AUTHORITY\\SYSTEM\""},"eventdata":{"ruleName":"DLL","utcTime":"2026-07-12 11:47:40.619","processGuid":"{b7327453-7575-6a53-7700-000000002200}","processId":"4852","image":"C:\\\\WINDOWS\\\\system32\\\\svchost.exe","targetFilename":"C:\\\\Windows\\\\SoftwareDistribution\\\\Download\\\\d08ae7531bd6f46bf7ad7f562d80d8f2\\\\Metadata\\\\TurboStack.dll","creationUtcTime":"2026-05-05 22:00:14.000","user":"NT AUTHORITY\\\\SYSTEM"}}},"location":"EventChannel"}
{"timestamp":"2026-07-12T11:47:40.511+0000","rule":{"level":6,"description":"Possible DLL search order hijack by C:\\\\Windows\\\\SoftwareDistribution\\\\Download\\\\d08ae7531bd6f46bf7ad7f562d80d8f2\\\\Metadata\\\\ReserveManager.dll created in Windows root folder","id":"92219","mitre":{"id":["T1574.001","T1574.002"],"tactic":["Persistence","Privilege Escalation","Defense Evasion"],"technique":["DLL Search Order Hijacking","DLL Side-Loading"]},"firedtimes":81,"mail":false,"groups":["sysmon","sysmon_eid11_detections","windows"]},"agent":{"id":"002","name":"WIN-CL1","ip":"192.168.20.104"},"manager":{"name":"wazuh.manager"},"id":"1783856860.5034776","decoder":{"name":"windows_eventchannel"},"data":{"win":{"system":{"providerName":"Microsoft-Windows-Sysmon","providerGuid":"{5770385f-c22a-43e0-bf4c-06f5698ffbd9}","eventID":"11","version":"2","level":"4","task":"11","opcode":"0","keywords":"0x8000000000000000","systemTime":"2026-07-12T11:47:40.6375853Z","eventRecordID":"55943","processID":"3320","threadID":"3972","channel":"Microsoft-Windows-Sysmon/Operational","computer":"WIN-CL1.lab.local","severityValue":"INFORMATION","message":"\"File created:\r\nRuleName: DLL\r\nUtcTime: 2026-07-12 11:47:40.635\r\nProcessGuid: {b7327453-7575-6a53-7700-000000002200}\r\nProcessId: 4852\r\nImage: C:\\WINDOWS\\system32\\svchost.exe\r\nTargetFilename: C:\\Windows\\SoftwareDistribution\\Download\\d08ae7531bd6f46bf7ad7f562d80d8f2\\Metadata\\ReserveManager.dll\r\nCreationUtcTime: 2026-05-05 22:00:34.000\r\nUser: NT AUTHORITY\\SYSTEM\""},"eventdata":{"ruleName":"DLL","utcTime":"2026-07-12 11:47:40.635","processGuid":"{b7327453-7575-6a53-7700-000000002200}","processId":"4852","image":"C:\\\\WINDOWS\\\\system32\\\\svchost.exe","targetFilename":"C:\\\\Windows\\\\SoftwareDistribution\\\\Download\\\\d08ae7531bd6f46bf7ad7f562d80d8f2\\\\Metadata\\\\ReserveManager.dll","creationUtcTime":"2026-05-05 22:00:34.000","user":"NT AUTHORITY\\\\SYSTEM"}}},"location":"EventChannel"}
{"timestamp":"2026-07-12T11:47:40.513+0000","rule":{"level":6,"description":"Possible DLL search order hijack by C:\\\\Windows\\\\SoftwareDistribution\\\\Download\\\\d08ae7531bd6f46bf7ad7f562d80d8f2\\\\Metadata\\\\WinREAgent.dll created in Windows root folder","id":"92219","mitre":{"id":["T1574.001","T1574.002"],"tactic":["Persistence","Privilege Escalation","Defense Evasion"],"technique":["DLL Search Order Hijacking","DLL Side-Loading"]},"firedtimes":82,"mail":false,"groups":["sysmon","sysmon_eid11_detections","windows"]},"agent":{"id":"002","name":"WIN-CL1","ip":"192.168.20.104"},"manager":{"name":"wazuh.manager"},"id":"1783856860.5037716","decoder":{"name":"windows_eventchannel"},"data":{"win":{"system":{"providerName":"Microsoft-Windows-Sysmon","providerGuid":"{5770385f-c22a-43e0-bf4c-06f5698ffbd9}","eventID":"11","version":"2","level":"4","task":"11","opcode":"0","keywords":"0x8000000000000000","systemTime":"2026-07-12T11:47:40.6431983Z","eventRecordID":"55944","processID":"3320","threadID":"3972","channel":"Microsoft-Windows-Sysmon/Operational","computer":"WIN-CL1.lab.local","severityValue":"INFORMATION","message":"\"File created:\r\nRuleName: DLL\r\nUtcTime: 2026-07-12 11:47:40.641\r\nProcessGuid: {b7327453-7575-6a53-7700-000000002200}\r\nProcessId: 4852\r\nImage: C:\\WINDOWS\\system32\\svchost.exe\r\nTargetFilename: C:\\Windows\\SoftwareDistribution\\Download\\d08ae7531bd6f46bf7ad7f562d80d8f2\\Metadata\\WinREAgent.dll\r\nCreationUtcTime: 2026-05-06 02:00:34.000\r\nUser: NT AUTHORITY\\SYSTEM\""},"eventdata":{"ruleName":"DLL","utcTime":"2026-07-12 11:47:40.641","processGuid":"{b7327453-7575-6a53-7700-000000002200}","processId":"4852","image":"C:\\\\WINDOWS\\\\system32\\\\svchost.exe","targetFilename":"C:\\\\Windows\\\\SoftwareDistribution\\\\Download\\\\d08ae7531bd6f46bf7ad7f562d80d8f2\\\\Metadata\\\\WinREAgent.dll","creationUtcTime":"2026-05-06 02:00:34.000","user":"NT AUTHORITY\\\\SYSTEM"}}},"location":"EventChannel"}
{"timestamp":"2026-07-12T11:47:40.514+0000","rule":{"level":6,"description":"Possible DLL search order hijack by C:\\\\Windows\\\\SoftwareDistribution\\\\Download\\\\d08ae7531bd6f46bf7ad7f562d80d8f2\\\\Metadata\\\\UpdateCompression.dll created in Windows root folder","id":"92219","mitre":{"id":["T1574.001","T1574.002"],"tactic":["Persistence","Privilege Escalation","Defense Evasion"],"technique":["DLL Search Order Hijacking","DLL Side-Loading"]},"firedtimes":83,"mail":false,"groups":["sysmon","sysmon_eid11_detections","windows"]},"agent":{"id":"002","name":"WIN-CL1","ip":"192.168.20.104"},"manager":{"name":"wazuh.manager"},"id":"1783856860.5040636","decoder":{"name":"windows_eventchannel"},"data":{"win":{"system":{"providerName":"Microsoft-Windows-Sysmon","providerGuid":"{5770385f-c22a-43e0-bf4c-06f5698ffbd9}","eventID":"11","version":"2","level":"4","task":"11","opcode":"0","keywords":"0x8000000000000000","systemTime":"2026-07-12T11:47:40.6498752Z","eventRecordID":"55945","processID":"3320","threadID":"3972","channel":"Microsoft-Windows-Sysmon/Operational","computer":"WIN-CL1.lab.local","severityValue":"INFORMATION","message":"\"File created:\r\nRuleName: DLL\r\nUtcTime: 2026-07-12 11:47:40.647\r\nProcessGuid: {b7327453-7575-6a53-7700-000000002200}\r\nProcessId: 4852\r\nImage: C:\\WINDOWS\\system32\\svchost.exe\r\nTargetFilename: C:\\Windows\\SoftwareDistribution\\Download\\d08ae7531bd6f46bf7ad7f562d80d8f2\\Metadata\\UpdateCompression.dll\r\nCreationUtcTime: 2026-05-05 22:00:16.000\r\nUser: NT AUTHORITY\\SYSTEM\""},"eventdata":{"ruleName":"DLL","utcTime":"2026-07-12 11:47:40.647","processGuid":"{b7327453-7575-6a53-7700-000000002200}","processId":"4852","image":"C:\\\\WINDOWS\\\\system32\\\\svchost.exe","targetFilename":"C:\\\\Windows\\\\SoftwareDistribution\\\\Download\\\\d08ae7531bd6f46bf7ad7f562d80d8f2\\\\Metadata\\\\UpdateCompression.dll","creationUtcTime":"2026-05-05 22:00:16.000","user":"NT AUTHORITY\\\\SYSTEM"}}},"location":"EventChannel"}
{"timestamp":"2026-07-12T11:47:40.516+0000","rule":{"level":6,"description":"Possible DLL search order hijack by C:\\\\Windows\\\\SoftwareDistribution\\\\Download\\\\d08ae7531bd6f46bf7ad7f562d80d8f2\\\\Metadata\\\\updatedeploy.dll created in Windows root folder","id":"92219","mitre":{"id":["T1574.001","T1574.002"],"tactic":["Persistence","Privilege Escalation","Defense Evasion"],"technique":["DLL Search Order Hijacking","DLL Side-Loading"]},"firedtimes":84,"mail":false,"groups":["sysmon","sysmon_eid11_detections","windows"]},"agent":{"id":"002","name":"WIN-CL1","ip":"192.168.20.104"},"manager":{"name":"wazuh.manager"},"id":"1783856860.5043591","decoder":{"name":"windows_eventchannel"},"data":{"win":{"system":{"providerName":"Microsoft-Windows-Sysmon","providerGuid":"{5770385f-c22a-43e0-bf4c-06f5698ffbd9}","eventID":"11","version":"2","level":"4","task":"11","opcode":"0","keywords":"0x8000000000000000","systemTime":"2026-07-12T11:47:40.6568023Z","eventRecordID":"55946","processID":"3320","threadID":"3972","channel":"Microsoft-Windows-Sysmon/Operational","computer":"WIN-CL1.lab.local","severityValue":"INFORMATION","message":"\"File created:\r\nRuleName: DLL\r\nUtcTime: 2026-07-12 11:47:40.655\r\nProcessGuid: {b7327453-7575-6a53-7700-000000002200}\r\nProcessId: 4852\r\nImage: C:\\WINDOWS\\system32\\svchost.exe\r\nTargetFilename: C:\\Windows\\SoftwareDistribution\\Download\\d08ae7531bd6f46bf7ad7f562d80d8f2\\Metadata\\updatedeploy.dll\r\nCreationUtcTime: 2026-05-05 22:02:50.000\r\nUser: NT AUTHORITY\\SYSTEM\""},"eventdata":{"ruleName":"DLL","utcTime":"2026-07-12 11:47:40.655","processGuid":"{b7327453-7575-6a53-7700-000000002200}","processId":"4852","image":"C:\\\\WINDOWS\\\\system32\\\\svchost.exe","targetFilename":"C:\\\\Windows\\\\SoftwareDistribution\\\\Download\\\\d08ae7531bd6f46bf7ad7f562d80d8f2\\\\Metadata\\\\updatedeploy.dll","creationUtcTime":"2026-05-05 22:02:50.000","user":"NT AUTHORITY\\\\SYSTEM"}}},"location":"EventChannel"}
{"timestamp":"2026-07-12T11:47:40.519+0000","rule":{"level":6,"description":"Possible DLL search order hijack by C:\\\\Windows\\\\SoftwareDistribution\\\\Download\\\\d08ae7531bd6f46bf7ad7f562d80d8f2\\\\Metadata\\\\AppxDeviceInventory.dll created in Windows root folder","id":"92219","mitre":{"id":["T1574.001","T1574.002"],"tactic":["Persistence","Privilege Escalation","Defense Evasion"],"technique":["DLL Search Order Hijacking","DLL Side-Loading"]},"firedtimes":85,"mail":false,"groups":["sysmon","sysmon_eid11_detections","windows"]},"agent":{"id":"002","name":"WIN-CL1","ip":"192.168.20.104"},"manager":{"name":"wazuh.manager"},"id":"1783856860.5046521","decoder":{"name":"windows_eventchannel"},"data":{"win":{"system":{"providerName":"Microsoft-Windows-Sysmon","providerGuid":"{5770385f-c22a-43e0-bf4c-06f5698ffbd9}","eventID":"11","version":"2","level":"4","task":"11","opcode":"0","keywords":"0x8000000000000000","systemTime":"2026-07-12T11:47:40.6633062Z","eventRecordID":"55947","processID":"3320","threadID":"3972","channel":"Microsoft-Windows-Sysmon/Operational","computer":"WIN-CL1.lab.local","severityValue":"INFORMATION","message":"\"File created:\r\nRuleName: DLL\r\nUtcTime: 2026-07-12 11:47:40.661\r\nProcessGuid: {b7327453-7575-6a53-7700-000000002200}\r\nProcessId: 4852\r\nImage: C:\\WINDOWS\\system32\\svchost.exe\r\nTargetFilename: C:\\Windows\\SoftwareDistribution\\Download\\d08ae7531bd6f46bf7ad7f562d80d8f2\\Metadata\\AppxDeviceInventory.dll\r\nCreationUtcTime: 2026-05-05 22:27:26.000\r\nUser: NT AUTHORITY\\SYSTEM\""},"eventdata":{"ruleName":"DLL","utcTime":"2026-07-12 11:47:40.661","processGuid":"{b7327453-7575-6a53-7700-000000002200}","processId":"4852","image":"C:\\\\WINDOWS\\\\system32\\\\svchost.exe","targetFilename":"C:\\\\Windows\\\\SoftwareDistribution\\\\Download\\\\d08ae7531bd6f46bf7ad7f562d80d8f2\\\\Metadata\\\\AppxDeviceInventory.dll","creationUtcTime":"2026-05-05 22:27:26.000","user":"NT AUTHORITY\\\\SYSTEM"}}},"location":"EventChannel"}
{"timestamp":"2026-07-12T11:47:40.522+0000","rule":{"level":6,"description":"Possible DLL search order hijack by C:\\\\Windows\\\\SoftwareDistribution\\\\Download\\\\d08ae7531bd6f46bf7ad7f562d80d8f2\\\\Metadata\\\\MsixPackageProvisioner.dll created in Windows root folder","id":"92219","mitre":{"id":["T1574.001","T1574.002"],"tactic":["Persistence","Privilege Escalation","Defense Evasion"],"technique":["DLL Search Order Hijacking","DLL Side-Loading"]},"firedtimes":86,"mail":false,"groups":["sysmon","sysmon_eid11_detections","windows"]},"agent":{"id":"002","name":"WIN-CL1","ip":"192.168.20.104"},"manager":{"name":"wazuh.manager"},"id":"1783856860.5049486","decoder":{"name":"windows_eventchannel"},"data":{"win":{"system":{"providerName":"Microsoft-Windows-Sysmon","providerGuid":"{5770385f-c22a-43e0-bf4c-06f5698ffbd9}","eventID":"11","version":"2","level":"4","task":"11","opcode":"0","keywords":"0x8000000000000000","systemTime":"2026-07-12T11:47:40.6727395Z","eventRecordID":"55948","processID":"3320","threadID":"3972","channel":"Microsoft-Windows-Sysmon/Operational","computer":"WIN-CL1.lab.local","severityValue":"INFORMATION","message":"\"File created:\r\nRuleName: DLL\r\nUtcTime: 2026-07-12 11:47:40.672\r\nProcessGuid: {b7327453-7575-6a53-7700-000000002200}\r\nProcessId: 4852\r\nImage: C:\\WINDOWS\\system32\\svchost.exe\r\nTargetFilename: C:\\Windows\\SoftwareDistribution\\Download\\d08ae7531bd6f46bf7ad7f562d80d8f2\\Metadata\\MsixPackageProvisioner.dll\r\nCreationUtcTime: 2026-05-05 22:35:30.000\r\nUser: NT AUTHORITY\\SYSTEM\""},"eventdata":{"ruleName":"DLL","utcTime":"2026-07-12 11:47:40.672","processGuid":"{b7327453-7575-6a53-7700-000000002200}","processId":"4852","image":"C:\\\\WINDOWS\\\\system32\\\\svchost.exe","targetFilename":"C:\\\\Windows\\\\SoftwareDistribution\\\\Download\\\\d08ae7531bd6f46bf7ad7f562d80d8f2\\\\Metadata\\\\MsixPackageProvisioner.dll","creationUtcTime":"2026-05-05 22:35:30.000","user":"NT AUTHORITY\\\\SYSTEM"}}},"location":"EventChannel"}
{"timestamp":"2026-07-12T11:47:40.524+0000","rule":{"level":6,"description":"Possible DLL search order hijack by C:\\\\Windows\\\\SoftwareDistribution\\\\Download\\\\d08ae7531bd6f46bf7ad7f562d80d8f2\\\\Metadata\\\\featurestaging.dll created in Windows root folder","id":"92219","mitre":{"id":["T1574.001","T1574.002"],"tactic":["Persistence","Privilege Escalation","Defense Evasion"],"technique":["DLL Search Order Hijacking","DLL Side-Loading"]},"firedtimes":87,"mail":false,"groups":["sysmon","sysmon_eid11_detections","windows"]},"agent":{"id":"002","name":"WIN-CL1","ip":"192.168.20.104"},"manager":{"name":"wazuh.manager"},"id":"1783856860.5052466","decoder":{"name":"windows_eventchannel"},"data":{"win":{"system":{"providerName":"Microsoft-Windows-Sysmon","providerGuid":"{5770385f-c22a-43e0-bf4c-06f5698ffbd9}","eventID":"11","version":"2","level":"4","task":"11","opcode":"0","keywords":"0x8000000000000000","systemTime":"2026-07-12T11:47:40.6792590Z","eventRecordID":"55949","processID":"3320","threadID":"3972","channel":"Microsoft-Windows-Sysmon/Operational","computer":"WIN-CL1.lab.local","severityValue":"INFORMATION","message":"\"File created:\r\nRuleName: DLL\r\nUtcTime: 2026-07-12 11:47:40.678\r\nProcessGuid: {b7327453-7575-6a53-7700-000000002200}\r\nProcessId: 4852\r\nImage: C:\\WINDOWS\\system32\\svchost.exe\r\nTargetFilename: C:\\Windows\\SoftwareDistribution\\Download\\d08ae7531bd6f46bf7ad7f562d80d8f2\\Metadata\\featurestaging.dll\r\nCreationUtcTime: 2026-05-05 22:35:30.000\r\nUser: NT AUTHORITY\\SYSTEM\""},"eventdata":{"ruleName":"DLL","utcTime":"2026-07-12 11:47:40.678","processGuid":"{b7327453-7575-6a53-7700-000000002200}","processId":"4852","image":"C:\\\\WINDOWS\\\\system32\\\\svchost.exe","targetFilename":"C:\\\\Windows\\\\SoftwareDistribution\\\\Download\\\\d08ae7531bd6f46bf7ad7f562d80d8f2\\\\Metadata\\\\featurestaging.dll","creationUtcTime":"2026-05-05 22:35:30.000","user":"NT AUTHORITY\\\\SYSTEM"}}},"location":"EventChannel"}
{"timestamp":"2026-07-12T11:47:40.526+0000","rule":{"level":6,"description":"Possible DLL search order hijack by C:\\\\Windows\\\\SoftwareDistribution\\\\Download\\\\d08ae7531bd6f46bf7ad7f562d80d8f2\\\\Metadata\\\\turbocontainer.dll created in Windows root folder","id":"92219","mitre":{"id":["T1574.001","T1574.002"],"tactic":["Persistence","Privilege Escalation","Defense Evasion"],"technique":["DLL Search Order Hijacking","DLL Side-Loading"]},"firedtimes":88,"mail":false,"groups":["sysmon","sysmon_eid11_detections","windows"]},"agent":{"id":"002","name":"WIN-CL1","ip":"192.168.20.104"},"manager":{"name":"wazuh.manager"},"id":"1783856860.5055406","decoder":{"name":"windows_eventchannel"},"data":{"win":{"system":{"providerName":"Microsoft-Windows-Sysmon","providerGuid":"{5770385f-c22a-43e0-bf4c-06f5698ffbd9}","eventID":"11","version":"2","level":"4","task":"11","opcode":"0","keywords":"0x8000000000000000","systemTime":"2026-07-12T11:47:40.6818904Z","eventRecordID":"55950","processID":"3320","threadID":"3972","channel":"Microsoft-Windows-Sysmon/Operational","computer":"WIN-CL1.lab.local","severityValue":"INFORMATION","message":"\"File created:\r\nRuleName: DLL\r\nUtcTime: 2026-07-12 11:47:40.681\r\nProcessGuid: {b7327453-7575-6a53-7700-000000002200}\r\nProcessId: 4852\r\nImage: C:\\WINDOWS\\system32\\svchost.exe\r\nTargetFilename: C:\\Windows\\SoftwareDistribution\\Download\\d08ae7531bd6f46bf7ad7f562d80d8f2\\Metadata\\turbocontainer.dll\r\nCreationUtcTime: 2026-05-05 22:00:20.000\r\nUser: NT AUTHORITY\\SYSTEM\""},"eventdata":{"ruleName":"DLL","utcTime":"2026-07-12 11:47:40.681","processGuid":"{b7327453-7575-6a53-7700-000000002200}","processId":"4852","image":"C:\\\\WINDOWS\\\\system32\\\\svchost.exe","targetFilename":"C:\\\\Windows\\\\SoftwareDistribution\\\\Download\\\\d08ae7531bd6f46bf7ad7f562d80d8f2\\\\Metadata\\\\turbocontainer.dll","creationUtcTime":"2026-05-05 22:00:20.000","user":"NT AUTHORITY\\\\SYSTEM"}}},"location":"EventChannel"}
{"timestamp":"2026-07-12T11:47:40.657+0000","rule":{"level":3,"description":"Windows logon success.","id":"60106","mitre":{"id":["T1078"],"tactic":["Defense Evasion","Persistence","Privilege Escalation","Initial Access"],"technique":["Valid Accounts"]},"firedtimes":243,"mail":false,"groups":["windows","windows_security","authentication_success"],"gdpr":["IV_32.2"],"gpg13":["7.1","7.2"],"hipaa":["164.312.b"],"nist_800_53":["AC.7","AU.14"],"pci_dss":["10.2.5"],"tsc":["CC6.8","CC7.2","CC7.3"]},"agent":{"id":"002","name":"WIN-CL1","ip":"192.168.20.104"},"manager":{"name":"wazuh.manager"},"id":"1783856860.5058346","decoder":{"name":"windows_eventchannel"},"data":{"win":{"system":{"providerName":"Microsoft-Windows-Security-Auditing","providerGuid":"{54849625-5478-4994-a5ba-3e3b0328c30d}","eventID":"4624","version":"3","level":"0","task":"12544","opcode":"0","keywords":"0x8020000000000000","systemTime":"2026-07-12T11:47:40.7748968Z","eventRecordID":"31529","processID":"820","threadID":"3752","channel":"Security","computer":"WIN-CL1.lab.local","severityValue":"AUDIT_SUCCESS","message":"\"An account was successfully logged on.\r\n\r\nSubject:\r\n\tSecurity ID:\t\tS-1-5-18\r\n\tAccount Name:\t\tWIN-CL1$\r\n\tAccount Domain:\t\tLAB\r\n\tLogon ID:\t\t0x3E7\r\n\r\nLogon Information:\r\n\tLogon Type:\t\t5\r\n\tRestricted Admin Mode:\t-\r\n\tRemote Credential Guard:\t-\r\n\tVirtual Account:\t\tNo\r\n\tElevated Token:\t\tYes\r\n\r\nImpersonation Level:\t\tImpersonation\r\n\r\nNew Logon:\r\n\tSecurity ID:\t\tS-1-5-18\r\n\tAccount Name:\t\tSYSTEM\r\n\tAccount Domain:\t\tNT AUTHORITY\r\n\tLogon ID:\t\t0x3E7\r\n\tLinked Logon ID:\t\t0x0\r\n\tNetwork Account Name:\t-\r\n\tNetwork Account Domain:\t-\r\n\tLogon GUID:\t\t{00000000-0000-0000-0000-000000000000}\r\n\r\nProcess Information:\r\n\tProcess ID:\t\t0x324\r\n\tProcess Name:\t\tC:\\Windows\\System32\\services.exe\r\n\r\nNetwork Information:\r\n\tWorkstation Name:\t-\r\n\tSource Network Address:\t-\r\n\tSource Port:\t\t-\r\n\r\nDetailed Authentication Information:\r\n\tLogon Process:\t\tAdvapi  \r\n\tAuthentication Package:\tNegotiate\r\n\tTransited Services:\t-\r\n\tPackage Name (NTLM only):\t-\r\n\tKey Length:\t\t0\r\n\r\nThis event is generated when a logon session is created. It is generated on the computer that was accessed.\r\n\r\nThe subject fields indicate the account on the local system which requested the logon. This is most commonly a service such as the Server service, or a local process such as Winlogon.exe or Services.exe.\r\n\r\nThe logon type field indicates the kind of logon that occurred. The most common types are 2 (interactive) and 3 (network).\r\n\r\nThe New Logon fields indicate the account for whom the new logon was created, i.e. the account that was logged on.\r\n\r\nThe network fields indicate where a remote logon request originated. Workstation name is not always available and may be left blank in some cases.\r\n\r\nThe impersonation level field indicates the extent to which a process in the logon session can impersonate.\r\n\r\nThe authentication information fields provide detailed information about this specific logon request.\r\n\t- Logon GUID is a unique identifier that can be used to correlate this event with a KDC event.\r\n\t- Transited services indicate which intermediate services have participated in this logon request.\r\n\t- Package name indicates which sub-protocol was used among the NTLM protocols.\r\n\t- Key length indicates the length of the generated session key. This will be 0 if no session key was requested.\""},"eventdata":{"subjectUserSid":"S-1-5-18","subjectUserName":"WIN-CL1$","subjectDomainName":"LAB","subjectLogonId":"0x3e7","targetUserSid":"S-1-5-18","targetUserName":"SYSTEM","targetDomainName":"NT AUTHORITY","targetLogonId":"0x3e7","logonType":"5","logonProcessName":"Advapi","authenticationPackageName":"Negotiate","logonGuid":"{00000000-0000-0000-0000-000000000000}","keyLength":"0","processId":"0x324","processName":"C:\\\\Windows\\\\System32\\\\services.exe","impersonationLevel":"%%1833","virtualAccount":"%%1843","targetLinkedLogonId":"0x0","elevatedToken":"%%1842"}}},"location":"EventChannel"}
{"timestamp":"2026-07-12T11:47:59.028+0000","rule":{"level":4,"description":"Powershell process spawned Windows command shell instance","id":"92004","mitre":{"id":["T1059.003"],"tactic":["Execution"],"technique":["Windows Command Shell"]},"firedtimes":2,"mail":false,"groups":["sysmon","sysmon_eid1_detections","windows"]},"agent":{"id":"002","name":"WIN-CL1","ip":"192.168.20.104"},"manager":{"name":"wazuh.manager"},"id":"1783856879.5158883","decoder":{"name":"windows_eventchannel"},"data":{"win":{"system":{"providerName":"Microsoft-Windows-Sysmon","providerGuid":"{5770385f-c22a-43e0-bf4c-06f5698ffbd9}","eventID":"1","version":"5","level":"4","task":"1","opcode":"0","keywords":"0x8000000000000000","systemTime":"2026-07-12T11:47:59.1896159Z","eventRecordID":"55955","processID":"3320","threadID":"3972","channel":"Microsoft-Windows-Sysmon/Operational","computer":"WIN-CL1.lab.local","severityValue":"INFORMATION","message":"\"Process Create:\r\nRuleName: -\r\nUtcTime: 2026-07-12 11:47:59.187\r\nProcessGuid: {b7327453-7eef-6a53-d202-000000002200}\r\nProcessId: 5248\r\nImage: C:\\Windows\\System32\\cmd.exe\r\nFileVersion: 10.0.26100.7019 (WinBuild.160101.0800)\r\nDescription: Windows Command Processor\r\nProduct: Microsoft® Windows® Operating System\r\nCompany: Microsoft Corporation\r\nOriginalFileName: Cmd.Exe\r\nCommandLine: \"C:\\WINDOWS\\system32\\cmd.exe\" /c echo hi & exit \r\nCurrentDirectory: C:\\atomic\\\r\nUser: WIN-CL1\\coe55\r\nLogonGuid: {b7327453-7891-6a53-b6d8-640000000000}\r\nLogonId: 0x64D8B6\r\nTerminalSessionId: 1\r\nIntegrityLevel: High\r\nHashes: MD5=C8B5D63042BC4BBB7F5C0F9E15B61F16,SHA256=9695CF4566DDF878A69C3D419E0DA4EEA87B0F24261AD8E79A3A9C4A9885429C,IMPHASH=B0F049C014592B156EB1FA857E99CEB9\r\nParentProcessGuid: {b7327453-798c-6a53-e201-000000002200}\r\nParentProcessId: 8492\r\nParentImage: C:\\Windows\\System32\\WindowsPowerShell\\v1.0\\powershell.exe\r\nParentCommandLine: \"C:\\Windows\\System32\\WindowsPowerShell\\v1.0\\powershell.exe\" \r\nParentUser: WIN-CL1\\coe55\""},"eventdata":{"utcTime":"2026-07-12 11:47:59.187","processGuid":"{b7327453-7eef-6a53-d202-000000002200}","processId":"5248","image":"C:\\\\Windows\\\\System32\\\\cmd.exe","fileVersion":"10.0.26100.7019 (WinBuild.160101.0800)","description":"Windows Command Processor","product":"Microsoft® Windows® Operating System","company":"Microsoft Corporation","originalFileName":"Cmd.Exe","commandLine":"\\\"C:\\\\WINDOWS\\\\system32\\\\cmd.exe\\\" /c echo hi &amp; exit","currentDirectory":"C:\\\\atomic\\\\","user":"WIN-CL1\\\\coe55","logonGuid":"{b7327453-7891-6a53-b6d8-640000000000}","logonId":"0x64d8b6","terminalSessionId":"1","integrityLevel":"High","hashes":"MD5=C8B5D63042BC4BBB7F5C0F9E15B61F16,SHA256=9695CF4566DDF878A69C3D419E0DA4EEA87B0F24261AD8E79A3A9C4A9885429C,IMPHASH=B0F049C014592B156EB1FA857E99CEB9","parentProcessGuid":"{b7327453-798c-6a53-e201-000000002200}","parentProcessId":"8492","parentImage":"C:\\\\Windows\\\\System32\\\\WindowsPowerShell\\\\v1.0\\\\powershell.exe","parentCommandLine":"\\\"C:\\\\Windows\\\\System32\\\\WindowsPowerShell\\\\v1.0\\\\powershell.exe\\\"","parentUser":"WIN-CL1\\\\coe55"}}},"location":"EventChannel"}
{"timestamp":"2026-07-12T11:48:50.588+0000","rule":{"level":4,"description":"Powershell process spawned Windows command shell instance","id":"92004","mitre":{"id":["T1059.003"],"tactic":["Execution"],"technique":["Windows Command Shell"]},"firedtimes":3,"mail":false,"groups":["sysmon","sysmon_eid1_detections","windows"]},"agent":{"id":"002","name":"WIN-CL1","ip":"192.168.20.104"},"manager":{"name":"wazuh.manager"},"id":"1783856930.5208652","decoder":{"name":"windows_eventchannel"},"data":{"win":{"system":{"providerName":"Microsoft-Windows-Sysmon","providerGuid":"{5770385f-c22a-43e0-bf4c-06f5698ffbd9}","eventID":"1","version":"5","level":"4","task":"1","opcode":"0","keywords":"0x8000000000000000","systemTime":"2026-07-12T11:48:50.7844372Z","eventRecordID":"55957","processID":"3320","threadID":"3972","channel":"Microsoft-Windows-Sysmon/Operational","computer":"WIN-CL1.lab.local","severityValue":"INFORMATION","message":"\"Process Create:\r\nRuleName: -\r\nUtcTime: 2026-07-12 11:48:50.781\r\nProcessGuid: {b7327453-7f22-6a53-d502-000000002200}\r\nProcessId: 4348\r\nImage: C:\\Windows\\System32\\cmd.exe\r\nFileVersion: 10.0.26100.7019 (WinBuild.160101.0800)\r\nDescription: Windows Command Processor\r\nProduct: Microsoft® Windows® Operating System\r\nCompany: Microsoft Corporation\r\nOriginalFileName: Cmd.Exe\r\nCommandLine: \"C:\\WINDOWS\\system32\\cmd.exe\" /c echo hi & exit \r\nCurrentDirectory: C:\\atomic\\\r\nUser: WIN-CL1\\coe55\r\nLogonGuid: {b7327453-7891-6a53-b6d8-640000000000}\r\nLogonId: 0x64D8B6\r\nTerminalSessionId: 1\r\nIntegrityLevel: High\r\nHashes: MD5=C8B5D63042BC4BBB7F5C0F9E15B61F16,SHA256=9695CF4566DDF878A69C3D419E0DA4EEA87B0F24261AD8E79A3A9C4A9885429C,IMPHASH=B0F049C014592B156EB1FA857E99CEB9\r\nParentProcessGuid: {b7327453-798c-6a53-e201-000000002200}\r\nParentProcessId: 8492\r\nParentImage: C:\\Windows\\System32\\WindowsPowerShell\\v1.0\\powershell.exe\r\nParentCommandLine: \"C:\\Windows\\System32\\WindowsPowerShell\\v1.0\\powershell.exe\" \r\nParentUser: WIN-CL1\\coe55\""},"eventdata":{"utcTime":"2026-07-12 11:48:50.781","processGuid":"{b7327453-7f22-6a53-d502-000000002200}","processId":"4348","image":"C:\\\\Windows\\\\System32\\\\cmd.exe","fileVersion":"10.0.26100.7019 (WinBuild.160101.0800)","description":"Windows Command Processor","product":"Microsoft® Windows® Operating System","company":"Microsoft Corporation","originalFileName":"Cmd.Exe","commandLine":"\\\"C:\\\\WINDOWS\\\\system32\\\\cmd.exe\\\" /c echo hi &amp; exit","currentDirectory":"C:\\\\atomic\\\\","user":"WIN-CL1\\\\coe55","logonGuid":"{b7327453-7891-6a53-b6d8-640000000000}","logonId":"0x64d8b6","terminalSessionId":"1","integrityLevel":"High","hashes":"MD5=C8B5D63042BC4BBB7F5C0F9E15B61F16,SHA256=9695CF4566DDF878A69C3D419E0DA4EEA87B0F24261AD8E79A3A9C4A9885429C,IMPHASH=B0F049C014592B156EB1FA857E99CEB9","parentProcessGuid":"{b7327453-798c-6a53-e201-000000002200}","parentProcessId":"8492","parentImage":"C:\\\\Windows\\\\System32\\\\WindowsPowerShell\\\\v1.0\\\\powershell.exe","parentCommandLine":"\\\"C:\\\\Windows\\\\System32\\\\WindowsPowerShell\\\\v1.0\\\\powershell.exe\\\"","parentUser":"WIN-CL1\\\\coe55"}}},"location":"EventChannel"}
{"timestamp":"2026-07-12T11:49:18.232+0000","rule":{"level":4,"description":"Powershell process spawned Windows command shell instance","id":"92004","mitre":{"id":["T1059.003"],"tactic":["Execution"],"technique":["Windows Command Shell"]},"firedtimes":4,"mail":false,"groups":["sysmon","sysmon_eid1_detections","windows"]},"agent":{"id":"002","name":"WIN-CL1","ip":"192.168.20.104"},"manager":{"name":"wazuh.manager"},"id":"1783856958.5301456","decoder":{"name":"windows_eventchannel"},"data":{"win":{"system":{"providerName":"Microsoft-Windows-Sysmon","providerGuid":"{5770385f-c22a-43e0-bf4c-06f5698ffbd9}","eventID":"1","version":"5","level":"4","task":"1","opcode":"0","keywords":"0x8000000000000000","systemTime":"2026-07-12T11:49:18.4392952Z","eventRecordID":"55959","processID":"3320","threadID":"3972","channel":"Microsoft-Windows-Sysmon/Operational","computer":"WIN-CL1.lab.local","severityValue":"INFORMATION","message":"\"Process Create:\r\nRuleName: -\r\nUtcTime: 2026-07-12 11:49:18.436\r\nProcessGuid: {b7327453-7f3e-6a53-d802-000000002200}\r\nProcessId: 7816\r\nImage: C:\\Windows\\System32\\cmd.exe\r\nFileVersion: 10.0.26100.7019 (WinBuild.160101.0800)\r\nDescription: Windows Command Processor\r\nProduct: Microsoft® Windows® Operating System\r\nCompany: Microsoft Corporation\r\nOriginalFileName: Cmd.Exe\r\nCommandLine: \"C:\\WINDOWS\\system32\\cmd.exe\" /c echo hi & exit \r\nCurrentDirectory: C:\\atomic\\\r\nUser: WIN-CL1\\coe55\r\nLogonGuid: {b7327453-7891-6a53-b6d8-640000000000}\r\nLogonId: 0x64D8B6\r\nTerminalSessionId: 1\r\nIntegrityLevel: High\r\nHashes: MD5=C8B5D63042BC4BBB7F5C0F9E15B61F16,SHA256=9695CF4566DDF878A69C3D419E0DA4EEA87B0F24261AD8E79A3A9C4A9885429C,IMPHASH=B0F049C014592B156EB1FA857E99CEB9\r\nParentProcessGuid: {b7327453-798c-6a53-e201-000000002200}\r\nParentProcessId: 8492\r\nParentImage: C:\\Windows\\System32\\WindowsPowerShell\\v1.0\\powershell.exe\r\nParentCommandLine: \"C:\\Windows\\System32\\WindowsPowerShell\\v1.0\\powershell.exe\" \r\nParentUser: WIN-CL1\\coe55\""},"eventdata":{"utcTime":"2026-07-12 11:49:18.436","processGuid":"{b7327453-7f3e-6a53-d802-000000002200}","processId":"7816","image":"C:\\\\Windows\\\\System32\\\\cmd.exe","fileVersion":"10.0.26100.7019 (WinBuild.160101.0800)","description":"Windows Command Processor","product":"Microsoft® Windows® Operating System","company":"Microsoft Corporation","originalFileName":"Cmd.Exe","commandLine":"\\\"C:\\\\WINDOWS\\\\system32\\\\cmd.exe\\\" /c echo hi &amp; exit","currentDirectory":"C:\\\\atomic\\\\","user":"WIN-CL1\\\\coe55","logonGuid":"{b7327453-7891-6a53-b6d8-640000000000}","logonId":"0x64d8b6","terminalSessionId":"1","integrityLevel":"High","hashes":"MD5=C8B5D63042BC4BBB7F5C0F9E15B61F16,SHA256=9695CF4566DDF878A69C3D419E0DA4EEA87B0F24261AD8E79A3A9C4A9885429C,IMPHASH=B0F049C014592B156EB1FA857E99CEB9","parentProcessGuid":"{b7327453-798c-6a53-e201-000000002200}","parentProcessId":"8492","parentImage":"C:\\\\Windows\\\\System32\\\\WindowsPowerShell\\\\v1.0\\\\powershell.exe","parentCommandLine":"\\\"C:\\\\Windows\\\\System32\\\\WindowsPowerShell\\\\v1.0\\\\powershell.exe\\\"","parentUser":"WIN-CL1\\\\coe55"}}},"location":"EventChannel"}
{"timestamp":"2026-07-12T11:50:01.281+0000","rule":{"level":4,"description":"Powershell process spawned Windows command shell instance","id":"92004","mitre":{"id":["T1059.003"],"tactic":["Execution"],"technique":["Windows Command Shell"]},"firedtimes":5,"mail":false,"groups":["sysmon","sysmon_eid1_detections","windows"]},"agent":{"id":"002","name":"WIN-CL1","ip":"192.168.20.104"},"manager":{"name":"wazuh.manager"},"id":"1783857001.5324430","decoder":{"name":"windows_eventchannel"},"data":{"win":{"system":{"providerName":"Microsoft-Windows-Sysmon","providerGuid":"{5770385f-c22a-43e0-bf4c-06f5698ffbd9}","eventID":"1","version":"5","level":"4","task":"1","opcode":"0","keywords":"0x8000000000000000","systemTime":"2026-07-12T11:50:01.4009639Z","eventRecordID":"55961","processID":"3320","threadID":"3972","channel":"Microsoft-Windows-Sysmon/Operational","computer":"WIN-CL1.lab.local","severityValue":"INFORMATION","message":"\"Process Create:\r\nRuleName: -\r\nUtcTime: 2026-07-12 11:50:01.398\r\nProcessGuid: {b7327453-7f69-6a53-db02-000000002200}\r\nProcessId: 2788\r\nImage: C:\\Windows\\System32\\cmd.exe\r\nFileVersion: 10.0.26100.7019 (WinBuild.160101.0800)\r\nDescription: Windows Command Processor\r\nProduct: Microsoft® Windows® Operating System\r\nCompany: Microsoft Corporation\r\nOriginalFileName: Cmd.Exe\r\nCommandLine: \"C:\\WINDOWS\\system32\\cmd.exe\" /c echo hi & exit \r\nCurrentDirectory: C:\\atomic\\\r\nUser: WIN-CL1\\coe55\r\nLogonGuid: {b7327453-7891-6a53-b6d8-640000000000}\r\nLogonId: 0x64D8B6\r\nTerminalSessionId: 1\r\nIntegrityLevel: High\r\nHashes: MD5=C8B5D63042BC4BBB7F5C0F9E15B61F16,SHA256=9695CF4566DDF878A69C3D419E0DA4EEA87B0F24261AD8E79A3A9C4A9885429C,IMPHASH=B0F049C014592B156EB1FA857E99CEB9\r\nParentProcessGuid: {b7327453-798c-6a53-e201-000000002200}\r\nParentProcessId: 8492\r\nParentImage: C:\\Windows\\System32\\WindowsPowerShell\\v1.0\\powershell.exe\r\nParentCommandLine: \"C:\\Windows\\System32\\WindowsPowerShell\\v1.0\\powershell.exe\" \r\nParentUser: WIN-CL1\\coe55\""},"eventdata":{"utcTime":"2026-07-12 11:50:01.398","processGuid":"{b7327453-7f69-6a53-db02-000000002200}","processId":"2788","image":"C:\\\\Windows\\\\System32\\\\cmd.exe","fileVersion":"10.0.26100.7019 (WinBuild.160101.0800)","description":"Windows Command Processor","product":"Microsoft® Windows® Operating System","company":"Microsoft Corporation","originalFileName":"Cmd.Exe","commandLine":"\\\"C:\\\\WINDOWS\\\\system32\\\\cmd.exe\\\" /c echo hi &amp; exit","currentDirectory":"C:\\\\atomic\\\\","user":"WIN-CL1\\\\coe55","logonGuid":"{b7327453-7891-6a53-b6d8-640000000000}","logonId":"0x64d8b6","terminalSessionId":"1","integrityLevel":"High","hashes":"MD5=C8B5D63042BC4BBB7F5C0F9E15B61F16,SHA256=9695CF4566DDF878A69C3D419E0DA4EEA87B0F24261AD8E79A3A9C4A9885429C,IMPHASH=B0F049C014592B156EB1FA857E99CEB9","parentProcessGuid":"{b7327453-798c-6a53-e201-000000002200}","parentProcessId":"8492","parentImage":"C:\\\\Windows\\\\System32\\\\WindowsPowerShell\\\\v1.0\\\\powershell.exe","parentCommandLine":"\\\"C:\\\\Windows\\\\System32\\\\WindowsPowerShell\\\\v1.0\\\\powershell.exe\\\"","parentUser":"WIN-CL1\\\\coe55"}}},"location":"EventChannel"}
