{"timestamp":"2026-07-08T22:05:12.260+0000","rule":{"level":3,"description":"Windows logon success.","id":"60106","mitre":{"id":["T1078"],"tactic":["Defense Evasion","Persistence","Privilege Escalation","Initial Access"],"technique":["Valid Accounts"]},"firedtimes":5,"mail":false,"groups":["windows","windows_security","authentication_success"],"gdpr":["IV_32.2"],"gpg13":["7.1","7.2"],"hipaa":["164.312.b"],"nist_800_53":["AC.7","AU.14"],"pci_dss":["10.2.5"],"tsc":["CC6.8","CC7.2","CC7.3"]},"agent":{"id":"002","name":"WIN-CL1","ip":"192.168.20.104"},"manager":{"name":"wazuh.manager"},"id":"1783548312.80947855","decoder":{"name":"windows_eventchannel"},"data":{"win":{"system":{"providerName":"Microsoft-Windows-Security-Auditing","providerGuid":"{54849625-5478-4994-a5ba-3e3b0328c30d}","eventID":"4624","version":"3","level":"0","task":"12544","opcode":"0","keywords":"0x8020000000000000","systemTime":"2026-07-08T22:04:30.7712140Z","eventRecordID":"31122","processID":"812","threadID":"8564","channel":"Security","computer":"WIN-CL1.lab.local","severityValue":"AUDIT_SUCCESS","message":"\"An account was successfully logged on.\r\n\r\nSubject:\r\n\tSecurity ID:\t\tS-1-5-18\r\n\tAccount Name:\t\tWIN-CL1$\r\n\tAccount Domain:\t\tLAB\r\n\tLogon ID:\t\t0x3E7\r\n\r\nLogon Information:\r\n\tLogon Type:\t\t5\r\n\tRestricted Admin Mode:\t-\r\n\tRemote Credential Guard:\t-\r\n\tVirtual Account:\t\tNo\r\n\tElevated Token:\t\tYes\r\n\r\nImpersonation Level:\t\tImpersonation\r\n\r\nNew Logon:\r\n\tSecurity ID:\t\tS-1-5-18\r\n\tAccount Name:\t\tSYSTEM\r\n\tAccount Domain:\t\tNT AUTHORITY\r\n\tLogon ID:\t\t0x3E7\r\n\tLinked Logon ID:\t\t0x0\r\n\tNetwork Account Name:\t-\r\n\tNetwork Account Domain:\t-\r\n\tLogon GUID:\t\t{00000000-0000-0000-0000-000000000000}\r\n\r\nProcess Information:\r\n\tProcess ID:\t\t0x31c\r\n\tProcess Name:\t\tC:\\Windows\\System32\\services.exe\r\n\r\nNetwork Information:\r\n\tWorkstation Name:\t-\r\n\tSource Network Address:\t-\r\n\tSource Port:\t\t-\r\n\r\nDetailed Authentication Information:\r\n\tLogon Process:\t\tAdvapi  \r\n\tAuthentication Package:\tNegotiate\r\n\tTransited Services:\t-\r\n\tPackage Name (NTLM only):\t-\r\n\tKey Length:\t\t0\r\n\r\nThis event is generated when a logon session is created. It is generated on the computer that was accessed.\r\n\r\nThe subject fields indicate the account on the local system which requested the logon. This is most commonly a service such as the Server service, or a local process such as Winlogon.exe or Services.exe.\r\n\r\nThe logon type field indicates the kind of logon that occurred. The most common types are 2 (interactive) and 3 (network).\r\n\r\nThe New Logon fields indicate the account for whom the new logon was created, i.e. the account that was logged on.\r\n\r\nThe network fields indicate where a remote logon request originated. Workstation name is not always available and may be left blank in some cases.\r\n\r\nThe impersonation level field indicates the extent to which a process in the logon session can impersonate.\r\n\r\nThe authentication information fields provide detailed information about this specific logon request.\r\n\t- Logon GUID is a unique identifier that can be used to correlate this event with a KDC event.\r\n\t- Transited services indicate which intermediate services have participated in this logon request.\r\n\t- Package name indicates which sub-protocol was used among the NTLM protocols.\r\n\t- Key length indicates the length of the generated session key. This will be 0 if no session key was requested.\""},"eventdata":{"subjectUserSid":"S-1-5-18","subjectUserName":"WIN-CL1$","subjectDomainName":"LAB","subjectLogonId":"0x3e7","targetUserSid":"S-1-5-18","targetUserName":"SYSTEM","targetDomainName":"NT AUTHORITY","targetLogonId":"0x3e7","logonType":"5","logonProcessName":"Advapi","authenticationPackageName":"Negotiate","logonGuid":"{00000000-0000-0000-0000-000000000000}","keyLength":"0","processId":"0x31c","processName":"C:\\\\Windows\\\\System32\\\\services.exe","impersonationLevel":"%%1833","virtualAccount":"%%1843","targetLinkedLogonId":"0x0","elevatedToken":"%%1842"}}},"location":"EventChannel"}
{"timestamp":"2026-07-08T22:05:12.260+0000","rule":{"level":3,"description":"Service startup type was changed","id":"61104","info":"This does not appear to be logged on Windows 2000","firedtimes":2,"mail":false,"groups":["windows","windows_system","policy_changed"],"pci_dss":["10.6"],"gdpr":["IV_35.7.d"],"hipaa":["164.312.b"],"nist_800_53":["AU.6"],"tsc":["CC6.1","CC6.8","CC7.2","CC7.3"]},"agent":{"id":"002","name":"WIN-CL1","ip":"192.168.20.104"},"manager":{"name":"wazuh.manager"},"id":"1783548312.80955182","decoder":{"name":"windows_eventchannel"},"data":{"win":{"system":{"providerName":"Service Control Manager","providerGuid":"{555908d1-a6d7-4695-8e1e-26931d2012f4}","eventSourceName":"Service Control Manager","eventID":"7040","version":"0","level":"4","task":"0","opcode":"0","keywords":"0x8080000000000000","systemTime":"2026-07-08T22:04:30.8333646Z","eventRecordID":"5335","processID":"796","threadID":"9152","channel":"System","computer":"WIN-CL1.lab.local","severityValue":"INFORMATION","message":"\"The start type of the Background Intelligent Transfer Service service was changed from demand start to auto start.\""},"eventdata":{"param1":"Background Intelligent Transfer Service","param2":"demand start","param3":"auto start","param4":"BITS"}}},"location":"EventChannel"}
{"timestamp":"2026-07-08T22:07:43.941+0000","rule":{"level":15,"description":"Executable file dropped in folder commonly used by malware","id":"92213","mitre":{"id":["T1105"],"tactic":["Command and Control"],"technique":["Ingress Tool Transfer"]},"firedtimes":2,"mail":true,"groups":["sysmon","sysmon_eid11_detections","windows"]},"agent":{"id":"002","name":"WIN-CL1","ip":"192.168.20.104"},"manager":{"name":"wazuh.manager"},"id":"1783548463.80971198","decoder":{"name":"windows_eventchannel"},"data":{"win":{"system":{"providerName":"Microsoft-Windows-Sysmon","providerGuid":"{5770385f-c22a-43e0-bf4c-06f5698ffbd9}","eventID":"11","version":"2","level":"4","task":"11","opcode":"0","keywords":"0x8000000000000000","systemTime":"2026-07-08T22:07:01.9345682Z","eventRecordID":"52811","processID":"3216","threadID":"3584","channel":"Microsoft-Windows-Sysmon/Operational","computer":"WIN-CL1.lab.local","severityValue":"INFORMATION","message":"\"File created:\r\nRuleName: -\r\nUtcTime: 2026-07-08 22:07:01.930\r\nProcessGuid: {b7327453-ca05-6a4e-c903-000000002100}\r\nProcessId: 5972\r\nImage: C:\\Windows\\System32\\WindowsPowerShell\\v1.0\\powershell.exe\r\nTargetFilename: C:\\Users\\coe55\\AppData\\Local\\Temp\\__PSScriptPolicyTest_mf3wiosk.yhf.ps1\r\nCreationUtcTime: 2026-07-08 22:07:01.930\r\nUser: WIN-CL1\\coe55\""},"eventdata":{"utcTime":"2026-07-08 22:07:01.930","processGuid":"{b7327453-ca05-6a4e-c903-000000002100}","processId":"5972","image":"C:\\\\Windows\\\\System32\\\\WindowsPowerShell\\\\v1.0\\\\powershell.exe","targetFilename":"C:\\\\Users\\\\coe55\\\\AppData\\\\Local\\\\Temp\\\\__PSScriptPolicyTest_mf3wiosk.yhf.ps1","creationUtcTime":"2026-07-08 22:07:01.930","user":"WIN-CL1\\\\coe55"}}},"location":"EventChannel"}
{"timestamp":"2026-07-08T22:10:59.107+0000","rule":{"level":3,"description":"Windows logon success.","id":"60106","mitre":{"id":["T1078"],"tactic":["Defense Evasion","Persistence","Privilege Escalation","Initial Access"],"technique":["Valid Accounts"]},"firedtimes":6,"mail":false,"groups":["windows","windows_security","authentication_success"],"gdpr":["IV_32.2"],"gpg13":["7.1","7.2"],"hipaa":["164.312.b"],"nist_800_53":["AC.7","AU.14"],"pci_dss":["10.2.5"],"tsc":["CC6.8","CC7.2","CC7.3"]},"agent":{"id":"002","name":"WIN-CL1","ip":"192.168.20.104"},"manager":{"name":"wazuh.manager"},"id":"1783548659.80978906","decoder":{"name":"windows_eventchannel"},"data":{"win":{"system":{"providerName":"Microsoft-Windows-Security-Auditing","providerGuid":"{54849625-5478-4994-a5ba-3e3b0328c30d}","eventID":"4624","version":"3","level":"0","task":"12544","opcode":"0","keywords":"0x8020000000000000","systemTime":"2026-07-08T22:10:16.9858049Z","eventRecordID":"31123","processID":"812","threadID":"6792","channel":"Security","computer":"WIN-CL1.lab.local","severityValue":"AUDIT_SUCCESS","message":"\"An account was successfully logged on.\r\n\r\nSubject:\r\n\tSecurity ID:\t\tS-1-5-18\r\n\tAccount Name:\t\tWIN-CL1$\r\n\tAccount Domain:\t\tLAB\r\n\tLogon ID:\t\t0x3E7\r\n\r\nLogon Information:\r\n\tLogon Type:\t\t5\r\n\tRestricted Admin Mode:\t-\r\n\tRemote Credential Guard:\t-\r\n\tVirtual Account:\t\tNo\r\n\tElevated Token:\t\tYes\r\n\r\nImpersonation Level:\t\tImpersonation\r\n\r\nNew Logon:\r\n\tSecurity ID:\t\tS-1-5-18\r\n\tAccount Name:\t\tSYSTEM\r\n\tAccount Domain:\t\tNT AUTHORITY\r\n\tLogon ID:\t\t0x3E7\r\n\tLinked Logon ID:\t\t0x0\r\n\tNetwork Account Name:\t-\r\n\tNetwork Account Domain:\t-\r\n\tLogon GUID:\t\t{00000000-0000-0000-0000-000000000000}\r\n\r\nProcess Information:\r\n\tProcess ID:\t\t0x31c\r\n\tProcess Name:\t\tC:\\Windows\\System32\\services.exe\r\n\r\nNetwork Information:\r\n\tWorkstation Name:\t-\r\n\tSource Network Address:\t-\r\n\tSource Port:\t\t-\r\n\r\nDetailed Authentication Information:\r\n\tLogon Process:\t\tAdvapi  \r\n\tAuthentication Package:\tNegotiate\r\n\tTransited Services:\t-\r\n\tPackage Name (NTLM only):\t-\r\n\tKey Length:\t\t0\r\n\r\nThis event is generated when a logon session is created. It is generated on the computer that was accessed.\r\n\r\nThe subject fields indicate the account on the local system which requested the logon. This is most commonly a service such as the Server service, or a local process such as Winlogon.exe or Services.exe.\r\n\r\nThe logon type field indicates the kind of logon that occurred. The most common types are 2 (interactive) and 3 (network).\r\n\r\nThe New Logon fields indicate the account for whom the new logon was created, i.e. the account that was logged on.\r\n\r\nThe network fields indicate where a remote logon request originated. Workstation name is not always available and may be left blank in some cases.\r\n\r\nThe impersonation level field indicates the extent to which a process in the logon session can impersonate.\r\n\r\nThe authentication information fields provide detailed information about this specific logon request.\r\n\t- Logon GUID is a unique identifier that can be used to correlate this event with a KDC event.\r\n\t- Transited services indicate which intermediate services have participated in this logon request.\r\n\t- Package name indicates which sub-protocol was used among the NTLM protocols.\r\n\t- Key length indicates the length of the generated session key. This will be 0 if no session key was requested.\""},"eventdata":{"subjectUserSid":"S-1-5-18","subjectUserName":"WIN-CL1$","subjectDomainName":"LAB","subjectLogonId":"0x3e7","targetUserSid":"S-1-5-18","targetUserName":"SYSTEM","targetDomainName":"NT AUTHORITY","targetLogonId":"0x3e7","logonType":"5","logonProcessName":"Advapi","authenticationPackageName":"Negotiate","logonGuid":"{00000000-0000-0000-0000-000000000000}","keyLength":"0","processId":"0x31c","processName":"C:\\\\Windows\\\\System32\\\\services.exe","impersonationLevel":"%%1833","virtualAccount":"%%1843","targetLinkedLogonId":"0x0","elevatedToken":"%%1842"}}},"location":"EventChannel"}
{"timestamp":"2026-07-08T22:11:29.284+0000","rule":{"level":3,"description":"Software protection service scheduled successfully.","id":"60642","firedtimes":2,"mail":false,"groups":["windows","windows_application"]},"agent":{"id":"002","name":"WIN-CL1","ip":"192.168.20.104"},"manager":{"name":"wazuh.manager"},"id":"1783548689.80986233","decoder":{"name":"windows_eventchannel"},"data":{"win":{"system":{"providerName":"Microsoft-Windows-Security-SPP","providerGuid":"{E23B33B0-C8C9-472C-A5F9-F2BDFEA0F156}","eventSourceName":"Software Protection Platform Service","eventID":"16384","version":"0","level":"4","task":"0","opcode":"0","keywords":"0x80000000000000","systemTime":"2026-07-08T22:10:48.0900194Z","eventRecordID":"3169","processID":"8716","threadID":"0","channel":"Application","computer":"WIN-CL1.lab.local","severityValue":"INFORMATION","message":"\"Successfully scheduled Software Protection service for re-start at 2026-07-09T14:04:48Z. Reason: RulesEngine.\""},"eventdata":{"data":"2026-07-09T14:04:48Z, RulesEngine"}}},"location":"EventChannel"}
{"timestamp":"2026-07-08T22:11:41.025+0000","rule":{"level":3,"description":"Service startup type was changed","id":"61104","info":"This does not appear to be logged on Windows 2000","firedtimes":3,"mail":false,"groups":["windows","windows_system","policy_changed"],"pci_dss":["10.6"],"gdpr":["IV_35.7.d"],"hipaa":["164.312.b"],"nist_800_53":["AU.6"],"tsc":["CC6.1","CC6.8","CC7.2","CC7.3"]},"agent":{"id":"002","name":"WIN-CL1","ip":"192.168.20.104"},"manager":{"name":"wazuh.manager"},"id":"1783548701.80991248","decoder":{"name":"windows_eventchannel"},"data":{"win":{"system":{"providerName":"Service Control Manager","providerGuid":"{555908d1-a6d7-4695-8e1e-26931d2012f4}","eventSourceName":"Service Control Manager","eventID":"7040","version":"0","level":"4","task":"0","opcode":"0","keywords":"0x8080000000000000","systemTime":"2026-07-08T22:10:58.8083791Z","eventRecordID":"5337","processID":"796","threadID":"6032","channel":"System","computer":"WIN-CL1.lab.local","severityValue":"INFORMATION","message":"\"The start type of the Background Intelligent Transfer Service service was changed from auto start to demand start.\""},"eventdata":{"param1":"Background Intelligent Transfer Service","param2":"auto start","param3":"demand start","param4":"BITS"}}},"location":"EventChannel"}
{"timestamp":"2026-07-08T22:13:21.459+0000","rule":{"level":4,"description":"Powershell script querying system environment variables","id":"91816","mitre":{"id":["T1082"],"tactic":["Discovery"],"technique":["System Information Discovery"]},"firedtimes":1,"mail":false,"groups":["windows"," powershell"]},"agent":{"id":"002","name":"WIN-CL1","ip":"192.168.20.104"},"manager":{"name":"wazuh.manager"},"id":"1783548801.80997164","decoder":{"name":"windows_eventchannel"},"data":{"win":{"system":{"providerName":"Microsoft-Windows-PowerShell","providerGuid":"{a0c1853b-5c40-4b15-8766-3cf1c58f985a}","eventID":"4104","version":"1","level":"5","task":"2","opcode":"15","keywords":"0x0","systemTime":"2026-07-08T22:12:39.4812599Z","eventRecordID":"32152","processID":"5972","threadID":"9480","channel":"Microsoft-Windows-PowerShell/Operational","computer":"WIN-CL1.lab.local","severityValue":"VERBOSE","message":"\"Creating Scriptblock text (1 of 1):\r\n#requires -RunAsAdministrator\r\n# ==================================================================\r\n# SOC Triage - FINAL Windows Collection Run (WIN-CL1)\r\n# Known + novel techniques, matched to the Linux run for cross-platform.\r\n# Loops for volume; anchors on the pwsh session ProcessGuid; UTC markers.\r\n#\r\n# RUN AS (elevated pwsh):\r\n#   .\\collect_win.ps1 *>&1 | Tee-Object -FilePath C:\\atomic\\collect_markers_win.txt\r\n#\r\n# PREREQ: Sysmon running (Get-Service Sysmon* -> Running).\r\n# ==================================================================\r\n\r\n$Rounds   = 6\r\n$Gap      = 8      # seconds between attacks\r\n$Dwell    = 18     # seconds to leave artifacts for detection\r\n$Baseline = 90     # quiet baseline between rounds\r\n$Target   = \"127.0.0.1\"\r\n\r\nNew-Item -ItemType Directory -Force -Path C:\\atomic | Out-Null\r\n\r\nfunction Mark($status, $detail) {\r\n    $ts = (Get-Date).ToUniversalTime().ToString(\"yyyy-MM-ddTHH:mm:ssZ\")\r\n    Write-Output \">>> $ts $status | $detail\"\r\n}\r\n\r\nWrite-Output \"############# WINDOWS COLLECTION START $((Get-Date).ToUniversalTime().ToString('yyyy-MM-ddTHH:mm:ssZ')) #############\"\r\n\r\n# ---- provenance anchor: this pwsh session's Sysmon ProcessGuid ----\r\n$selfPid = $PID\r\nStart-Sleep -Milliseconds 500\r\n$rootGuid = (Get-WinEvent -LogName \"Microsoft-Windows-Sysmon/Operational\" -MaxEvents 800 |\r\n    Where-Object { $_.Id -eq 1 } |\r\n    ForEach-Object { $x=[xml]$_.ToXml(); $d=@{}; foreach($n in $x.Event.EventData.Data){$d[$n.Name]=$n.'#text'}; [pscustomobject]@{P=[int]$d['ProcessId'];G=$d['ProcessGuid']} } |\r\n    Where-Object { $_.P -eq $selfPid } | Select-Object -First 1).G\r\nMark \"ROOT_GUID\" \"pwsh_session guid=$rootGuid pid=$selfPid\"\r\nif (-not $rootGuid) { Write-Output \"  [!] No root GUID - is Sysmon running?\" }\r\nMark \"EXPORT_FROM\" \"note_this_time_minus_30min\"\r\n\r\nfunction Cleanup-Round {\r\n    schtasks /Delete /TN \"col_task\" /F 2>$null | Out-Null\r\n    Remove-Item \"HKLM:\\SOFTWARE\\Microsoft\\Windows\\CurrentVersion\\Run\" -Name \"col_run\" -ErrorAction SilentlyContinue\r\n    net user coluser /delete 2>$null | Out-Null\r\n    Remove-Item C:\\atomic\\col_* -ErrorAction SilentlyContinue\r\n}\r\n\r\nfor ($r = 1; $r -le $Rounds; $r++) {\r\n    Write-Output \"\"\r\n    Write-Output \"########################  ROUND $r / $Rounds  ########################\"\r\n\r\n    # ============ KNOWN ATTACKS (cross-platform with Linux) ============\r\n    Mark \"PHASE\" \"KNOWN round $r\"\r\n\r\n    # -- network scan (T1046) - matches Linux nmap --\r\n    Mark \"START\" \"T1046 network_scan\"\r\n    1..40 | ForEach-Object { Test-NetConnection -ComputerName $Target -Port $_ -WarningAction SilentlyContinue | Out-Null }\r\n    Mark \"END\" \"T1046 network_scan\"; Start-Sleep $Gap\r\n\r\n    # -- SMB/RDP brute force (T1110.001) - matches Linux ssh brute; volume driver --\r\n    Mark \"START\" \"T1110.001 brute_force\"\r\n    1..20 | ForEach-Object {\r\n        $u = \"baduser$_\"\r\n        cmd /c \"net use \\\\$Target\\IPC$ /user:$u wrongpass$_ 2>nul\" | Out-Null\r\n    }\r\n    Mark \"END\" \"T1110.001 brute_force\"; Start-Sleep $Gap\r\n\r\n    # -- SAM credential access (T1003.002) - matches Linux passwd/shadow --\r\n    Mark \"START\" \"T1003.002 sam_dump\"\r\n    cmd /c \"reg save HKLM\\SAM C:\\atomic\\col_sam.hiv /y 2>nul\" | Out-Null\r\n    Mark \"END\" \"T1003.002 sam_dump\"; Start-Sleep $Gap\r\n\r\n    # ============ NOVEL ATTACKS (matched to Linux novel set) ============\r\n    Mark \"PHASE\" \"NOVEL round $r\"\r\n\r\n    # -- scheduled task persistence (T1053.005) - matches Linux cron --\r\n    Mark \"START\" \"T1053.005 scheduled_task\"\r\n    schtasks /Create /TN \"col_task\" /TR \"cmd /c echo test\" /SC MINUTE /F 2>$null | Out-Null\r\n    Start-Sleep $Dwell\r\n    Mark \"END\" \"T1053.005 scheduled_task\"; Start-Sleep $Gap\r\n\r\n    # -- registry Run-key persistence (T1547.001) - Windows-native persistence --\r\n    Mark \"START\" \"T1547.001 registry_runkey\"\r\n    New-ItemProperty -Path \"HKLM:\\SOFTWARE\\Microsoft\\Windows\\CurrentVersion\\Run\" -Name \"col_run\" -Value \"cmd.exe\" -PropertyType String -Force | Out-Null\r\n    Start-Sleep $Dwell\r\n    Mark \"END\" \"T1547.001 registry_runkey\"; Start-Sleep $Gap\r\n\r\n    # -- create local user (T1136.001) - SAME technique as Linux --\r\n    Mark \"START\" \"T1136.001 create_local_user\"\r\n    net user coluser P@ssw0rd123! /add 2>$null | Out-Null\r\n    Start-Sleep $Dwell\r\n    Mark \"END\" \"T1136.001 create_local_user\"; Start-Sleep $Gap\r\n\r\n    # -- clear Windows event log (T1070.001) - matches Linux clear history --\r\n    Mark \"START\" \"T1070.001 clear_eventlog\"\r\n    wevtutil cl Application 2>$null\r\n    Mark \"END\" \"T1070.001 clear_eventlog\"; Start-Sleep $Gap\r\n\r\n    Cleanup-Round\r\n    if ($r -lt $Rounds) { Mark \"BASELINE\" \"quiet ${Baseline}s\"; Start-Sleep $Baseline }\r\n}\r\n\r\nMark \"EXPORT_TO\" \"note_this_time_plus_30min\"\r\nWrite-Output \"############# WINDOWS COLLECTION DONE $((Get-Date).ToUniversalTime().ToString('yyyy-MM-ddTHH:mm:ssZ')) #############\"\r\nCleanup-Round\r\nWrite-Output \"# Export the Sysmon log NOW (raw provenance):\"\r\nWrite-Output '#   wevtutil epl \"Microsoft-Windows-Sysmon/Operational\" C:\\atomic\\sysmon_wincl1.evtx'\r\n\r\nScriptBlock ID: 87eb037b-2123-465b-9f04-53966df73c17\r\nPath: C:\\atomic\\collect_win.ps1\""},"eventdata":{"messageNumber":"1","messageTotal":"1","scriptBlockText":"#requires -RunAsAdministrator  # ==================================================================  # SOC Triage - FINAL Windows Collection Run (WIN-CL1)  # Known + novel techniques, matched to the Linux run for cross-platform.  # Loops for volume; anchors on the pwsh session ProcessGuid; UTC markers.  #  # RUN AS (elevated pwsh):  #   .\\\\collect_win.ps1 *&gt;&amp;1 | Tee-Object -FilePath C:\\\\atomic\\\\collect_markers_win.txt  #  # PREREQ: Sysmon running (Get-Service Sysmon* -&gt; Running).  # ==================================================================    $Rounds   = 6  $Gap      = 8      # seconds between attacks  $Dwell    = 18     # seconds to leave artifacts for detection  $Baseline = 90     # quiet baseline between rounds  $Target   = \\\"127.0.0.1\\\"    New-Item -ItemType Directory -Force -Path C:\\\\atomic | Out-Null    function Mark($status, $detail) {      $ts = (Get-Date).ToUniversalTime().ToString(\\\"yyyy-MM-ddTHH:mm:ssZ\\\")      Write-Output \\\"&gt;&gt;&gt; $ts $status | $detail\\\"  }    Write-Output \\\"############# WINDOWS COLLECTION START $((Get-Date).ToUniversalTime().ToString('yyyy-MM-ddTHH:mm:ssZ')) #############\\\"    # ---- provenance anchor: this pwsh session's Sysmon ProcessGuid ----  $selfPid = $PID  Start-Sleep -Milliseconds 500  $rootGuid = (Get-WinEvent -LogName \\\"Microsoft-Windows-Sysmon/Operational\\\" -MaxEvents 800 |      Where-Object { $_.Id -eq 1 } |      ForEach-Object { $x=[xml]$_.ToXml(); $d=@{}; foreach($n in $x.Event.EventData.Data){$d[$n.Name]=$n.'#text'}; [pscustomobject]@{P=[int]$d['ProcessId'];G=$d['ProcessGuid']} } |      Where-Object { $_.P -eq $selfPid } | Select-Object -First 1).G  Mark \\\"ROOT_GUID\\\" \\\"pwsh_session guid=$rootGuid pid=$selfPid\\\"  if (-not $rootGuid) { Write-Output \\\"  [!] No root GUID - is Sysmon running?\\\" }  Mark \\\"EXPORT_FROM\\\" \\\"note_this_time_minus_30min\\\"    function Cleanup-Round {      schtasks /Delete /TN \\\"col_task\\\" /F 2&gt;$null | Out-Null      Remove-Item \\\"HKLM:\\\\SOFTWARE\\\\Microsoft\\\\Windows\\\\CurrentVersion\\\\Run\\\" -Name \\\"col_run\\\" -ErrorAction SilentlyContinue      net user coluser /delete 2&gt;$null | Out-Null      Remove-Item C:\\\\atomic\\\\col_* -ErrorAction SilentlyContinue  }    for ($r = 1; $r -le $Rounds; $r++) {      Write-Output \\\"\\\"      Write-Output \\\"########################  ROUND $r / $Rounds  ########################\\\"        # ============ KNOWN ATTACKS (cross-platform with Linux) ============      Mark \\\"PHASE\\\" \\\"KNOWN round $r\\\"        # -- network scan (T1046) - matches Linux nmap --      Mark \\\"START\\\" \\\"T1046 network_scan\\\"      1..40 | ForEach-Object { Test-NetConnection -ComputerName $Target -Port $_ -WarningAction SilentlyContinue | Out-Null }      Mark \\\"END\\\" \\\"T1046 network_scan\\\"; Start-Sleep $Gap        # -- SMB/RDP brute force (T1110.001) - matches Linux ssh brute; volume driver --      Mark \\\"START\\\" \\\"T1110.001 brute_force\\\"      1..20 | ForEach-Object {          $u = \\\"baduser$_\\\"          cmd /c \\\"net use \\\\\\\\$Target\\\\IPC$ /user:$u wrongpass$_ 2&gt;nul\\\" | Out-Null      }      Mark \\\"END\\\" \\\"T1110.001 brute_force\\\"; Start-Sleep $Gap        # -- SAM credential access (T1003.002) - matches Linux passwd/shadow --      Mark \\\"START\\\" \\\"T1003.002 sam_dump\\\"      cmd /c \\\"reg save HKLM\\\\SAM C:\\\\atomic\\\\col_sam.hiv /y 2&gt;nul\\\" | Out-Null      Mark \\\"END\\\" \\\"T1003.002 sam_dump\\\"; Start-Sleep $Gap        # ============ NOVEL ATTACKS (matched to Linux novel set) ============      Mark \\\"PHASE\\\" \\\"NOVEL round $r\\\"        # -- scheduled task persistence (T1053.005) - matches Linux cron --      Mark \\\"START\\\" \\\"T1053.005 scheduled_task\\\"      schtasks /Create /TN \\\"col_task\\\" /TR \\\"cmd /c echo test\\\" /SC MINUTE /F 2&gt;$null | Out-Null      Start-Sleep $Dwell      Mark \\\"END\\\" \\\"T1053.005 scheduled_task\\\"; Start-Sleep $Gap        # -- registry Run-key persistence (T1547.001) - Windows-native persistence --      Mark \\\"START\\\" \\\"T1547.001 registry_runkey\\\"      New-ItemProperty -Path \\\"HKLM:\\\\SOFTWARE\\\\Microsoft\\\\Windows\\\\CurrentVersion\\\\Run\\\" -Name \\\"col_run\\\" -Value \\\"cmd.exe\\\" -PropertyType String -Force | Out-Null      Start-Sleep $Dwell      Mark \\\"END\\\" \\\"T1547.001 registry_runkey\\\"; Start-Sleep $Gap        # -- create local user (T1136.001) - SAME technique as Linux --      Mark \\\"START\\\" \\\"T1136.001 create_local_user\\\"      net user coluser P@ssw0rd123! /add 2&gt;$null | Out-Null      Start-Sleep $Dwell      Mark \\\"END\\\" \\\"T1136.001 create_local_user\\\"; Start-Sleep $Gap        # -- clear Windows event log (T1070.001) - matches Linux clear history --      Mark \\\"START\\\" \\\"T1070.001 clear_eventlog\\\"      wevtutil cl Application 2&gt;$null      Mark \\\"END\\\" \\\"T1070.001 clear_eventlog\\\"; Start-Sleep $Gap        Cleanup-Round      if ($r -lt $Rounds) { Mark \\\"BASELINE\\\" \\\"quiet ${Baseline}s\\\"; Start-Sleep $Baseline }  }    Mark \\\"EXPORT_TO\\\" \\\"note_this_time_plus_30min\\\"  Write-Output \\\"############# WINDOWS COLLECTION DONE $((Get-Date).ToUniversalTime().ToString('yyyy-MM-ddTHH:mm:ssZ')) #############\\\"  Cleanup-Round  Write-Output \\\"# Export the Sysmon log NOW (raw provenance):\\\"  Write-Output '#   wevtutil epl \\\"Microsoft-Windows-Sysmon/Operational\\\" C:\\\\atomic\\\\sysmon_wincl1.evtx'","scriptBlockId":"87eb037b-2123-465b-9f04-53966df73c17","path":"C:\\\\atomic\\\\collect_win.ps1"}}},"location":"EventChannel"}
{"timestamp":"2026-07-08T22:13:44.367+0000","rule":{"level":3,"description":"Windows logon success.","id":"60106","mitre":{"id":["T1078"],"tactic":["Defense Evasion","Persistence","Privilege Escalation","Initial Access"],"technique":["Valid Accounts"]},"firedtimes":7,"mail":false,"groups":["windows","windows_security","authentication_success"],"gdpr":["IV_32.2"],"gpg13":["7.1","7.2"],"hipaa":["164.312.b"],"nist_800_53":["AC.7","AU.14"],"pci_dss":["10.2.5"],"tsc":["CC6.8","CC7.2","CC7.3"]},"agent":{"id":"002","name":"WIN-CL1","ip":"192.168.20.104"},"manager":{"name":"wazuh.manager"},"id":"1783548824.81019930","decoder":{"name":"windows_eventchannel"},"data":{"win":{"system":{"providerName":"Microsoft-Windows-Security-Auditing","providerGuid":"{54849625-5478-4994-a5ba-3e3b0328c30d}","eventID":"4624","version":"3","level":"0","task":"12544","opcode":"0","keywords":"0x8020000000000000","systemTime":"2026-07-08T22:12:59.0545414Z","eventRecordID":"31124","processID":"812","threadID":"8564","channel":"Security","computer":"WIN-CL1.lab.local","severityValue":"AUDIT_SUCCESS","message":"\"An account was successfully logged on.\r\n\r\nSubject:\r\n\tSecurity ID:\t\tS-1-5-18\r\n\tAccount Name:\t\tWIN-CL1$\r\n\tAccount Domain:\t\tLAB\r\n\tLogon ID:\t\t0x3E7\r\n\r\nLogon Information:\r\n\tLogon Type:\t\t5\r\n\tRestricted Admin Mode:\t-\r\n\tRemote Credential Guard:\t-\r\n\tVirtual Account:\t\tNo\r\n\tElevated Token:\t\tYes\r\n\r\nImpersonation Level:\t\tImpersonation\r\n\r\nNew Logon:\r\n\tSecurity ID:\t\tS-1-5-18\r\n\tAccount Name:\t\tSYSTEM\r\n\tAccount Domain:\t\tNT AUTHORITY\r\n\tLogon ID:\t\t0x3E7\r\n\tLinked Logon ID:\t\t0x0\r\n\tNetwork Account Name:\t-\r\n\tNetwork Account Domain:\t-\r\n\tLogon GUID:\t\t{00000000-0000-0000-0000-000000000000}\r\n\r\nProcess Information:\r\n\tProcess ID:\t\t0x31c\r\n\tProcess Name:\t\tC:\\Windows\\System32\\services.exe\r\n\r\nNetwork Information:\r\n\tWorkstation Name:\t-\r\n\tSource Network Address:\t-\r\n\tSource Port:\t\t-\r\n\r\nDetailed Authentication Information:\r\n\tLogon Process:\t\tAdvapi  \r\n\tAuthentication Package:\tNegotiate\r\n\tTransited Services:\t-\r\n\tPackage Name (NTLM only):\t-\r\n\tKey Length:\t\t0\r\n\r\nThis event is generated when a logon session is created. It is generated on the computer that was accessed.\r\n\r\nThe subject fields indicate the account on the local system which requested the logon. This is most commonly a service such as the Server service, or a local process such as Winlogon.exe or Services.exe.\r\n\r\nThe logon type field indicates the kind of logon that occurred. The most common types are 2 (interactive) and 3 (network).\r\n\r\nThe New Logon fields indicate the account for whom the new logon was created, i.e. the account that was logged on.\r\n\r\nThe network fields indicate where a remote logon request originated. Workstation name is not always available and may be left blank in some cases.\r\n\r\nThe impersonation level field indicates the extent to which a process in the logon session can impersonate.\r\n\r\nThe authentication information fields provide detailed information about this specific logon request.\r\n\t- Logon GUID is a unique identifier that can be used to correlate this event with a KDC event.\r\n\t- Transited services indicate which intermediate services have participated in this logon request.\r\n\t- Package name indicates which sub-protocol was used among the NTLM protocols.\r\n\t- Key length indicates the length of the generated session key. This will be 0 if no session key was requested.\""},"eventdata":{"subjectUserSid":"S-1-5-18","subjectUserName":"WIN-CL1$","subjectDomainName":"LAB","subjectLogonId":"0x3e7","targetUserSid":"S-1-5-18","targetUserName":"SYSTEM","targetDomainName":"NT AUTHORITY","targetLogonId":"0x3e7","logonType":"5","logonProcessName":"Advapi","authenticationPackageName":"Negotiate","logonGuid":"{00000000-0000-0000-0000-000000000000}","keyLength":"0","processId":"0x31c","processName":"C:\\\\Windows\\\\System32\\\\services.exe","impersonationLevel":"%%1833","virtualAccount":"%%1843","targetLinkedLogonId":"0x0","elevatedToken":"%%1842"}}},"location":"EventChannel"}
{"timestamp":"2026-07-08T22:17:46.817+0000","rule":{"level":3,"description":"Windows logon success.","id":"60106","mitre":{"id":["T1078"],"tactic":["Defense Evasion","Persistence","Privilege Escalation","Initial Access"],"technique":["Valid Accounts"]},"firedtimes":8,"mail":false,"groups":["windows","windows_security","authentication_success"],"gdpr":["IV_32.2"],"gpg13":["7.1","7.2"],"hipaa":["164.312.b"],"nist_800_53":["AC.7","AU.14"],"pci_dss":["10.2.5"],"tsc":["CC6.8","CC7.2","CC7.3"]},"agent":{"id":"002","name":"WIN-CL1","ip":"192.168.20.104"},"manager":{"name":"wazuh.manager"},"id":"1783549066.81027257","decoder":{"name":"windows_eventchannel"},"data":{"win":{"system":{"providerName":"Microsoft-Windows-Security-Auditing","providerGuid":"{54849625-5478-4994-a5ba-3e3b0328c30d}","eventID":"4624","version":"3","level":"0","task":"12544","opcode":"0","keywords":"0x8020000000000000","systemTime":"2026-07-08T22:17:04.7586868Z","eventRecordID":"31125","processID":"812","threadID":"3680","channel":"Security","computer":"WIN-CL1.lab.local","severityValue":"AUDIT_SUCCESS","message":"\"An account was successfully logged on.\r\n\r\nSubject:\r\n\tSecurity ID:\t\tS-1-5-18\r\n\tAccount Name:\t\tWIN-CL1$\r\n\tAccount Domain:\t\tLAB\r\n\tLogon ID:\t\t0x3E7\r\n\r\nLogon Information:\r\n\tLogon Type:\t\t5\r\n\tRestricted Admin Mode:\t-\r\n\tRemote Credential Guard:\t-\r\n\tVirtual Account:\t\tNo\r\n\tElevated Token:\t\tYes\r\n\r\nImpersonation Level:\t\tImpersonation\r\n\r\nNew Logon:\r\n\tSecurity ID:\t\tS-1-5-18\r\n\tAccount Name:\t\tSYSTEM\r\n\tAccount Domain:\t\tNT AUTHORITY\r\n\tLogon ID:\t\t0x3E7\r\n\tLinked Logon ID:\t\t0x0\r\n\tNetwork Account Name:\t-\r\n\tNetwork Account Domain:\t-\r\n\tLogon GUID:\t\t{00000000-0000-0000-0000-000000000000}\r\n\r\nProcess Information:\r\n\tProcess ID:\t\t0x31c\r\n\tProcess Name:\t\tC:\\Windows\\System32\\services.exe\r\n\r\nNetwork Information:\r\n\tWorkstation Name:\t-\r\n\tSource Network Address:\t-\r\n\tSource Port:\t\t-\r\n\r\nDetailed Authentication Information:\r\n\tLogon Process:\t\tAdvapi  \r\n\tAuthentication Package:\tNegotiate\r\n\tTransited Services:\t-\r\n\tPackage Name (NTLM only):\t-\r\n\tKey Length:\t\t0\r\n\r\nThis event is generated when a logon session is created. It is generated on the computer that was accessed.\r\n\r\nThe subject fields indicate the account on the local system which requested the logon. This is most commonly a service such as the Server service, or a local process such as Winlogon.exe or Services.exe.\r\n\r\nThe logon type field indicates the kind of logon that occurred. The most common types are 2 (interactive) and 3 (network).\r\n\r\nThe New Logon fields indicate the account for whom the new logon was created, i.e. the account that was logged on.\r\n\r\nThe network fields indicate where a remote logon request originated. Workstation name is not always available and may be left blank in some cases.\r\n\r\nThe impersonation level field indicates the extent to which a process in the logon session can impersonate.\r\n\r\nThe authentication information fields provide detailed information about this specific logon request.\r\n\t- Logon GUID is a unique identifier that can be used to correlate this event with a KDC event.\r\n\t- Transited services indicate which intermediate services have participated in this logon request.\r\n\t- Package name indicates which sub-protocol was used among the NTLM protocols.\r\n\t- Key length indicates the length of the generated session key. This will be 0 if no session key was requested.\""},"eventdata":{"subjectUserSid":"S-1-5-18","subjectUserName":"WIN-CL1$","subjectDomainName":"LAB","subjectLogonId":"0x3e7","targetUserSid":"S-1-5-18","targetUserName":"SYSTEM","targetDomainName":"NT AUTHORITY","targetLogonId":"0x3e7","logonType":"5","logonProcessName":"Advapi","authenticationPackageName":"Negotiate","logonGuid":"{00000000-0000-0000-0000-000000000000}","keyLength":"0","processId":"0x31c","processName":"C:\\\\Windows\\\\System32\\\\services.exe","impersonationLevel":"%%1833","virtualAccount":"%%1843","targetLinkedLogonId":"0x0","elevatedToken":"%%1842"}}},"location":"EventChannel"}
{"timestamp":"2026-07-08T22:17:46.821+0000","rule":{"level":3,"description":"Windows logon success.","id":"60106","mitre":{"id":["T1078"],"tactic":["Defense Evasion","Persistence","Privilege Escalation","Initial Access"],"technique":["Valid Accounts"]},"firedtimes":9,"mail":false,"groups":["windows","windows_security","authentication_success"],"gdpr":["IV_32.2"],"gpg13":["7.1","7.2"],"hipaa":["164.312.b"],"nist_800_53":["AC.7","AU.14"],"pci_dss":["10.2.5"],"tsc":["CC6.8","CC7.2","CC7.3"]},"agent":{"id":"002","name":"WIN-CL1","ip":"192.168.20.104"},"manager":{"name":"wazuh.manager"},"id":"1783549066.81034584","decoder":{"name":"windows_eventchannel"},"data":{"win":{"system":{"providerName":"Microsoft-Windows-Security-Auditing","providerGuid":"{54849625-5478-4994-a5ba-3e3b0328c30d}","eventID":"4624","version":"3","level":"0","task":"12544","opcode":"0","keywords":"0x8020000000000000","systemTime":"2026-07-08T22:17:04.8920430Z","eventRecordID":"31126","processID":"812","threadID":"8564","channel":"Security","computer":"WIN-CL1.lab.local","severityValue":"AUDIT_SUCCESS","message":"\"An account was successfully logged on.\r\n\r\nSubject:\r\n\tSecurity ID:\t\tS-1-5-18\r\n\tAccount Name:\t\tWIN-CL1$\r\n\tAccount Domain:\t\tLAB\r\n\tLogon ID:\t\t0x3E7\r\n\r\nLogon Information:\r\n\tLogon Type:\t\t5\r\n\tRestricted Admin Mode:\t-\r\n\tRemote Credential Guard:\t-\r\n\tVirtual Account:\t\tNo\r\n\tElevated Token:\t\tYes\r\n\r\nImpersonation Level:\t\tImpersonation\r\n\r\nNew Logon:\r\n\tSecurity ID:\t\tS-1-5-18\r\n\tAccount Name:\t\tSYSTEM\r\n\tAccount Domain:\t\tNT AUTHORITY\r\n\tLogon ID:\t\t0x3E7\r\n\tLinked Logon ID:\t\t0x0\r\n\tNetwork Account Name:\t-\r\n\tNetwork Account Domain:\t-\r\n\tLogon GUID:\t\t{00000000-0000-0000-0000-000000000000}\r\n\r\nProcess Information:\r\n\tProcess ID:\t\t0x31c\r\n\tProcess Name:\t\tC:\\Windows\\System32\\services.exe\r\n\r\nNetwork Information:\r\n\tWorkstation Name:\t-\r\n\tSource Network Address:\t-\r\n\tSource Port:\t\t-\r\n\r\nDetailed Authentication Information:\r\n\tLogon Process:\t\tAdvapi  \r\n\tAuthentication Package:\tNegotiate\r\n\tTransited Services:\t-\r\n\tPackage Name (NTLM only):\t-\r\n\tKey Length:\t\t0\r\n\r\nThis event is generated when a logon session is created. It is generated on the computer that was accessed.\r\n\r\nThe subject fields indicate the account on the local system which requested the logon. This is most commonly a service such as the Server service, or a local process such as Winlogon.exe or Services.exe.\r\n\r\nThe logon type field indicates the kind of logon that occurred. The most common types are 2 (interactive) and 3 (network).\r\n\r\nThe New Logon fields indicate the account for whom the new logon was created, i.e. the account that was logged on.\r\n\r\nThe network fields indicate where a remote logon request originated. Workstation name is not always available and may be left blank in some cases.\r\n\r\nThe impersonation level field indicates the extent to which a process in the logon session can impersonate.\r\n\r\nThe authentication information fields provide detailed information about this specific logon request.\r\n\t- Logon GUID is a unique identifier that can be used to correlate this event with a KDC event.\r\n\t- Transited services indicate which intermediate services have participated in this logon request.\r\n\t- Package name indicates which sub-protocol was used among the NTLM protocols.\r\n\t- Key length indicates the length of the generated session key. This will be 0 if no session key was requested.\""},"eventdata":{"subjectUserSid":"S-1-5-18","subjectUserName":"WIN-CL1$","subjectDomainName":"LAB","subjectLogonId":"0x3e7","targetUserSid":"S-1-5-18","targetUserName":"SYSTEM","targetDomainName":"NT AUTHORITY","targetLogonId":"0x3e7","logonType":"5","logonProcessName":"Advapi","authenticationPackageName":"Negotiate","logonGuid":"{00000000-0000-0000-0000-000000000000}","keyLength":"0","processId":"0x31c","processName":"C:\\\\Windows\\\\System32\\\\services.exe","impersonationLevel":"%%1833","virtualAccount":"%%1843","targetLinkedLogonId":"0x0","elevatedToken":"%%1842"}}},"location":"EventChannel"}
{"timestamp":"2026-07-08T22:17:46.821+0000","rule":{"level":3,"description":"Windows logon success.","id":"60106","mitre":{"id":["T1078"],"tactic":["Defense Evasion","Persistence","Privilege Escalation","Initial Access"],"technique":["Valid Accounts"]},"firedtimes":10,"mail":false,"groups":["windows","windows_security","authentication_success"],"gdpr":["IV_32.2"],"gpg13":["7.1","7.2"],"hipaa":["164.312.b"],"nist_800_53":["AC.7","AU.14"],"pci_dss":["10.2.5"],"tsc":["CC6.8","CC7.2","CC7.3"]},"agent":{"id":"002","name":"WIN-CL1","ip":"192.168.20.104"},"manager":{"name":"wazuh.manager"},"id":"1783549066.81041911","decoder":{"name":"windows_eventchannel"},"data":{"win":{"system":{"providerName":"Microsoft-Windows-Security-Auditing","providerGuid":"{54849625-5478-4994-a5ba-3e3b0328c30d}","eventID":"4624","version":"3","level":"0","task":"12544","opcode":"0","keywords":"0x8020000000000000","systemTime":"2026-07-08T22:17:05.5931380Z","eventRecordID":"31127","processID":"812","threadID":"3680","channel":"Security","computer":"WIN-CL1.lab.local","severityValue":"AUDIT_SUCCESS","message":"\"An account was successfully logged on.\r\n\r\nSubject:\r\n\tSecurity ID:\t\tS-1-5-18\r\n\tAccount Name:\t\tWIN-CL1$\r\n\tAccount Domain:\t\tLAB\r\n\tLogon ID:\t\t0x3E7\r\n\r\nLogon Information:\r\n\tLogon Type:\t\t5\r\n\tRestricted Admin Mode:\t-\r\n\tRemote Credential Guard:\t-\r\n\tVirtual Account:\t\tNo\r\n\tElevated Token:\t\tYes\r\n\r\nImpersonation Level:\t\tImpersonation\r\n\r\nNew Logon:\r\n\tSecurity ID:\t\tS-1-5-18\r\n\tAccount Name:\t\tSYSTEM\r\n\tAccount Domain:\t\tNT AUTHORITY\r\n\tLogon ID:\t\t0x3E7\r\n\tLinked Logon ID:\t\t0x0\r\n\tNetwork Account Name:\t-\r\n\tNetwork Account Domain:\t-\r\n\tLogon GUID:\t\t{00000000-0000-0000-0000-000000000000}\r\n\r\nProcess Information:\r\n\tProcess ID:\t\t0x31c\r\n\tProcess Name:\t\tC:\\Windows\\System32\\services.exe\r\n\r\nNetwork Information:\r\n\tWorkstation Name:\t-\r\n\tSource Network Address:\t-\r\n\tSource Port:\t\t-\r\n\r\nDetailed Authentication Information:\r\n\tLogon Process:\t\tAdvapi  \r\n\tAuthentication Package:\tNegotiate\r\n\tTransited Services:\t-\r\n\tPackage Name (NTLM only):\t-\r\n\tKey Length:\t\t0\r\n\r\nThis event is generated when a logon session is created. It is generated on the computer that was accessed.\r\n\r\nThe subject fields indicate the account on the local system which requested the logon. This is most commonly a service such as the Server service, or a local process such as Winlogon.exe or Services.exe.\r\n\r\nThe logon type field indicates the kind of logon that occurred. The most common types are 2 (interactive) and 3 (network).\r\n\r\nThe New Logon fields indicate the account for whom the new logon was created, i.e. the account that was logged on.\r\n\r\nThe network fields indicate where a remote logon request originated. Workstation name is not always available and may be left blank in some cases.\r\n\r\nThe impersonation level field indicates the extent to which a process in the logon session can impersonate.\r\n\r\nThe authentication information fields provide detailed information about this specific logon request.\r\n\t- Logon GUID is a unique identifier that can be used to correlate this event with a KDC event.\r\n\t- Transited services indicate which intermediate services have participated in this logon request.\r\n\t- Package name indicates which sub-protocol was used among the NTLM protocols.\r\n\t- Key length indicates the length of the generated session key. This will be 0 if no session key was requested.\""},"eventdata":{"subjectUserSid":"S-1-5-18","subjectUserName":"WIN-CL1$","subjectDomainName":"LAB","subjectLogonId":"0x3e7","targetUserSid":"S-1-5-18","targetUserName":"SYSTEM","targetDomainName":"NT AUTHORITY","targetLogonId":"0x3e7","logonType":"5","logonProcessName":"Advapi","authenticationPackageName":"Negotiate","logonGuid":"{00000000-0000-0000-0000-000000000000}","keyLength":"0","processId":"0x31c","processName":"C:\\\\Windows\\\\System32\\\\services.exe","impersonationLevel":"%%1833","virtualAccount":"%%1843","targetLinkedLogonId":"0x0","elevatedToken":"%%1842"}}},"location":"EventChannel"}
{"timestamp":"2026-07-08T22:18:17.797+0000","rule":{"level":3,"description":"Windows logon success.","id":"60106","mitre":{"id":["T1078"],"tactic":["Defense Evasion","Persistence","Privilege Escalation","Initial Access"],"technique":["Valid Accounts"]},"firedtimes":11,"mail":false,"groups":["windows","windows_security","authentication_success"],"gdpr":["IV_32.2"],"gpg13":["7.1","7.2"],"hipaa":["164.312.b"],"nist_800_53":["AC.7","AU.14"],"pci_dss":["10.2.5"],"tsc":["CC6.8","CC7.2","CC7.3"]},"agent":{"id":"002","name":"WIN-CL1","ip":"192.168.20.104"},"manager":{"name":"wazuh.manager"},"id":"1783549097.81069438","decoder":{"name":"windows_eventchannel"},"data":{"win":{"system":{"providerName":"Microsoft-Windows-Security-Auditing","providerGuid":"{54849625-5478-4994-a5ba-3e3b0328c30d}","eventID":"4624","version":"3","level":"0","task":"12544","opcode":"0","keywords":"0x8020000000000000","systemTime":"2026-07-08T22:17:35.7413838Z","eventRecordID":"31128","processID":"812","threadID":"3680","channel":"Security","computer":"WIN-CL1.lab.local","severityValue":"AUDIT_SUCCESS","message":"\"An account was successfully logged on.\r\n\r\nSubject:\r\n\tSecurity ID:\t\tS-1-5-18\r\n\tAccount Name:\t\tWIN-CL1$\r\n\tAccount Domain:\t\tLAB\r\n\tLogon ID:\t\t0x3E7\r\n\r\nLogon Information:\r\n\tLogon Type:\t\t5\r\n\tRestricted Admin Mode:\t-\r\n\tRemote Credential Guard:\t-\r\n\tVirtual Account:\t\tNo\r\n\tElevated Token:\t\tYes\r\n\r\nImpersonation Level:\t\tImpersonation\r\n\r\nNew Logon:\r\n\tSecurity ID:\t\tS-1-5-18\r\n\tAccount Name:\t\tSYSTEM\r\n\tAccount Domain:\t\tNT AUTHORITY\r\n\tLogon ID:\t\t0x3E7\r\n\tLinked Logon ID:\t\t0x0\r\n\tNetwork Account Name:\t-\r\n\tNetwork Account Domain:\t-\r\n\tLogon GUID:\t\t{00000000-0000-0000-0000-000000000000}\r\n\r\nProcess Information:\r\n\tProcess ID:\t\t0x31c\r\n\tProcess Name:\t\tC:\\Windows\\System32\\services.exe\r\n\r\nNetwork Information:\r\n\tWorkstation Name:\t-\r\n\tSource Network Address:\t-\r\n\tSource Port:\t\t-\r\n\r\nDetailed Authentication Information:\r\n\tLogon Process:\t\tAdvapi  \r\n\tAuthentication Package:\tNegotiate\r\n\tTransited Services:\t-\r\n\tPackage Name (NTLM only):\t-\r\n\tKey Length:\t\t0\r\n\r\nThis event is generated when a logon session is created. It is generated on the computer that was accessed.\r\n\r\nThe subject fields indicate the account on the local system which requested the logon. This is most commonly a service such as the Server service, or a local process such as Winlogon.exe or Services.exe.\r\n\r\nThe logon type field indicates the kind of logon that occurred. The most common types are 2 (interactive) and 3 (network).\r\n\r\nThe New Logon fields indicate the account for whom the new logon was created, i.e. the account that was logged on.\r\n\r\nThe network fields indicate where a remote logon request originated. Workstation name is not always available and may be left blank in some cases.\r\n\r\nThe impersonation level field indicates the extent to which a process in the logon session can impersonate.\r\n\r\nThe authentication information fields provide detailed information about this specific logon request.\r\n\t- Logon GUID is a unique identifier that can be used to correlate this event with a KDC event.\r\n\t- Transited services indicate which intermediate services have participated in this logon request.\r\n\t- Package name indicates which sub-protocol was used among the NTLM protocols.\r\n\t- Key length indicates the length of the generated session key. This will be 0 if no session key was requested.\""},"eventdata":{"subjectUserSid":"S-1-5-18","subjectUserName":"WIN-CL1$","subjectDomainName":"LAB","subjectLogonId":"0x3e7","targetUserSid":"S-1-5-18","targetUserName":"SYSTEM","targetDomainName":"NT AUTHORITY","targetLogonId":"0x3e7","logonType":"5","logonProcessName":"Advapi","authenticationPackageName":"Negotiate","logonGuid":"{00000000-0000-0000-0000-000000000000}","keyLength":"0","processId":"0x31c","processName":"C:\\\\Windows\\\\System32\\\\services.exe","impersonationLevel":"%%1833","virtualAccount":"%%1843","targetLinkedLogonId":"0x0","elevatedToken":"%%1842"}}},"location":"EventChannel"}
